iter	hours	assortment	log_posterior	log_prior	loglik	missing	mixture	null_assortment	scale	shape
0	0.001	0.413	-3789.066	-29.342	-3759.724	0.32	0.626	0.462	9.7	0.99
10	0.008	0.442	-3762.949	-27.532	-3735.418	0.32	0.521	0.442	18.879	0.901
20	0.015	0.569	-3670.792	-25.137	-3645.654	0.32	0.509	0.438	25.195	0.971
30	0.023	0.596	-3649.044	-26.799	-3622.245	0.32	0.581	0.436	26.991	0.848
40	0.03	0.575	-3638.213	-26.487	-3611.727	0.32	0.682	0.435	28.743	0.85
50	0.037	0.568	-3630.441	-26.023	-3604.418	0.32	0.747	0.431	37.325	0.813
60	0.045	0.579	-3625.99	-26.388	-3599.602	0.32	0.813	0.429	39.403	0.783
70	0.052	0.568	-3627.426	-26.24	-3601.186	0.32	0.788	0.43	38.257	0.797
80	0.06	0.587	-3626.053	-24.779	-3601.274	0.32	0.844	0.43	40.965	0.864
90	0.067	0.566	-3624.049	-25.705	-3598.343	0.32	0.858	0.429	41.529	0.809
100	0.074	0.586	-3624.98	-27.619	-3597.361	0.32	0.945	0.427	40.103	0.724
110	0.082	0.601	-3623.618	-27.675	-3595.943	0.32	0.897	0.429	37.617	0.731
120	0.089	0.622	-3624.305	-29.306	-3595.0	0.32	0.908	0.43	32.024	0.689
130	0.096	0.564	-3624.181	-27.055	-3597.126	0.32	0.92	0.43	36.258	0.77
140	0.103	0.643	-3626.255	-27.121	-3599.133	0.32	0.93	0.428	40.05	0.747
150	0.111	0.645	-3627.943	-29.506	-3598.437	0.32	0.916	0.425	36.931	0.654
160	0.118	0.622	-3625.131	-27.273	-3597.858	0.32	0.92	0.43	36.586	0.758
170	0.125	0.639	-3625.425	-27.183	-3598.242	0.32	0.896	0.428	40.022	0.742
180	0.132	0.563	-3622.952	-27.41	-3595.542	0.32	0.905	0.429	38.375	0.74
190	0.14	0.573	-3623.071	-27.725	-3595.346	0.32	0.895	0.429	37.438	0.73
200	0.147	0.569	-3625.466	-26.781	-3598.685	0.32	0.924	0.431	35.874	0.787
210	0.154	0.568	-3622.886	-29.853	-3593.033	0.32	0.909	0.43	30.337	0.675
220	0.161	0.57	-3622.977	-28.896	-3594.081	0.32	0.896	0.43	31.766	0.708
230	0.168	0.541	-3623.164	-29.629	-3593.535	0.32	0.884	0.432	27.828	0.701
240	0.176	0.541	-3623.164	-29.629	-3593.535	0.32	0.884	0.432	27.828	0.701
250	0.183	0.54	-3623.419	-29.048	-3594.371	0.32	0.858	0.432	29.701	0.713
260	0.19	0.53	-3622.989	-29.237	-3593.753	0.32	0.871	0.431	30.13	0.702
270	0.198	0.633	-3626.181	-28.527	-3597.654	0.32	0.896	0.427	38.47	0.688
280	0.205	0.596	-3623.684	-28.64	-3595.043	0.32	0.908	0.431	32.063	0.719
290	0.212	0.636	-3623.803	-27.36	-3596.444	0.32	0.901	0.434	29.057	0.804
300	0.22	0.559	-3622.85	-28.001	-3594.849	0.32	0.895	0.43	34.905	0.731
310	0.227	0.597	-3624.724	-29.941	-3594.782	0.32	0.877	0.433	26.466	0.697
320	0.234	0.599	-3623.47	-30.211	-3593.258	0.32	0.896	0.43	28.69	0.67
330	0.242	0.59	-3623.361	-27.413	-3595.948	0.32	0.894	0.429	37.194	0.746
340	0.249	0.611	-3625.786	-26.672	-3599.114	0.32	0.839	0.428	40.79	0.762
350	0.256	0.588	-3625.64	-27.701	-3597.94	0.32	0.822	0.43	35.385	0.74
360	0.263	0.585	-3623.795	-27.692	-3596.103	0.32	0.927	0.429	36.547	0.738
370	0.27	0.609	-3625.999	-24.88	-3601.119	0.32	0.868	0.43	41.362	0.856
380	0.278	0.617	-3624.332	-26.578	-3597.754	0.32	0.895	0.429	40.572	0.769
390	0.285	0.573	-3624.926	-27.536	-3597.391	0.32	0.948	0.428	39.582	0.73
400	0.293	0.589	-3623.41	-27.187	-3596.223	0.32	0.9	0.428	39.662	0.744
410	0.3	0.534	-3625.778	-29.341	-3596.437	0.32	0.951	0.431	29.754	0.704
420	0.307	0.606	-3624.599	-29.354	-3595.245	0.32	0.931	0.428	34.383	0.674
430	0.315	0.624	-3624.915	-26.586	-3598.329	0.32	0.904	0.43	38.855	0.779
440	0.322	0.63	-3625.937	-27.722	-3598.215	0.32	0.878	0.427	39.892	0.717
450	0.329	0.572	-3624.185	-25.53	-3598.654	0.32	0.857	0.429	42.382	0.813
460	0.336	0.547	-3627.436	-23.046	-3604.39	0.32	0.827	0.43	46.057	0.941
470	0.344	0.56	-3625.655	-24.325	-3601.329	0.32	0.83	0.429	45.051	0.867
480	0.351	0.567	-3625.838	-23.632	-3602.206	0.32	0.874	0.43	45.715	0.907
490	0.359	0.562	-3623.859	-25.343	-3598.516	0.32	0.89	0.429	42.566	0.824
500	0.366	0.549	-3623.886	-25.557	-3598.329	0.32	0.889	0.43	41.288	0.819
510	0.373	0.603	-3626.302	-25.231	-3601.071	0.32	0.872	0.431	39.098	0.85
520	0.38	0.66	-3626.972	-27.64	-3599.331	0.32	0.878	0.429	37.74	0.732
530	0.387	0.638	-3625.414	-27.377	-3598.036	0.32	0.905	0.428	39.606	0.736
540	0.395	0.61	-3624.751	-28.675	-3596.076	0.32	0.931	0.428	36.571	0.692
550	0.402	0.649	-3626.213	-27.256	-3598.956	0.32	0.899	0.428	40.478	0.737
560	0.409	0.639	-3626.687	-28.752	-3597.936	0.32	0.908	0.426	38.283	0.679
570	0.416	0.579	-3624.427	-29.285	-3595.142	0.32	0.852	0.429	32.376	0.686
580	0.424	0.578	-3623.267	-28.722	-3594.545	0.32	0.906	0.431	31.888	0.716
590	0.431	0.58	-3623.786	-27.341	-3596.445	0.32	0.919	0.43	36.345	0.756
600	0.439	0.538	-3623.789	-27.55	-3596.239	0.32	0.867	0.431	34.197	0.756
610	0.446	0.55	-3623.085	-27.965	-3595.12	0.32	0.881	0.43	34.447	0.735
620	0.453	0.555	-3622.919	-28.004	-3594.914	0.32	0.905	0.43	35.076	0.73
630	0.461	0.548	-3623.542	-25.784	-3597.758	0.32	0.877	0.429	42.246	0.801
640	0.468	0.574	-3625.784	-24.646	-3601.138	0.32	0.905	0.43	42.485	0.865
650	0.475	0.578	-3624.803	-25.735	-3599.068	0.32	0.861	0.431	38.78	0.823
660	0.482	0.549	-3624.038	-25.141	-3598.897	0.32	0.869	0.429	43.184	0.831
670	0.49	0.546	-3625.567	-23.572	-3601.996	0.32	0.853	0.429	47.069	0.902
680	0.497	0.503	-3630.108	-23.191	-3606.917	0.32	0.867	0.431	41.845	0.959
690	0.505	0.487	-3629.845	-25.338	-3604.507	0.32	0.799	0.432	35.417	0.866
700	0.512	0.502	-3629.644	-24.724	-3604.92	0.32	0.797	0.432	37.046	0.891
710	0.519	0.556	-3624.381	-24.147	-3600.233	0.32	0.864	0.429	48.139	0.862
720	0.526	0.588	-3625.009	-25.533	-3599.476	0.32	0.937	0.428	45.836	0.8
730	0.533	0.579	-3623.667	-25.654	-3598.013	0.32	0.89	0.428	45.284	0.793
740	0.541	0.574	-3623.998	-25.554	-3598.445	0.32	0.882	0.43	41.372	0.819
750	0.548	0.584	-3623.769	-25.387	-3598.382	0.32	0.887	0.428	45.779	0.805
760	0.555	0.6	-3624.589	-24.973	-3599.616	0.32	0.886	0.429	43.898	0.837
770	0.562	0.6	-3623.759	-26.793	-3596.967	0.32	0.909	0.429	40.27	0.761
780	0.569	0.597	-3625.039	-24.692	-3600.347	0.32	0.856	0.429	44.508	0.849
790	0.577	0.573	-3625.835	-25.626	-3600.21	0.32	0.95	0.427	46.957	0.791
800	0.584	0.525	-3624.381	-25.686	-3598.695	0.32	0.89	0.43	39.002	0.825
810	0.592	0.596	-3624.663	-27.343	-3597.32	0.32	0.93	0.427	41.957	0.727
820	0.599	0.556	-3623.826	-26.182	-3597.643	0.32	0.859	0.429	40.404	0.789
830	0.606	0.555	-3624.248	-26.339	-3597.908	0.32	0.846	0.429	40.063	0.783
840	0.613	0.552	-3623.374	-27.322	-3596.052	0.32	0.874	0.43	35.75	0.758
850	0.62	0.502	-3625.141	-26.42	-3598.721	0.32	0.871	0.431	35.768	0.804
860	0.628	0.554	-3626.675	-24.722	-3601.952	0.32	0.861	0.431	39.44	0.877
870	0.635	0.545	-3625.94	-23.886	-3602.054	0.32	0.926	0.429	47.99	0.882
880	0.642	0.573	-3626.317	-23.776	-3602.541	0.32	0.938	0.428	50.332	0.878
890	0.649	0.592	-3625.265	-24.036	-3601.229	0.32	0.922	0.428	49.466	0.865
900	0.657	0.642	-3626.794	-24.19	-3602.604	0.32	0.879	0.427	52.203	0.842
910	0.664	0.582	-3625.277	-22.755	-3602.522	0.32	0.886	0.428	53.317	0.924
920	0.671	0.608	-3626.19	-22.425	-3603.765	0.32	0.892	0.426	61.643	0.91
930	0.679	0.583	-3625.317	-22.391	-3602.926	0.32	0.881	0.427	58.401	0.924
940	0.686	0.547	-3627.403	-22.0	-3605.404	0.32	0.925	0.428	55.845	0.964
950	0.694	0.533	-3625.631	-22.728	-3602.903	0.32	0.88	0.429	51.741	0.933
960	0.701	0.56	-3625.04	-23.0	-3602.039	0.32	0.909	0.428	53.684	0.908
970	0.708	0.625	-3627.299	-24.149	-3603.15	0.32	0.942	0.427	53.082	0.844
980	0.716	0.635	-3626.778	-25.173	-3601.605	0.32	0.919	0.426	52.118	0.791
990	0.723	0.635	-3626.74	-24.979	-3601.761	0.32	0.859	0.427	48.94	0.812
1000	0.73	0.599	-3626.706	-25.62	-3601.086	0.32	0.811	0.43	40.262	0.819
1010	0.737	0.584	-3625.932	-26.209	-3599.724	0.32	0.819	0.429	40.99	0.784
1020	0.745	0.628	-3625.864	-27.793	-3598.071	0.32	0.864	0.428	38.529	0.72
1030	0.752	0.518	-3623.554	-26.163	-3597.391	0.32	0.908	0.43	39.989	0.794
1040	0.759	0.579	-3624.091	-25.964	-3598.126	0.32	0.928	0.428	44.675	0.782
1050	0.767	0.586	-3624.713	-25.93	-3598.783	0.32	0.931	0.429	42.083	0.797
1060	0.774	0.624	-3627.111	-27.169	-3599.942	0.32	0.945	0.426	45.101	0.722
1070	0.781	0.624	-3627.111	-27.169	-3599.942	0.32	0.945	0.426	45.101	0.722
1080	0.788	0.661	-3627.935	-26.912	-3601.022	0.32	0.931	0.427	43.874	0.739
1090	0.795	0.632	-3626.208	-26.753	-3599.455	0.32	0.926	0.426	45.208	0.74
1100	0.803	0.621	-3627.097	-25.254	-3601.843	0.32	0.942	0.429	44.719	0.821
1110	0.81	0.553	-3623.593	-25.873	-3597.72	0.32	0.913	0.429	42.332	0.798
1120	0.818	0.579	-3623.456	-26.54	-3596.916	0.32	0.91	0.429	39.958	0.775
1130	0.825	0.656	-3626.895	-26.992	-3599.904	0.32	0.868	0.429	39.262	0.755
1140	0.832	0.603	-3624.516	-28.807	-3595.709	0.32	0.933	0.428	35.922	0.69
1150	0.84	0.6	-3623.576	-28.562	-3595.014	0.32	0.897	0.43	32.643	0.718
1160	0.847	0.598	-3624.445	-27.406	-3597.038	0.32	0.872	0.431	34.122	0.764
1170	0.855	0.569	-3624.224	-27.38	-3596.844	0.32	0.854	0.431	34.118	0.765
1180	0.862	0.584	-3623.486	-26.179	-3597.307	0.32	0.9	0.429	42.304	0.781
1190	0.869	0.568	-3625.273	-25.277	-3599.996	0.32	0.864	0.431	39.442	0.845
1200	0.877	0.587	-3623.347	-27.023	-3596.325	0.32	0.894	0.429	39.44	0.753
1210	0.884	0.631	-3626.152	-27.962	-3598.19	0.32	0.88	0.427	39.783	0.706
1220	0.891	0.611	-3624.015	-27.272	-3596.743	0.32	0.89	0.429	38.761	0.744
1230	0.899	0.583	-3623.88	-28.346	-3595.534	0.32	0.858	0.43	32.806	0.726
1240	0.906	0.578	-3622.975	-28.653	-3594.322	0.32	0.891	0.43	33.166	0.71
1250	0.913	0.583	-3623.216	-28.004	-3595.213	0.32	0.893	0.429	36.628	0.721
1260	0.92	0.588	-3623.259	-27.823	-3595.436	0.32	0.891	0.429	36.322	0.731
1270	0.927	0.588	-3623.259	-27.823	-3595.436	0.32	0.891	0.429	36.322	0.731
1280	0.935	0.594	-3623.511	-27.487	-3596.024	0.32	0.892	0.43	35.875	0.75
1290	0.942	0.59	-3625.83	-25.33	-3600.5	0.32	0.829	0.43	40.78	0.833
1300	0.949	0.604	-3624.545	-29.466	-3595.079	0.32	0.865	0.429	32.06	0.68
1310	0.956	0.616	-3625.428	-29.484	-3595.944	0.32	0.849	0.43	31.331	0.683
1320	0.963	0.629	-3626.428	-28.821	-3597.607	0.32	0.849	0.432	29.319	0.727
1330	0.971	0.603	-3624.341	-32.334	-3592.006	0.32	0.912	0.432	22.552	0.627
1340	0.978	0.576	-3623.209	-31.572	-3591.637	0.32	0.905	0.43	25.727	0.634
1350	0.985	0.612	-3625.282	-31.789	-3593.492	0.32	0.904	0.428	27.624	0.613
1360	0.993	0.641	-3626.214	-29.07	-3597.145	0.32	0.86	0.429	32.82	0.693
1370	1.0	0.643	-3628.998	-26.261	-3602.738	0.32	0.84	0.432	34.526	0.821
1380	1.007	0.568	-3625.169	-26.37	-3598.799	0.32	0.839	0.431	36.477	0.802
1390	1.015	0.584	-3626.295	-24.763	-3601.532	0.32	0.831	0.43	41.161	0.863
1400	1.022	0.584	-3626.295	-24.763	-3601.532	0.32	0.831	0.43	41.161	0.863
1410	1.03	0.584	-3624.25	-25.334	-3598.916	0.32	0.892	0.43	42.183	0.827
1420	1.037	0.564	-3623.176	-27.159	-3596.017	0.32	0.881	0.43	37.031	0.759
1430	1.044	0.578	-3623.918	-26.999	-3596.92	0.32	0.903	0.43	36.055	0.774
1440	1.052	0.583	-3623.932	-28.329	-3595.603	0.32	0.935	0.428	36.661	0.708
1450	1.059	0.587	-3623.876	-28.708	-3595.168	0.32	0.894	0.428	36.223	0.691
1460	1.066	0.558	-3623.607	-27.33	-3596.278	0.32	0.883	0.431	34.732	0.764
1470	1.073	0.528	-3623.28	-27.066	-3596.214	0.32	0.9	0.43	36.02	0.77
1480	1.081	0.593	-3623.942	-25.876	-3598.066	0.32	0.897	0.429	41.443	0.801
1490	1.088	0.6	-3625.41	-25.44	-3599.97	0.32	0.924	0.429	42.386	0.822
1500	1.095	0.566	-3623.407	-26.508	-3596.899	0.32	0.917	0.428	41.405	0.77
1510	1.102	0.608	-3624.539	-26.048	-3598.49	0.32	0.882	0.43	39.819	0.801
1520	1.11	0.565	-3625.047	-27.074	-3597.972	0.32	0.903	0.431	33.995	0.783
1530	1.117	0.604	-3624.447	-26.838	-3597.61	0.32	0.881	0.43	36.471	0.779
1540	1.124	0.562	-3623.735	-25.432	-3598.303	0.32	0.874	0.429	42.88	0.817
1550	1.132	0.545	-3623.587	-25.89	-3597.697	0.32	0.872	0.429	42.149	0.796
1560	1.139	0.629	-3625.34	-26.157	-3599.183	0.32	0.919	0.428	43.979	0.775
1570	1.146	0.601	-3624.39	-25.558	-3598.832	0.32	0.893	0.427	47.106	0.79
1580	1.154	0.544	-3623.639	-25.112	-3598.527	0.32	0.896	0.429	45.491	0.822
1590	1.161	0.542	-3623.668	-25.701	-3597.967	0.32	0.891	0.429	41.517	0.81
1600	1.169	0.583	-3624.273	-25.748	-3598.525	0.32	0.878	0.43	40.085	0.815
1610	1.176	0.579	-3624.796	-25.36	-3599.436	0.32	0.867	0.43	40.28	0.835
1620	1.183	0.563	-3623.277	-26.502	-3596.775	0.32	0.88	0.429	39.794	0.777
1630	1.19	0.578	-3624.87	-25.507	-3599.364	0.32	0.929	0.429	42.869	0.816
1640	1.198	0.574	-3623.787	-25.842	-3597.944	0.32	0.92	0.428	44.107	0.791
1650	1.205	0.562	-3623.273	-26.86	-3596.412	0.32	0.917	0.428	40.824	0.755
1660	1.212	0.562	-3623.273	-26.86	-3596.412	0.32	0.917	0.428	40.824	0.755
1670	1.219	0.626	-3625.398	-26.068	-3599.33	0.32	0.88	0.43	39.35	0.802
1680	1.227	0.608	-3624.24	-26.912	-3597.329	0.32	0.91	0.428	42.009	0.746
1690	1.234	0.571	-3623.375	-26.631	-3596.744	0.32	0.905	0.429	39.032	0.775
1700	1.241	0.596	-3623.506	-27.45	-3596.056	0.32	0.901	0.429	38.351	0.738
1710	1.248	0.578	-3623.252	-29.643	-3593.609	0.32	0.897	0.429	32.096	0.673
1720	1.256	0.568	-3624.248	-26.685	-3597.562	0.32	0.85	0.43	37.018	0.782
1730	1.263	0.56	-3624.344	-28.417	-3595.927	0.32	0.842	0.43	33.623	0.717
1740	1.271	0.577	-3625.868	-26.463	-3599.405	0.32	0.829	0.431	35.401	0.803
1750	1.278	0.54	-3626.879	-25.965	-3600.914	0.32	0.941	0.43	39.213	0.812
1760	1.286	0.546	-3623.25	-27.168	-3596.081	0.32	0.917	0.429	38.499	0.752
1770	1.293	0.569	-3623.223	-27.17	-3596.053	0.32	0.89	0.43	36.547	0.762
1780	1.301	0.579	-3623.26	-27.637	-3595.624	0.32	0.885	0.429	37.695	0.732
1790	1.308	0.607	-3624.731	-25.495	-3599.236	0.32	0.896	0.43	41.753	0.82
1800	1.316	0.581	-3623.813	-25.724	-3598.089	0.32	0.876	0.429	41.74	0.807
1810	1.323	0.581	-3623.813	-25.724	-3598.089	0.32	0.876	0.429	41.74	0.807
1820	1.33	0.542	-3623.61	-25.451	-3598.159	0.32	0.882	0.429	43.239	0.814
1830	1.338	0.599	-3623.888	-27.025	-3596.864	0.32	0.874	0.429	38.179	0.759
1840	1.345	0.581	-3623.785	-27.459	-3596.327	0.32	0.881	0.428	39.792	0.73
1850	1.352	0.553	-3623.278	-26.542	-3596.736	0.32	0.883	0.43	39.015	0.779
1860	1.359	0.51	-3625.494	-26.066	-3599.427	0.32	0.905	0.431	37.102	0.817
1870	1.367	0.583	-3624.699	-26.244	-3598.454	0.32	0.921	0.43	39.047	0.796
1880	1.374	0.611	-3625.549	-28.19	-3597.359	0.32	0.873	0.427	38.679	0.701
1890	1.381	0.607	-3624.499	-27.652	-3596.847	0.32	0.871	0.428	38.46	0.727
1900	1.388	0.612	-3625.469	-28.121	-3597.348	0.32	0.845	0.429	35.956	0.718
1910	1.396	0.571	-3624.705	-27.646	-3597.059	0.32	0.838	0.431	33.636	0.754
1920	1.403	0.546	-3623.554	-29.029	-3594.525	0.32	0.876	0.431	29.876	0.714
1930	1.411	0.556	-3626.649	-27.816	-3598.833	0.32	0.839	0.433	29.598	0.774
1940	1.418	0.559	-3624.737	-28.62	-3596.117	0.32	0.884	0.433	29.184	0.738
1950	1.425	0.566	-3623.841	-29.227	-3594.614	0.32	0.859	0.429	32.242	0.689
1960	1.433	0.563	-3624.877	-27.893	-3596.984	0.32	0.949	0.429	37.2	0.726
1970	1.442	0.567	-3623.712	-28.132	-3595.579	0.32	0.934	0.428	36.902	0.715
1980	1.451	0.594	-3625.081	-27.144	-3597.938	0.32	0.935	0.43	37.012	0.763
1990	1.459	0.559	-3623.377	-27.675	-3595.702	0.32	0.92	0.43	35.884	0.742
2000	1.466	0.557	-3623.221	-27.768	-3595.452	0.32	0.888	0.43	34.231	0.746
2010	1.473	0.553	-3623.925	-28.13	-3595.794	0.32	0.938	0.428	37.083	0.715
2020	1.48	0.557	-3622.821	-29.127	-3593.693	0.32	0.897	0.43	32.378	0.694
2030	1.487	0.573	-3622.904	-29.106	-3593.797	0.32	0.893	0.43	31.913	0.697
2040	1.495	0.573	-3622.904	-29.106	-3593.797	0.32	0.893	0.43	31.913	0.697
2050	1.502	0.517	-3623.519	-26.663	-3596.857	0.32	0.895	0.43	37.35	0.783
2060	1.509	0.568	-3623.557	-27.36	-3596.198	0.32	0.864	0.43	36.872	0.749
2070	1.516	0.567	-3624.282	-26.438	-3597.844	0.32	0.883	0.431	36.72	0.798
2080	1.523	0.568	-3624.005	-26.018	-3597.987	0.32	0.856	0.429	40.942	0.795
2090	1.531	0.573	-3623.545	-25.923	-3597.621	0.32	0.884	0.429	41.29	0.799
2100	1.538	0.571	-3623.112	-27.561	-3595.551	0.32	0.907	0.43	36.235	0.745
2110	1.546	0.607	-3627.141	-25.799	-3601.343	0.32	0.84	0.432	36.25	0.835
2120	1.553	0.554	-3624.764	-26.473	-3598.29	0.32	0.879	0.431	35.685	0.802
2130	1.56	0.562	-3623.582	-27.36	-3596.222	0.32	0.905	0.43	35.31	0.76
2140	1.568	0.571	-3623.375	-27.831	-3595.544	0.32	0.911	0.43	34.534	0.742
2150	1.575	0.565	-3622.844	-28.281	-3594.563	0.32	0.898	0.429	34.807	0.718
2160	1.583	0.62	-3624.431	-29.376	-3595.054	0.32	0.918	0.429	32.653	0.682
2170	1.59	0.598	-3624.633	-31.345	-3593.288	0.32	0.927	0.428	28.915	0.623
2180	1.598	0.668	-3629.171	-26.954	-3602.217	0.32	0.94	0.429	38.486	0.765
2190	1.605	0.627	-3626.885	-24.199	-3602.686	0.32	0.881	0.43	44.253	0.881
2200	1.613	0.582	-3625.134	-23.948	-3601.186	0.32	0.85	0.428	50.548	0.862
2210	1.62	0.523	-3625.408	-23.274	-3602.135	0.32	0.903	0.429	50.841	0.904
2220	1.627	0.523	-3625.408	-23.274	-3602.135	0.32	0.903	0.429	50.841	0.904
2230	1.634	0.546	-3627.69	-24.397	-3603.294	0.32	0.954	0.428	48.357	0.852
2240	1.642	0.552	-3628.437	-24.951	-3603.486	0.32	0.964	0.428	48.149	0.823
2250	1.649	0.593	-3624.575	-25.393	-3599.181	0.32	0.863	0.428	46.146	0.802
2260	1.656	0.58	-3626.128	-24.322	-3601.806	0.32	0.858	0.43	42.212	0.884
2270	1.663	0.534	-3625.031	-26.096	-3598.935	0.32	0.924	0.43	38.309	0.809
2280	1.67	0.52	-3623.961	-26.014	-3597.947	0.32	0.913	0.43	40.064	0.802
2290	1.678	0.52	-3623.961	-26.014	-3597.947	0.32	0.913	0.43	40.064	0.802
2300	1.685	0.571	-3623.809	-25.099	-3598.711	0.32	0.875	0.429	45.337	0.822
2310	1.692	0.564	-3624.059	-25.722	-3598.337	0.32	0.905	0.43	40.789	0.814
2320	1.699	0.568	-3623.822	-26.881	-3596.941	0.32	0.929	0.429	39.387	0.762
2330	1.707	0.58	-3623.93	-25.4	-3598.53	0.32	0.879	0.429	42.663	0.82
2340	1.714	0.572	-3623.743	-24.894	-3598.848	0.32	0.891	0.428	46.604	0.828
2350	1.722	0.578	-3623.909	-25.992	-3597.917	0.32	0.915	0.427	45.948	0.774
2360	1.729	0.565	-3623.357	-25.846	-3597.51	0.32	0.904	0.428	43.822	0.791
2370	1.737	0.58	-3623.477	-26.347	-3597.13	0.32	0.901	0.429	40.383	0.782
2380	1.744	0.63	-3625.567	-27.823	-3597.745	0.32	0.856	0.429	35.918	0.732
2390	1.751	0.591	-3624.739	-27.642	-3597.096	0.32	0.937	0.43	36.216	0.743
2400	1.758	0.531	-3623.262	-29.57	-3593.692	0.32	0.93	0.43	30.312	0.688
2410	1.765	0.516	-3623.284	-28.896	-3594.387	0.32	0.88	0.431	30.517	0.715
2420	1.773	0.556	-3623.024	-30.104	-3592.92	0.32	0.914	0.431	28.793	0.674
2430	1.78	0.552	-3623.7	-29.865	-3593.835	0.32	0.931	0.431	29.381	0.682
2440	1.787	0.547	-3623.811	-26.373	-3597.438	0.32	0.863	0.43	38.72	0.789
2450	1.794	0.581	-3625.486	-26.59	-3598.896	0.32	0.915	0.431	35.978	0.796
2460	1.802	0.554	-3623.699	-28.543	-3595.155	0.32	0.931	0.43	33.595	0.715
2470	1.809	0.558	-3624.124	-28.21	-3595.913	0.32	0.848	0.429	34.714	0.72
2480	1.817	0.623	-3624.736	-31.841	-3592.895	0.32	0.905	0.43	25.561	0.624
2490	1.826	0.589	-3623.308	-30.451	-3592.857	0.32	0.911	0.43	28.165	0.664
2500	1.835	0.514	-3623.747	-31.527	-3592.22	0.32	0.882	0.433	23.658	0.65
2510	1.844	0.6	-3624.636	-34.352	-3590.285	0.32	0.906	0.432	19.126	0.58
2520	1.853	0.564	-3624.024	-33.216	-3590.808	0.32	0.882	0.433	20.49	0.609
2530	1.862	0.55	-3622.907	-32.969	-3589.938	0.32	0.911	0.431	22.155	0.606
2540	1.87	0.552	-3627.07	-31.631	-3595.438	0.32	0.882	0.436	20.427	0.674
2550	1.879	0.723	-3632.422	-31.913	-3600.51	0.32	0.957	0.435	21.423	0.658
2560	1.888	0.733	-3627.044	-31.514	-3595.53	0.32	0.868	0.432	24.278	0.646
2570	1.897	0.66	-3623.352	-29.828	-3593.524	0.32	0.844	0.435	23.516	0.726
2580	1.906	0.632	-3624.362	-30.44	-3593.923	0.32	0.912	0.436	21.914	0.714
2590	1.915	0.655	-3623.49	-31.812	-3591.679	0.32	0.907	0.437	19.983	0.672
2600	1.924	0.626	-3622.838	-32.279	-3590.559	0.32	0.922	0.437	19.109	0.661
2610	1.934	0.642	-3622.076	-31.695	-3590.381	0.32	0.923	0.436	20.871	0.669
2620	1.943	0.642	-3622.076	-31.695	-3590.381	0.32	0.923	0.436	20.871	0.669
2630	1.952	0.642	-3622.076	-31.695	-3590.381	0.32	0.923	0.436	20.871	0.669
2640	1.96	0.642	-3622.076	-31.695	-3590.381	0.32	0.923	0.436	20.871	0.669
2650	1.969	0.675	-3621.718	-30.506	-3591.211	0.32	0.913	0.434	24.56	0.688
2660	1.978	0.683	-3621.834	-31.81	-3590.025	0.32	0.899	0.434	21.968	0.653
2670	1.987	0.687	-3621.858	-32.924	-3588.934	0.32	0.901	0.434	20.283	0.623
2680	1.996	0.687	-3621.858	-32.924	-3588.934	0.32	0.901	0.434	20.283	0.623
2690	2.005	0.687	-3621.858	-32.924	-3588.934	0.32	0.901	0.434	20.283	0.623
2700	2.014	0.687	-3621.858	-32.924	-3588.934	0.32	0.901	0.434	20.283	0.623
2710	2.023	0.687	-3621.858	-32.924	-3588.934	0.32	0.901	0.434	20.283	0.623
2720	2.032	0.679	-3622.66	-34.01	-3588.65	0.32	0.875	0.436	17.266	0.609
2730	2.041	0.657	-3622.635	-33.796	-3588.839	0.32	0.846	0.438	16.801	0.622
2740	2.05	0.657	-3622.635	-33.796	-3588.839	0.32	0.846	0.438	16.801	0.622
2750	2.059	0.67	-3622.666	-34.087	-3588.58	0.32	0.864	0.437	16.735	0.612
2760	2.068	0.67	-3622.666	-34.087	-3588.58	0.32	0.864	0.437	16.735	0.612
2770	2.077	0.667	-3621.633	-33.76	-3587.873	0.32	0.912	0.436	17.931	0.613
2780	2.086	0.667	-3621.633	-33.76	-3587.873	0.32	0.912	0.436	17.931	0.613
2790	2.095	0.665	-3621.408	-33.655	-3587.753	0.32	0.909	0.436	18.055	0.616
2800	2.104	0.653	-3621.103	-33.584	-3587.519	0.32	0.924	0.436	18.263	0.617
2810	2.113	0.653	-3621.103	-33.584	-3587.519	0.32	0.924	0.436	18.263	0.617
2820	2.122	0.658	-3620.861	-33.138	-3587.723	0.32	0.912	0.436	18.974	0.627
2830	2.131	0.658	-3620.861	-33.138	-3587.723	0.32	0.912	0.436	18.974	0.627
2840	2.14	0.657	-3622.656	-32.502	-3590.155	0.32	0.933	0.436	19.885	0.645
2850	2.149	0.67	-3622.367	-33.519	-3588.848	0.32	0.944	0.434	19.293	0.611
2860	2.158	0.67	-3622.367	-33.519	-3588.848	0.32	0.944	0.434	19.293	0.611
2870	2.167	0.693	-3624.657	-34.204	-3590.453	0.32	0.957	0.433	19.235	0.587
2880	2.176	0.706	-3625.455	-34.468	-3590.987	0.32	0.946	0.434	18.359	0.585
2890	2.186	0.706	-3625.455	-34.468	-3590.987	0.32	0.946	0.434	18.359	0.585
2900	2.195	0.706	-3625.455	-34.468	-3590.987	0.32	0.946	0.434	18.359	0.585
2910	2.204	0.727	-3626.051	-33.813	-3592.237	0.32	0.915	0.432	20.511	0.588
2920	2.213	0.699	-3627.794	-32.452	-3595.342	0.32	0.91	0.437	18.851	0.657
2930	2.222	0.672	-3623.384	-33.749	-3589.635	0.32	0.919	0.437	17.488	0.618
2940	2.231	0.672	-3622.955	-35.469	-3587.486	0.32	0.94	0.436	15.737	0.574
2950	2.24	0.681	-3622.552	-35.99	-3586.561	0.32	0.932	0.435	15.452	0.558
2960	2.249	0.681	-3622.552	-35.99	-3586.561	0.32	0.932	0.435	15.452	0.558
2970	2.258	0.644	-3622.417	-33.839	-3588.578	0.32	0.95	0.436	18.048	0.611
2980	2.267	0.644	-3622.417	-33.839	-3588.578	0.32	0.95	0.436	18.048	0.611
2990	2.276	0.644	-3622.417	-33.839	-3588.578	0.32	0.95	0.436	18.048	0.611
3000	2.285	0.669	-3622.309	-33.479	-3588.83	0.32	0.92	0.436	18.299	0.621
3010	2.294	0.675	-3623.213	-35.805	-3587.407	0.32	0.951	0.435	15.883	0.561
3020	2.303	0.679	-3624.894	-35.232	-3589.662	0.32	0.962	0.435	16.808	0.573
3030	2.312	0.626	-3626.478	-34.003	-3592.475	0.32	0.922	0.428	22.442	0.567
3040	2.321	0.609	-3624.053	-30.601	-3593.451	0.32	0.914	0.431	27.142	0.664
3050	2.33	0.557	-3623.177	-30.37	-3592.807	0.32	0.877	0.431	27.839	0.668
3060	2.339	0.544	-3623.086	-32.087	-3591.0	0.32	0.878	0.432	23.331	0.63
3070	2.348	0.544	-3623.307	-30.092	-3593.215	0.32	0.91	0.432	26.918	0.688
3080	2.357	0.526	-3624.157	-29.42	-3594.738	0.32	0.853	0.432	27.903	0.709
3090	2.366	0.52	-3624.293	-29.137	-3595.156	0.32	0.847	0.432	28.978	0.714
3100	2.375	0.568	-3624.334	-30.594	-3593.74	0.32	0.85	0.43	27.837	0.658
3110	2.383	0.547	-3624.864	-29.272	-3595.592	0.32	0.892	0.433	26.982	0.724
3120	2.392	0.553	-3623.626	-29.118	-3594.509	0.32	0.859	0.431	30.794	0.703
3130	2.401	0.534	-3622.855	-27.805	-3595.05	0.32	0.875	0.43	34.444	0.742
3140	2.41	0.527	-3623.432	-27.81	-3595.622	0.32	0.879	0.431	32.978	0.751
3150	2.418	0.611	-3624.862	-28.579	-3596.283	0.32	0.908	0.427	37.719	0.69
3160	2.427	0.57	-3623.212	-26.58	-3596.632	0.32	0.901	0.429	40.564	0.769
3170	2.436	0.605	-3623.948	-28.241	-3595.707	0.32	0.921	0.429	34.845	0.721
3180	2.445	0.554	-3623.559	-27.29	-3596.269	0.32	0.929	0.428	39.405	0.742
3190	2.454	0.537	-3623.121	-28.37	-3594.751	0.32	0.915	0.43	34.403	0.717
3200	2.463	0.531	-3622.676	-28.88	-3593.796	0.32	0.909	0.43	31.858	0.709
3210	2.472	0.537	-3623.397	-28.612	-3594.785	0.32	0.884	0.432	30.3	0.73
3220	2.481	0.557	-3623.083	-29.643	-3593.439	0.32	0.881	0.431	29.301	0.69
3230	2.49	0.546	-3622.879	-29.548	-3593.332	0.32	0.9	0.43	31.084	0.683
3240	2.499	0.542	-3623.702	-27.756	-3595.945	0.32	0.881	0.431	33.377	0.751
3250	2.508	0.583	-3624.547	-28.164	-3596.383	0.32	0.841	0.431	33.151	0.732
3260	2.517	0.569	-3623.473	-28.661	-3594.812	0.32	0.869	0.429	33.893	0.705
3270	2.526	0.543	-3624.81	-29.545	-3595.265	0.32	0.825	0.432	28.031	0.702
3280	2.534	0.543	-3624.81	-29.545	-3595.265	0.32	0.825	0.432	28.031	0.702
3290	2.543	0.591	-3624.119	-30.026	-3594.093	0.32	0.874	0.432	26.94	0.689
3300	2.552	0.54	-3628.611	-27.341	-3601.27	0.32	0.781	0.433	30.413	0.791
3310	2.561	0.525	-3627.916	-26.021	-3601.895	0.32	0.787	0.432	35.463	0.826
3320	2.57	0.501	-3627.762	-24.858	-3602.904	0.32	0.821	0.431	38.5	0.874
3330	2.578	0.503	-3624.159	-27.02	-3597.139	0.32	0.887	0.431	35.405	0.776
3340	2.587	0.526	-3626.224	-27.215	-3599.009	0.32	0.906	0.432	32.219	0.788
3350	2.596	0.531	-3624.398	-27.083	-3597.315	0.32	0.91	0.431	34.558	0.779
3360	2.604	0.607	-3625.688	-27.531	-3598.157	0.32	0.873	0.432	32.186	0.77
3370	2.613	0.597	-3625.078	-28.332	-3596.746	0.32	0.836	0.43	33.146	0.724
3380	2.622	0.563	-3623.128	-28.327	-3594.801	0.32	0.876	0.429	34.468	0.717
3390	2.631	0.536	-3625.185	-26.809	-3598.376	0.32	0.829	0.431	36.201	0.78
3400	2.64	0.586	-3624.261	-27.379	-3596.881	0.32	0.85	0.43	36.464	0.75
3410	2.649	0.577	-3623.058	-27.934	-3595.124	0.32	0.898	0.429	36.744	0.724
3420	2.658	0.586	-3623.238	-28.163	-3595.075	0.32	0.91	0.429	36.117	0.717
3430	2.667	0.614	-3625.04	-29.311	-3595.729	0.32	0.893	0.427	34.858	0.672
3440	2.676	0.587	-3623.949	-27.262	-3596.687	0.32	0.912	0.43	35.938	0.762
3450	2.685	0.571	-3623.157	-28.052	-3595.105	0.32	0.919	0.429	36.775	0.719
3460	2.694	0.589	-3624.391	-26.646	-3597.746	0.32	0.903	0.43	36.887	0.787
3470	2.703	0.607	-3625.463	-26.153	-3599.309	0.32	0.86	0.427	44.885	0.768
3480	2.712	0.607	-3625.463	-26.153	-3599.309	0.32	0.86	0.427	44.885	0.768
3490	2.721	0.516	-3624.405	-24.694	-3599.711	0.32	0.914	0.429	45.419	0.847
3500	2.73	0.557	-3623.798	-25.012	-3598.786	0.32	0.91	0.428	46.253	0.824
3510	2.739	0.561	-3623.961	-24.299	-3599.662	0.32	0.9	0.428	50.288	0.845
3520	2.748	0.59	-3625.212	-24.614	-3600.598	0.32	0.933	0.428	49.686	0.832
3530	2.757	0.58	-3624.098	-25.276	-3598.822	0.32	0.921	0.428	47.546	0.804
3540	2.766	0.593	-3627.236	-24.734	-3602.502	0.32	0.953	0.428	48.74	0.831
3550	2.775	0.602	-3624.763	-24.093	-3600.67	0.32	0.88	0.428	49.871	0.858
3560	2.784	0.588	-3623.642	-26.598	-3597.044	0.32	0.911	0.428	42.105	0.761
3570	2.793	0.596	-3624.743	-23.867	-3600.876	0.32	0.89	0.428	49.559	0.873
3580	2.802	0.592	-3625.275	-25.042	-3600.232	0.32	0.918	0.429	43.271	0.839
3590	2.811	0.515	-3624.098	-25.45	-3598.649	0.32	0.886	0.43	41.098	0.826
3600	2.82	0.604	-3624.315	-26.75	-3597.565	0.32	0.866	0.429	39.116	0.767
3610	2.828	0.603	-3624.294	-26.633	-3597.661	0.32	0.894	0.427	43.272	0.753
3620	2.837	0.56	-3623.39	-25.619	-3597.77	0.32	0.895	0.429	43.538	0.804
3630	2.845	0.592	-3623.768	-25.799	-3597.969	0.32	0.905	0.428	43.778	0.794
3640	2.853	0.59	-3623.889	-25.332	-3598.556	0.32	0.887	0.429	44.19	0.816
3650	2.862	0.574	-3625.707	-25.095	-3600.612	0.32	0.834	0.43	40.687	0.847
3660	2.87	0.622	-3625.596	-26.038	-3599.558	0.32	0.85	0.429	41.161	0.793
3670	2.879	0.645	-3626.206	-25.357	-3600.85	0.32	0.893	0.429	44.083	0.816
3680	2.887	0.619	-3625.24	-27.582	-3597.658	0.32	0.864	0.428	38.838	0.728
3690	2.896	0.627	-3625.305	-26.948	-3598.357	0.32	0.861	0.429	38.493	0.761
3700	2.904	0.571	-3624.154	-26.37	-3597.784	0.32	0.862	0.43	37.79	0.794
3710	2.912	0.52	-3624.901	-26.298	-3598.603	0.32	0.851	0.431	36.171	0.808
3720	2.921	0.559	-3623.719	-26.603	-3597.116	0.32	0.913	0.43	38.393	0.781
3730	2.929	0.555	-3623.037	-28.908	-3594.129	0.32	0.884	0.429	33.399	0.697
3740	2.937	0.544	-3623.242	-28.484	-3594.758	0.32	0.886	0.431	32.026	0.725
3750	2.946	0.564	-3623.5	-28.314	-3595.186	0.32	0.916	0.431	32.947	0.729
3760	2.954	0.599	-3624.375	-28.467	-3595.908	0.32	0.854	0.43	33.055	0.719
3770	2.962	0.526	-3625.371	-28.192	-3597.178	0.32	0.834	0.432	30.004	0.751
3780	2.971	0.526	-3625.371	-28.192	-3597.178	0.32	0.834	0.432	30.004	0.751
3790	2.979	0.534	-3622.82	-30.073	-3592.748	0.32	0.878	0.431	28.035	0.679
3800	2.987	0.576	-3623.44	-30.826	-3592.613	0.32	0.928	0.43	28.247	0.648
3810	2.996	0.55	-3624.723	-29.039	-3595.684	0.32	0.921	0.432	29.292	0.719
3820	3.005	0.573	-3623.615	-28.875	-3594.74	0.32	0.909	0.431	30.65	0.717
3830	3.014	0.538	-3623.039	-28.326	-3594.713	0.32	0.889	0.43	33.657	0.723
3840	3.023	0.553	-3624.126	-30.519	-3593.607	0.32	0.943	0.43	29.038	0.657
3850	3.032	0.558	-3623.241	-31.006	-3592.235	0.32	0.921	0.429	28.196	0.641
3860	3.041	0.597	-3623.524	-28.87	-3594.654	0.32	0.891	0.429	33.826	0.697
3870	3.05	0.604	-3625.276	-28.557	-3596.719	0.32	0.868	0.427	36.906	0.693
3880	3.059	0.573	-3624.134	-28.491	-3595.643	0.32	0.851	0.429	34.064	0.711
3890	3.068	0.582	-3623.927	-29.012	-3594.915	0.32	0.861	0.429	32.711	0.696
3900	3.077	0.522	-3623.654	-29.13	-3594.524	0.32	0.886	0.432	28.881	0.716
3910	3.086	0.566	-3623.105	-30.457	-3592.648	0.32	0.887	0.431	27.42	0.667
3920	3.094	0.585	-3623.232	-29.673	-3593.559	0.32	0.888	0.43	31.05	0.678
3930	3.103	0.547	-3623.222	-28.862	-3594.361	0.32	0.893	0.431	30.842	0.715
3940	3.112	0.499	-3624.099	-28.815	-3595.284	0.32	0.913	0.431	30.775	0.719
3950	3.121	0.527	-3622.773	-30.872	-3591.901	0.32	0.912	0.431	26.806	0.655
3960	3.13	0.494	-3624.597	-29.556	-3595.041	0.32	0.891	0.432	27.68	0.705
3970	3.139	0.526	-3624.981	-29.635	-3595.345	0.32	0.902	0.433	26.4	0.712
3980	3.148	0.535	-3622.606	-30.185	-3592.422	0.32	0.904	0.431	28.038	0.675
3990	3.157	0.559	-3623.489	-29.913	-3593.576	0.32	0.87	0.432	27.99	0.686
