iter	hours	assortment	log_posterior	log_prior	loglik	missing	mixture	null_assortment	scale	shape
0	0.001	0.199	-4035.263	-16.484	-4018.779	0.22	0.853	0.342	100.274	0.252
10	0.009	0.247	-3983.329	-14.542	-3968.787	0.22	0.815	0.352	100.586	0.324
20	0.017	0.289	-3883.845	-11.041	-3872.804	0.22	0.852	0.386	100.433	0.539
30	0.025	0.304	-3849.481	-10.689	-3838.792	0.22	0.918	0.394	97.171	0.585
40	0.033	0.311	-3806.116	-8.51	-3797.606	0.22	0.94	0.415	106.253	0.833
50	0.041	0.372	-3777.26	-7.696	-3769.563	0.22	0.952	0.422	102.749	1.029
60	0.049	0.477	-3756.136	-8.115	-3748.022	0.22	0.936	0.422	95.281	0.973
70	0.057	0.56	-3733.935	-8.43	-3725.506	0.22	0.928	0.422	90.286	0.937
80	0.066	0.572	-3730.958	-8.062	-3722.895	0.22	0.894	0.425	85.955	1.06
90	0.075	0.542	-3729.488	-8.581	-3720.908	0.22	0.913	0.425	80.435	0.986
100	0.083	0.56	-3731.712	-8.44	-3723.272	0.22	0.813	0.427	73.717	1.089
110	0.091	0.586	-3722.813	-9.456	-3713.357	0.22	0.77	0.428	58.617	1.035
120	0.1	0.594	-3718.923	-9.872	-3709.051	0.22	0.822	0.429	55.115	0.994
130	0.108	0.658	-3711.021	-9.583	-3701.438	0.22	0.853	0.428	60.291	0.986
140	0.117	0.658	-3711.021	-9.583	-3701.438	0.22	0.853	0.428	60.291	0.986
150	0.125	0.653	-3710.36	-9.623	-3700.736	0.22	0.857	0.428	60.316	0.976
160	0.134	0.653	-3710.144	-9.658	-3700.485	0.22	0.889	0.428	59.079	0.992
170	0.142	0.647	-3710.533	-9.625	-3700.908	0.22	0.945	0.426	66.491	0.915
180	0.151	0.663	-3710.956	-10.494	-3700.462	0.22	0.956	0.426	58.8	0.841
190	0.159	0.653	-3707.572	-10.921	-3696.651	0.22	0.94	0.427	52.642	0.836
200	0.167	0.612	-3705.6	-10.885	-3694.715	0.22	0.942	0.427	52.702	0.842
210	0.176	0.612	-3705.6	-10.885	-3694.715	0.22	0.942	0.427	52.702	0.842
220	0.184	0.611	-3695.607	-11.091	-3684.515	0.22	0.959	0.427	50.772	0.837
230	0.192	0.606	-3693.504	-11.555	-3681.949	0.22	0.954	0.427	48.431	0.79
240	0.201	0.591	-3689.614	-12.317	-3677.297	0.22	0.893	0.429	40.923	0.767
250	0.209	0.59	-3690.182	-12.049	-3678.133	0.22	0.903	0.429	41.781	0.796
260	0.217	0.59	-3690.182	-12.049	-3678.133	0.22	0.903	0.429	41.781	0.796
270	0.226	0.604	-3690.251	-12.182	-3678.069	0.22	0.913	0.428	41.903	0.776
280	0.234	0.581	-3689.195	-13.559	-3675.636	0.22	0.919	0.427	35.869	0.679
290	0.242	0.593	-3689.339	-14.087	-3675.252	0.22	0.936	0.427	33.465	0.655
300	0.251	0.608	-3692.938	-14.455	-3678.483	0.22	0.971	0.428	31.317	0.654
310	0.259	0.571	-3689.108	-14.02	-3675.088	0.22	0.936	0.427	33.526	0.661
320	0.268	0.61	-3690.043	-14.521	-3675.522	0.22	0.936	0.427	31.751	0.632
330	0.277	0.581	-3689.416	-15.103	-3674.312	0.22	0.901	0.427	28.814	0.611
340	0.285	0.576	-3689.971	-15.896	-3674.075	0.22	0.935	0.426	26.297	0.577
350	0.294	0.577	-3689.743	-15.985	-3673.758	0.22	0.926	0.426	25.79	0.576
360	0.302	0.583	-3688.627	-16.439	-3672.189	0.22	0.93	0.428	23.347	0.575
370	0.311	0.581	-3689.195	-16.802	-3672.393	0.22	0.922	0.427	22.387	0.559
380	0.319	0.579	-3689.182	-15.07	-3674.112	0.22	0.948	0.429	28.255	0.63
390	0.328	0.579	-3689.182	-15.07	-3674.112	0.22	0.948	0.429	28.255	0.63
400	0.336	0.58	-3690.781	-14.96	-3675.821	0.22	0.96	0.426	30.027	0.616
410	0.345	0.581	-3688.991	-14.561	-3674.43	0.22	0.923	0.427	31.156	0.634
420	0.353	0.581	-3688.991	-14.561	-3674.43	0.22	0.923	0.427	31.156	0.634
430	0.362	0.606	-3690.721	-15.242	-3675.478	0.22	0.928	0.426	28.987	0.597
440	0.371	0.621	-3690.603	-14.763	-3675.84	0.22	0.95	0.427	30.207	0.632
450	0.379	0.582	-3688.459	-15.356	-3673.103	0.22	0.933	0.428	27.128	0.616
460	0.388	0.598	-3690.525	-14.459	-3676.065	0.22	0.918	0.426	32.494	0.625
470	0.396	0.598	-3690.525	-14.459	-3676.065	0.22	0.918	0.426	32.494	0.625
480	0.405	0.591	-3689.619	-14.503	-3675.115	0.22	0.947	0.427	31.579	0.638
490	0.413	0.606	-3688.645	-14.3	-3674.345	0.22	0.921	0.429	31.23	0.663
500	0.422	0.601	-3688.573	-14.56	-3674.013	0.22	0.923	0.428	30.345	0.647
510	0.43	0.585	-3688.319	-14.391	-3673.928	0.22	0.905	0.429	30.754	0.658
520	0.439	0.588	-3689.478	-14.092	-3675.386	0.22	0.945	0.43	31.647	0.684
530	0.447	0.61	-3689.392	-13.94	-3675.452	0.22	0.912	0.427	33.776	0.664
540	0.456	0.605	-3689.82	-13.11	-3676.71	0.22	0.921	0.427	38.415	0.699
550	0.465	0.615	-3689.683	-13.409	-3676.273	0.22	0.926	0.428	35.556	0.704
560	0.473	0.596	-3688.66	-13.476	-3675.184	0.22	0.902	0.429	34.514	0.708
570	0.481	0.596	-3688.66	-13.476	-3675.184	0.22	0.902	0.429	34.514	0.708
580	0.49	0.603	-3688.669	-13.94	-3674.73	0.22	0.917	0.429	32.572	0.683
590	0.499	0.603	-3688.669	-13.94	-3674.73	0.22	0.917	0.429	32.572	0.683
600	0.507	0.594	-3691.183	-14.619	-3676.563	0.22	0.955	0.425	32.258	0.617
610	0.516	0.579	-3690.47	-14.395	-3676.075	0.22	0.955	0.427	32.438	0.639
620	0.524	0.581	-3689.678	-13.966	-3675.712	0.22	0.944	0.427	33.828	0.664
630	0.533	0.58	-3688.97	-13.758	-3675.212	0.22	0.925	0.428	34.622	0.674
640	0.541	0.58	-3688.97	-13.758	-3675.212	0.22	0.925	0.428	34.622	0.674
650	0.549	0.585	-3688.418	-13.957	-3674.461	0.22	0.903	0.429	32.367	0.682
660	0.558	0.578	-3689.527	-15.039	-3674.488	0.22	0.921	0.426	29.52	0.609
670	0.566	0.583	-3688.317	-14.857	-3673.46	0.22	0.929	0.429	28.716	0.642
680	0.574	0.593	-3689.319	-15.137	-3674.182	0.22	0.905	0.427	28.506	0.613
690	0.582	0.593	-3689.319	-15.137	-3674.182	0.22	0.905	0.427	28.506	0.613
700	0.59	0.595	-3690.387	-15.152	-3675.235	0.22	0.901	0.426	29.017	0.603
710	0.598	0.595	-3690.387	-15.152	-3675.235	0.22	0.901	0.426	29.017	0.603
720	0.606	0.596	-3691.493	-14.52	-3676.973	0.22	0.89	0.425	32.255	0.619
730	0.615	0.575	-3689.792	-14.894	-3674.898	0.22	0.943	0.426	30.26	0.616
740	0.624	0.584	-3688.559	-13.954	-3674.604	0.22	0.922	0.429	32.686	0.68
750	0.633	0.595	-3688.493	-13.899	-3674.593	0.22	0.917	0.429	33.152	0.679
760	0.641	0.595	-3688.493	-13.899	-3674.593	0.22	0.917	0.429	33.152	0.679
770	0.65	0.578	-3689.689	-14.848	-3674.841	0.22	0.931	0.426	30.515	0.615
780	0.659	0.579	-3690.22	-14.886	-3675.334	0.22	0.931	0.425	30.697	0.608
790	0.667	0.581	-3689.689	-15.128	-3674.561	0.22	0.929	0.426	29.261	0.605
800	0.676	0.582	-3689.25	-14.891	-3674.359	0.22	0.944	0.428	29.536	0.627
810	0.684	0.59	-3688.961	-14.657	-3674.305	0.22	0.905	0.428	30.293	0.635
820	0.693	0.59	-3688.961	-14.657	-3674.305	0.22	0.905	0.428	30.293	0.635
830	0.702	0.59	-3688.961	-14.657	-3674.305	0.22	0.905	0.428	30.293	0.635
840	0.71	0.588	-3688.928	-14.302	-3674.625	0.22	0.901	0.428	31.824	0.65
850	0.718	0.588	-3688.928	-14.302	-3674.625	0.22	0.901	0.428	31.824	0.65
860	0.726	0.597	-3689.446	-14.727	-3674.719	0.22	0.909	0.427	30.358	0.627
870	0.735	0.582	-3688.359	-14.542	-3673.816	0.22	0.914	0.428	30.444	0.647
880	0.743	0.582	-3688.359	-14.542	-3673.816	0.22	0.914	0.428	30.444	0.647
890	0.751	0.592	-3688.535	-13.978	-3674.557	0.22	0.901	0.429	32.177	0.683
900	0.76	0.592	-3688.535	-13.978	-3674.557	0.22	0.901	0.429	32.177	0.683
910	0.768	0.605	-3688.898	-13.576	-3675.322	0.22	0.911	0.429	33.838	0.707
920	0.776	0.605	-3688.898	-13.576	-3675.322	0.22	0.911	0.429	33.838	0.707
930	0.785	0.627	-3691.047	-13.893	-3677.154	0.22	0.947	0.428	33.73	0.676
940	0.793	0.609	-3690.395	-12.938	-3677.457	0.22	0.919	0.43	36.232	0.756
950	0.802	0.59	-3690.413	-12.293	-3678.12	0.22	0.921	0.429	40.298	0.785
960	0.81	0.577	-3690.76	-12.185	-3678.575	0.22	0.94	0.428	42.433	0.772
970	0.818	0.596	-3690.929	-11.747	-3679.182	0.22	0.888	0.429	43.184	0.821
980	0.827	0.596	-3690.929	-11.747	-3679.182	0.22	0.888	0.429	43.184	0.821
990	0.835	0.607	-3690.385	-12.474	-3677.911	0.22	0.919	0.429	39.516	0.77
1000	0.843	0.612	-3691.564	-12.478	-3679.087	0.22	0.918	0.43	38.273	0.79
1010	0.851	0.624	-3691.64	-12.129	-3679.511	0.22	0.931	0.428	42.907	0.772
1020	0.86	0.592	-3689.528	-12.749	-3676.778	0.22	0.878	0.429	37.659	0.754
1030	0.868	0.587	-3690.756	-12.984	-3677.772	0.22	0.95	0.428	37.871	0.729
1040	0.876	0.596	-3689.203	-12.943	-3676.26	0.22	0.918	0.429	37.731	0.73
1050	0.884	0.591	-3688.97	-12.98	-3675.99	0.22	0.912	0.428	37.704	0.725
1060	0.893	0.597	-3690.79	-12.029	-3678.761	0.22	0.873	0.429	41.172	0.806
1070	0.901	0.597	-3690.79	-12.029	-3678.761	0.22	0.873	0.429	41.172	0.806
1080	0.909	0.607	-3690.27	-12.345	-3677.925	0.22	0.881	0.428	41.198	0.758
1090	0.917	0.607	-3690.27	-12.345	-3677.925	0.22	0.881	0.428	41.198	0.758
1100	0.925	0.607	-3690.27	-12.345	-3677.925	0.22	0.881	0.428	41.198	0.758
1110	0.933	0.598	-3689.65	-12.925	-3676.725	0.22	0.919	0.427	39.343	0.709
1120	0.941	0.611	-3689.487	-13.977	-3675.51	0.22	0.932	0.428	33.386	0.668
1130	0.949	0.599	-3689.759	-12.85	-3676.909	0.22	0.926	0.429	37.792	0.743
1140	0.957	0.604	-3690.596	-12.429	-3678.167	0.22	0.929	0.429	40.226	0.767
1150	0.964	0.593	-3690.482	-12.722	-3677.76	0.22	0.929	0.426	41.692	0.706
1160	0.972	0.592	-3692.303	-13.06	-3679.243	0.22	0.957	0.425	40.782	0.681
1170	0.979	0.609	-3691.226	-12.384	-3678.842	0.22	0.94	0.427	42.692	0.74
1180	0.987	0.593	-3690.23	-13.163	-3677.067	0.22	0.935	0.426	38.975	0.687
1190	0.994	0.592	-3689.134	-13.052	-3676.082	0.22	0.903	0.428	38.074	0.709
1200	1.002	0.594	-3689.767	-13.281	-3676.486	0.22	0.886	0.428	36.837	0.695
1210	1.01	0.593	-3690.29	-12.382	-3677.908	0.22	0.901	0.43	38.975	0.79
1220	1.018	0.599	-3689.118	-13.282	-3675.836	0.22	0.921	0.428	36.268	0.708
1230	1.026	0.607	-3690.232	-13.808	-3676.424	0.22	0.905	0.426	35.22	0.657
1240	1.034	0.588	-3691.479	-14.186	-3677.293	0.22	0.958	0.426	34.149	0.638
1250	1.042	0.586	-3689.297	-14.084	-3675.213	0.22	0.914	0.427	33.444	0.652
1260	1.05	0.589	-3689.053	-13.501	-3675.552	0.22	0.929	0.429	34.265	0.713
1270	1.058	0.599	-3689.722	-13.964	-3675.759	0.22	0.946	0.428	33.336	0.673
1280	1.067	0.577	-3689.016	-13.385	-3675.632	0.22	0.914	0.427	36.502	0.69
1290	1.076	0.599	-3689.246	-13.105	-3676.141	0.22	0.903	0.428	37.681	0.707
1300	1.085	0.6	-3689.502	-12.737	-3676.766	0.22	0.887	0.429	38.178	0.748
1310	1.094	0.6	-3689.502	-12.737	-3676.766	0.22	0.887	0.429	38.178	0.748
1320	1.101	0.587	-3689.574	-12.591	-3676.983	0.22	0.9	0.43	38.244	0.77
1330	1.109	0.587	-3689.574	-12.591	-3676.983	0.22	0.9	0.43	38.244	0.77
1340	1.117	0.587	-3689.574	-12.591	-3676.983	0.22	0.9	0.43	38.244	0.77
1350	1.125	0.62	-3694.26	-12.176	-3682.084	0.22	0.933	0.43	39.492	0.82
1360	1.132	0.623	-3693.416	-11.816	-3681.599	0.22	0.927	0.429	42.468	0.828
1370	1.14	0.609	-3692.858	-11.584	-3681.275	0.22	0.9	0.43	43.018	0.855
1380	1.148	0.612	-3691.838	-12.193	-3679.645	0.22	0.928	0.429	40.655	0.796
1390	1.156	0.608	-3689.963	-12.752	-3677.212	0.22	0.921	0.429	38.618	0.744
1400	1.164	0.601	-3690.128	-12.944	-3677.184	0.22	0.935	0.429	37.553	0.736
1410	1.172	0.581	-3689.159	-13.379	-3675.781	0.22	0.919	0.427	36.641	0.69
1420	1.18	0.597	-3689.537	-14.186	-3675.351	0.22	0.939	0.43	30.663	0.689
1430	1.187	0.581	-3689.232	-16.147	-3673.085	0.22	0.948	0.428	24.565	0.584
1440	1.195	0.581	-3689.232	-16.147	-3673.085	0.22	0.948	0.428	24.565	0.584
1450	1.203	0.602	-3692.261	-16.81	-3675.451	0.22	0.955	0.424	23.557	0.542
1460	1.211	0.59	-3694.233	-16.888	-3677.345	0.22	0.984	0.43	21.734	0.577
1470	1.219	0.59	-3694.233	-16.888	-3677.345	0.22	0.984	0.43	21.734	0.577
1480	1.226	0.583	-3692.139	-18.117	-3674.022	0.22	0.981	0.428	18.646	0.529
1490	1.234	0.583	-3692.139	-18.117	-3674.022	0.22	0.981	0.428	18.646	0.529
1500	1.241	0.583	-3692.139	-18.117	-3674.022	0.22	0.981	0.428	18.646	0.529
1510	1.249	0.583	-3692.139	-18.117	-3674.022	0.22	0.981	0.428	18.646	0.529
1520	1.256	0.583	-3692.139	-18.117	-3674.022	0.22	0.981	0.428	18.646	0.529
1530	1.264	0.583	-3692.139	-18.117	-3674.022	0.22	0.981	0.428	18.646	0.529
1540	1.271	0.583	-3692.139	-18.117	-3674.022	0.22	0.981	0.428	18.646	0.529
1550	1.279	0.603	-3691.166	-16.616	-3674.549	0.22	0.968	0.428	23.108	0.57
1560	1.287	0.588	-3690.879	-16.447	-3674.432	0.22	0.967	0.429	23.212	0.584
1570	1.294	0.588	-3690.879	-16.447	-3674.432	0.22	0.967	0.429	23.212	0.584
1580	1.302	0.588	-3690.879	-16.447	-3674.432	0.22	0.967	0.429	23.212	0.584
1590	1.31	0.593	-3691.649	-16.133	-3675.515	0.22	0.951	0.424	26.001	0.562
1600	1.318	0.601	-3693.631	-16.882	-3676.749	0.22	0.968	0.423	23.736	0.536
1610	1.327	0.579	-3690.571	-15.645	-3674.926	0.22	0.955	0.426	27.409	0.586
1620	1.335	0.58	-3689.952	-14.68	-3675.272	0.22	0.949	0.427	31.065	0.627
1630	1.343	0.6	-3691.31	-14.442	-3676.868	0.22	0.96	0.426	32.571	0.633
1640	1.351	0.6	-3692.713	-14.771	-3677.942	0.22	0.97	0.43	29.058	0.655
1650	1.358	0.6	-3691.468	-13.741	-3677.728	0.22	0.916	0.425	36.662	0.647
1660	1.366	0.585	-3689.379	-13.782	-3675.598	0.22	0.884	0.428	34.187	0.673
1670	1.374	0.584	-3689.643	-12.882	-3676.761	0.22	0.873	0.429	37.839	0.732
1680	1.382	0.616	-3690.001	-12.774	-3677.228	0.22	0.913	0.429	38.613	0.74
1690	1.39	0.591	-3689.412	-12.513	-3676.899	0.22	0.89	0.429	39.848	0.755
1700	1.397	0.573	-3691.789	-12.545	-3679.244	0.22	0.958	0.427	41.763	0.735
1710	1.405	0.579	-3691.715	-12.218	-3679.497	0.22	0.946	0.429	41.387	0.784
1720	1.412	0.588	-3689.676	-12.546	-3677.13	0.22	0.888	0.428	39.86	0.749
1730	1.42	0.588	-3689.676	-12.546	-3677.13	0.22	0.888	0.428	39.86	0.749
1740	1.429	0.598	-3690.287	-11.937	-3678.351	0.22	0.89	0.428	44.026	0.779
1750	1.437	0.601	-3690.724	-12.639	-3678.086	0.22	0.933	0.426	41.928	0.714
1760	1.445	0.599	-3690.581	-11.703	-3678.878	0.22	0.907	0.428	46.067	0.788
1770	1.453	0.582	-3691.174	-11.636	-3679.538	0.22	0.912	0.429	43.975	0.831
1780	1.461	0.603	-3690.614	-12.034	-3678.58	0.22	0.924	0.428	43.93	0.77
1790	1.469	0.607	-3690.748	-11.759	-3678.988	0.22	0.899	0.428	44.71	0.798
1800	1.477	0.596	-3689.413	-12.596	-3676.816	0.22	0.898	0.429	39.172	0.754
1810	1.485	0.598	-3690.072	-12.284	-3677.788	0.22	0.913	0.429	40.933	0.775
1820	1.492	0.59	-3690.269	-12.057	-3678.212	0.22	0.922	0.428	42.765	0.783
1830	1.499	0.589	-3690.748	-13.149	-3677.599	0.22	0.948	0.426	39.037	0.69
1840	1.507	0.605	-3689.974	-12.466	-3677.508	0.22	0.898	0.428	41.299	0.741
1850	1.514	0.587	-3689.333	-12.811	-3676.522	0.22	0.926	0.428	38.811	0.733
1860	1.522	0.572	-3689.864	-12.922	-3676.942	0.22	0.938	0.428	38.894	0.719
1870	1.529	0.612	-3690.017	-12.856	-3677.161	0.22	0.923	0.428	39.095	0.723
1880	1.537	0.585	-3690.092	-13.511	-3676.581	0.22	0.938	0.427	36.824	0.674
1890	1.544	0.577	-3689.217	-12.961	-3676.257	0.22	0.922	0.428	37.886	0.726
1900	1.551	0.606	-3689.933	-13.792	-3676.141	0.22	0.897	0.427	34.916	0.663
1910	1.558	0.593	-3689.118	-13.139	-3675.978	0.22	0.908	0.43	35.453	0.738
1920	1.565	0.583	-3688.969	-13.287	-3675.682	0.22	0.898	0.428	36.308	0.704
1930	1.572	0.59	-3690.891	-12.469	-3678.422	0.22	0.945	0.428	41.347	0.748
1940	1.58	0.606	-3690.665	-12.144	-3678.521	0.22	0.921	0.429	41.954	0.782
1950	1.588	0.621	-3691.486	-12.131	-3679.354	0.22	0.919	0.429	41.579	0.79
1960	1.596	0.592	-3689.538	-12.525	-3677.013	0.22	0.885	0.428	40.026	0.75
1970	1.603	0.592	-3689.538	-12.525	-3677.013	0.22	0.885	0.428	40.026	0.75
1980	1.61	0.598	-3690.614	-12.357	-3678.257	0.22	0.936	0.428	42.03	0.752
1990	1.617	0.605	-3690.356	-12.033	-3678.323	0.22	0.892	0.428	42.671	0.784
2000	1.625	0.592	-3689.95	-12.253	-3677.697	0.22	0.91	0.429	40.844	0.78
2010	1.632	0.596	-3690.007	-12.46	-3677.547	0.22	0.906	0.427	42.171	0.731
2020	1.639	0.602	-3689.405	-13.599	-3675.806	0.22	0.932	0.429	33.932	0.706
2030	1.647	0.599	-3688.879	-13.267	-3675.612	0.22	0.902	0.429	35.692	0.716
2040	1.654	0.585	-3688.948	-13.903	-3675.045	0.22	0.894	0.428	33.477	0.67
2050	1.663	0.585	-3688.948	-13.903	-3675.045	0.22	0.894	0.428	33.477	0.67
2060	1.672	0.594	-3688.251	-15.118	-3673.133	0.22	0.934	0.43	27.421	0.637
2070	1.679	0.577	-3689.435	-14.059	-3675.376	0.22	0.903	0.427	33.657	0.65
2080	1.688	0.577	-3689.435	-14.059	-3675.376	0.22	0.903	0.427	33.657	0.65
2090	1.695	0.577	-3689.435	-14.059	-3675.376	0.22	0.903	0.427	33.657	0.65
2100	1.702	0.59	-3688.972	-13.518	-3675.454	0.22	0.891	0.43	33.683	0.715
2110	1.71	0.581	-3689.631	-14.043	-3675.588	0.22	0.879	0.428	33.059	0.659
2120	1.718	0.581	-3689.631	-14.043	-3675.588	0.22	0.879	0.428	33.059	0.659
2130	1.726	0.594	-3689.34	-12.993	-3676.347	0.22	0.875	0.429	36.505	0.738
2140	1.734	0.598	-3689.42	-13.101	-3676.319	0.22	0.879	0.428	36.997	0.716
2150	1.741	0.598	-3689.42	-13.101	-3676.319	0.22	0.879	0.428	36.997	0.716
2160	1.749	0.605	-3690.494	-12.325	-3678.169	0.22	0.87	0.429	40.209	0.775
2170	1.759	0.609	-3690.5	-12.575	-3677.925	0.22	0.933	0.428	40.626	0.741
2180	1.767	0.592	-3689.286	-13.103	-3676.183	0.22	0.919	0.427	38.164	0.703
2190	1.776	0.613	-3690.308	-12.668	-3677.64	0.22	0.913	0.427	40.682	0.724
2200	1.785	0.626	-3691.705	-13.07	-3678.635	0.22	0.946	0.427	38.908	0.702
2210	1.794	0.581	-3689.948	-12.814	-3677.134	0.22	0.935	0.429	37.863	0.749
2220	1.803	0.587	-3688.729	-13.717	-3675.012	0.22	0.905	0.428	34.093	0.684
2230	1.811	0.585	-3688.967	-13.951	-3675.017	0.22	0.889	0.428	33.066	0.671
2240	1.819	0.6	-3688.746	-13.531	-3675.215	0.22	0.897	0.429	34.316	0.704
2250	1.827	0.6	-3688.746	-13.531	-3675.215	0.22	0.897	0.429	34.316	0.704
2260	1.835	0.6	-3688.746	-13.531	-3675.215	0.22	0.897	0.429	34.316	0.704
2270	1.843	0.6	-3688.746	-13.531	-3675.215	0.22	0.897	0.429	34.316	0.704
2280	1.851	0.6	-3688.746	-13.531	-3675.215	0.22	0.897	0.429	34.316	0.704
2290	1.858	0.603	-3689.677	-13.109	-3676.569	0.22	0.929	0.428	37.778	0.709
2300	1.866	0.589	-3688.708	-13.31	-3675.398	0.22	0.906	0.43	34.826	0.725
2310	1.874	0.589	-3688.708	-13.31	-3675.398	0.22	0.906	0.43	34.826	0.725
2320	1.882	0.588	-3689.241	-13.442	-3675.799	0.22	0.923	0.428	36.172	0.689
2330	1.89	0.592	-3689.413	-13.415	-3675.997	0.22	0.901	0.427	36.309	0.688
2340	1.898	0.6	-3689.397	-13.138	-3676.259	0.22	0.923	0.428	37.661	0.706
2350	1.905	0.579	-3689.443	-12.759	-3676.684	0.22	0.918	0.428	39.698	0.726
2360	1.913	0.579	-3689.443	-12.759	-3676.684	0.22	0.918	0.428	39.698	0.726
2370	1.921	0.579	-3689.443	-12.759	-3676.684	0.22	0.918	0.428	39.698	0.726
2380	1.929	0.579	-3690.058	-13.442	-3676.615	0.22	0.945	0.427	36.53	0.688
2390	1.936	0.592	-3690.492	-13.416	-3677.076	0.22	0.944	0.426	37.73	0.674
2400	1.944	0.57	-3689.268	-13.179	-3676.089	0.22	0.929	0.428	37.575	0.703
2410	1.952	0.57	-3689.268	-13.179	-3676.089	0.22	0.929	0.428	37.575	0.703
2420	1.96	0.582	-3689.265	-12.871	-3676.394	0.22	0.916	0.428	38.724	0.725
2430	1.967	0.582	-3689.265	-12.871	-3676.394	0.22	0.916	0.428	38.724	0.725
2440	1.975	0.582	-3689.265	-12.871	-3676.394	0.22	0.916	0.428	38.724	0.725
2450	1.983	0.602	-3690.366	-12.859	-3677.508	0.22	0.896	0.427	40.183	0.704
2460	1.991	0.596	-3689.868	-12.416	-3677.452	0.22	0.903	0.429	39.55	0.775
2470	1.999	0.592	-3689.588	-12.461	-3677.128	0.22	0.917	0.428	40.509	0.756
2480	2.008	0.592	-3689.588	-12.461	-3677.128	0.22	0.917	0.428	40.509	0.756
2490	2.017	0.582	-3690.24	-12.429	-3677.811	0.22	0.926	0.429	39.606	0.776
2500	2.026	0.605	-3689.224	-13.424	-3675.799	0.22	0.921	0.428	35.805	0.697
2510	2.034	0.576	-3691.459	-12.907	-3678.552	0.22	0.954	0.429	37.829	0.741
2520	2.042	0.595	-3690.483	-12.617	-3677.866	0.22	0.939	0.428	39.9	0.747
2530	2.049	0.6	-3691.63	-11.887	-3679.743	0.22	0.898	0.43	41.419	0.828
2540	2.057	0.617	-3693.03	-12.35	-3680.68	0.22	0.956	0.427	42.953	0.746
2550	2.065	0.628	-3691.031	-12.769	-3678.262	0.22	0.929	0.428	39.706	0.727
2560	2.073	0.607	-3690.587	-12.914	-3677.673	0.22	0.92	0.426	40.351	0.697
2570	2.081	0.603	-3689.547	-13.076	-3676.471	0.22	0.919	0.429	36.229	0.736
2580	2.089	0.601	-3690.181	-13.403	-3676.778	0.22	0.945	0.428	36.486	0.694
2590	2.097	0.591	-3688.749	-13.469	-3675.279	0.22	0.921	0.428	35.266	0.699
2600	2.105	0.589	-3690.437	-13.842	-3676.595	0.22	0.951	0.426	35.316	0.659
2610	2.113	0.589	-3690.437	-13.842	-3676.595	0.22	0.951	0.426	35.316	0.659
2620	2.12	0.593	-3688.929	-13.21	-3675.719	0.22	0.911	0.429	35.461	0.729
2630	2.128	0.597	-3688.959	-13.479	-3675.48	0.22	0.914	0.43	33.871	0.72
2640	2.136	0.6	-3689.292	-13.945	-3675.348	0.22	0.937	0.429	32.393	0.689
2650	2.144	0.6	-3689.292	-13.945	-3675.348	0.22	0.937	0.429	32.393	0.689
2660	2.152	0.6	-3689.292	-13.945	-3675.348	0.22	0.937	0.429	32.393	0.689
2670	2.16	0.608	-3689.031	-13.518	-3675.513	0.22	0.911	0.429	34.419	0.705
2680	2.167	0.595	-3689.102	-13.336	-3675.766	0.22	0.914	0.43	34.444	0.729
2690	2.175	0.604	-3689.709	-12.676	-3677.033	0.22	0.916	0.429	39.139	0.746
2700	2.182	0.59	-3690.664	-13.23	-3677.434	0.22	0.924	0.426	39.006	0.676
2710	2.19	0.605	-3690.356	-13.753	-3676.604	0.22	0.899	0.426	35.533	0.659
2720	2.197	0.605	-3689.675	-13.605	-3676.07	0.22	0.919	0.427	35.915	0.673
2730	2.205	0.632	-3691.623	-13.462	-3678.161	0.22	0.931	0.426	37.385	0.672
2740	2.212	0.592	-3689.037	-13.097	-3675.94	0.22	0.919	0.429	36.58	0.727
2750	2.219	0.602	-3689.121	-13.329	-3675.793	0.22	0.906	0.43	34.509	0.728
2760	2.226	0.602	-3689.121	-13.329	-3675.793	0.22	0.906	0.43	34.509	0.728
2770	2.233	0.605	-3689.164	-14.484	-3674.68	0.22	0.934	0.428	31.118	0.645
2780	2.241	0.605	-3689.164	-14.484	-3674.68	0.22	0.934	0.428	31.118	0.645
2790	2.248	0.603	-3689.036	-15.116	-3673.92	0.22	0.943	0.429	27.743	0.633
2800	2.256	0.603	-3689.036	-15.116	-3673.92	0.22	0.943	0.429	27.743	0.633
2810	2.263	0.593	-3689.046	-14.66	-3674.386	0.22	0.915	0.427	30.486	0.633
2820	2.27	0.592	-3689.528	-14.073	-3675.454	0.22	0.884	0.428	32.81	0.66
2830	2.278	0.592	-3689.528	-14.073	-3675.454	0.22	0.884	0.428	32.81	0.66
2840	2.285	0.602	-3688.617	-14.305	-3674.312	0.22	0.927	0.429	31.005	0.666
2850	2.292	0.58	-3690.885	-13.952	-3676.933	0.22	0.944	0.425	35.486	0.643
2860	2.3	0.584	-3689.336	-13.704	-3675.632	0.22	0.934	0.428	34.962	0.677
2870	2.307	0.576	-3689.123	-13.884	-3675.24	0.22	0.919	0.427	34.425	0.661
2880	2.314	0.576	-3689.123	-13.884	-3675.24	0.22	0.919	0.427	34.425	0.661
2890	2.321	0.576	-3689.123	-13.884	-3675.24	0.22	0.919	0.427	34.425	0.661
2900	2.328	0.586	-3688.713	-13.965	-3674.748	0.22	0.925	0.429	32.745	0.678
2910	2.335	0.597	-3689.578	-14.074	-3675.504	0.22	0.896	0.427	33.154	0.656
2920	2.343	0.597	-3689.578	-14.074	-3675.504	0.22	0.896	0.427	33.154	0.656
2930	2.35	0.597	-3689.578	-14.074	-3675.504	0.22	0.896	0.427	33.154	0.656
2940	2.357	0.582	-3689.632	-14.346	-3675.286	0.22	0.903	0.427	32.408	0.637
2950	2.364	0.582	-3688.748	-14.517	-3674.231	0.22	0.902	0.428	30.834	0.642
2960	2.371	0.582	-3688.748	-14.517	-3674.231	0.22	0.902	0.428	30.834	0.642
2970	2.378	0.582	-3688.748	-14.517	-3674.231	0.22	0.902	0.428	30.834	0.642
2980	2.386	0.582	-3688.748	-14.517	-3674.231	0.22	0.902	0.428	30.834	0.642
2990	2.393	0.582	-3688.748	-14.517	-3674.231	0.22	0.902	0.428	30.834	0.642
3000	2.4	0.582	-3688.748	-14.517	-3674.231	0.22	0.902	0.428	30.834	0.642
3010	2.408	0.582	-3688.748	-14.517	-3674.231	0.22	0.902	0.428	30.834	0.642
3020	2.415	0.582	-3688.748	-14.517	-3674.231	0.22	0.902	0.428	30.834	0.642
3030	2.423	0.601	-3689.755	-15.247	-3674.508	0.22	0.946	0.427	28.475	0.608
3040	2.43	0.59	-3689.182	-14.464	-3674.718	0.22	0.926	0.427	31.523	0.64
3050	2.437	0.583	-3688.799	-13.987	-3674.812	0.22	0.938	0.429	32.355	0.684
3060	2.444	0.597	-3690.161	-11.969	-3678.192	0.22	0.905	0.428	44.048	0.775
3070	2.452	0.596	-3690.377	-12.056	-3678.321	0.22	0.911	0.429	41.94	0.794
3080	2.459	0.621	-3690.253	-12.715	-3677.538	0.22	0.911	0.428	39.047	0.741
3090	2.466	0.603	-3690.422	-12.303	-3678.119	0.22	0.912	0.429	40.176	0.784
3100	2.474	0.591	-3690.376	-12.214	-3678.162	0.22	0.929	0.428	41.905	0.773
3110	2.481	0.577	-3689.626	-12.762	-3676.865	0.22	0.934	0.429	38.835	0.741
3120	2.489	0.599	-3689.572	-12.636	-3676.937	0.22	0.903	0.428	40.263	0.733
3130	2.497	0.624	-3692.154	-12.359	-3679.796	0.22	0.944	0.427	42.443	0.748
3140	2.504	0.602	-3690.232	-12.143	-3678.089	0.22	0.905	0.429	41.669	0.784
3150	2.511	0.602	-3690.232	-12.143	-3678.089	0.22	0.905	0.429	41.669	0.784
3160	2.519	0.589	-3691.741	-11.962	-3679.778	0.22	0.945	0.428	43.943	0.786
3170	2.526	0.593	-3689.634	-12.87	-3676.764	0.22	0.932	0.428	38.938	0.724
3180	2.533	0.602	-3690.103	-12.48	-3677.623	0.22	0.909	0.429	39.117	0.773
3190	2.54	0.587	-3689.762	-12.702	-3677.06	0.22	0.928	0.429	38.581	0.752
3200	2.547	0.609	-3689.534	-12.985	-3676.549	0.22	0.903	0.429	36.758	0.738
3210	2.554	0.599	-3689.59	-12.677	-3676.912	0.22	0.895	0.429	38.036	0.76
3220	2.561	0.608	-3690.263	-12.357	-3677.906	0.22	0.886	0.429	39.984	0.775
3230	2.568	0.598	-3689.846	-12.334	-3677.513	0.22	0.907	0.428	42.2	0.748
3240	2.576	0.587	-3689.084	-13.272	-3675.813	0.22	0.914	0.428	36.651	0.703
3250	2.583	0.597	-3689.039	-13.193	-3675.845	0.22	0.911	0.429	35.559	0.73
3260	2.59	0.595	-3690.199	-13.258	-3676.941	0.22	0.939	0.43	35.344	0.729
3270	2.597	0.599	-3689.975	-14.823	-3675.152	0.22	0.937	0.426	30.698	0.616
3280	2.604	0.589	-3689.418	-14.436	-3674.982	0.22	0.898	0.427	31.582	0.639
3290	2.611	0.589	-3689.418	-14.436	-3674.982	0.22	0.898	0.427	31.582	0.639
3300	2.618	0.592	-3688.891	-14.375	-3674.516	0.22	0.912	0.428	31.53	0.648
3310	2.625	0.59	-3688.533	-13.957	-3674.576	0.22	0.913	0.429	32.462	0.682
3320	2.633	0.587	-3688.585	-14.967	-3673.618	0.22	0.933	0.429	28.595	0.633
3330	2.64	0.587	-3688.585	-14.967	-3673.618	0.22	0.933	0.429	28.595	0.633
3340	2.647	0.592	-3688.269	-14.759	-3673.51	0.22	0.929	0.429	29.165	0.646
3350	2.654	0.598	-3688.768	-15.364	-3673.405	0.22	0.939	0.428	27.265	0.614
3360	2.662	0.598	-3688.768	-15.364	-3673.405	0.22	0.939	0.428	27.265	0.614
3370	2.669	0.598	-3688.768	-15.364	-3673.405	0.22	0.939	0.428	27.265	0.614
3380	2.676	0.598	-3688.768	-15.364	-3673.405	0.22	0.939	0.428	27.265	0.614
3390	2.683	0.598	-3688.768	-15.364	-3673.405	0.22	0.939	0.428	27.265	0.614
3400	2.691	0.584	-3688.582	-15.511	-3673.071	0.22	0.923	0.428	26.763	0.605
3410	2.698	0.584	-3688.582	-15.511	-3673.071	0.22	0.923	0.428	26.763	0.605
3420	2.705	0.584	-3688.582	-15.511	-3673.071	0.22	0.923	0.428	26.763	0.605
3430	2.712	0.584	-3688.582	-15.511	-3673.071	0.22	0.923	0.428	26.763	0.605
3440	2.719	0.584	-3688.582	-15.511	-3673.071	0.22	0.923	0.428	26.763	0.605
3450	2.727	0.584	-3688.582	-15.511	-3673.071	0.22	0.923	0.428	26.763	0.605
3460	2.734	0.584	-3688.582	-15.511	-3673.071	0.22	0.923	0.428	26.763	0.605
3470	2.741	0.591	-3689.518	-15.221	-3674.297	0.22	0.914	0.427	28.477	0.606
3480	2.748	0.58	-3688.599	-14.919	-3673.68	0.22	0.931	0.428	29.092	0.629
3490	2.755	0.58	-3688.599	-14.919	-3673.68	0.22	0.931	0.428	29.092	0.629
3500	2.762	0.583	-3689.487	-15.167	-3674.319	0.22	0.933	0.426	28.906	0.607
3510	2.769	0.58	-3688.524	-14.532	-3673.992	0.22	0.931	0.429	30.309	0.652
3520	2.777	0.58	-3688.524	-14.532	-3673.992	0.22	0.931	0.429	30.309	0.652
3530	2.784	0.58	-3688.524	-14.532	-3673.992	0.22	0.931	0.429	30.309	0.652
3540	2.791	0.58	-3688.524	-14.532	-3673.992	0.22	0.931	0.429	30.309	0.652
3550	2.798	0.589	-3688.187	-14.41	-3673.777	0.22	0.926	0.429	30.464	0.663
3560	2.806	0.589	-3688.187	-14.41	-3673.777	0.22	0.926	0.429	30.464	0.663
3570	2.813	0.579	-3690.427	-14.116	-3676.311	0.22	0.956	0.428	32.856	0.664
3580	2.82	0.579	-3690.427	-14.116	-3676.311	0.22	0.956	0.428	32.856	0.664
3590	2.828	0.591	-3689.966	-13.56	-3676.406	0.22	0.884	0.427	35.724	0.677
3600	2.835	0.631	-3691.856	-13.634	-3678.222	0.22	0.951	0.427	35.637	0.679
3610	2.842	0.582	-3691.675	-12.518	-3679.157	0.22	0.952	0.429	40.279	0.758
3620	2.849	0.589	-3689.075	-12.869	-3676.206	0.22	0.906	0.428	38.828	0.722
3630	2.856	0.597	-3690.058	-13.107	-3676.951	0.22	0.935	0.427	38.783	0.696
3640	2.863	0.594	-3688.467	-13.66	-3674.807	0.22	0.912	0.429	33.934	0.695
3650	2.87	0.601	-3688.932	-14.042	-3674.889	0.22	0.929	0.43	31.622	0.688
3660	2.877	0.589	-3688.901	-14.33	-3674.572	0.22	0.925	0.428	31.814	0.65
3670	2.884	0.576	-3689.181	-14.621	-3674.56	0.22	0.934	0.427	31.07	0.631
3680	2.891	0.591	-3689.297	-14.001	-3675.296	0.22	0.886	0.428	32.987	0.666
3690	2.898	0.591	-3689.297	-14.001	-3675.296	0.22	0.886	0.428	32.987	0.666
3700	2.906	0.587	-3688.688	-13.764	-3674.925	0.22	0.889	0.429	33.206	0.691
3710	2.913	0.614	-3689.342	-14.303	-3675.039	0.22	0.928	0.428	31.81	0.654
3720	2.92	0.583	-3689.733	-14.679	-3675.054	0.22	0.885	0.427	30.45	0.629
3730	2.927	0.583	-3689.733	-14.679	-3675.054	0.22	0.885	0.427	30.45	0.629
3740	2.934	0.592	-3688.621	-14.079	-3674.542	0.22	0.899	0.429	32.013	0.673
3750	2.941	0.592	-3688.621	-14.079	-3674.542	0.22	0.899	0.429	32.013	0.673
3760	2.948	0.579	-3688.869	-14.137	-3674.732	0.22	0.904	0.428	32.683	0.656
3770	2.956	0.587	-3688.979	-14.408	-3674.571	0.22	0.943	0.428	31.12	0.655
3780	2.963	0.6	-3688.704	-13.794	-3674.91	0.22	0.912	0.428	33.796	0.681
3790	2.971	0.587	-3688.803	-13.64	-3675.162	0.22	0.89	0.429	33.987	0.694
3800	2.978	0.587	-3688.803	-13.64	-3675.162	0.22	0.89	0.429	33.987	0.694
3810	2.986	0.58	-3688.559	-14.014	-3674.545	0.22	0.905	0.428	32.819	0.669
3820	2.993	0.58	-3688.559	-14.014	-3674.545	0.22	0.905	0.428	32.819	0.669
3830	3.001	0.581	-3689.916	-13.894	-3676.022	0.22	0.938	0.426	34.949	0.655
3840	3.008	0.588	-3688.827	-13.741	-3675.086	0.22	0.926	0.43	32.742	0.706
3850	3.015	0.594	-3688.643	-13.36	-3675.284	0.22	0.903	0.429	35.231	0.712
3860	3.023	0.596	-3689.323	-13.514	-3675.809	0.22	0.916	0.43	33.161	0.728
3870	3.03	0.584	-3689.232	-12.55	-3676.682	0.22	0.912	0.428	40.544	0.742
3880	3.037	0.601	-3689.086	-13.116	-3675.97	0.22	0.897	0.429	36.77	0.719
3890	3.045	0.597	-3688.775	-13.492	-3675.283	0.22	0.916	0.429	34.415	0.709
3900	3.052	0.597	-3688.775	-13.492	-3675.283	0.22	0.916	0.429	34.415	0.709
3910	3.059	0.589	-3689.395	-13.411	-3675.984	0.22	0.88	0.428	35.549	0.698
3920	3.066	0.589	-3689.395	-13.411	-3675.984	0.22	0.88	0.428	35.549	0.698
3930	3.073	0.589	-3689.736	-13.833	-3675.902	0.22	0.921	0.427	35.04	0.659
3940	3.08	0.589	-3688.575	-13.388	-3675.187	0.22	0.91	0.429	35.548	0.704
3950	3.087	0.576	-3692.201	-12.902	-3679.299	0.22	0.964	0.427	39.927	0.714
3960	3.095	0.595	-3690.447	-12.053	-3678.394	0.22	0.899	0.429	41.375	0.802
3970	3.102	0.592	-3690.058	-12.198	-3677.859	0.22	0.913	0.429	41.287	0.782
3980	3.109	0.625	-3691.094	-12.841	-3678.253	0.22	0.936	0.428	39.401	0.723
3990	3.117	0.597	-3692.44	-12.896	-3679.544	0.22	0.961	0.426	40.806	0.702
