iter	hours	log_posterior	log_prior	loglik	missing	mixture	scale	shape
0	0.001	-1902.348	-7.922	-1894.426	0.22	0.981	71.054	2.006
10	0.007	-1846.816	-8.025	-1838.791	0.22	0.864	66.155	2.053
20	0.015	-1832.948	-8.256	-1824.691	0.22	0.83	62.959	2.146
30	0.022	-1825.075	-8.046	-1817.028	0.22	0.763	64.402	1.989
40	0.029	-1819.352	-7.975	-1811.376	0.22	0.811	65.139	1.77
50	0.036	-1820.615	-7.807	-1812.808	0.22	0.822	68.299	1.835
60	0.043	-1809.643	-7.441	-1802.203	0.22	0.75	75.355	1.712
70	0.05	-1807.564	-7.404	-1800.16	0.22	0.782	76.462	1.696
80	0.057	-1799.016	-7.505	-1791.511	0.22	0.818	74.543	1.7
90	0.064	-1796.274	-7.9	-1788.374	0.22	0.778	68.064	1.547
100	0.071	-1790.153	-7.981	-1782.173	0.22	0.841	69.535	1.422
110	0.078	-1774.793	-8.013	-1766.779	0.22	0.893	73.55	1.299
120	0.085	-1768.805	-8.404	-1760.401	0.22	0.943	71.507	1.194
130	0.092	-1768.366	-8.724	-1759.641	0.22	0.927	67.951	1.135
140	0.1	-1749.343	-8.447	-1740.896	0.22	0.878	84.67	0.983
150	0.108	-1747.652	-8.672	-1738.98	0.22	0.93	83.556	0.953
160	0.116	-1746.937	-8.755	-1738.182	0.22	0.919	81.708	0.948
170	0.122	-1748.009	-8.959	-1739.051	0.22	0.945	81.411	0.915
180	0.131	-1750.111	-9.642	-1740.47	0.22	0.93	76.725	0.821
190	0.139	-1748.629	-9.782	-1738.847	0.22	0.898	72.8	0.823
200	0.147	-1749.571	-9.951	-1739.619	0.22	0.869	69.981	0.815
210	0.155	-1745.286	-9.944	-1735.342	0.22	0.961	69.261	0.841
220	0.162	-1744.099	-9.824	-1734.275	0.22	0.909	69.196	0.849
230	0.171	-1743.929	-9.665	-1734.263	0.22	0.933	70.996	0.866
240	0.179	-1744.08	-9.803	-1734.277	0.22	0.919	69.802	0.849
250	0.188	-1745.105	-9.43	-1735.675	0.22	0.903	73.19	0.884
260	0.196	-1744.595	-9.62	-1734.975	0.22	0.9	70.957	0.868
270	0.205	-1744.664	-10.307	-1734.358	0.22	0.939	66.477	0.798
280	0.213	-1743.994	-10.339	-1733.654	0.22	0.95	65.531	0.804
290	0.222	-1743.7	-10.319	-1733.381	0.22	0.957	65.061	0.815
300	0.23	-1745.292	-9.918	-1735.374	0.22	0.921	69.932	0.828
310	0.239	-1744.513	-9.878	-1734.635	0.22	0.932	69.869	0.838
320	0.247	-1745.132	-9.611	-1735.521	0.22	0.909	72.018	0.861
330	0.256	-1743.402	-9.957	-1733.445	0.22	0.919	67.865	0.84
340	0.264	-1743.402	-9.957	-1733.445	0.22	0.919	67.865	0.84
350	0.273	-1744.339	-9.644	-1734.695	0.22	0.913	71.144	0.864
360	0.281	-1744.339	-9.644	-1734.695	0.22	0.913	71.144	0.864
370	0.289	-1743.467	-9.909	-1733.558	0.22	0.929	68.551	0.844
380	0.298	-1743.736	-10.251	-1733.484	0.22	0.932	66.02	0.81
390	0.306	-1743.736	-10.251	-1733.484	0.22	0.932	66.02	0.81
400	0.315	-1742.979	-10.402	-1732.577	0.22	0.918	63.856	0.802
410	0.323	-1742.806	-11.756	-1731.05	0.22	0.911	52.888	0.71
420	0.331	-1742.806	-11.756	-1731.05	0.22	0.911	52.888	0.71
430	0.338	-1740.798	-11.463	-1729.335	0.22	0.953	54.597	0.741
440	0.346	-1740.798	-11.463	-1729.335	0.22	0.953	54.597	0.741
450	0.353	-1740.798	-11.463	-1729.335	0.22	0.953	54.597	0.741
460	0.36	-1740.798	-11.463	-1729.335	0.22	0.953	54.597	0.741
470	0.368	-1742.424	-11.673	-1730.75	0.22	0.941	54.106	0.714
480	0.375	-1741.633	-11.726	-1729.906	0.22	0.945	53.257	0.716
490	0.383	-1741.661	-12.117	-1729.544	0.22	0.971	49.941	0.707
500	0.39	-1741.661	-12.117	-1729.544	0.22	0.971	49.941	0.707
510	0.398	-1741.569	-11.969	-1729.599	0.22	0.926	51.178	0.702
520	0.405	-1741.569	-11.969	-1729.599	0.22	0.926	51.178	0.702
530	0.413	-1742.089	-11.711	-1730.379	0.22	0.945	53.654	0.714
540	0.42	-1744.668	-11.64	-1733.027	0.22	0.947	55.701	0.705
550	0.427	-1742.831	-11.985	-1730.845	0.22	0.942	52.057	0.694
560	0.435	-1743.628	-12.275	-1731.352	0.22	0.97	50.341	0.682
570	0.443	-1743.352	-12.252	-1731.1	0.22	0.93	50.139	0.677
580	0.45	-1743.077	-11.608	-1731.469	0.22	0.96	54.877	0.72
590	0.458	-1744.441	-12.112	-1732.329	0.22	0.977	51.486	0.694
600	0.465	-1741.238	-11.862	-1729.376	0.22	0.96	51.897	0.716
610	0.473	-1741.238	-11.862	-1729.376	0.22	0.96	51.897	0.716
620	0.48	-1741.238	-11.862	-1729.376	0.22	0.96	51.897	0.716
630	0.488	-1743.025	-11.642	-1731.383	0.22	0.953	54.742	0.715
640	0.495	-1740.802	-11.293	-1729.509	0.22	0.946	55.908	0.75
650	0.502	-1740.57	-11.653	-1728.917	0.22	0.955	53.055	0.731
660	0.51	-1740.57	-11.653	-1728.917	0.22	0.955	53.055	0.731
670	0.518	-1742.125	-11.916	-1730.21	0.22	0.946	52.201	0.702
680	0.526	-1740.209	-11.715	-1728.494	0.22	0.937	52.467	0.724
690	0.534	-1740.209	-11.715	-1728.494	0.22	0.937	52.467	0.724
700	0.543	-1740.209	-11.715	-1728.494	0.22	0.937	52.467	0.724
710	0.551	-1740.209	-11.715	-1728.494	0.22	0.937	52.467	0.724
720	0.56	-1740.209	-11.715	-1728.494	0.22	0.937	52.467	0.724
730	0.568	-1740.209	-11.715	-1728.494	0.22	0.937	52.467	0.724
740	0.577	-1740.209	-11.715	-1728.494	0.22	0.937	52.467	0.724
750	0.586	-1740.209	-11.715	-1728.494	0.22	0.937	52.467	0.724
760	0.595	-1740.209	-11.715	-1728.494	0.22	0.937	52.467	0.724
770	0.604	-1742.081	-12.037	-1730.043	0.22	0.976	50.271	0.716
780	0.612	-1739.93	-12.082	-1727.848	0.22	0.952	49.797	0.706
790	0.62	-1739.93	-12.082	-1727.848	0.22	0.952	49.797	0.706
800	0.628	-1739.93	-12.082	-1727.848	0.22	0.952	49.797	0.706
810	0.636	-1739.93	-12.082	-1727.848	0.22	0.952	49.797	0.706
820	0.645	-1740.264	-12.634	-1727.63	0.22	0.942	46.35	0.672
830	0.653	-1739.689	-12.622	-1727.067	0.22	0.955	46.129	0.678
840	0.661	-1739.689	-12.622	-1727.067	0.22	0.955	46.129	0.678
850	0.67	-1739.689	-12.622	-1727.067	0.22	0.955	46.129	0.678
860	0.678	-1739.689	-12.622	-1727.067	0.22	0.955	46.129	0.678
870	0.686	-1742.453	-12.856	-1729.597	0.22	0.968	45.901	0.657
880	0.694	-1742.453	-12.856	-1729.597	0.22	0.968	45.901	0.657
890	0.703	-1740.824	-12.725	-1728.099	0.22	0.973	45.521	0.678
900	0.712	-1743.258	-12.894	-1730.364	0.22	0.983	44.964	0.67
910	0.721	-1742.659	-11.908	-1730.752	0.22	0.939	52.477	0.699
920	0.729	-1742.166	-11.841	-1730.325	0.22	0.935	52.605	0.706
930	0.738	-1740.126	-11.797	-1728.33	0.22	0.949	51.865	0.722
940	0.746	-1740.126	-11.797	-1728.33	0.22	0.949	51.865	0.722
950	0.755	-1740.126	-11.797	-1728.33	0.22	0.949	51.865	0.722
960	0.764	-1740.126	-11.797	-1728.33	0.22	0.949	51.865	0.722
970	0.773	-1740.126	-11.797	-1728.33	0.22	0.949	51.865	0.722
980	0.782	-1740.126	-11.797	-1728.33	0.22	0.949	51.865	0.722
990	0.791	-1740.126	-11.797	-1728.33	0.22	0.949	51.865	0.722
1000	0.799	-1740.126	-11.797	-1728.33	0.22	0.949	51.865	0.722
1010	0.807	-1740.126	-11.797	-1728.33	0.22	0.949	51.865	0.722
1020	0.815	-1740.358	-11.671	-1728.688	0.22	0.938	52.901	0.726
1030	0.823	-1740.358	-11.671	-1728.688	0.22	0.938	52.901	0.726
1040	0.832	-1740.358	-11.671	-1728.688	0.22	0.938	52.901	0.726
1050	0.84	-1742.747	-12.463	-1730.284	0.22	0.963	48.748	0.673
1060	0.849	-1741.428	-12.652	-1728.777	0.22	0.955	46.883	0.667
1070	0.858	-1741.428	-12.652	-1728.777	0.22	0.955	46.883	0.667
1080	0.866	-1739.851	-12.195	-1727.656	0.22	0.941	49.021	0.698
1090	0.875	-1739.851	-12.195	-1727.656	0.22	0.941	49.021	0.698
1100	0.884	-1740.714	-11.925	-1728.79	0.22	0.953	51.359	0.711
1110	0.893	-1740.986	-12.095	-1728.89	0.22	0.968	49.851	0.709
1120	0.901	-1740.986	-12.095	-1728.89	0.22	0.968	49.851	0.709
1130	0.909	-1740.986	-12.095	-1728.89	0.22	0.968	49.851	0.709
1140	0.918	-1740.764	-12.174	-1728.59	0.22	0.962	49.492	0.701
1150	0.927	-1741.57	-11.982	-1729.589	0.22	0.971	50.789	0.715
1160	0.935	-1744.024	-12.215	-1731.809	0.22	0.924	50.548	0.677
1170	0.944	-1740.48	-12.337	-1728.143	0.22	0.949	48.451	0.687
1180	0.952	-1740.48	-12.337	-1728.143	0.22	0.949	48.451	0.687
1190	0.96	-1740.32	-12.076	-1728.243	0.22	0.934	49.973	0.701
1200	0.969	-1740.32	-12.076	-1728.243	0.22	0.934	49.973	0.701
1210	0.978	-1740.32	-12.076	-1728.243	0.22	0.934	49.973	0.701
1220	0.986	-1740.32	-12.076	-1728.243	0.22	0.934	49.973	0.701
1230	0.995	-1740.32	-12.076	-1728.243	0.22	0.934	49.973	0.701
1240	1.004	-1740.32	-12.076	-1728.243	0.22	0.934	49.973	0.701
1250	1.013	-1740.32	-12.076	-1728.243	0.22	0.934	49.973	0.701
1260	1.022	-1740.32	-12.076	-1728.243	0.22	0.934	49.973	0.701
1270	1.03	-1740.775	-11.845	-1728.929	0.22	0.965	51.51	0.724
1280	1.04	-1740.775	-11.845	-1728.929	0.22	0.965	51.51	0.724
1290	1.048	-1740.775	-11.845	-1728.929	0.22	0.965	51.51	0.724
1300	1.057	-1741.364	-11.992	-1729.373	0.22	0.951	51.321	0.702
1310	1.066	-1741.063	-11.753	-1729.31	0.22	0.963	52.437	0.726
1320	1.075	-1741.063	-11.753	-1729.31	0.22	0.963	52.437	0.726
1330	1.084	-1741.063	-11.753	-1729.31	0.22	0.963	52.437	0.726
1340	1.093	-1741.063	-11.753	-1729.31	0.22	0.963	52.437	0.726
1350	1.101	-1740.312	-11.919	-1728.393	0.22	0.956	51.073	0.715
1360	1.111	-1741.635	-11.814	-1729.821	0.22	0.964	52.418	0.718
1370	1.12	-1741.635	-11.814	-1729.821	0.22	0.964	52.418	0.718
1380	1.128	-1741.666	-12.149	-1729.516	0.22	0.963	50.239	0.696
1390	1.137	-1740.192	-12.199	-1727.993	0.22	0.955	49.144	0.699
1400	1.147	-1740.192	-12.199	-1727.993	0.22	0.955	49.144	0.699
1410	1.155	-1740.192	-12.199	-1727.993	0.22	0.955	49.144	0.699
1420	1.164	-1740.421	-12.104	-1728.317	0.22	0.961	49.769	0.706
1430	1.173	-1740.421	-12.104	-1728.317	0.22	0.961	49.769	0.706
1440	1.182	-1741.553	-12.179	-1729.375	0.22	0.97	49.639	0.701
1450	1.19	-1741.553	-12.179	-1729.375	0.22	0.97	49.639	0.701
1460	1.199	-1740.793	-11.907	-1728.885	0.22	0.952	51.537	0.711
1470	1.208	-1740.793	-11.907	-1728.885	0.22	0.952	51.537	0.711
1480	1.217	-1740.793	-11.907	-1728.885	0.22	0.952	51.537	0.711
1490	1.226	-1740.793	-11.907	-1728.885	0.22	0.952	51.537	0.711
1500	1.235	-1740.793	-11.907	-1728.885	0.22	0.952	51.537	0.711
1510	1.243	-1741.17	-11.796	-1729.374	0.22	0.946	52.565	0.714
1520	1.251	-1740.656	-11.507	-1729.149	0.22	0.953	54.178	0.739
1530	1.26	-1740.656	-11.507	-1729.149	0.22	0.953	54.178	0.739
1540	1.269	-1741.23	-11.129	-1730.101	0.22	0.929	57.184	0.757
1550	1.277	-1741.23	-11.129	-1730.101	0.22	0.929	57.184	0.757
1560	1.286	-1741.23	-11.129	-1730.101	0.22	0.929	57.184	0.757
1570	1.296	-1742.759	-10.873	-1731.885	0.22	0.932	60.289	0.766
1580	1.305	-1741.582	-11.188	-1730.394	0.22	0.96	56.759	0.761
1590	1.314	-1743.362	-11.414	-1731.949	0.22	0.923	56.23	0.726
1600	1.323	-1742.2	-11.315	-1730.885	0.22	0.951	56.6	0.741
1610	1.332	-1742.228	-11.487	-1730.74	0.22	0.96	55.304	0.732
1620	1.34	-1744.768	-11.681	-1733.087	0.22	0.968	55.201	0.711
1630	1.348	-1743.222	-11.523	-1731.699	0.22	0.971	55.084	0.734
1640	1.355	-1743.222	-11.523	-1731.699	0.22	0.971	55.084	0.734
1650	1.364	-1742.042	-11.494	-1730.548	0.22	0.965	54.832	0.738
1660	1.372	-1741.925	-11.734	-1730.191	0.22	0.943	53.374	0.714
1670	1.381	-1740.445	-11.58	-1728.865	0.22	0.948	53.608	0.733
1680	1.39	-1740.445	-11.58	-1728.865	0.22	0.948	53.608	0.733
1690	1.398	-1740.997	-11.296	-1729.701	0.22	0.958	55.701	0.755
1700	1.407	-1740.997	-11.296	-1729.701	0.22	0.958	55.701	0.755
1710	1.415	-1740.997	-11.296	-1729.701	0.22	0.958	55.701	0.755
1720	1.424	-1740.997	-11.296	-1729.701	0.22	0.958	55.701	0.755
1730	1.433	-1741.45	-10.991	-1730.459	0.22	0.933	58.453	0.766
1740	1.441	-1741.417	-11.094	-1730.323	0.22	0.946	57.703	0.761
1750	1.449	-1741.417	-11.094	-1730.323	0.22	0.946	57.703	0.761
1760	1.456	-1741.417	-11.094	-1730.323	0.22	0.946	57.703	0.761
1770	1.464	-1741.417	-11.094	-1730.323	0.22	0.946	57.703	0.761
1780	1.471	-1741.436	-11.164	-1730.272	0.22	0.949	57.166	0.757
1790	1.479	-1744.351	-11.441	-1732.909	0.22	0.948	57.067	0.719
1800	1.488	-1740.853	-11.786	-1729.067	0.22	0.932	52.154	0.717
1810	1.496	-1741.617	-11.867	-1729.75	0.22	0.938	52.17	0.707
1820	1.504	-1741.658	-12.06	-1729.598	0.22	0.951	51.007	0.697
1830	1.512	-1741.592	-11.936	-1729.656	0.22	0.925	51.379	0.704
1840	1.521	-1741.98	-12.366	-1729.614	0.22	0.929	48.662	0.678
1850	1.529	-1741.98	-12.366	-1729.614	0.22	0.929	48.662	0.678
1860	1.537	-1741.95	-12.162	-1729.788	0.22	0.938	50.235	0.689
1870	1.545	-1742.191	-12.191	-1730.001	0.22	0.95	50.385	0.686
1880	1.553	-1742.191	-12.191	-1730.001	0.22	0.95	50.385	0.686
1890	1.561	-1741.249	-12.033	-1729.216	0.22	0.97	50.272	0.714
1900	1.57	-1741.249	-12.033	-1729.216	0.22	0.97	50.272	0.714
1910	1.578	-1742.661	-12.036	-1730.626	0.22	0.972	51.196	0.705
1920	1.587	-1742.661	-12.036	-1730.626	0.22	0.972	51.196	0.705
1930	1.594	-1744.075	-11.748	-1732.327	0.22	0.97	54.299	0.711
1940	1.603	-1742.779	-11.71	-1731.068	0.22	0.932	53.86	0.71
1950	1.611	-1742.023	-11.659	-1730.364	0.22	0.958	53.97	0.722
1960	1.619	-1742.023	-11.659	-1730.364	0.22	0.958	53.97	0.722
1970	1.627	-1741.094	-12.23	-1728.864	0.22	0.967	49.149	0.699
1980	1.635	-1741.094	-12.23	-1728.864	0.22	0.967	49.149	0.699
1990	1.643	-1742.476	-11.783	-1730.694	0.22	0.953	53.377	0.71
2000	1.651	-1741.953	-11.901	-1730.052	0.22	0.968	51.767	0.715
2010	1.66	-1741.953	-11.901	-1730.052	0.22	0.968	51.767	0.715
2020	1.668	-1743.149	-11.612	-1731.537	0.22	0.949	55.053	0.715
2030	1.675	-1740.419	-11.52	-1728.899	0.22	0.948	54.009	0.737
2040	1.683	-1740.749	-11.528	-1729.221	0.22	0.946	54.155	0.735
2050	1.692	-1741.901	-11.743	-1730.158	0.22	0.957	53.316	0.717
2060	1.699	-1741.313	-12.013	-1729.3	0.22	0.949	51.115	0.701
2070	1.706	-1740.642	-11.948	-1728.693	0.22	0.951	51.164	0.709
2080	1.714	-1740.642	-11.948	-1728.693	0.22	0.951	51.164	0.709
2090	1.722	-1740.642	-11.948	-1728.693	0.22	0.951	51.164	0.709
2100	1.73	-1740.068	-12.699	-1727.369	0.22	0.94	45.798	0.669
2110	1.739	-1740.068	-12.699	-1727.369	0.22	0.94	45.798	0.669
2120	1.746	-1740.045	-12.717	-1727.328	0.22	0.935	45.58	0.669
2130	1.755	-1742.095	-12.406	-1729.689	0.22	0.946	48.805	0.675
2140	1.763	-1741.434	-12.52	-1728.914	0.22	0.938	47.57	0.672
2150	1.771	-1741.434	-12.52	-1728.914	0.22	0.938	47.57	0.672
2160	1.779	-1740.967	-12.223	-1728.744	0.22	0.97	48.896	0.703
2170	1.787	-1740.967	-12.223	-1728.744	0.22	0.97	48.896	0.703
2180	1.795	-1740.348	-12.969	-1727.379	0.22	0.96	44.276	0.658
2190	1.804	-1740.173	-12.895	-1727.279	0.22	0.932	44.443	0.66
2200	1.812	-1740.173	-12.895	-1727.279	0.22	0.932	44.443	0.66
2210	1.82	-1741.999	-13.536	-1728.462	0.22	0.93	41.143	0.623
2220	1.829	-1741.999	-13.536	-1728.462	0.22	0.93	41.143	0.623
2230	1.837	-1741.488	-13.442	-1728.046	0.22	0.97	41.804	0.635
2240	1.845	-1741.488	-13.442	-1728.046	0.22	0.97	41.804	0.635
2250	1.852	-1743.24	-13.638	-1729.603	0.22	0.981	41.005	0.628
2260	1.86	-1742.982	-13.948	-1729.035	0.22	0.98	39.265	0.613
2270	1.867	-1743.126	-14.117	-1729.01	0.22	0.951	38.486	0.596
2280	1.875	-1743.342	-13.359	-1729.984	0.22	0.971	43.134	0.63
2290	1.883	-1740.521	-13.03	-1727.491	0.22	0.957	43.995	0.654
2300	1.891	-1740.521	-13.03	-1727.491	0.22	0.957	43.995	0.654
2310	1.899	-1742.076	-13.111	-1728.965	0.22	0.971	44.033	0.648
2320	1.907	-1740.74	-12.971	-1727.769	0.22	0.929	44.148	0.653
2330	1.915	-1740.74	-12.971	-1727.769	0.22	0.929	44.148	0.653
2340	1.923	-1740.898	-13.539	-1727.36	0.22	0.939	40.901	0.627
2350	1.931	-1741.09	-13.196	-1727.894	0.22	0.963	43.21	0.645
2360	1.939	-1739.895	-13.192	-1726.703	0.22	0.945	42.67	0.647
2370	1.948	-1739.895	-13.192	-1726.703	0.22	0.945	42.67	0.647
2380	1.955	-1740.89	-13.457	-1727.434	0.22	0.972	41.323	0.64
2390	1.964	-1742.709	-13.054	-1729.655	0.22	0.938	44.62	0.641
2400	1.972	-1741.464	-13.449	-1728.015	0.22	0.925	41.366	0.63
2410	1.98	-1741.464	-13.449	-1728.015	0.22	0.925	41.366	0.63
2420	1.989	-1741.374	-13.627	-1727.746	0.22	0.93	40.368	0.622
2430	1.997	-1741.244	-13.771	-1727.473	0.22	0.933	39.543	0.617
2440	2.005	-1741.244	-13.771	-1727.473	0.22	0.933	39.543	0.617
2450	2.013	-1741.244	-13.771	-1727.473	0.22	0.933	39.543	0.617
2460	2.02	-1742.79	-14.398	-1728.393	0.22	0.959	36.889	0.588
2470	2.028	-1740.949	-14.345	-1726.604	0.22	0.945	36.409	0.596
2480	2.036	-1749.679	-13.184	-1736.495	0.22	0.952	35.627	0.745
2490	2.045	-1749.679	-13.184	-1736.495	0.22	0.952	35.627	0.745
2500	2.054	-1749.863	-13.555	-1736.308	0.22	0.955	38.282	0.659
2510	2.061	-1744.016	-14.083	-1729.933	0.22	0.959	36.351	0.626
2520	2.07	-1742.82	-14.579	-1728.241	0.22	0.979	35.815	0.589
2530	2.078	-1739.723	-14.41	-1725.313	0.22	0.955	35.773	0.599
2540	2.086	-1739.723	-14.41	-1725.313	0.22	0.955	35.773	0.599
2550	2.094	-1739.723	-14.41	-1725.313	0.22	0.955	35.773	0.599
2560	2.102	-1739.723	-14.41	-1725.313	0.22	0.955	35.773	0.599
2570	2.11	-1739.723	-14.41	-1725.313	0.22	0.955	35.773	0.599
2580	2.118	-1739.723	-14.41	-1725.313	0.22	0.955	35.773	0.599
2590	2.126	-1739.723	-14.41	-1725.313	0.22	0.955	35.773	0.599
2600	2.134	-1739.723	-14.41	-1725.313	0.22	0.955	35.773	0.599
2610	2.142	-1739.723	-14.41	-1725.313	0.22	0.955	35.773	0.599
2620	2.15	-1739.723	-14.41	-1725.313	0.22	0.955	35.773	0.599
2630	2.158	-1739.723	-14.41	-1725.313	0.22	0.955	35.773	0.599
2640	2.166	-1739.723	-14.41	-1725.313	0.22	0.955	35.773	0.599
2650	2.175	-1739.723	-14.41	-1725.313	0.22	0.955	35.773	0.599
2660	2.183	-1739.723	-14.41	-1725.313	0.22	0.955	35.773	0.599
2670	2.191	-1740.724	-14.61	-1726.114	0.22	0.951	35.012	0.587
2680	2.199	-1740.724	-14.61	-1726.114	0.22	0.951	35.012	0.587
2690	2.208	-1740.724	-14.61	-1726.114	0.22	0.951	35.012	0.587
2700	2.216	-1740.724	-14.61	-1726.114	0.22	0.951	35.012	0.587
2710	2.225	-1742.569	-14.338	-1728.231	0.22	0.985	36.593	0.607
2720	2.233	-1743.068	-13.915	-1729.153	0.22	0.938	36.762	0.635
2730	2.242	-1740.209	-15.149	-1725.059	0.22	0.963	32.241	0.573
2740	2.251	-1740.209	-15.149	-1725.059	0.22	0.963	32.241	0.573
2750	2.26	-1740.209	-15.149	-1725.059	0.22	0.963	32.241	0.573
2760	2.268	-1740.209	-15.149	-1725.059	0.22	0.963	32.241	0.573
2770	2.277	-1740.209	-15.149	-1725.059	0.22	0.963	32.241	0.573
2780	2.286	-1740.209	-15.149	-1725.059	0.22	0.963	32.241	0.573
2790	2.295	-1740.209	-15.149	-1725.059	0.22	0.963	32.241	0.573
2800	2.303	-1740.209	-15.149	-1725.059	0.22	0.963	32.241	0.573
2810	2.312	-1740.209	-15.149	-1725.059	0.22	0.963	32.241	0.573
2820	2.32	-1740.209	-15.149	-1725.059	0.22	0.963	32.241	0.573
2830	2.329	-1740.209	-15.149	-1725.059	0.22	0.963	32.241	0.573
2840	2.338	-1742.324	-15.177	-1727.148	0.22	0.97	32.743	0.566
2850	2.347	-1742.324	-15.177	-1727.148	0.22	0.97	32.743	0.566
2860	2.355	-1742.324	-15.177	-1727.148	0.22	0.97	32.743	0.566
2870	2.364	-1741.654	-15.2	-1726.454	0.22	0.979	32.321	0.572
2880	2.373	-1741.654	-15.2	-1726.454	0.22	0.979	32.321	0.572
2890	2.382	-1741.061	-15.548	-1725.512	0.22	0.974	30.601	0.56
2900	2.391	-1743.366	-15.392	-1727.973	0.22	0.975	32.004	0.557
2910	2.399	-1743.366	-15.392	-1727.973	0.22	0.975	32.004	0.557
2920	2.408	-1743.366	-15.392	-1727.973	0.22	0.975	32.004	0.557
2930	2.417	-1740.864	-15.172	-1725.692	0.22	0.971	32.325	0.572
2940	2.425	-1740.864	-15.172	-1725.692	0.22	0.971	32.325	0.572
2950	2.434	-1740.864	-15.172	-1725.692	0.22	0.971	32.325	0.572
2960	2.443	-1740.864	-15.172	-1725.692	0.22	0.971	32.325	0.572
2970	2.452	-1740.864	-15.172	-1725.692	0.22	0.971	32.325	0.572
2980	2.46	-1741.212	-15.617	-1725.594	0.22	0.981	30.204	0.562
2990	2.469	-1741.212	-15.617	-1725.594	0.22	0.981	30.204	0.562
3000	2.478	-1741.212	-15.617	-1725.594	0.22	0.981	30.204	0.562
3010	2.486	-1741.212	-15.617	-1725.594	0.22	0.981	30.204	0.562
3020	2.495	-1742.63	-15.664	-1726.966	0.22	0.965	28.386	0.577
3030	2.504	-1742.936	-15.303	-1727.633	0.22	0.951	30.112	0.584
3040	2.512	-1743.375	-14.997	-1728.378	0.22	0.956	31.64	0.594
3050	2.521	-1743.153	-15.811	-1727.342	0.22	0.989	29.719	0.556
3060	2.53	-1743.153	-15.811	-1727.342	0.22	0.989	29.719	0.556
3070	2.539	-1743.153	-15.811	-1727.342	0.22	0.989	29.719	0.556
3080	2.547	-1743.153	-15.811	-1727.342	0.22	0.989	29.719	0.556
3090	2.556	-1743.153	-15.811	-1727.342	0.22	0.989	29.719	0.556
3100	2.565	-1743.153	-15.811	-1727.342	0.22	0.989	29.719	0.556
3110	2.573	-1742.588	-15.329	-1727.258	0.22	0.955	29.873	0.585
3120	2.582	-1742.588	-15.329	-1727.258	0.22	0.955	29.873	0.585
3130	2.591	-1742.588	-15.329	-1727.258	0.22	0.955	29.873	0.585
3140	2.599	-1741.147	-15.47	-1725.677	0.22	0.973	30.99	0.562
3150	2.608	-1741.147	-15.47	-1725.677	0.22	0.973	30.99	0.562
3160	2.617	-1741.31	-15.415	-1725.895	0.22	0.973	31.303	0.563
3170	2.626	-1742.568	-15.391	-1727.176	0.22	0.973	31.786	0.559
3180	2.634	-1742.568	-15.391	-1727.176	0.22	0.973	31.786	0.559
3190	2.643	-1742.568	-15.391	-1727.176	0.22	0.973	31.786	0.559
3200	2.652	-1742.568	-15.391	-1727.176	0.22	0.973	31.786	0.559
3210	2.66	-1742.568	-15.391	-1727.176	0.22	0.973	31.786	0.559
3220	2.669	-1742.568	-15.391	-1727.176	0.22	0.973	31.786	0.559
3230	2.678	-1742.012	-15.24	-1726.772	0.22	0.967	32.356	0.564
3240	2.686	-1742.11	-15.414	-1726.696	0.22	0.981	31.434	0.565
3250	2.695	-1742.11	-15.414	-1726.696	0.22	0.981	31.434	0.565
3260	2.704	-1742.11	-15.414	-1726.696	0.22	0.981	31.434	0.565
3270	2.713	-1742.136	-15.581	-1726.555	0.22	0.977	30.746	0.556
3280	2.721	-1743.836	-15.042	-1728.794	0.22	0.961	31.612	0.591
3290	2.73	-1743.231	-15.029	-1728.202	0.22	0.959	31.434	0.594
3300	2.739	-1741.526	-15.691	-1725.835	0.22	0.978	30.043	0.556
3310	2.748	-1741.526	-15.691	-1725.835	0.22	0.978	30.043	0.556
3320	2.756	-1740.277	-15.456	-1724.821	0.22	0.97	30.807	0.564
3330	2.765	-1740.277	-15.456	-1724.821	0.22	0.97	30.807	0.564
3340	2.774	-1740.277	-15.456	-1724.821	0.22	0.97	30.807	0.564
3350	2.783	-1740.277	-15.456	-1724.821	0.22	0.97	30.807	0.564
3360	2.791	-1740.277	-15.456	-1724.821	0.22	0.97	30.807	0.564
3370	2.8	-1740.277	-15.456	-1724.821	0.22	0.97	30.807	0.564
3380	2.808	-1740.277	-15.456	-1724.821	0.22	0.97	30.807	0.564
3390	2.817	-1740.277	-15.456	-1724.821	0.22	0.97	30.807	0.564
3400	2.826	-1740.277	-15.456	-1724.821	0.22	0.97	30.807	0.564
3410	2.834	-1740.277	-15.456	-1724.821	0.22	0.97	30.807	0.564
3420	2.843	-1740.277	-15.456	-1724.821	0.22	0.97	30.807	0.564
3430	2.852	-1740.659	-15.576	-1725.083	0.22	0.972	30.355	0.56
3440	2.861	-1740.659	-15.576	-1725.083	0.22	0.972	30.355	0.56
3450	2.869	-1740.659	-15.576	-1725.083	0.22	0.972	30.355	0.56
3460	2.878	-1740.659	-15.576	-1725.083	0.22	0.972	30.355	0.56
3470	2.887	-1740.659	-15.576	-1725.083	0.22	0.972	30.355	0.56
3480	2.896	-1740.659	-15.576	-1725.083	0.22	0.972	30.355	0.56
3490	2.904	-1740.659	-15.576	-1725.083	0.22	0.972	30.355	0.56
3500	2.913	-1740.659	-15.576	-1725.083	0.22	0.972	30.355	0.56
3510	2.921	-1740.659	-15.576	-1725.083	0.22	0.972	30.355	0.56
3520	2.93	-1740.659	-15.576	-1725.083	0.22	0.972	30.355	0.56
3530	2.939	-1741.673	-15.561	-1726.112	0.22	0.971	30.739	0.556
3540	2.947	-1741.673	-15.561	-1726.112	0.22	0.971	30.739	0.556
3550	2.956	-1741.673	-15.561	-1726.112	0.22	0.971	30.739	0.556
3560	2.965	-1741.673	-15.561	-1726.112	0.22	0.971	30.739	0.556
3570	2.974	-1741.673	-15.561	-1726.112	0.22	0.971	30.739	0.556
3580	2.982	-1741.673	-15.561	-1726.112	0.22	0.971	30.739	0.556
3590	2.991	-1741.673	-15.561	-1726.112	0.22	0.971	30.739	0.556
3600	3.0	-1741.673	-15.561	-1726.112	0.22	0.971	30.739	0.556
3610	3.009	-1741.555	-15.159	-1726.396	0.22	0.973	32.579	0.57
3620	3.017	-1741.555	-15.159	-1726.396	0.22	0.973	32.579	0.57
3630	3.026	-1741.555	-15.159	-1726.396	0.22	0.973	32.579	0.57
3640	3.035	-1741.555	-15.159	-1726.396	0.22	0.973	32.579	0.57
3650	3.043	-1743.444	-15.073	-1728.371	0.22	0.948	31.29	0.589
3660	3.052	-1742.666	-14.597	-1728.069	0.22	0.939	33.192	0.61
3670	3.061	-1742.666	-14.597	-1728.069	0.22	0.939	33.192	0.61
3680	3.069	-1743.099	-14.949	-1728.15	0.22	0.95	31.77	0.595
3690	3.078	-1743.099	-14.949	-1728.15	0.22	0.95	31.77	0.595
3700	3.087	-1743.099	-14.949	-1728.15	0.22	0.95	31.77	0.595
3710	3.095	-1743.099	-14.949	-1728.15	0.22	0.95	31.77	0.595
3720	3.104	-1743.099	-14.949	-1728.15	0.22	0.95	31.77	0.595
3730	3.113	-1743.099	-14.949	-1728.15	0.22	0.95	31.77	0.595
3740	3.121	-1743.099	-14.949	-1728.15	0.22	0.95	31.77	0.595
3750	3.13	-1744.895	-15.413	-1729.482	0.22	0.962	30.286	0.573
3760	3.139	-1743.42	-15.758	-1727.662	0.22	0.966	28.264	0.571
3770	3.148	-1743.42	-15.758	-1727.662	0.22	0.966	28.264	0.571
3780	3.156	-1742.501	-15.818	-1726.683	0.22	0.981	29.745	0.55
3790	3.165	-1744.554	-15.933	-1728.621	0.22	0.979	27.568	0.569
3800	3.174	-1743.32	-15.588	-1727.732	0.22	0.967	28.913	0.577
3810	3.183	-1742.876	-15.499	-1727.377	0.22	0.985	31.176	0.562
3820	3.191	-1742.876	-15.499	-1727.377	0.22	0.985	31.176	0.562
3830	3.2	-1742.489	-15.278	-1727.211	0.22	0.953	30.07	0.587
3840	3.209	-1740.237	-15.479	-1724.758	0.22	0.968	30.704	0.563
3850	3.217	-1740.237	-15.479	-1724.758	0.22	0.968	30.704	0.563
3860	3.226	-1743.463	-15.297	-1728.167	0.22	0.965	30.275	0.585
3870	3.235	-1741.926	-15.416	-1726.51	0.22	0.952	29.255	0.585
3880	3.243	-1741.926	-15.416	-1726.51	0.22	0.952	29.255	0.585
3890	3.252	-1741.621	-15.65	-1725.971	0.22	0.981	30.205	0.559
3900	3.261	-1742.359	-14.77	-1727.588	0.22	0.969	34.8	0.579
3910	3.27	-1740.838	-14.077	-1726.762	0.22	0.956	37.971	0.607
3920	3.278	-1740.838	-14.077	-1726.762	0.22	0.956	37.971	0.607
3930	3.287	-1741.653	-14.055	-1727.598	0.22	0.944	38.249	0.604
3940	3.296	-1743.851	-13.681	-1730.17	0.22	0.986	40.635	0.63
3950	3.304	-1743.851	-13.681	-1730.17	0.22	0.986	40.635	0.63
3960	3.313	-1741.651	-13.306	-1728.346	0.22	0.972	42.604	0.642
3970	3.322	-1740.407	-12.64	-1727.767	0.22	0.949	46.428	0.671
3980	3.33	-1741.149	-13.083	-1728.067	0.22	0.974	43.509	0.659
3990	3.339	-1741.149	-13.083	-1728.067	0.22	0.974	43.509	0.659
