iter	hours	assortment	log_posterior	log_prior	loglik	missing	mixture	null_assortment	scale	shape
0	0.001	0.413	-3868.257	-16.951	-3851.306	0.22	0.581	0.461	10.319	1.091
10	0.008	0.338	-3847.819	-13.775	-3834.044	0.22	0.643	0.442	19.879	1.124
20	0.015	0.382	-3841.603	-13.293	-3828.31	0.22	0.651	0.441	21.495	1.165
30	0.022	0.485	-3722.805	-12.937	-3709.867	0.22	0.736	0.44	23.051	1.183
40	0.03	0.494	-3718.458	-13.509	-3704.949	0.22	0.704	0.441	21.639	1.084
50	0.037	0.494	-3718.458	-13.509	-3704.949	0.22	0.704	0.441	21.639	1.084
60	0.044	0.505	-3715.695	-13.413	-3702.282	0.22	0.708	0.44	22.319	1.071
70	0.051	0.524	-3713.797	-13.238	-3700.56	0.22	0.73	0.439	23.157	1.075
80	0.058	0.529	-3712.027	-13.211	-3698.816	0.22	0.737	0.439	23.537	1.061
90	0.065	0.526	-3706.048	-12.915	-3693.133	0.22	0.798	0.437	26.046	1.022
100	0.072	0.523	-3702.947	-13.731	-3689.216	0.22	0.776	0.438	23.539	0.935
110	0.081	0.528	-3703.071	-13.268	-3689.803	0.22	0.78	0.438	25.182	0.971
120	0.089	0.51	-3700.853	-13.003	-3687.85	0.22	0.799	0.437	26.908	0.965
130	0.098	0.527	-3697.68	-12.906	-3684.774	0.22	0.846	0.436	28.531	0.933
140	0.105	0.527	-3697.68	-12.906	-3684.774	0.22	0.846	0.436	28.531	0.933
150	0.112	0.527	-3697.68	-12.906	-3684.774	0.22	0.846	0.436	28.531	0.933
160	0.119	0.509	-3693.81	-13.336	-3680.473	0.22	0.851	0.435	27.762	0.872
170	0.127	0.509	-3693.81	-13.336	-3680.473	0.22	0.851	0.435	27.762	0.872
180	0.134	0.513	-3696.857	-13.499	-3683.357	0.22	0.838	0.436	26.187	0.889
190	0.141	0.535	-3696.404	-13.646	-3682.758	0.22	0.856	0.436	25.849	0.874
200	0.148	0.516	-3696.918	-14.462	-3682.455	0.22	0.858	0.438	22.836	0.828
210	0.155	0.545	-3697.237	-14.793	-3682.445	0.22	0.875	0.433	26.083	0.694
220	0.163	0.54	-3696.057	-14.749	-3681.307	0.22	0.865	0.438	22.026	0.808
230	0.17	0.549	-3696.572	-15.642	-3680.929	0.22	0.849	0.44	19.048	0.772
240	0.177	0.539	-3698.11	-15.679	-3682.431	0.22	0.842	0.438	20.062	0.731
250	0.184	0.509	-3689.336	-15.044	-3674.292	0.22	0.901	0.436	22.787	0.744
260	0.192	0.5	-3688.072	-15.483	-3672.589	0.22	0.906	0.437	21.651	0.717
270	0.199	0.49	-3687.998	-16.437	-3671.562	0.22	0.865	0.438	18.448	0.685
280	0.206	0.499	-3685.191	-17.02	-3668.171	0.22	0.898	0.438	17.526	0.647
290	0.214	0.499	-3685.191	-17.02	-3668.171	0.22	0.898	0.438	17.526	0.647
300	0.221	0.478	-3684.165	-17.625	-3666.54	0.22	0.899	0.438	16.346	0.617
310	0.228	0.478	-3684.165	-17.625	-3666.54	0.22	0.899	0.438	16.346	0.617
320	0.235	0.478	-3684.165	-17.625	-3666.54	0.22	0.899	0.438	16.346	0.617
330	0.242	0.491	-3685.016	-17.353	-3667.663	0.22	0.915	0.438	16.937	0.63
340	0.249	0.488	-3686.985	-17.825	-3669.161	0.22	0.916	0.439	15.518	0.623
350	0.256	0.463	-3685.63	-18.093	-3667.538	0.22	0.921	0.438	15.342	0.602
360	0.264	0.506	-3686.739	-16.259	-3670.48	0.22	0.944	0.436	20.227	0.665
370	0.271	0.506	-3686.739	-16.259	-3670.48	0.22	0.944	0.436	20.227	0.665
380	0.278	0.506	-3686.739	-16.259	-3670.48	0.22	0.944	0.436	20.227	0.665
390	0.285	0.506	-3686.739	-16.259	-3670.48	0.22	0.944	0.436	20.227	0.665
400	0.292	0.503	-3685.628	-16.681	-3668.948	0.22	0.928	0.437	18.773	0.653
410	0.299	0.503	-3685.628	-16.681	-3668.948	0.22	0.928	0.437	18.773	0.653
420	0.306	0.506	-3685.276	-16.103	-3669.173	0.22	0.923	0.436	20.448	0.674
430	0.314	0.506	-3685.276	-16.103	-3669.173	0.22	0.923	0.436	20.448	0.674
440	0.321	0.506	-3685.276	-16.103	-3669.173	0.22	0.923	0.436	20.448	0.674
450	0.328	0.506	-3685.276	-16.103	-3669.173	0.22	0.923	0.436	20.448	0.674
460	0.335	0.472	-3688.766	-16.332	-3672.434	0.22	0.903	0.438	19.078	0.682
470	0.343	0.484	-3686.63	-16.483	-3670.148	0.22	0.897	0.438	18.836	0.671
480	0.35	0.47	-3684.682	-17.288	-3667.394	0.22	0.931	0.437	17.607	0.62
490	0.357	0.483	-3685.301	-17.723	-3667.578	0.22	0.93	0.438	16.244	0.613
500	0.364	0.483	-3685.301	-17.723	-3667.578	0.22	0.93	0.438	16.244	0.613
510	0.372	0.474	-3684.581	-17.52	-3667.062	0.22	0.912	0.438	16.69	0.619
520	0.379	0.474	-3684.581	-17.52	-3667.062	0.22	0.912	0.438	16.69	0.619
530	0.386	0.474	-3684.581	-17.52	-3667.062	0.22	0.912	0.438	16.69	0.619
540	0.393	0.489	-3684.384	-16.884	-3667.5	0.22	0.927	0.437	18.51	0.638
550	0.4	0.476	-3685.094	-16.3	-3668.794	0.22	0.925	0.436	20.157	0.659
560	0.407	0.476	-3685.094	-16.3	-3668.794	0.22	0.925	0.436	20.157	0.659
570	0.414	0.485	-3685.977	-15.825	-3670.152	0.22	0.888	0.436	20.844	0.693
580	0.422	0.485	-3685.977	-15.825	-3670.152	0.22	0.888	0.436	20.844	0.693
590	0.429	0.485	-3685.977	-15.825	-3670.152	0.22	0.888	0.436	20.844	0.693
600	0.436	0.502	-3686.197	-15.789	-3670.409	0.22	0.893	0.437	20.844	0.698
610	0.443	0.502	-3686.197	-15.789	-3670.409	0.22	0.893	0.437	20.844	0.698
620	0.45	0.517	-3687.248	-15.942	-3671.306	0.22	0.918	0.437	20.454	0.693
630	0.458	0.508	-3686.494	-15.845	-3670.648	0.22	0.922	0.436	21.004	0.69
640	0.465	0.482	-3686.324	-15.358	-3670.966	0.22	0.927	0.435	22.993	0.7
650	0.472	0.476	-3687.473	-15.61	-3671.863	0.22	0.938	0.435	22.249	0.69
660	0.479	0.476	-3687.473	-15.61	-3671.863	0.22	0.938	0.435	22.249	0.69
670	0.487	0.476	-3687.473	-15.61	-3671.863	0.22	0.938	0.435	22.249	0.69
680	0.494	0.476	-3687.473	-15.61	-3671.863	0.22	0.938	0.435	22.249	0.69
690	0.501	0.476	-3687.473	-15.61	-3671.863	0.22	0.938	0.435	22.249	0.69
700	0.508	0.476	-3687.473	-15.61	-3671.863	0.22	0.938	0.435	22.249	0.69
710	0.516	0.476	-3687.473	-15.61	-3671.863	0.22	0.938	0.435	22.249	0.69
720	0.523	0.476	-3687.473	-15.61	-3671.863	0.22	0.938	0.435	22.249	0.69
730	0.53	0.511	-3689.243	-16.304	-3672.939	0.22	0.939	0.433	21.437	0.629
740	0.537	0.506	-3690.287	-15.172	-3675.115	0.22	0.922	0.433	24.649	0.684
750	0.544	0.508	-3688.065	-16.165	-3671.9	0.22	0.948	0.436	20.381	0.673
760	0.551	0.501	-3686.9	-17.037	-3669.863	0.22	0.965	0.436	18.731	0.623
770	0.558	0.51	-3687.066	-15.839	-3671.227	0.22	0.927	0.436	21.011	0.692
780	0.566	0.47	-3685.061	-16.92	-3668.141	0.22	0.927	0.436	18.448	0.636
790	0.573	0.47	-3685.061	-16.92	-3668.141	0.22	0.927	0.436	18.448	0.636
800	0.58	0.492	-3684.571	-17.337	-3667.234	0.22	0.902	0.438	16.903	0.631
810	0.588	0.492	-3684.571	-17.337	-3667.234	0.22	0.902	0.438	16.903	0.631
820	0.595	0.492	-3684.571	-17.337	-3667.234	0.22	0.902	0.438	16.903	0.631
830	0.602	0.492	-3684.571	-17.337	-3667.234	0.22	0.902	0.438	16.903	0.631
840	0.609	0.492	-3684.571	-17.337	-3667.234	0.22	0.902	0.438	16.903	0.631
850	0.616	0.492	-3684.571	-17.337	-3667.234	0.22	0.902	0.438	16.903	0.631
860	0.624	0.485	-3685.325	-17.438	-3667.887	0.22	0.897	0.438	16.526	0.631
870	0.631	0.485	-3685.325	-17.438	-3667.887	0.22	0.897	0.438	16.526	0.631
880	0.638	0.484	-3685.394	-16.505	-3668.889	0.22	0.926	0.436	19.42	0.655
890	0.645	0.489	-3685.983	-16.397	-3669.586	0.22	0.946	0.436	20.095	0.653
900	0.653	0.497	-3689.076	-15.55	-3673.526	0.22	0.95	0.435	22.377	0.696
910	0.66	0.483	-3690.443	-15.227	-3675.216	0.22	0.928	0.436	22.669	0.726
920	0.667	0.489	-3691.229	-15.308	-3675.92	0.22	0.869	0.438	21.276	0.748
930	0.674	0.507	-3691.406	-14.364	-3677.042	0.22	0.878	0.436	24.51	0.794
940	0.681	0.505	-3688.868	-14.535	-3674.333	0.22	0.886	0.436	24.519	0.768
950	0.688	0.528	-3692.385	-16.315	-3676.07	0.22	0.952	0.435	20.864	0.644
960	0.695	0.482	-3685.348	-15.678	-3669.67	0.22	0.942	0.435	22.539	0.675
970	0.702	0.482	-3685.348	-15.678	-3669.67	0.22	0.942	0.435	22.539	0.675
980	0.709	0.482	-3685.348	-15.678	-3669.67	0.22	0.942	0.435	22.539	0.675
990	0.717	0.482	-3685.348	-15.678	-3669.67	0.22	0.942	0.435	22.539	0.675
1000	0.724	0.482	-3685.348	-15.678	-3669.67	0.22	0.942	0.435	22.539	0.675
1010	0.731	0.489	-3685.495	-15.209	-3670.286	0.22	0.938	0.434	23.998	0.697
1020	0.738	0.489	-3685.495	-15.209	-3670.286	0.22	0.938	0.434	23.998	0.697
1030	0.746	0.489	-3685.495	-15.209	-3670.286	0.22	0.938	0.434	23.998	0.697
1040	0.753	0.489	-3685.495	-15.209	-3670.286	0.22	0.938	0.434	23.998	0.697
1050	0.76	0.489	-3685.495	-15.209	-3670.286	0.22	0.938	0.434	23.998	0.697
1060	0.767	0.489	-3685.495	-15.209	-3670.286	0.22	0.938	0.434	23.998	0.697
1070	0.774	0.489	-3685.495	-15.209	-3670.286	0.22	0.938	0.434	23.998	0.697
1080	0.781	0.501	-3687.182	-14.863	-3672.319	0.22	0.936	0.435	24.732	0.724
1090	0.788	0.501	-3687.182	-14.863	-3672.319	0.22	0.936	0.435	24.732	0.724
1100	0.796	0.501	-3687.182	-14.863	-3672.319	0.22	0.936	0.435	24.732	0.724
1110	0.803	0.501	-3687.182	-14.863	-3672.319	0.22	0.936	0.435	24.732	0.724
1120	0.81	0.501	-3687.182	-14.863	-3672.319	0.22	0.936	0.435	24.732	0.724
1130	0.817	0.524	-3688.264	-15.414	-3672.851	0.22	0.944	0.435	22.656	0.705
1140	0.825	0.524	-3688.264	-15.414	-3672.851	0.22	0.944	0.435	22.656	0.705
1150	0.832	0.49	-3686.813	-15.665	-3671.148	0.22	0.913	0.436	21.495	0.698
1160	0.839	0.473	-3687.677	-15.93	-3671.747	0.22	0.924	0.436	20.803	0.686
1170	0.847	0.493	-3690.529	-17.851	-3672.678	0.22	0.957	0.439	15.768	0.619
1180	0.854	0.505	-3684.539	-17.614	-3666.926	0.22	0.93	0.438	16.501	0.617
1190	0.861	0.505	-3684.539	-17.614	-3666.926	0.22	0.93	0.438	16.501	0.617
1200	0.868	0.505	-3684.539	-17.614	-3666.926	0.22	0.93	0.438	16.501	0.617
1210	0.875	0.505	-3684.539	-17.614	-3666.926	0.22	0.93	0.438	16.501	0.617
1220	0.883	0.505	-3684.539	-17.614	-3666.926	0.22	0.93	0.438	16.501	0.617
1230	0.89	0.473	-3685.239	-17.64	-3667.599	0.22	0.955	0.436	17.17	0.6
1240	0.897	0.473	-3685.239	-17.64	-3667.599	0.22	0.955	0.436	17.17	0.6
1250	0.904	0.473	-3685.239	-17.64	-3667.599	0.22	0.955	0.436	17.17	0.6
1260	0.911	0.473	-3685.239	-17.64	-3667.599	0.22	0.955	0.436	17.17	0.6
1270	0.918	0.473	-3685.239	-17.64	-3667.599	0.22	0.955	0.436	17.17	0.6
1280	0.926	0.473	-3685.239	-17.64	-3667.599	0.22	0.955	0.436	17.17	0.6
1290	0.933	0.491	-3688.973	-18.684	-3670.289	0.22	0.956	0.439	14.065	0.589
1300	0.94	0.509	-3687.024	-18.882	-3668.142	0.22	0.945	0.44	13.57	0.585
1310	0.947	0.509	-3687.024	-18.882	-3668.142	0.22	0.945	0.44	13.57	0.585
1320	0.954	0.475	-3685.901	-18.502	-3667.399	0.22	0.909	0.44	14.177	0.597
1330	0.962	0.475	-3685.901	-18.502	-3667.399	0.22	0.909	0.44	14.177	0.597
1340	0.969	0.488	-3685.837	-18.502	-3667.335	0.22	0.924	0.439	14.266	0.596
1350	0.976	0.495	-3685.528	-19.256	-3666.272	0.22	0.928	0.44	12.794	0.573
1360	0.984	0.495	-3685.528	-19.256	-3666.272	0.22	0.928	0.44	12.794	0.573
1370	0.991	0.5	-3688.639	-18.116	-3670.523	0.22	0.935	0.44	14.862	0.617
1380	0.998	0.495	-3686.469	-17.74	-3668.729	0.22	0.957	0.437	16.575	0.607
1390	1.006	0.495	-3686.469	-17.74	-3668.729	0.22	0.957	0.437	16.575	0.607
1400	1.013	0.495	-3686.469	-17.74	-3668.729	0.22	0.957	0.437	16.575	0.607
1410	1.02	0.495	-3686.469	-17.74	-3668.729	0.22	0.957	0.437	16.575	0.607
1420	1.027	0.485	-3684.147	-17.098	-3667.048	0.22	0.942	0.436	18.337	0.622
1430	1.035	0.485	-3684.147	-17.098	-3667.048	0.22	0.942	0.436	18.337	0.622
1440	1.042	0.485	-3684.147	-17.098	-3667.048	0.22	0.942	0.436	18.337	0.622
1450	1.049	0.485	-3684.147	-17.098	-3667.048	0.22	0.942	0.436	18.337	0.622
1460	1.056	0.485	-3684.147	-17.098	-3667.048	0.22	0.942	0.436	18.337	0.622
1470	1.063	0.481	-3684.488	-17.126	-3667.362	0.22	0.914	0.437	17.683	0.633
1480	1.07	0.481	-3684.488	-17.126	-3667.362	0.22	0.914	0.437	17.683	0.633
1490	1.077	0.481	-3684.488	-17.126	-3667.362	0.22	0.914	0.437	17.683	0.633
1500	1.085	0.481	-3684.488	-17.126	-3667.362	0.22	0.914	0.437	17.683	0.633
1510	1.092	0.468	-3684.345	-18.059	-3666.286	0.22	0.906	0.438	15.443	0.601
1520	1.099	0.468	-3684.345	-18.059	-3666.286	0.22	0.906	0.438	15.443	0.601
1530	1.106	0.468	-3684.925	-18.239	-3666.686	0.22	0.934	0.438	15.273	0.591
1540	1.113	0.468	-3684.925	-18.239	-3666.686	0.22	0.934	0.438	15.273	0.591
1550	1.12	0.468	-3684.925	-18.239	-3666.686	0.22	0.934	0.438	15.273	0.591
1560	1.128	0.507	-3685.425	-18.205	-3667.22	0.22	0.949	0.438	15.334	0.595
1570	1.135	0.507	-3685.425	-18.205	-3667.22	0.22	0.949	0.438	15.334	0.595
1580	1.142	0.507	-3685.425	-18.205	-3667.22	0.22	0.949	0.438	15.334	0.595
1590	1.15	0.485	-3686.592	-18.486	-3668.107	0.22	0.963	0.437	15.055	0.579
1600	1.157	0.485	-3686.592	-18.486	-3668.107	0.22	0.963	0.437	15.055	0.579
1610	1.164	0.483	-3686.279	-18.644	-3667.635	0.22	0.957	0.438	14.566	0.577
1620	1.172	0.483	-3686.279	-18.644	-3667.635	0.22	0.957	0.438	14.566	0.577
1630	1.179	0.494	-3685.301	-18.206	-3667.096	0.22	0.915	0.439	14.842	0.605
1640	1.186	0.5	-3684.555	-18.004	-3666.551	0.22	0.937	0.438	15.713	0.602
1650	1.193	0.5	-3684.555	-18.004	-3666.551	0.22	0.937	0.438	15.713	0.602
1660	1.2	0.5	-3684.555	-18.004	-3666.551	0.22	0.937	0.438	15.713	0.602
1670	1.208	0.5	-3684.555	-18.004	-3666.551	0.22	0.937	0.438	15.713	0.602
1680	1.215	0.5	-3684.555	-18.004	-3666.551	0.22	0.937	0.438	15.713	0.602
1690	1.222	0.5	-3684.555	-18.004	-3666.551	0.22	0.937	0.438	15.713	0.602
1700	1.229	0.491	-3684.675	-17.955	-3666.72	0.22	0.913	0.439	15.505	0.61
1710	1.236	0.491	-3684.675	-17.955	-3666.72	0.22	0.913	0.439	15.505	0.61
1720	1.243	0.474	-3685.256	-18.825	-3666.43	0.22	0.939	0.439	13.987	0.575
1730	1.25	0.474	-3685.256	-18.825	-3666.43	0.22	0.939	0.439	13.987	0.575
1740	1.258	0.498	-3684.326	-17.489	-3666.838	0.22	0.919	0.438	16.72	0.622
1750	1.265	0.498	-3684.326	-17.489	-3666.838	0.22	0.919	0.438	16.72	0.622
1760	1.272	0.498	-3684.326	-17.489	-3666.838	0.22	0.919	0.438	16.72	0.622
1770	1.279	0.498	-3684.326	-17.489	-3666.838	0.22	0.919	0.438	16.72	0.622
1780	1.287	0.498	-3684.326	-17.489	-3666.838	0.22	0.919	0.438	16.72	0.622
1790	1.294	0.498	-3684.326	-17.489	-3666.838	0.22	0.919	0.438	16.72	0.622
1800	1.301	0.498	-3684.326	-17.489	-3666.838	0.22	0.919	0.438	16.72	0.622
1810	1.309	0.498	-3684.326	-17.489	-3666.838	0.22	0.919	0.438	16.72	0.622
1820	1.316	0.478	-3684.096	-16.661	-3667.435	0.22	0.897	0.437	18.889	0.649
1830	1.323	0.478	-3684.096	-16.661	-3667.435	0.22	0.897	0.437	18.889	0.649
1840	1.33	0.478	-3684.096	-16.661	-3667.435	0.22	0.897	0.437	18.889	0.649
1850	1.337	0.478	-3684.096	-16.661	-3667.435	0.22	0.897	0.437	18.889	0.649
1860	1.344	0.478	-3684.096	-16.661	-3667.435	0.22	0.897	0.437	18.889	0.649
1870	1.351	0.478	-3684.096	-16.661	-3667.435	0.22	0.897	0.437	18.889	0.649
1880	1.359	0.478	-3684.096	-16.661	-3667.435	0.22	0.897	0.437	18.889	0.649
1890	1.366	0.488	-3686.257	-15.973	-3670.284	0.22	0.893	0.437	20.351	0.689
1900	1.373	0.488	-3686.257	-15.973	-3670.284	0.22	0.893	0.437	20.351	0.689
1910	1.38	0.514	-3688.566	-15.671	-3672.895	0.22	0.892	0.437	20.691	0.718
1920	1.387	0.493	-3687.951	-16.761	-3671.191	0.22	0.908	0.438	17.92	0.666
1930	1.395	0.471	-3686.66	-16.444	-3670.216	0.22	0.914	0.437	19.268	0.665
1940	1.402	0.471	-3686.66	-16.444	-3670.216	0.22	0.914	0.437	19.268	0.665
1950	1.409	0.471	-3686.66	-16.444	-3670.216	0.22	0.914	0.437	19.268	0.665
1960	1.417	0.471	-3686.66	-16.444	-3670.216	0.22	0.914	0.437	19.268	0.665
1970	1.424	0.508	-3688.489	-16.658	-3671.831	0.22	0.917	0.434	20.072	0.621
1980	1.431	0.501	-3688.857	-16.748	-3672.11	0.22	0.922	0.434	19.818	0.618
1990	1.439	0.501	-3688.857	-16.748	-3672.11	0.22	0.922	0.434	19.818	0.618
2000	1.446	0.491	-3685.636	-15.778	-3669.858	0.22	0.954	0.434	22.502	0.666
2010	1.454	0.491	-3685.636	-15.778	-3669.858	0.22	0.954	0.434	22.502	0.666
2020	1.461	0.497	-3684.848	-17.283	-3667.565	0.22	0.921	0.438	17.185	0.631
2030	1.468	0.494	-3684.413	-18.716	-3665.696	0.22	0.944	0.438	14.316	0.576
2040	1.475	0.46	-3685.505	-19.556	-3665.949	0.22	0.953	0.438	12.905	0.546
2050	1.483	0.473	-3685.874	-17.832	-3668.042	0.22	0.944	0.437	16.24	0.605
2060	1.49	0.486	-3689.631	-17.933	-3671.699	0.22	0.94	0.435	16.907	0.576
2070	1.497	0.473	-3684.491	-17.015	-3667.476	0.22	0.92	0.437	18.145	0.633
2080	1.504	0.473	-3684.491	-17.015	-3667.476	0.22	0.92	0.437	18.145	0.633
2090	1.511	0.473	-3684.491	-17.015	-3667.476	0.22	0.92	0.437	18.145	0.633
2100	1.518	0.473	-3684.491	-17.015	-3667.476	0.22	0.92	0.437	18.145	0.633
2110	1.525	0.473	-3684.491	-17.015	-3667.476	0.22	0.92	0.437	18.145	0.633
2120	1.533	0.48	-3684.521	-16.634	-3667.887	0.22	0.929	0.436	19.323	0.644
2130	1.54	0.48	-3684.521	-16.634	-3667.887	0.22	0.929	0.436	19.323	0.644
2140	1.547	0.485	-3684.062	-17.048	-3667.014	0.22	0.935	0.436	18.318	0.626
2150	1.555	0.485	-3684.062	-17.048	-3667.014	0.22	0.935	0.436	18.318	0.626
2160	1.562	0.485	-3684.062	-17.048	-3667.014	0.22	0.935	0.436	18.318	0.626
2170	1.57	0.478	-3684.802	-17.265	-3667.537	0.22	0.912	0.437	17.262	0.63
2180	1.578	0.468	-3684.328	-17.819	-3666.509	0.22	0.912	0.438	16.067	0.607
2190	1.587	0.468	-3684.328	-17.819	-3666.509	0.22	0.912	0.438	16.067	0.607
2200	1.595	0.468	-3684.328	-17.819	-3666.509	0.22	0.912	0.438	16.067	0.607
2210	1.602	0.468	-3684.328	-17.819	-3666.509	0.22	0.912	0.438	16.067	0.607
2220	1.609	0.468	-3684.328	-17.819	-3666.509	0.22	0.912	0.438	16.067	0.607
2230	1.616	0.468	-3684.328	-17.819	-3666.509	0.22	0.912	0.438	16.067	0.607
2240	1.623	0.468	-3684.328	-17.819	-3666.509	0.22	0.912	0.438	16.067	0.607
2250	1.63	0.468	-3684.328	-17.819	-3666.509	0.22	0.912	0.438	16.067	0.607
2260	1.637	0.468	-3684.328	-17.819	-3666.509	0.22	0.912	0.438	16.067	0.607
2270	1.645	0.468	-3685.879	-18.448	-3667.431	0.22	0.892	0.44	14.23	0.599
2280	1.652	0.468	-3685.879	-18.448	-3667.431	0.22	0.892	0.44	14.23	0.599
2290	1.659	0.468	-3685.879	-18.448	-3667.431	0.22	0.892	0.44	14.23	0.599
2300	1.666	0.468	-3685.879	-18.448	-3667.431	0.22	0.892	0.44	14.23	0.599
2310	1.673	0.465	-3684.597	-19.936	-3664.66	0.22	0.934	0.439	11.953	0.542
2320	1.68	0.465	-3684.597	-19.936	-3664.66	0.22	0.934	0.439	11.953	0.542
2330	1.688	0.457	-3685.158	-20.922	-3664.236	0.22	0.915	0.441	10.176	0.522
2340	1.695	0.481	-3684.616	-20.861	-3663.755	0.22	0.933	0.441	10.312	0.523
2350	1.702	0.481	-3684.616	-20.861	-3663.755	0.22	0.933	0.441	10.312	0.523
2360	1.71	0.501	-3686.741	-21.143	-3665.598	0.22	0.961	0.441	9.997	0.517
2370	1.717	0.501	-3686.741	-21.143	-3665.598	0.22	0.961	0.441	9.997	0.517
2380	1.725	0.501	-3686.741	-21.143	-3665.598	0.22	0.961	0.441	9.997	0.517
2390	1.732	0.44	-3688.343	-21.37	-3666.973	0.22	0.935	0.443	9.436	0.517
2400	1.739	0.472	-3684.317	-20.038	-3664.279	0.22	0.928	0.44	11.684	0.542
2410	1.747	0.472	-3684.317	-20.038	-3664.279	0.22	0.928	0.44	11.684	0.542
2420	1.754	0.474	-3686.671	-21.006	-3665.665	0.22	0.924	0.443	9.829	0.529
2430	1.761	0.464	-3687.009	-19.261	-3667.749	0.22	0.94	0.44	12.949	0.569
2440	1.768	0.454	-3685.658	-20.24	-3665.417	0.22	0.951	0.439	11.65	0.529
2450	1.775	0.454	-3685.658	-20.24	-3665.417	0.22	0.951	0.439	11.65	0.529
2460	1.783	0.454	-3685.658	-20.24	-3665.417	0.22	0.951	0.439	11.65	0.529
2470	1.79	0.48	-3685.257	-20.816	-3664.441	0.22	0.948	0.44	10.518	0.521
2480	1.797	0.48	-3685.257	-20.816	-3664.441	0.22	0.948	0.44	10.518	0.521
2490	1.804	0.48	-3685.257	-20.816	-3664.441	0.22	0.948	0.44	10.518	0.521
2500	1.811	0.48	-3685.257	-20.816	-3664.441	0.22	0.948	0.44	10.518	0.521
2510	1.818	0.48	-3685.257	-20.816	-3664.441	0.22	0.948	0.44	10.518	0.521
2520	1.825	0.46	-3685.188	-20.749	-3664.439	0.22	0.95	0.439	10.816	0.516
2530	1.832	0.46	-3685.188	-20.749	-3664.439	0.22	0.95	0.439	10.816	0.516
2540	1.84	0.454	-3685.031	-20.533	-3664.497	0.22	0.924	0.44	10.875	0.528
2550	1.847	0.454	-3685.031	-20.533	-3664.497	0.22	0.924	0.44	10.875	0.528
2560	1.854	0.462	-3684.902	-19.402	-3665.499	0.22	0.951	0.438	13.229	0.549
2570	1.862	0.461	-3685.663	-18.703	-3666.961	0.22	0.96	0.436	14.868	0.564
2580	1.869	0.461	-3685.663	-18.703	-3666.961	0.22	0.96	0.436	14.868	0.564
2590	1.876	0.461	-3685.663	-18.703	-3666.961	0.22	0.96	0.436	14.868	0.564
2600	1.884	0.461	-3685.663	-18.703	-3666.961	0.22	0.96	0.436	14.868	0.564
2610	1.891	0.461	-3685.663	-18.703	-3666.961	0.22	0.96	0.436	14.868	0.564
2620	1.898	0.461	-3685.663	-18.703	-3666.961	0.22	0.96	0.436	14.868	0.564
2630	1.905	0.461	-3685.663	-18.703	-3666.961	0.22	0.96	0.436	14.868	0.564
2640	1.912	0.501	-3685.914	-17.169	-3668.745	0.22	0.906	0.438	17.092	0.645
2650	1.919	0.48	-3684.059	-18.38	-3665.679	0.22	0.902	0.439	14.65	0.593
2660	1.926	0.48	-3684.059	-18.38	-3665.679	0.22	0.902	0.439	14.65	0.593
2670	1.933	0.48	-3684.059	-18.38	-3665.679	0.22	0.902	0.439	14.65	0.593
2680	1.941	0.482	-3684.09	-18.872	-3665.218	0.22	0.949	0.437	14.241	0.565
2690	1.948	0.482	-3684.09	-18.872	-3665.218	0.22	0.949	0.437	14.241	0.565
2700	1.956	0.482	-3684.09	-18.872	-3665.218	0.22	0.949	0.437	14.241	0.565
2710	1.965	0.455	-3686.86	-18.882	-3667.978	0.22	0.911	0.44	13.436	0.585
2720	1.974	0.468	-3683.683	-18.304	-3665.379	0.22	0.903	0.438	14.999	0.59
2730	1.983	0.468	-3683.683	-18.304	-3665.379	0.22	0.903	0.438	14.999	0.59
2740	1.992	0.468	-3683.683	-18.304	-3665.379	0.22	0.903	0.438	14.999	0.59
2750	2.0	0.468	-3683.683	-18.304	-3665.379	0.22	0.903	0.438	14.999	0.59
2760	2.009	0.479	-3686.258	-18.263	-3667.995	0.22	0.887	0.44	14.453	0.61
2770	2.018	0.514	-3688.451	-17.712	-3670.739	0.22	0.886	0.441	15.2	0.643
2780	2.026	0.514	-3688.451	-17.712	-3670.739	0.22	0.886	0.441	15.2	0.643
2790	2.035	0.515	-3688.298	-17.017	-3671.281	0.22	0.948	0.438	17.825	0.646
2800	2.044	0.509	-3686.984	-18.184	-3668.801	0.22	0.938	0.439	14.935	0.608
2810	2.053	0.509	-3686.984	-18.184	-3668.801	0.22	0.938	0.439	14.935	0.608
2820	2.062	0.509	-3686.984	-18.184	-3668.801	0.22	0.938	0.439	14.935	0.608
2830	2.071	0.509	-3686.984	-18.184	-3668.801	0.22	0.938	0.439	14.935	0.608
2840	2.08	0.524	-3688.551	-18.08	-3670.471	0.22	0.911	0.441	14.56	0.628
2850	2.089	0.475	-3684.897	-18.198	-3666.699	0.22	0.921	0.438	15.121	0.598
2860	2.097	0.475	-3684.897	-18.198	-3666.699	0.22	0.921	0.438	15.121	0.598
2870	2.106	0.475	-3684.897	-18.198	-3666.699	0.22	0.921	0.438	15.121	0.598
2880	2.115	0.464	-3684.617	-18.296	-3666.321	0.22	0.913	0.438	14.948	0.593
2890	2.124	0.467	-3685.535	-17.291	-3668.244	0.22	0.924	0.437	17.323	0.627
2900	2.132	0.467	-3683.249	-18.657	-3664.591	0.22	0.933	0.437	14.67	0.569
2910	2.141	0.467	-3683.249	-18.657	-3664.591	0.22	0.933	0.437	14.67	0.569
2920	2.15	0.467	-3683.249	-18.657	-3664.591	0.22	0.933	0.437	14.67	0.569
2930	2.159	0.467	-3683.249	-18.657	-3664.591	0.22	0.933	0.437	14.67	0.569
2940	2.168	0.467	-3683.249	-18.657	-3664.591	0.22	0.933	0.437	14.67	0.569
2950	2.177	0.474	-3684.979	-19.749	-3665.23	0.22	0.941	0.439	12.256	0.549
2960	2.186	0.474	-3684.979	-19.749	-3665.23	0.22	0.941	0.439	12.256	0.549
2970	2.195	0.466	-3684.394	-20.831	-3663.563	0.22	0.938	0.44	10.557	0.517
2980	2.204	0.466	-3684.394	-20.831	-3663.563	0.22	0.938	0.44	10.557	0.517
2990	2.212	0.466	-3684.394	-20.831	-3663.563	0.22	0.938	0.44	10.557	0.517
3000	2.221	0.473	-3684.703	-19.838	-3664.865	0.22	0.9	0.441	11.762	0.554
3010	2.23	0.486	-3686.176	-20.366	-3665.81	0.22	0.912	0.443	10.707	0.548
3020	2.239	0.486	-3686.176	-20.366	-3665.81	0.22	0.912	0.443	10.707	0.548
3030	2.248	0.479	-3686.515	-21.065	-3665.45	0.22	0.886	0.444	9.564	0.532
3040	2.257	0.479	-3686.515	-21.065	-3665.45	0.22	0.886	0.444	9.564	0.532
3050	2.266	0.477	-3684.871	-18.969	-3665.902	0.22	0.902	0.44	13.312	0.58
3060	2.275	0.477	-3684.871	-18.969	-3665.902	0.22	0.902	0.44	13.312	0.58
3070	2.283	0.477	-3684.871	-18.969	-3665.902	0.22	0.902	0.44	13.312	0.58
3080	2.292	0.477	-3684.871	-18.969	-3665.902	0.22	0.902	0.44	13.312	0.58
3090	2.301	0.477	-3684.871	-18.969	-3665.902	0.22	0.902	0.44	13.312	0.58
3100	2.31	0.477	-3684.871	-18.969	-3665.902	0.22	0.902	0.44	13.312	0.58
3110	2.319	0.477	-3684.871	-18.969	-3665.902	0.22	0.902	0.44	13.312	0.58
3120	2.328	0.465	-3686.956	-18.007	-3668.948	0.22	0.91	0.439	15.186	0.614
3130	2.337	0.465	-3686.956	-18.007	-3668.948	0.22	0.91	0.439	15.186	0.614
3140	2.346	0.457	-3687.916	-19.857	-3668.058	0.22	0.948	0.44	11.921	0.552
3150	2.355	0.457	-3687.916	-19.857	-3668.058	0.22	0.948	0.44	11.921	0.552
3160	2.363	0.457	-3687.916	-19.857	-3668.058	0.22	0.948	0.44	11.921	0.552
3170	2.372	0.467	-3684.196	-18.588	-3665.608	0.22	0.914	0.438	14.383	0.582
3180	2.381	0.467	-3684.196	-18.588	-3665.608	0.22	0.914	0.438	14.383	0.582
3190	2.39	0.486	-3687.134	-15.922	-3671.212	0.22	0.927	0.436	20.889	0.685
3200	2.399	0.5	-3685.812	-15.54	-3670.272	0.22	0.924	0.435	22.248	0.696
3210	2.408	0.5	-3685.812	-15.54	-3670.272	0.22	0.924	0.435	22.248	0.696
3220	2.417	0.506	-3690.028	-16.167	-3673.861	0.22	0.958	0.436	20.421	0.674
3230	2.425	0.491	-3686.644	-15.944	-3670.7	0.22	0.963	0.434	22.16	0.657
3240	2.434	0.491	-3686.644	-15.944	-3670.7	0.22	0.963	0.434	22.16	0.657
3250	2.443	0.491	-3686.644	-15.944	-3670.7	0.22	0.963	0.434	22.16	0.657
3260	2.452	0.51	-3686.795	-16.305	-3670.489	0.22	0.919	0.437	19.47	0.676
3270	2.461	0.521	-3687.322	-15.912	-3671.411	0.22	0.922	0.437	20.586	0.694
3280	2.47	0.505	-3687.409	-15.672	-3671.737	0.22	0.947	0.435	22.098	0.687
3290	2.479	0.505	-3687.409	-15.672	-3671.737	0.22	0.947	0.435	22.098	0.687
3300	2.488	0.506	-3687.703	-15.042	-3672.661	0.22	0.95	0.434	24.436	0.71
3310	2.496	0.511	-3686.886	-15.824	-3671.062	0.22	0.939	0.436	21.392	0.685
3320	2.505	0.511	-3686.886	-15.824	-3671.062	0.22	0.939	0.436	21.392	0.685
3330	2.514	0.511	-3686.886	-15.824	-3671.062	0.22	0.939	0.436	21.392	0.685
3340	2.523	0.511	-3686.886	-15.824	-3671.062	0.22	0.939	0.436	21.392	0.685
3350	2.531	0.511	-3686.886	-15.824	-3671.062	0.22	0.939	0.436	21.392	0.685
3360	2.54	0.511	-3686.886	-15.824	-3671.062	0.22	0.939	0.436	21.392	0.685
3370	2.549	0.507	-3686.662	-16.037	-3670.625	0.22	0.924	0.437	20.418	0.683
3380	2.558	0.507	-3686.662	-16.037	-3670.625	0.22	0.924	0.437	20.418	0.683
3390	2.566	0.507	-3686.662	-16.037	-3670.625	0.22	0.924	0.437	20.418	0.683
3400	2.575	0.517	-3687.129	-15.94	-3671.189	0.22	0.905	0.437	20.257	0.697
3410	2.584	0.5	-3687.148	-15.747	-3671.401	0.22	0.915	0.436	21.117	0.699
3420	2.593	0.5	-3687.148	-15.747	-3671.401	0.22	0.915	0.436	21.117	0.699
3430	2.602	0.494	-3687.62	-15.393	-3672.228	0.22	0.91	0.436	22.146	0.716
3440	2.611	0.488	-3688.891	-15.468	-3673.423	0.22	0.879	0.437	21.298	0.726
3450	2.619	0.488	-3688.891	-15.468	-3673.423	0.22	0.879	0.437	21.298	0.726
3460	2.628	0.496	-3688.259	-14.13	-3674.129	0.22	0.935	0.434	27.512	0.759
3470	2.637	0.496	-3688.259	-14.13	-3674.129	0.22	0.935	0.434	27.512	0.759
3480	2.646	0.496	-3688.259	-14.13	-3674.129	0.22	0.935	0.434	27.512	0.759
3490	2.655	0.496	-3688.259	-14.13	-3674.129	0.22	0.935	0.434	27.512	0.759
3500	2.663	0.496	-3688.259	-14.13	-3674.129	0.22	0.935	0.434	27.512	0.759
3510	2.672	0.496	-3688.259	-14.13	-3674.129	0.22	0.935	0.434	27.512	0.759
3520	2.681	0.496	-3688.259	-14.13	-3674.129	0.22	0.935	0.434	27.512	0.759
3530	2.69	0.496	-3688.259	-14.13	-3674.129	0.22	0.935	0.434	27.512	0.759
3540	2.698	0.496	-3688.259	-14.13	-3674.129	0.22	0.935	0.434	27.512	0.759
3550	2.707	0.496	-3688.259	-14.13	-3674.129	0.22	0.935	0.434	27.512	0.759
3560	2.716	0.496	-3688.259	-14.13	-3674.129	0.22	0.935	0.434	27.512	0.759
3570	2.724	0.496	-3688.259	-14.13	-3674.129	0.22	0.935	0.434	27.512	0.759
3580	2.733	0.496	-3688.259	-14.13	-3674.129	0.22	0.935	0.434	27.512	0.759
3590	2.741	0.496	-3688.259	-14.13	-3674.129	0.22	0.935	0.434	27.512	0.759
3600	2.75	0.496	-3688.259	-14.13	-3674.129	0.22	0.935	0.434	27.512	0.759
3610	2.759	0.506	-3688.895	-13.856	-3675.04	0.22	0.932	0.434	28.372	0.779
3620	2.768	0.503	-3688.914	-13.933	-3674.981	0.22	0.922	0.434	27.724	0.781
3630	2.777	0.503	-3688.914	-13.933	-3674.981	0.22	0.922	0.434	27.724	0.781
3640	2.786	0.503	-3688.914	-13.933	-3674.981	0.22	0.922	0.434	27.724	0.781
3650	2.795	0.503	-3688.914	-13.933	-3674.981	0.22	0.922	0.434	27.724	0.781
3660	2.803	0.503	-3688.914	-13.933	-3674.981	0.22	0.922	0.434	27.724	0.781
3670	2.812	0.503	-3688.914	-13.933	-3674.981	0.22	0.922	0.434	27.724	0.781
3680	2.821	0.503	-3688.914	-13.933	-3674.981	0.22	0.922	0.434	27.724	0.781
3690	2.83	0.503	-3688.914	-13.933	-3674.981	0.22	0.922	0.434	27.724	0.781
3700	2.839	0.509	-3689.676	-13.923	-3675.753	0.22	0.913	0.435	27.309	0.792
3710	2.848	0.509	-3689.676	-13.923	-3675.753	0.22	0.913	0.435	27.309	0.792
3720	2.857	0.492	-3688.549	-15.042	-3673.508	0.22	0.941	0.435	24.008	0.719
3730	2.866	0.492	-3688.549	-15.042	-3673.508	0.22	0.941	0.435	24.008	0.719
3740	2.875	0.492	-3688.549	-15.042	-3673.508	0.22	0.941	0.435	24.008	0.719
3750	2.884	0.477	-3689.296	-15.646	-3673.65	0.22	0.903	0.437	21.018	0.713
3760	2.892	0.482	-3685.184	-15.994	-3669.19	0.22	0.946	0.435	21.662	0.66
3770	2.901	0.482	-3685.184	-15.994	-3669.19	0.22	0.946	0.435	21.662	0.66
3780	2.91	0.482	-3685.184	-15.994	-3669.19	0.22	0.946	0.435	21.662	0.66
3790	2.919	0.482	-3685.184	-15.994	-3669.19	0.22	0.946	0.435	21.662	0.66
3800	2.928	0.482	-3685.184	-15.994	-3669.19	0.22	0.946	0.435	21.662	0.66
3810	2.937	0.482	-3685.184	-15.994	-3669.19	0.22	0.946	0.435	21.662	0.66
3820	2.946	0.482	-3685.184	-15.994	-3669.19	0.22	0.946	0.435	21.662	0.66
3830	2.954	0.482	-3685.184	-15.994	-3669.19	0.22	0.946	0.435	21.662	0.66
3840	2.963	0.479	-3684.708	-16.807	-3667.901	0.22	0.948	0.435	19.289	0.629
3850	2.971	0.479	-3684.708	-16.807	-3667.901	0.22	0.948	0.435	19.289	0.629
3860	2.98	0.479	-3684.708	-16.807	-3667.901	0.22	0.948	0.435	19.289	0.629
3870	2.988	0.479	-3684.708	-16.807	-3667.901	0.22	0.948	0.435	19.289	0.629
3880	2.996	0.473	-3683.118	-17.333	-3665.785	0.22	0.925	0.436	17.681	0.612
3890	3.004	0.473	-3683.118	-17.333	-3665.785	0.22	0.925	0.436	17.681	0.612
3900	3.013	0.473	-3683.118	-17.333	-3665.785	0.22	0.925	0.436	17.681	0.612
3910	3.021	0.473	-3683.118	-17.333	-3665.785	0.22	0.925	0.436	17.681	0.612
3920	3.029	0.473	-3683.118	-17.333	-3665.785	0.22	0.925	0.436	17.681	0.612
3930	3.038	0.475	-3684.044	-17.172	-3666.871	0.22	0.932	0.436	18.003	0.621
3940	3.046	0.475	-3684.044	-17.172	-3666.871	0.22	0.932	0.436	18.003	0.621
3950	3.054	0.504	-3685.418	-16.841	-3668.577	0.22	0.934	0.437	18.468	0.645
3960	3.063	0.504	-3685.418	-16.841	-3668.577	0.22	0.934	0.437	18.468	0.645
3970	3.071	0.504	-3685.418	-16.841	-3668.577	0.22	0.934	0.437	18.468	0.645
3980	3.079	0.504	-3685.418	-16.841	-3668.577	0.22	0.934	0.437	18.468	0.645
3990	3.087	0.5	-3685.582	-16.754	-3668.828	0.22	0.918	0.437	18.416	0.654
