iter	hours	assortment	log_posterior	log_prior	loglik	missing	mixture	scale	shape
0	0.001	0.603	-3646.873	-11.227	-3635.646	0.32	1.0	38.774	0.521
100	0.07	0.533	-3633.463	-10.837	-3622.626	0.32	1.0	40.65	0.603
200	0.139	0.643	-3636.663	-10.885	-3625.778	0.32	1.0	41.165	0.554
300	0.208	0.487	-3627.874	-13.85	-3614.024	0.32	1.0	21.614	0.508
400	0.275	0.579	-3612.553	-24.942	-3587.611	0.32	1.0	2.553	0.364
500	0.343	0.536	-3611.397	-22.419	-3588.977	0.32	1.0	4.053	0.396
600	0.412	0.536	-3611.397	-22.419	-3588.977	0.32	1.0	4.053	0.396
700	0.494	0.552	-3608.961	-23.652	-3585.309	0.32	1.0	3.262	0.373
800	0.576	0.552	-3608.961	-23.652	-3585.309	0.32	1.0	3.262	0.373
900	0.647	0.552	-3608.961	-23.652	-3585.309	0.32	1.0	3.262	0.373
1000	0.734	0.552	-3608.961	-23.652	-3585.309	0.32	1.0	3.262	0.373
1100	0.814	0.54	-3610.473	-22.747	-3587.726	0.32	1.0	3.827	0.389
1200	0.883	0.54	-3610.473	-22.747	-3587.726	0.32	1.0	3.827	0.389
1300	0.95	0.54	-3610.473	-22.747	-3587.726	0.32	1.0	3.827	0.389
1400	1.018	0.542	-3608.593	-21.454	-3587.139	0.32	1.0	4.88	0.404
1500	1.087	0.542	-3608.593	-21.454	-3587.139	0.32	1.0	4.88	0.404
1600	1.16	0.542	-3608.593	-21.454	-3587.139	0.32	1.0	4.88	0.404
1700	1.247	0.542	-3608.593	-21.454	-3587.139	0.32	1.0	4.88	0.404
1800	1.315	0.542	-3608.593	-21.454	-3587.139	0.32	1.0	4.88	0.404
1900	1.384	0.559	-3608.01	-22.811	-3585.199	0.32	1.0	3.814	0.383
2000	1.453	0.559	-3608.01	-22.811	-3585.199	0.32	1.0	3.814	0.383
2100	1.525	0.559	-3608.01	-22.811	-3585.199	0.32	1.0	3.814	0.383
2200	1.604	0.559	-3608.01	-22.811	-3585.199	0.32	1.0	3.814	0.383
2300	1.679	0.546	-3609.157	-22.261	-3586.896	0.32	1.0	4.2	0.393
2400	1.747	0.546	-3609.157	-22.261	-3586.896	0.32	1.0	4.2	0.393
2500	1.816	0.544	-3611.968	-22.196	-3589.772	0.32	1.0	4.215	0.4
2600	1.893	0.548	-3608.569	-22.137	-3586.433	0.32	1.0	4.305	0.394
2700	1.975	0.548	-3608.569	-22.137	-3586.433	0.32	1.0	4.305	0.394
2800	2.055	0.548	-3608.569	-22.137	-3586.433	0.32	1.0	4.305	0.394
2900	2.127	0.545	-3608.594	-22.182	-3586.412	0.32	1.0	4.269	0.393
3000	2.201	0.545	-3608.594	-22.182	-3586.412	0.32	1.0	4.269	0.393
3100	2.272	0.545	-3608.594	-22.182	-3586.412	0.32	1.0	4.269	0.393
3200	2.342	0.545	-3609.285	-21.492	-3587.794	0.32	1.0	4.835	0.405
3300	2.411	0.553	-3608.717	-22.666	-3586.051	0.32	1.0	3.906	0.386
3400	2.481	0.553	-3608.717	-22.666	-3586.051	0.32	1.0	3.906	0.386
3500	2.555	0.544	-3609.348	-21.947	-3587.401	0.32	1.0	4.446	0.398
3600	2.644	0.544	-3609.348	-21.947	-3587.401	0.32	1.0	4.446	0.398
3700	2.715	0.544	-3609.348	-21.947	-3587.401	0.32	1.0	4.446	0.398
3800	2.783	0.544	-3609.348	-21.947	-3587.401	0.32	1.0	4.446	0.398
3900	2.853	0.552	-3608.145	-22.439	-3585.706	0.32	1.0	4.079	0.388
4000	2.923	0.555	-3607.861	-23.06	-3584.8	0.32	1.0	3.647	0.379
4100	2.994	0.555	-3607.861	-23.06	-3584.8	0.32	1.0	3.647	0.379
4200	3.07	0.555	-3607.861	-23.06	-3584.8	0.32	1.0	3.647	0.379
4300	3.139	0.555	-3607.861	-23.06	-3584.8	0.32	1.0	3.647	0.379
4400	3.208	0.555	-3607.861	-23.06	-3584.8	0.32	1.0	3.647	0.379
4500	3.278	0.555	-3607.861	-23.06	-3584.8	0.32	1.0	3.647	0.379
4600	3.347	0.555	-3607.861	-23.06	-3584.8	0.32	1.0	3.647	0.379
4700	3.416	0.555	-3607.861	-23.06	-3584.8	0.32	1.0	3.647	0.379
4800	3.484	0.555	-3607.861	-23.06	-3584.8	0.32	1.0	3.647	0.379
4900	3.557	0.555	-3607.861	-23.06	-3584.8	0.32	1.0	3.647	0.379
5000	3.632	0.543	-3608.344	-21.462	-3586.882	0.32	1.0	4.877	0.403
5100	3.707	0.543	-3608.344	-21.462	-3586.882	0.32	1.0	4.877	0.403
5200	3.777	0.538	-3609.577	-21.348	-3588.228	0.32	1.0	4.961	0.407
5300	3.856	0.561	-3610.615	-22.917	-3587.698	0.32	1.0	3.708	0.387
5400	3.936	0.554	-3608.306	-23.027	-3585.279	0.32	1.0	3.663	0.38
5500	4.004	0.562	-3609.89	-22.393	-3587.496	0.32	1.0	4.089	0.393
5600	4.072	0.577	-3609.027	-25.261	-3583.766	0.32	1.0	2.445	0.352
5700	4.141	0.577	-3609.027	-25.261	-3583.766	0.32	1.0	2.445	0.352
5800	4.21	0.537	-3609.979	-20.878	-3589.101	0.32	1.0	5.406	0.415
5900	4.279	0.537	-3609.979	-20.878	-3589.101	0.32	1.0	5.406	0.415
6000	4.349	0.538	-3610.415	-22.316	-3588.098	0.32	1.0	4.142	0.395
6100	4.418	0.538	-3610.415	-22.316	-3588.098	0.32	1.0	4.142	0.395
6200	4.488	0.565	-3608.426	-24.426	-3584.0	0.32	1.0	2.845	0.361
6300	4.557	0.565	-3608.426	-24.426	-3584.0	0.32	1.0	2.845	0.361
6400	4.628	0.571	-3608.981	-25.376	-3583.605	0.32	1.0	2.395	0.35
6500	4.71	0.571	-3608.981	-25.376	-3583.605	0.32	1.0	2.395	0.35
6600	4.778	0.563	-3608.559	-23.83	-3584.729	0.32	1.0	3.164	0.37
6700	4.842	0.534	-3612.408	-23.242	-3589.166	0.32	1.0	3.478	0.386
6800	4.907	0.54	-3611.602	-23.78	-3587.822	0.32	1.0	3.16	0.377
6900	4.976	0.557	-3608.903	-23.64	-3585.263	0.32	1.0	3.27	0.373
7000	5.052	0.56	-3608.028	-23.573	-3584.455	0.32	1.0	3.322	0.372
7100	5.134	0.553	-3608.264	-22.774	-3585.49	0.32	1.0	3.836	0.384
7200	5.212	0.553	-3608.264	-22.774	-3585.49	0.32	1.0	3.836	0.384
7300	5.293	0.564	-3608.351	-23.645	-3584.706	0.32	1.0	3.275	0.372
7400	5.363	0.569	-3608.783	-24.935	-3583.848	0.32	1.0	2.593	0.356
7500	5.428	0.569	-3608.783	-24.935	-3583.848	0.32	1.0	2.593	0.356
7600	5.49	0.551	-3608.631	-22.583	-3586.048	0.32	1.0	3.966	0.387
7700	5.564	0.551	-3608.631	-22.583	-3586.048	0.32	1.0	3.966	0.387
7800	5.632	0.55	-3609.741	-23.774	-3585.967	0.32	1.0	3.182	0.374
7900	5.701	0.533	-3610.434	-22.076	-3588.357	0.32	1.0	4.329	0.398
8000	5.779	0.557	-3608.623	-22.87	-3585.752	0.32	1.0	3.764	0.383
8100	5.848	0.557	-3608.623	-22.87	-3585.752	0.32	1.0	3.764	0.383
8200	5.915	0.568	-3610.86	-21.815	-3589.045	0.32	1.0	4.536	0.403
8300	5.982	0.558	-3610.122	-23.419	-3586.703	0.32	1.0	3.389	0.379
8400	6.05	0.564	-3608.591	-23.504	-3585.087	0.32	1.0	3.356	0.374
8500	6.133	0.544	-3608.478	-22.044	-3586.434	0.32	1.0	4.38	0.395
8600	6.22	0.544	-3608.478	-22.044	-3586.434	0.32	1.0	4.38	0.395
8700	6.306	0.544	-3608.478	-22.044	-3586.434	0.32	1.0	4.38	0.395
8800	6.389	0.544	-3608.478	-22.044	-3586.434	0.32	1.0	4.38	0.395
8900	6.466	0.544	-3608.478	-22.044	-3586.434	0.32	1.0	4.38	0.395
9000	6.548	0.586	-3610.935	-24.089	-3586.847	0.32	1.0	2.996	0.371
9100	6.628	0.586	-3610.935	-24.089	-3586.847	0.32	1.0	2.996	0.371
9200	6.712	0.586	-3610.935	-24.089	-3586.847	0.32	1.0	2.996	0.371
9300	6.798	0.57	-3609.762	-23.989	-3585.773	0.32	1.0	3.061	0.371
9400	6.885	0.57	-3609.762	-23.989	-3585.773	0.32	1.0	3.061	0.371
9500	6.97	0.57	-3609.762	-23.989	-3585.773	0.32	1.0	3.061	0.371
9600	7.055	0.55	-3608.975	-23.523	-3585.451	0.32	1.0	3.339	0.375
9700	7.141	0.55	-3608.975	-23.523	-3585.451	0.32	1.0	3.339	0.375
9800	7.22	0.577	-3610.088	-25.094	-3584.995	0.32	1.0	2.506	0.357
9900	7.305	0.577	-3610.088	-25.094	-3584.995	0.32	1.0	2.506	0.357
10000	7.383	0.577	-3610.088	-25.094	-3584.995	0.32	1.0	2.506	0.357
10100	7.468	0.577	-3612.373	-23.514	-3588.859	0.32	1.0	3.309	0.382
10200	7.54	0.591	-3613.535	-23.587	-3589.948	0.32	1.0	3.257	0.383
10300	7.625	0.577	-3610.871	-23.654	-3587.217	0.32	1.0	3.24	0.377
10400	7.709	0.577	-3610.871	-23.654	-3587.217	0.32	1.0	3.24	0.377
10500	7.795	0.569	-3609.556	-23.142	-3586.414	0.32	1.0	3.571	0.382
10600	7.88	0.569	-3609.556	-23.142	-3586.414	0.32	1.0	3.571	0.382
10700	7.965	0.564	-3609.767	-22.656	-3587.11	0.32	1.0	3.899	0.389
10800	8.05	0.551	-3608.358	-22.765	-3585.594	0.32	1.0	3.841	0.384
10900	8.135	0.551	-3608.358	-22.765	-3585.594	0.32	1.0	3.841	0.384
11000	8.222	0.551	-3608.358	-22.765	-3585.594	0.32	1.0	3.841	0.384
11100	8.307	0.551	-3608.358	-22.765	-3585.594	0.32	1.0	3.841	0.384
11200	8.393	0.551	-3608.358	-22.765	-3585.594	0.32	1.0	3.841	0.384
11300	8.479	0.551	-3608.358	-22.765	-3585.594	0.32	1.0	3.841	0.384
11400	8.564	0.558	-3609.323	-24.284	-3585.039	0.32	1.0	2.907	0.366
11500	8.64	0.558	-3609.323	-24.284	-3585.039	0.32	1.0	2.907	0.366
11600	8.726	0.558	-3609.323	-24.284	-3585.039	0.32	1.0	2.907	0.366
11700	8.809	0.548	-3608.948	-21.232	-3587.716	0.32	1.0	5.078	0.408
11800	8.895	0.548	-3608.948	-21.232	-3587.716	0.32	1.0	5.078	0.408
11900	8.975	0.548	-3608.948	-21.232	-3587.716	0.32	1.0	5.078	0.408
12000	9.06	0.562	-3610.21	-22.745	-3587.465	0.32	1.0	3.831	0.389
12100	9.131	0.548	-3609.017	-21.521	-3587.496	0.32	1.0	4.813	0.404
12200	9.202	0.548	-3609.017	-21.521	-3587.496	0.32	1.0	4.813	0.404
12300	9.287	0.557	-3609.577	-22.142	-3587.435	0.32	1.0	4.286	0.396
12400	9.372	0.559	-3608.821	-22.227	-3586.594	0.32	1.0	4.23	0.393
12500	9.455	0.559	-3608.821	-22.227	-3586.594	0.32	1.0	4.23	0.393
12600	9.536	0.556	-3608.399	-22.505	-3585.894	0.32	1.0	4.026	0.388
12700	9.621	0.556	-3608.399	-22.505	-3585.894	0.32	1.0	4.026	0.388
12800	9.694	0.541	-3608.553	-21.565	-3586.988	0.32	1.0	4.782	0.402
12900	9.768	0.534	-3609.722	-20.747	-3588.975	0.32	1.0	5.543	0.417
13000	9.845	0.534	-3609.722	-20.747	-3588.975	0.32	1.0	5.543	0.417
13100	9.918	0.534	-3609.722	-20.747	-3588.975	0.32	1.0	5.543	0.417
13200	9.994	0.534	-3609.722	-20.747	-3588.975	0.32	1.0	5.543	0.417
13300	10.069	0.544	-3608.907	-21.036	-3587.87	0.32	1.0	5.265	0.411
13400	10.139	0.544	-3608.907	-21.036	-3587.87	0.32	1.0	5.265	0.411
13500	10.206	0.544	-3608.907	-21.036	-3587.87	0.32	1.0	5.265	0.411
13600	10.275	0.544	-3608.907	-21.036	-3587.87	0.32	1.0	5.265	0.411
13700	10.344	0.544	-3608.907	-21.036	-3587.87	0.32	1.0	5.265	0.411
13800	10.417	0.542	-3608.654	-21.718	-3586.936	0.32	1.0	4.647	0.4
13900	10.484	0.542	-3608.654	-21.718	-3586.936	0.32	1.0	4.647	0.4
14000	10.552	0.542	-3608.654	-21.718	-3586.936	0.32	1.0	4.647	0.4
14100	10.62	0.542	-3608.654	-21.718	-3586.936	0.32	1.0	4.647	0.4
14200	10.695	0.542	-3608.654	-21.718	-3586.936	0.32	1.0	4.647	0.4
14300	10.768	0.547	-3608.617	-22.101	-3586.516	0.32	1.0	4.332	0.394
14400	10.852	0.547	-3608.617	-22.101	-3586.516	0.32	1.0	4.332	0.394
14500	10.937	0.547	-3608.617	-22.101	-3586.516	0.32	1.0	4.332	0.394
14600	11.022	0.547	-3608.617	-22.101	-3586.516	0.32	1.0	4.332	0.394
14700	11.104	0.547	-3608.617	-22.101	-3586.516	0.32	1.0	4.332	0.394
14800	11.182	0.547	-3608.617	-22.101	-3586.516	0.32	1.0	4.332	0.394
14900	11.264	0.547	-3608.617	-22.101	-3586.516	0.32	1.0	4.332	0.394
15000	11.35	0.56	-3611.179	-22.442	-3588.738	0.32	1.0	4.038	0.395
15100	11.428	0.56	-3611.179	-22.442	-3588.738	0.32	1.0	4.038	0.395
15200	11.498	0.546	-3610.989	-23.992	-3586.997	0.32	1.0	3.046	0.373
15300	11.566	0.55	-3609.619	-23.568	-3586.05	0.32	1.0	3.304	0.376
15400	11.633	0.621	-3618.628	-21.826	-3596.803	0.32	1.0	4.612	0.39
15500	11.708	0.623	-3615.409	-19.913	-3595.496	0.32	1.0	6.723	0.4
15600	11.777	0.639	-3615.98	-19.066	-3596.913	0.32	1.0	7.891	0.411
15700	11.844	0.633	-3615.902	-16.775	-3599.127	0.32	1.0	12.169	0.449
15800	11.911	0.634	-3616.482	-16.072	-3600.41	0.32	1.0	13.879	0.466
15900	11.978	0.609	-3615.122	-17.607	-3597.516	0.32	1.0	10.307	0.441
16000	12.045	0.591	-3615.199	-19.706	-3595.493	0.32	1.0	6.907	0.412
16100	12.12	0.61	-3618.756	-20.066	-3598.69	0.32	1.0	6.364	0.418
16200	12.19	0.649	-3617.613	-19.434	-3598.179	0.32	1.0	7.276	0.415
16300	12.257	0.658	-3617.591	-16.275	-3601.316	0.32	1.0	13.471	0.452
16400	12.324	0.647	-3617.347	-21.339	-3596.009	0.32	1.0	5.222	0.373
16500	12.391	0.629	-3615.785	-18.277	-3597.508	0.32	1.0	9.09	0.429
16600	12.455	0.568	-3617.178	-20.656	-3596.522	0.32	1.0	5.709	0.408
16700	12.518	0.53	-3612.939	-22.789	-3590.15	0.32	1.0	3.774	0.393
16800	12.582	0.53	-3612.939	-22.789	-3590.15	0.32	1.0	3.774	0.393
16900	12.645	0.563	-3610.336	-24.314	-3586.022	0.32	1.0	2.88	0.368
17000	12.715	0.59	-3610.652	-26.012	-3584.64	0.32	1.0	2.124	0.346
17100	12.793	0.591	-3611.665	-26.057	-3585.608	0.32	1.0	2.099	0.347
17200	12.859	0.582	-3610.766	-27.038	-3583.728	0.32	1.0	1.77	0.333
17300	12.944	0.572	-3610.137	-22.86	-3587.277	0.32	1.0	3.753	0.387
17400	13.013	0.558	-3608.497	-22.662	-3585.835	0.32	1.0	3.911	0.386
17500	13.084	0.558	-3608.497	-22.662	-3585.835	0.32	1.0	3.911	0.386
17600	13.153	0.558	-3608.497	-22.662	-3585.835	0.32	1.0	3.911	0.386
17700	13.217	0.536	-3611.242	-23.322	-3587.92	0.32	1.0	3.438	0.383
17800	13.282	0.576	-3611.204	-27.045	-3584.159	0.32	1.0	1.763	0.335
17900	13.355	0.553	-3610.794	-21.736	-3589.059	0.32	1.0	4.602	0.404
18000	13.438	0.562	-3610.598	-25.085	-3585.512	0.32	1.0	2.504	0.358
18100	13.521	0.562	-3610.598	-25.085	-3585.512	0.32	1.0	2.504	0.358
18200	13.587	0.563	-3610.556	-25.873	-3584.683	0.32	1.0	2.175	0.348
18300	13.663	0.547	-3611.582	-24.509	-3587.073	0.32	1.0	2.769	0.368
18400	13.74	0.568	-3611.149	-22.794	-3588.355	0.32	1.0	3.787	0.39
18500	13.806	0.575	-3609.984	-24.255	-3585.729	0.32	1.0	2.915	0.367
18600	13.871	0.575	-3609.984	-24.255	-3585.729	0.32	1.0	2.915	0.367
18700	13.936	0.547	-3611.184	-21.801	-3589.384	0.32	1.0	4.543	0.404
18800	14.003	0.551	-3611.745	-23.247	-3588.498	0.32	1.0	3.479	0.385
18900	14.067	0.569	-3609.332	-24.595	-3584.737	0.32	1.0	2.749	0.362
19000	14.134	0.561	-3608.969	-23.235	-3585.734	0.32	1.0	3.518	0.379
19100	14.201	0.561	-3608.969	-23.235	-3585.734	0.32	1.0	3.518	0.379
19200	14.268	0.561	-3608.969	-23.235	-3585.734	0.32	1.0	3.518	0.379
19300	14.332	0.538	-3609.222	-20.851	-3588.371	0.32	1.0	5.445	0.414
19400	14.397	0.529	-3611.106	-21.668	-3589.438	0.32	1.0	4.659	0.406
19500	14.461	0.547	-3608.66	-21.356	-3587.304	0.32	1.0	4.967	0.405
19600	14.524	0.547	-3608.66	-21.356	-3587.304	0.32	1.0	4.967	0.405
19700	14.588	0.547	-3608.66	-21.356	-3587.304	0.32	1.0	4.967	0.405
19800	14.651	0.547	-3608.66	-21.356	-3587.304	0.32	1.0	4.967	0.405
19900	14.715	0.547	-3608.66	-21.356	-3587.304	0.32	1.0	4.967	0.405
20000	14.778	0.547	-3608.66	-21.356	-3587.304	0.32	1.0	4.967	0.405
20100	14.841	0.547	-3608.66	-21.356	-3587.304	0.32	1.0	4.967	0.405
20200	14.908	0.547	-3608.66	-21.356	-3587.304	0.32	1.0	4.967	0.405
20300	14.972	0.544	-3609.402	-21.843	-3587.559	0.32	1.0	4.531	0.4
20400	15.041	0.556	-3607.965	-22.538	-3585.427	0.32	1.0	4.009	0.386
20500	15.105	0.556	-3607.965	-22.538	-3585.427	0.32	1.0	4.009	0.386
20600	15.181	0.556	-3607.965	-22.538	-3585.427	0.32	1.0	4.009	0.386
20700	15.249	0.556	-3607.965	-22.538	-3585.427	0.32	1.0	4.009	0.386
20800	15.328	0.556	-3607.965	-22.538	-3585.427	0.32	1.0	4.009	0.386
20900	15.411	0.542	-3609.293	-22.505	-3586.787	0.32	1.0	4.015	0.39
21000	15.493	0.553	-3608.949	-22.0	-3586.949	0.32	1.0	4.408	0.397
21100	15.577	0.553	-3608.949	-22.0	-3586.949	0.32	1.0	4.408	0.397
21200	15.66	0.558	-3607.944	-23.069	-3584.874	0.32	1.0	3.64	0.379
21300	15.743	0.558	-3607.944	-23.069	-3584.874	0.32	1.0	3.64	0.379
21400	15.828	0.558	-3607.944	-23.069	-3584.874	0.32	1.0	3.64	0.379
21500	15.911	0.558	-3607.944	-23.069	-3584.874	0.32	1.0	3.64	0.379
21600	15.995	0.558	-3607.944	-23.069	-3584.874	0.32	1.0	3.64	0.379
21700	16.08	0.56	-3610.244	-21.772	-3588.472	0.32	1.0	4.579	0.403
21800	16.164	0.581	-3609.644	-23.994	-3585.65	0.32	1.0	3.061	0.37
21900	16.247	0.578	-3610.502	-26.416	-3584.087	0.32	1.0	1.978	0.341
22000	16.33	0.568	-3608.962	-24.329	-3584.633	0.32	1.0	2.888	0.364
22100	16.414	0.573	-3608.721	-25.241	-3583.479	0.32	1.0	2.457	0.351
22200	16.495	0.573	-3608.721	-25.241	-3583.479	0.32	1.0	2.457	0.351
22300	16.578	0.582	-3610.991	-23.046	-3587.945	0.32	1.0	3.619	0.386
22400	16.662	0.552	-3610.352	-22.709	-3587.644	0.32	1.0	3.855	0.39
22500	16.747	0.556	-3610.073	-21.718	-3588.355	0.32	1.0	4.626	0.403
22600	16.83	0.572	-3610.915	-22.304	-3588.611	0.32	1.0	4.145	0.396
22700	16.913	0.563	-3610.452	-24.867	-3585.585	0.32	1.0	2.606	0.361
22800	16.996	0.543	-3610.817	-23.5	-3587.317	0.32	1.0	3.333	0.379
22900	17.08	0.583	-3611.218	-22.715	-3588.503	0.32	1.0	3.842	0.391
23000	17.161	0.555	-3607.992	-23.012	-3584.98	0.32	1.0	3.677	0.38
23100	17.244	0.555	-3607.992	-23.012	-3584.98	0.32	1.0	3.677	0.38
23200	17.327	0.555	-3607.992	-23.012	-3584.98	0.32	1.0	3.677	0.38
23300	17.409	0.555	-3607.992	-23.012	-3584.98	0.32	1.0	3.677	0.38
23400	17.493	0.555	-3607.992	-23.012	-3584.98	0.32	1.0	3.677	0.38
23500	17.576	0.555	-3607.992	-23.012	-3584.98	0.32	1.0	3.677	0.38
23600	17.657	0.555	-3607.992	-23.012	-3584.98	0.32	1.0	3.677	0.38
23700	17.725	0.541	-3609.208	-20.975	-3588.234	0.32	1.0	5.321	0.412
23800	17.79	0.541	-3609.208	-20.975	-3588.234	0.32	1.0	5.321	0.412
23900	17.855	0.541	-3609.208	-20.975	-3588.234	0.32	1.0	5.321	0.412
24000	17.92	0.541	-3609.208	-20.975	-3588.234	0.32	1.0	5.321	0.412
24100	17.986	0.554	-3609.348	-23.572	-3585.776	0.32	1.0	3.305	0.375
24200	18.052	0.546	-3610.844	-24.198	-3586.647	0.32	1.0	2.936	0.37
24300	18.119	0.558	-3609.063	-23.236	-3585.827	0.32	1.0	3.516	0.379
24400	18.199	0.564	-3609.937	-22.59	-3587.347	0.32	1.0	3.944	0.39
24500	18.268	0.57	-3608.709	-24.21	-3584.499	0.32	1.0	2.954	0.365
24600	18.333	0.57	-3608.709	-24.21	-3584.499	0.32	1.0	2.954	0.365
24700	18.398	0.57	-3612.508	-24.592	-3587.917	0.32	1.0	2.719	0.368
24800	18.464	0.55	-3609.127	-22.903	-3586.224	0.32	1.0	3.735	0.384
24900	18.529	0.55	-3609.127	-22.903	-3586.224	0.32	1.0	3.735	0.384
25000	18.608	0.55	-3609.127	-22.903	-3586.224	0.32	1.0	3.735	0.384
25100	18.691	0.55	-3609.127	-22.903	-3586.224	0.32	1.0	3.735	0.384
25200	18.755	0.547	-3610.667	-23.332	-3587.335	0.32	1.0	3.437	0.381
25300	18.819	0.547	-3610.667	-23.332	-3587.335	0.32	1.0	3.437	0.381
25400	18.888	0.544	-3609.818	-22.389	-3587.429	0.32	1.0	4.094	0.393
25500	18.967	0.563	-3608.337	-23.411	-3584.926	0.32	1.0	3.416	0.375
25600	19.034	0.572	-3608.661	-24.246	-3584.415	0.32	1.0	2.935	0.364
25700	19.099	0.572	-3608.661	-24.246	-3584.415	0.32	1.0	2.935	0.364
25800	19.165	0.572	-3608.661	-24.246	-3584.415	0.32	1.0	2.935	0.364
25900	19.229	0.567	-3608.174	-24.152	-3584.022	0.32	1.0	2.992	0.364
26000	19.294	0.567	-3608.174	-24.152	-3584.022	0.32	1.0	2.992	0.364
26100	19.359	0.567	-3608.174	-24.152	-3584.022	0.32	1.0	2.992	0.364
26200	19.426	0.567	-3608.174	-24.152	-3584.022	0.32	1.0	2.992	0.364
26300	19.492	0.56	-3609.663	-23.87	-3585.792	0.32	1.0	3.128	0.372
26400	19.558	0.571	-3609.626	-23.337	-3586.289	0.32	1.0	3.446	0.379
26500	19.623	0.571	-3609.626	-23.337	-3586.289	0.32	1.0	3.446	0.379
26600	19.687	0.557	-3608.161	-23.347	-3584.814	0.32	1.0	3.458	0.376
26700	19.752	0.564	-3608.798	-24.368	-3584.43	0.32	1.0	2.87	0.363
26800	19.818	0.571	-3609.567	-23.868	-3585.7	0.32	1.0	3.131	0.372
26900	19.883	0.571	-3609.567	-23.868	-3585.7	0.32	1.0	3.131	0.372
27000	19.952	0.571	-3609.567	-23.868	-3585.7	0.32	1.0	3.131	0.372
27100	20.028	0.571	-3609.567	-23.868	-3585.7	0.32	1.0	3.131	0.372
27200	20.094	0.575	-3609.902	-22.929	-3586.973	0.32	1.0	3.709	0.385
27300	20.16	0.575	-3609.902	-22.929	-3586.973	0.32	1.0	3.709	0.385
27400	20.225	0.575	-3609.902	-22.929	-3586.973	0.32	1.0	3.709	0.385
27500	20.295	0.564	-3611.516	-25.361	-3586.155	0.32	1.0	2.375	0.357
27600	20.362	0.552	-3609.812	-24.126	-3585.686	0.32	1.0	2.985	0.369
27700	20.427	0.551	-3609.779	-21.241	-3588.537	0.32	1.0	5.056	0.41
27800	20.503	0.539	-3610.378	-21.065	-3589.313	0.32	1.0	5.217	0.413
27900	20.569	0.539	-3610.378	-21.065	-3589.313	0.32	1.0	5.217	0.413
28000	20.634	0.539	-3610.378	-21.065	-3589.313	0.32	1.0	5.217	0.413
28100	20.704	0.539	-3610.378	-21.065	-3589.313	0.32	1.0	5.217	0.413
28200	20.768	0.541	-3608.722	-21.392	-3587.33	0.32	1.0	4.934	0.405
28300	20.845	0.553	-3609.42	-21.837	-3587.582	0.32	1.0	4.535	0.4
28400	20.918	0.553	-3609.42	-21.837	-3587.582	0.32	1.0	4.535	0.4
28500	20.991	0.568	-3609.465	-22.391	-3587.074	0.32	1.0	4.097	0.392
28600	21.072	0.568	-3609.465	-22.391	-3587.074	0.32	1.0	4.097	0.392
28700	21.158	0.568	-3609.465	-22.391	-3587.074	0.32	1.0	4.097	0.392
28800	21.239	0.568	-3609.465	-22.391	-3587.074	0.32	1.0	4.097	0.392
28900	21.322	0.568	-3609.465	-22.391	-3587.074	0.32	1.0	4.097	0.392
29000	21.405	0.541	-3609.268	-21.237	-3588.03	0.32	1.0	5.068	0.408
29100	21.488	0.541	-3609.268	-21.237	-3588.03	0.32	1.0	5.068	0.408
29200	21.57	0.541	-3609.268	-21.237	-3588.03	0.32	1.0	5.068	0.408
29300	21.649	0.558	-3610.024	-23.436	-3586.588	0.32	1.0	3.38	0.379
29400	21.727	0.568	-3610.322	-24.243	-3586.078	0.32	1.0	2.917	0.368
29500	21.804	0.578	-3609.859	-24.26	-3585.599	0.32	1.0	2.914	0.367
29600	21.881	0.562	-3612.31	-22.507	-3589.802	0.32	1.0	3.978	0.396
29700	21.965	0.535	-3611.812	-22.234	-3589.578	0.32	1.0	4.189	0.399
29800	22.043	0.54	-3610.537	-23.387	-3587.15	0.32	1.0	3.405	0.38
29900	22.128	0.544	-3610.497	-23.804	-3586.693	0.32	1.0	3.157	0.375
30000	22.21	0.582	-3611.888	-26.172	-3585.717	0.32	1.0	2.053	0.347
30100	22.292	0.578	-3609.652	-24.529	-3585.123	0.32	1.0	2.779	0.363
30200	22.373	0.554	-3608.302	-22.684	-3585.618	0.32	1.0	3.899	0.385
30300	22.457	0.554	-3608.302	-22.684	-3585.618	0.32	1.0	3.899	0.385
30400	22.536	0.554	-3608.302	-22.684	-3585.618	0.32	1.0	3.899	0.385
30500	22.617	0.554	-3608.302	-22.684	-3585.618	0.32	1.0	3.899	0.385
30600	22.7	0.554	-3608.302	-22.684	-3585.618	0.32	1.0	3.899	0.385
30700	22.781	0.571	-3610.862	-22.436	-3588.427	0.32	1.0	4.047	0.394
30800	22.86	0.556	-3608.396	-22.728	-3585.669	0.32	1.0	3.866	0.385
30900	22.94	0.556	-3608.396	-22.728	-3585.669	0.32	1.0	3.866	0.385
31000	23.025	0.55	-3608.894	-23.178	-3585.716	0.32	1.0	3.556	0.38
31100	23.114	0.55	-3608.894	-23.178	-3585.716	0.32	1.0	3.556	0.38
31200	23.197	0.55	-3608.894	-23.178	-3585.716	0.32	1.0	3.556	0.38
31300	23.279	0.566	-3611.002	-24.335	-3586.667	0.32	1.0	2.862	0.369
31400	23.361	0.579	-3612.251	-26.333	-3585.918	0.32	1.0	1.991	0.346
31500	23.438	0.569	-3609.148	-23.344	-3585.804	0.32	1.0	3.447	0.378
31600	23.517	0.586	-3610.404	-25.454	-3584.95	0.32	1.0	2.348	0.352
31700	23.591	0.581	-3609.594	-25.599	-3583.994	0.32	1.0	2.296	0.349
31800	23.661	0.581	-3611.44	-23.227	-3588.212	0.32	1.0	3.497	0.384
31900	23.734	0.543	-3609.452	-20.862	-3588.59	0.32	1.0	5.43	0.415
32000	23.805	0.543	-3609.452	-20.862	-3588.59	0.32	1.0	5.43	0.415
32100	23.879	0.543	-3609.452	-20.862	-3588.59	0.32	1.0	5.43	0.415
32200	23.963	0.54	-3608.945	-21.476	-3587.469	0.32	1.0	4.855	0.404
32300	24.048	0.54	-3608.945	-21.476	-3587.469	0.32	1.0	4.855	0.404
32400	24.133	0.54	-3608.945	-21.476	-3587.469	0.32	1.0	4.855	0.404
32500	24.224	0.56	-3607.915	-23.592	-3584.322	0.32	1.0	3.312	0.372
32600	24.31	0.56	-3607.915	-23.592	-3584.322	0.32	1.0	3.312	0.372
32700	24.383	0.56	-3607.915	-23.592	-3584.322	0.32	1.0	3.312	0.372
32800	24.448	0.56	-3607.915	-23.592	-3584.322	0.32	1.0	3.312	0.372
32900	24.514	0.542	-3608.259	-21.264	-3586.995	0.32	1.0	5.059	0.406
33000	24.578	0.542	-3608.259	-21.264	-3586.995	0.32	1.0	5.059	0.406
33100	24.642	0.542	-3608.259	-21.264	-3586.995	0.32	1.0	5.059	0.406
33200	24.708	0.542	-3608.259	-21.264	-3586.995	0.32	1.0	5.059	0.406
33300	24.772	0.542	-3608.259	-21.264	-3586.995	0.32	1.0	5.059	0.406
33400	24.836	0.542	-3608.259	-21.264	-3586.995	0.32	1.0	5.059	0.406
33500	24.9	0.542	-3608.259	-21.264	-3586.995	0.32	1.0	5.059	0.406
33600	24.964	0.542	-3608.259	-21.264	-3586.995	0.32	1.0	5.059	0.406
33700	25.027	0.542	-3608.259	-21.264	-3586.995	0.32	1.0	5.059	0.406
33800	25.091	0.542	-3608.259	-21.264	-3586.995	0.32	1.0	5.059	0.406
33900	25.154	0.554	-3609.456	-22.215	-3587.24	0.32	1.0	4.23	0.395
34000	25.218	0.543	-3609.544	-22.416	-3587.128	0.32	1.0	4.078	0.392
34100	25.283	0.553	-3607.996	-22.321	-3585.675	0.32	1.0	4.17	0.39
34200	25.355	0.542	-3609.545	-21.32	-3588.225	0.32	1.0	4.988	0.408
34300	25.438	0.535	-3609.518	-20.769	-3588.75	0.32	1.0	5.525	0.416
34400	25.502	0.566	-3609.66	-24.434	-3585.225	0.32	1.0	2.825	0.365
34500	25.573	0.598	-3613.38	-26.933	-3586.447	0.32	1.0	1.787	0.339
34600	25.637	0.586	-3612.921	-26.683	-3586.238	0.32	1.0	1.867	0.343
34700	25.7	0.543	-3610.094	-22.108	-3587.986	0.32	1.0	4.307	0.397
34800	25.763	0.56	-3608.968	-22.882	-3586.086	0.32	1.0	3.751	0.384
34900	25.826	0.56	-3608.968	-22.882	-3586.086	0.32	1.0	3.751	0.384
35000	25.889	0.56	-3608.968	-22.882	-3586.086	0.32	1.0	3.751	0.384
35100	25.953	0.539	-3608.768	-21.266	-3587.502	0.32	1.0	5.049	0.407
35200	26.023	0.539	-3608.768	-21.266	-3587.502	0.32	1.0	5.049	0.407
35300	26.102	0.539	-3608.768	-21.266	-3587.502	0.32	1.0	5.049	0.407
35400	26.165	0.539	-3608.768	-21.266	-3587.502	0.32	1.0	5.049	0.407
35500	26.229	0.539	-3608.768	-21.266	-3587.502	0.32	1.0	5.049	0.407
35600	26.292	0.539	-3608.768	-21.266	-3587.502	0.32	1.0	5.049	0.407
35700	26.355	0.557	-3609.2	-23.617	-3585.584	0.32	1.0	3.28	0.374
35800	26.419	0.557	-3609.2	-23.617	-3585.584	0.32	1.0	3.28	0.374
35900	26.483	0.569	-3608.904	-24.072	-3584.831	0.32	1.0	3.025	0.367
36000	26.547	0.569	-3608.904	-24.072	-3584.831	0.32	1.0	3.025	0.367
36100	26.614	0.576	-3609.321	-24.899	-3584.422	0.32	1.0	2.604	0.357
36200	26.677	0.568	-3608.635	-23.539	-3585.096	0.32	1.0	3.335	0.374
36300	26.746	0.553	-3608.442	-22.66	-3585.781	0.32	1.0	3.913	0.386
36400	26.81	0.536	-3609.611	-21.183	-3588.428	0.32	1.0	5.115	0.41
36500	26.873	0.536	-3611.085	-22.314	-3588.771	0.32	1.0	4.136	0.396
36600	26.934	0.538	-3610.372	-21.745	-3588.627	0.32	1.0	4.601	0.403
36700	26.995	0.545	-3610.764	-21.772	-3588.992	0.32	1.0	4.572	0.404
36800	27.056	0.545	-3610.764	-21.772	-3588.992	0.32	1.0	4.572	0.404
36900	27.116	0.545	-3608.384	-21.956	-3586.427	0.32	1.0	4.452	0.396
37000	27.176	0.545	-3608.384	-21.956	-3586.427	0.32	1.0	4.452	0.396
37100	27.236	0.545	-3608.384	-21.956	-3586.427	0.32	1.0	4.452	0.396
37200	27.296	0.545	-3608.384	-21.956	-3586.427	0.32	1.0	4.452	0.396
37300	27.356	0.545	-3608.384	-21.956	-3586.427	0.32	1.0	4.452	0.396
37400	27.421	0.545	-3608.384	-21.956	-3586.427	0.32	1.0	4.452	0.396
37500	27.482	0.545	-3608.384	-21.956	-3586.427	0.32	1.0	4.452	0.396
37600	27.541	0.545	-3608.384	-21.956	-3586.427	0.32	1.0	4.452	0.396
37700	27.6	0.545	-3608.384	-21.956	-3586.427	0.32	1.0	4.452	0.396
37800	27.66	0.546	-3608.639	-21.654	-3586.985	0.32	1.0	4.702	0.401
37900	27.719	0.535	-3609.903	-21.513	-3588.39	0.32	1.0	4.809	0.406
38000	27.779	0.581	-3610.657	-22.932	-3587.724	0.32	1.0	3.699	0.387
38100	27.839	0.567	-3611.701	-23.901	-3587.8	0.32	1.0	3.089	0.376
38200	27.898	0.568	-3609.233	-24.317	-3584.916	0.32	1.0	2.891	0.365
38300	27.958	0.566	-3608.095	-24.204	-3583.891	0.32	1.0	2.965	0.364
38400	28.018	0.566	-3608.095	-24.204	-3583.891	0.32	1.0	2.965	0.364
38500	28.077	0.559	-3609.105	-24.213	-3584.893	0.32	1.0	2.947	0.366
38600	28.136	0.559	-3609.105	-24.213	-3584.893	0.32	1.0	2.947	0.366
38700	28.195	0.559	-3609.105	-24.213	-3584.893	0.32	1.0	2.947	0.366
38800	28.255	0.566	-3609.803	-22.025	-3587.778	0.32	1.0	4.376	0.398
38900	28.315	0.566	-3609.803	-22.025	-3587.778	0.32	1.0	4.376	0.398
39000	28.374	0.566	-3609.803	-22.025	-3587.778	0.32	1.0	4.376	0.398
39100	28.434	0.566	-3609.803	-22.025	-3587.778	0.32	1.0	4.376	0.398
39200	28.494	0.549	-3610.199	-24.348	-3585.851	0.32	1.0	2.864	0.367
39300	28.553	0.557	-3608.457	-23.524	-3584.933	0.32	1.0	3.345	0.374
39400	28.613	0.575	-3609.182	-24.224	-3584.958	0.32	1.0	2.941	0.366
39500	28.673	0.575	-3609.182	-24.224	-3584.958	0.32	1.0	2.941	0.366
39600	28.754	0.575	-3609.182	-24.224	-3584.958	0.32	1.0	2.941	0.366
39700	28.827	0.543	-3609.296	-22.66	-3586.636	0.32	1.0	3.903	0.388
39800	28.886	0.543	-3609.296	-22.66	-3586.636	0.32	1.0	3.903	0.388
39900	28.946	0.543	-3609.296	-22.66	-3586.636	0.32	1.0	3.903	0.388
