iter	hours	assortment	log_posterior	log_prior	loglik	missing	mixture	null_assortment	scale	shape
0	0.001	0.187	-3874.31	-22.895	-3851.414	0.42	0.823	0.33	99.422	0.162
10	0.009	0.311	-3818.237	-20.156	-3798.08	0.42	0.83	0.338	97.012	0.229
20	0.018	0.365	-3765.521	-17.988	-3747.533	0.42	0.853	0.349	98.979	0.301
30	0.026	0.446	-3665.481	-14.591	-3650.89	0.42	0.918	0.376	104.266	0.478
40	0.034	0.459	-3647.143	-14.462	-3632.681	0.42	0.991	0.382	101.484	0.51
50	0.043	0.5	-3588.342	-12.643	-3575.699	0.42	0.953	0.405	98.506	0.681
60	0.051	0.443	-3581.223	-12.025	-3569.198	0.42	0.931	0.412	97.131	0.765
70	0.06	0.473	-3555.792	-11.367	-3544.425	0.42	0.916	0.422	89.562	0.922
80	0.068	0.616	-3541.321	-10.953	-3530.367	0.42	0.864	0.425	83.629	1.07
90	0.077	0.571	-3543.477	-10.533	-3532.944	0.42	0.863	0.426	81.602	1.25
100	0.085	0.54	-3543.928	-10.431	-3533.498	0.42	0.898	0.426	84.624	1.252
110	0.094	0.527	-3543.572	-10.851	-3532.721	0.42	0.933	0.426	80.178	1.17
120	0.103	0.518	-3542.982	-10.609	-3532.373	0.42	0.871	0.426	81.541	1.219
130	0.111	0.503	-3542.783	-10.755	-3532.028	0.42	0.878	0.426	79.543	1.196
140	0.12	0.566	-3543.292	-10.395	-3532.897	0.42	0.877	0.426	85.568	1.245
150	0.129	0.545	-3540.585	-10.876	-3529.709	0.42	0.919	0.425	87.297	1.064
160	0.138	0.576	-3539.884	-11.039	-3528.844	0.42	0.916	0.425	84.353	1.049
170	0.146	0.597	-3539.222	-11.242	-3527.979	0.42	0.907	0.425	80.053	1.039
180	0.155	0.543	-3537.949	-11.576	-3526.373	0.42	0.901	0.425	77.318	0.982
190	0.164	0.561	-3538.548	-11.621	-3526.927	0.42	0.846	0.427	69.829	1.054
200	0.173	0.498	-3537.881	-11.808	-3526.072	0.42	0.883	0.426	70.571	1.0
210	0.181	0.592	-3536.625	-12.592	-3524.033	0.42	0.857	0.426	64.828	0.892
220	0.19	0.549	-3536.08	-12.402	-3523.678	0.42	0.851	0.427	62.854	0.955
230	0.198	0.525	-3535.439	-12.575	-3522.864	0.42	0.91	0.427	61.777	0.941
240	0.207	0.568	-3534.755	-12.753	-3522.002	0.42	0.896	0.427	58.975	0.938
250	0.216	0.617	-3530.253	-12.204	-3518.049	0.42	0.856	0.428	59.868	1.053
260	0.225	0.597	-3529.001	-12.247	-3516.755	0.42	0.888	0.428	60.515	1.036
270	0.234	0.594	-3527.654	-12.72	-3514.933	0.42	0.876	0.429	55.831	0.991
280	0.242	0.607	-3529.292	-12.532	-3516.76	0.42	0.909	0.428	57.957	1.009
290	0.251	0.596	-3528.438	-12.62	-3515.818	0.42	0.883	0.429	56.315	1.009
300	0.26	0.587	-3529.253	-12.434	-3516.819	0.42	0.9	0.428	58.171	1.028
310	0.269	0.634	-3527.465	-13.03	-3514.435	0.42	0.919	0.428	56.286	0.923
320	0.277	0.634	-3526.196	-13.276	-3512.92	0.42	0.889	0.428	53.94	0.901
330	0.286	0.597	-3525.456	-14.239	-3511.217	0.42	0.953	0.427	49.102	0.808
340	0.295	0.621	-3525.197	-13.984	-3511.213	0.42	0.936	0.427	50.266	0.83
350	0.304	0.612	-3524.365	-13.672	-3510.693	0.42	0.907	0.428	51.658	0.86
360	0.312	0.594	-3524.089	-14.098	-3509.992	0.42	0.93	0.428	48.372	0.835
370	0.321	0.618	-3523.235	-14.568	-3508.667	0.42	0.895	0.428	44.475	0.808
380	0.33	0.596	-3523.479	-13.973	-3509.505	0.42	0.894	0.428	48.528	0.849
390	0.338	0.626	-3523.443	-14.739	-3508.704	0.42	0.919	0.428	44.901	0.779
400	0.347	0.639	-3524.556	-16.222	-3508.334	0.42	0.949	0.426	37.944	0.679
410	0.356	0.656	-3523.31	-16.801	-3506.508	0.42	0.903	0.429	32.821	0.677
420	0.365	0.598	-3521.012	-16.111	-3504.901	0.42	0.911	0.428	36.851	0.701
430	0.373	0.589	-3521.449	-16.405	-3505.044	0.42	0.857	0.43	33.563	0.71
440	0.382	0.586	-3521.714	-16.876	-3504.838	0.42	0.843	0.43	30.935	0.694
450	0.39	0.616	-3523.334	-17.422	-3505.913	0.42	0.826	0.43	28.745	0.666
460	0.399	0.53	-3527.319	-19.483	-3507.836	0.42	0.814	0.438	18.182	0.667
470	0.407	0.53	-3527.319	-19.483	-3507.836	0.42	0.814	0.438	18.182	0.667
480	0.416	0.582	-3525.207	-19.041	-3506.166	0.42	0.791	0.435	20.731	0.647
490	0.424	0.549	-3523.259	-20.378	-3502.881	0.42	0.817	0.435	17.338	0.595
500	0.432	0.557	-3523.041	-20.873	-3502.168	0.42	0.86	0.438	15.631	0.596
510	0.44	0.567	-3521.106	-21.376	-3499.73	0.42	0.912	0.436	15.162	0.565
520	0.448	0.563	-3520.564	-22.579	-3497.985	0.42	0.893	0.434	13.245	0.515
530	0.457	0.563	-3520.564	-22.579	-3497.985	0.42	0.893	0.434	13.245	0.515
540	0.466	0.6	-3520.796	-22.305	-3498.491	0.42	0.918	0.433	14.117	0.515
550	0.475	0.621	-3522.289	-23.188	-3499.101	0.42	0.894	0.435	12.108	0.501
560	0.484	0.598	-3522.121	-23.571	-3498.551	0.42	0.942	0.431	12.033	0.479
570	0.493	0.598	-3522.121	-23.571	-3498.551	0.42	0.942	0.431	12.033	0.479
580	0.502	0.598	-3522.121	-23.571	-3498.551	0.42	0.942	0.431	12.033	0.479
590	0.511	0.593	-3521.553	-23.257	-3498.296	0.42	0.906	0.437	11.616	0.512
600	0.519	0.582	-3521.603	-22.263	-3499.34	0.42	0.881	0.437	13.218	0.542
610	0.528	0.577	-3519.856	-21.082	-3498.774	0.42	0.908	0.433	16.524	0.555
620	0.537	0.587	-3520.39	-20.958	-3499.433	0.42	0.885	0.434	16.57	0.564
630	0.546	0.561	-3520.751	-21.117	-3499.633	0.42	0.876	0.435	15.842	0.567
640	0.554	0.606	-3520.44	-19.143	-3501.297	0.42	0.916	0.429	23.458	0.586
650	0.563	0.562	-3519.372	-19.177	-3500.195	0.42	0.916	0.431	22.436	0.603
660	0.571	0.556	-3519.478	-20.114	-3499.364	0.42	0.915	0.432	19.343	0.577
670	0.58	0.56	-3519.878	-18.883	-3500.995	0.42	0.936	0.43	23.782	0.608
680	0.588	0.575	-3519.646	-19.472	-3500.174	0.42	0.927	0.43	21.959	0.585
690	0.597	0.611	-3520.751	-17.751	-3503.001	0.42	0.881	0.431	27.453	0.655
700	0.605	0.587	-3520.678	-18.636	-3502.042	0.42	0.873	0.433	23.103	0.642
710	0.614	0.57	-3520.022	-19.304	-3500.718	0.42	0.889	0.433	21.045	0.617
720	0.622	0.569	-3520.523	-21.419	-3499.104	0.42	0.879	0.432	16.003	0.537
730	0.631	0.594	-3520.723	-21.659	-3499.064	0.42	0.924	0.434	15.097	0.543
740	0.64	0.636	-3521.768	-21.848	-3499.92	0.42	0.916	0.442	12.852	0.596
750	0.648	0.62	-3521.506	-21.646	-3499.86	0.42	0.902	0.435	14.923	0.547
760	0.657	0.638	-3522.891	-21.655	-3501.235	0.42	0.894	0.431	15.895	0.521
770	0.665	0.61	-3523.281	-20.702	-3502.579	0.42	0.843	0.431	18.105	0.547
780	0.674	0.578	-3522.299	-21.185	-3501.115	0.42	0.84	0.436	15.562	0.567
790	0.682	0.585	-3521.964	-20.126	-3501.838	0.42	0.842	0.431	19.441	0.569
800	0.691	0.586	-3520.159	-20.865	-3499.294	0.42	0.926	0.433	17.176	0.56
810	0.699	0.61	-3520.845	-21.491	-3499.353	0.42	0.906	0.434	15.499	0.546
820	0.707	0.598	-3520.284	-20.502	-3499.782	0.42	0.926	0.432	18.232	0.568
830	0.716	0.6	-3520.603	-18.248	-3502.356	0.42	0.909	0.432	24.927	0.65
840	0.724	0.568	-3520.399	-17.508	-3502.891	0.42	0.93	0.43	28.571	0.668
850	0.733	0.588	-3519.954	-18.191	-3501.762	0.42	0.903	0.431	25.387	0.647
860	0.741	0.531	-3522.164	-18.192	-3503.972	0.42	0.934	0.433	24.683	0.665
870	0.75	0.515	-3520.716	-18.234	-3502.482	0.42	0.911	0.433	24.56	0.659
880	0.758	0.573	-3520.39	-17.831	-3502.559	0.42	0.89	0.432	26.136	0.672
890	0.766	0.565	-3519.899	-17.58	-3502.319	0.42	0.895	0.431	27.707	0.671
900	0.774	0.601	-3520.97	-17.544	-3503.425	0.42	0.865	0.431	27.907	0.669
910	0.783	0.573	-3521.175	-18.84	-3502.335	0.42	0.843	0.432	22.825	0.624
920	0.791	0.552	-3519.677	-18.945	-3500.732	0.42	0.882	0.432	22.752	0.617
930	0.799	0.555	-3520.543	-19.664	-3500.878	0.42	0.88	0.434	19.589	0.613
940	0.807	0.581	-3520.903	-19.143	-3501.76	0.42	0.871	0.434	21.161	0.63
950	0.814	0.578	-3519.862	-19.681	-3500.181	0.42	0.881	0.432	20.374	0.593
960	0.822	0.578	-3519.862	-19.681	-3500.181	0.42	0.881	0.432	20.374	0.593
970	0.829	0.578	-3519.862	-19.681	-3500.181	0.42	0.881	0.432	20.374	0.593
980	0.837	0.561	-3519.484	-20.386	-3499.098	0.42	0.902	0.432	18.618	0.567
990	0.845	0.561	-3519.484	-20.386	-3499.098	0.42	0.902	0.432	18.618	0.567
1000	0.853	0.58	-3519.777	-20.056	-3499.721	0.42	0.897	0.433	19.168	0.585
1010	0.861	0.568	-3520.944	-20.425	-3500.52	0.42	0.901	0.435	17.388	0.594
1020	0.869	0.642	-3519.916	-21.323	-3498.593	0.42	0.894	0.441	13.975	0.606
1030	0.878	0.642	-3519.916	-21.323	-3498.593	0.42	0.894	0.441	13.975	0.606
1040	0.886	0.561	-3521.146	-22.008	-3499.138	0.42	0.875	0.436	13.838	0.545
1050	0.894	0.579	-3519.997	-21.172	-3498.825	0.42	0.914	0.431	16.974	0.537
1060	0.902	0.558	-3519.947	-21.702	-3498.244	0.42	0.901	0.433	15.208	0.534
1070	0.91	0.608	-3521.315	-21.893	-3499.422	0.42	0.941	0.432	15.191	0.523
1080	0.92	0.549	-3520.437	-20.843	-3499.594	0.42	0.883	0.435	16.574	0.574
1090	0.929	0.521	-3521.539	-20.113	-3501.426	0.42	0.916	0.435	18.143	0.607
1100	0.938	0.537	-3520.036	-18.506	-3501.531	0.42	0.92	0.432	24.247	0.637
1110	0.946	0.573	-3519.558	-18.845	-3500.713	0.42	0.893	0.431	23.494	0.613
1120	0.954	0.611	-3520.945	-18.632	-3502.312	0.42	0.931	0.428	25.632	0.599
1130	0.962	0.602	-3521.165	-17.992	-3503.172	0.42	0.944	0.429	27.844	0.629
1140	0.97	0.611	-3520.701	-17.953	-3502.748	0.42	0.925	0.429	27.845	0.63
1150	0.978	0.589	-3521.154	-17.791	-3503.363	0.42	0.928	0.432	26.735	0.669
1160	0.986	0.567	-3520.594	-18.106	-3502.488	0.42	0.94	0.431	26.323	0.643
1170	0.994	0.581	-3520.481	-18.431	-3502.051	0.42	0.934	0.431	24.843	0.635
1180	1.002	0.584	-3520.458	-19.229	-3501.229	0.42	0.944	0.429	23.07	0.589
1190	1.01	0.615	-3520.948	-19.234	-3501.713	0.42	0.898	0.433	21.388	0.618
1200	1.018	0.668	-3517.478	-20.852	-3496.627	0.42	0.908	0.437	15.807	0.597
1210	1.026	0.676	-3518.157	-20.512	-3497.645	0.42	0.897	0.437	16.54	0.609
1220	1.034	0.676	-3518.157	-20.512	-3497.645	0.42	0.897	0.437	16.54	0.609
1230	1.043	0.676	-3518.157	-20.512	-3497.645	0.42	0.897	0.437	16.54	0.609
1240	1.051	0.676	-3518.157	-20.512	-3497.645	0.42	0.897	0.437	16.54	0.609
1250	1.059	0.696	-3517.844	-20.321	-3497.523	0.42	0.912	0.435	17.81	0.596
1260	1.067	0.664	-3517.775	-21.446	-3496.329	0.42	0.905	0.439	14.34	0.584
1270	1.074	0.664	-3517.775	-21.446	-3496.329	0.42	0.905	0.439	14.34	0.584
1280	1.082	0.664	-3517.775	-21.446	-3496.329	0.42	0.905	0.439	14.34	0.584
1290	1.089	0.651	-3518.721	-21.318	-3497.403	0.42	0.912	0.439	14.36	0.596
1300	1.097	0.674	-3518.964	-20.71	-3498.254	0.42	0.897	0.438	15.854	0.609
1310	1.105	0.649	-3518.61	-20.994	-3497.617	0.42	0.915	0.439	15.104	0.605
1320	1.112	0.649	-3518.61	-20.994	-3497.617	0.42	0.915	0.439	15.104	0.605
1330	1.12	0.649	-3518.61	-20.994	-3497.617	0.42	0.915	0.439	15.104	0.605
1340	1.128	0.649	-3518.61	-20.994	-3497.617	0.42	0.915	0.439	15.104	0.605
1350	1.136	0.649	-3518.61	-20.994	-3497.617	0.42	0.915	0.439	15.104	0.605
1360	1.144	0.649	-3518.61	-20.994	-3497.617	0.42	0.915	0.439	15.104	0.605
1370	1.151	0.669	-3517.455	-20.27	-3497.185	0.42	0.895	0.437	17.155	0.616
1380	1.159	0.669	-3517.455	-20.27	-3497.185	0.42	0.895	0.437	17.155	0.616
1390	1.168	0.669	-3517.455	-20.27	-3497.185	0.42	0.895	0.437	17.155	0.616
1400	1.177	0.669	-3517.455	-20.27	-3497.185	0.42	0.895	0.437	17.155	0.616
1410	1.185	0.669	-3517.455	-20.27	-3497.185	0.42	0.895	0.437	17.155	0.616
1420	1.193	0.669	-3517.455	-20.27	-3497.185	0.42	0.895	0.437	17.155	0.616
1430	1.201	0.694	-3520.903	-20.387	-3500.515	0.42	0.881	0.438	16.572	0.62
1440	1.209	0.705	-3521.137	-19.502	-3501.634	0.42	0.847	0.436	19.222	0.639
1450	1.217	0.686	-3518.157	-19.167	-3498.99	0.42	0.889	0.435	20.474	0.647
1460	1.225	0.691	-3521.307	-18.097	-3503.21	0.42	0.851	0.435	23.078	0.707
1470	1.233	0.675	-3519.617	-17.706	-3501.911	0.42	0.834	0.435	24.622	0.719
1480	1.241	0.708	-3520.791	-17.24	-3503.551	0.42	0.855	0.433	27.556	0.716
1490	1.248	0.667	-3524.221	-17.905	-3506.316	0.42	0.879	0.429	27.591	0.636
1500	1.256	0.633	-3522.505	-17.234	-3505.271	0.42	0.929	0.435	26.0	0.76
1510	1.264	0.69	-3518.155	-17.445	-3500.71	0.42	0.936	0.432	28.077	0.688
1520	1.273	0.663	-3519.061	-16.968	-3502.093	0.42	0.943	0.432	29.117	0.729
1530	1.281	0.663	-3519.061	-16.968	-3502.093	0.42	0.943	0.432	29.117	0.729
1540	1.29	0.658	-3518.967	-16.611	-3502.357	0.42	0.93	0.432	30.163	0.755
1550	1.298	0.574	-3522.74	-17.092	-3505.648	0.42	0.926	0.432	28.805	0.715
1560	1.306	0.562	-3521.162	-17.217	-3503.945	0.42	0.924	0.431	28.957	0.695
1570	1.314	0.598	-3520.479	-18.269	-3502.211	0.42	0.906	0.432	24.827	0.65
1580	1.323	0.58	-3520.143	-18.324	-3501.819	0.42	0.917	0.432	24.813	0.645
1590	1.33	0.565	-3519.726	-17.917	-3501.808	0.42	0.923	0.43	27.202	0.645
1600	1.338	0.591	-3519.868	-18.186	-3501.682	0.42	0.916	0.429	26.665	0.625
1610	1.345	0.549	-3519.44	-18.579	-3500.862	0.42	0.908	0.431	24.284	0.627
1620	1.353	0.566	-3519.467	-18.629	-3500.837	0.42	0.921	0.43	24.781	0.613
1630	1.361	0.569	-3519.547	-20.091	-3499.456	0.42	0.912	0.432	19.245	0.582
1640	1.369	0.586	-3519.843	-19.987	-3499.856	0.42	0.904	0.433	19.376	0.588
1650	1.376	0.56	-3520.693	-19.558	-3501.135	0.42	0.867	0.434	19.957	0.614
1660	1.384	0.579	-3519.734	-20.239	-3499.495	0.42	0.898	0.431	19.261	0.566
1670	1.391	0.534	-3523.905	-19.76	-3504.145	0.42	0.859	0.437	18.098	0.64
1680	1.398	0.529	-3523.2	-18.563	-3504.637	0.42	0.831	0.434	22.343	0.665
1690	1.405	0.536	-3522.428	-18.276	-3504.152	0.42	0.83	0.433	23.806	0.665
1700	1.413	0.549	-3520.725	-16.545	-3504.18	0.42	0.91	0.43	32.321	0.718
1710	1.42	0.591	-3521.171	-16.287	-3504.884	0.42	0.869	0.43	33.763	0.723
1720	1.428	0.577	-3520.192	-17.307	-3502.885	0.42	0.894	0.431	28.764	0.684
1730	1.436	0.559	-3520.512	-17.076	-3503.435	0.42	0.888	0.431	29.415	0.7
1740	1.444	0.57	-3521.423	-16.612	-3504.811	0.42	0.848	0.43	31.824	0.712
1750	1.451	0.631	-3521.987	-16.677	-3505.311	0.42	0.901	0.428	33.778	0.677
1760	1.458	0.624	-3525.118	-16.177	-3508.941	0.42	0.948	0.43	34.377	0.739
1770	1.466	0.657	-3524.699	-16.185	-3508.514	0.42	0.937	0.429	35.61	0.715
1780	1.473	0.63	-3521.885	-16.459	-3505.426	0.42	0.906	0.429	34.496	0.693
1790	1.481	0.638	-3522.918	-16.054	-3506.864	0.42	0.903	0.427	37.644	0.696
1800	1.488	0.609	-3521.972	-16.83	-3505.142	0.42	0.89	0.432	30.132	0.719
1810	1.496	0.587	-3519.857	-17.896	-3501.961	0.42	0.895	0.43	27.557	0.638
1820	1.504	0.62	-3521.543	-17.083	-3504.46	0.42	0.902	0.428	32.214	0.653
1830	1.513	0.584	-3521.206	-16.79	-3504.416	0.42	0.878	0.431	30.417	0.717
1840	1.522	0.602	-3520.763	-16.448	-3504.316	0.42	0.899	0.429	33.925	0.702
1850	1.529	0.615	-3521.127	-16.717	-3504.41	0.42	0.903	0.43	32.244	0.697
1860	1.538	0.64	-3522.029	-16.282	-3505.747	0.42	0.942	0.433	30.997	0.789
1870	1.545	0.59	-3520.348	-19.128	-3501.22	0.42	0.916	0.433	21.823	0.621
1880	1.553	0.566	-3520.401	-18.408	-3501.993	0.42	0.942	0.43	25.578	0.625
1890	1.561	0.535	-3520.84	-19.077	-3501.764	0.42	0.932	0.433	22.028	0.624
1900	1.569	0.585	-3519.629	-19.213	-3500.416	0.42	0.911	0.43	22.69	0.594
1910	1.577	0.566	-3520.621	-18.142	-3502.48	0.42	0.922	0.432	25.213	0.658
1920	1.585	0.584	-3520.604	-16.44	-3504.164	0.42	0.916	0.43	33.677	0.709
1930	1.593	0.571	-3520.39	-16.433	-3503.958	0.42	0.921	0.429	34.362	0.7
1940	1.602	0.542	-3521.564	-16.227	-3505.336	0.42	0.908	0.431	33.35	0.742
1950	1.611	0.605	-3523.541	-15.224	-3508.317	0.42	0.92	0.43	39.063	0.793
1960	1.62	0.644	-3522.839	-16.201	-3506.637	0.42	0.892	0.429	35.425	0.71
1970	1.629	0.648	-3523.537	-15.857	-3507.68	0.42	0.913	0.428	38.276	0.714
1980	1.638	0.575	-3520.879	-16.05	-3504.829	0.42	0.903	0.43	35.06	0.736
1990	1.647	0.631	-3522.845	-16.321	-3506.523	0.42	0.875	0.428	35.681	0.689
2000	1.656	0.621	-3522.316	-16.701	-3505.615	0.42	0.868	0.428	33.469	0.675
2010	1.665	0.602	-3521.02	-16.325	-3504.695	0.42	0.919	0.429	34.799	0.706
2020	1.673	0.582	-3520.395	-16.402	-3503.993	0.42	0.915	0.429	34.616	0.699
2030	1.681	0.56	-3521.706	-16.022	-3505.684	0.42	0.934	0.43	35.657	0.735
2040	1.689	0.578	-3520.42	-16.203	-3504.216	0.42	0.894	0.429	35.068	0.715
2050	1.697	0.584	-3522.102	-15.977	-3506.125	0.42	0.921	0.43	35.029	0.75
2060	1.705	0.594	-3520.522	-16.866	-3503.656	0.42	0.916	0.428	32.921	0.669
2070	1.713	0.589	-3519.99	-18.096	-3501.894	0.42	0.916	0.429	27.34	0.622
2080	1.721	0.624	-3521.309	-17.938	-3503.371	0.42	0.893	0.431	26.217	0.659
2090	1.729	0.589	-3520.939	-19.435	-3501.504	0.42	0.856	0.433	20.791	0.607
2100	1.737	0.544	-3520.941	-19.697	-3501.244	0.42	0.872	0.434	19.372	0.614
2110	1.745	0.584	-3521.028	-18.404	-3502.624	0.42	0.867	0.433	23.691	0.655
2120	1.753	0.538	-3521.298	-21.454	-3499.844	0.42	0.868	0.436	14.959	0.561
2130	1.761	0.534	-3521.069	-21.095	-3499.974	0.42	0.859	0.435	15.83	0.569
2140	1.768	0.534	-3521.069	-21.095	-3499.974	0.42	0.859	0.435	15.83	0.569
2150	1.776	0.534	-3521.069	-21.095	-3499.974	0.42	0.859	0.435	15.83	0.569
2160	1.784	0.525	-3522.015	-19.806	-3502.209	0.42	0.858	0.436	18.596	0.622
2170	1.792	0.587	-3522.498	-18.279	-3504.219	0.42	0.833	0.433	23.805	0.665
2180	1.8	0.58	-3523.901	-18.434	-3505.467	0.42	0.81	0.434	22.882	0.666
2190	1.808	0.568	-3524.439	-18.198	-3506.241	0.42	0.815	0.435	23.172	0.688
2200	1.816	0.531	-3523.061	-18.544	-3504.517	0.42	0.832	0.434	22.44	0.665
2210	1.824	0.539	-3520.139	-18.121	-3502.019	0.42	0.881	0.432	25.243	0.655
2220	1.832	0.554	-3520.925	-18.14	-3502.786	0.42	0.938	0.431	25.704	0.651
2230	1.84	0.597	-3520.526	-17.316	-3503.21	0.42	0.925	0.429	30.599	0.655
2240	1.848	0.594	-3521.392	-17.393	-3503.998	0.42	0.944	0.427	31.228	0.639
2250	1.857	0.566	-3521.126	-17.211	-3503.915	0.42	0.942	0.43	30.243	0.676
2260	1.866	0.601	-3520.937	-17.478	-3503.458	0.42	0.93	0.43	28.751	0.669
2270	1.876	0.557	-3521.097	-18.654	-3502.443	0.42	0.907	0.434	22.699	0.652
2280	1.884	0.601	-3520.424	-17.894	-3502.53	0.42	0.902	0.428	28.241	0.627
2290	1.892	0.601	-3521.138	-18.7	-3502.438	0.42	0.917	0.433	23.012	0.641
2300	1.9	0.597	-3520.433	-17.225	-3503.208	0.42	0.923	0.429	30.4	0.668
2310	1.908	0.62	-3521.276	-17.341	-3503.935	0.42	0.898	0.431	28.815	0.68
2320	1.916	0.597	-3520.988	-17.126	-3503.861	0.42	0.867	0.431	29.694	0.687
2330	1.924	0.57	-3521.054	-16.671	-3504.383	0.42	0.861	0.431	31.374	0.713
2340	1.932	0.629	-3521.62	-17.654	-3503.966	0.42	0.897	0.428	29.224	0.637
2350	1.94	0.617	-3522.497	-18.077	-3504.419	0.42	0.941	0.431	25.876	0.655
2360	1.948	0.608	-3522.546	-19.598	-3502.947	0.42	0.961	0.428	22.621	0.566
2370	1.956	0.636	-3521.467	-18.555	-3502.913	0.42	0.906	0.43	24.875	0.618
2380	1.964	0.602	-3520.112	-19.328	-3500.784	0.42	0.911	0.43	22.482	0.587
2390	1.972	0.61	-3520.584	-19.142	-3501.441	0.42	0.921	0.429	23.431	0.588
2400	1.98	0.624	-3522.616	-18.198	-3504.418	0.42	0.938	0.432	25.348	0.652
2410	1.988	0.639	-3522.46	-17.957	-3504.502	0.42	0.938	0.429	27.982	0.63
2420	1.996	0.63	-3521.688	-20.06	-3501.628	0.42	0.93	0.432	19.448	0.583
2430	2.004	0.66	-3517.062	-20.27	-3496.792	0.42	0.927	0.436	17.461	0.611
2440	2.012	0.66	-3517.062	-20.27	-3496.792	0.42	0.927	0.436	17.461	0.611
2450	2.02	0.66	-3517.062	-20.27	-3496.792	0.42	0.927	0.436	17.461	0.611
2460	2.028	0.66	-3517.062	-20.27	-3496.792	0.42	0.927	0.436	17.461	0.611
2470	2.036	0.66	-3517.062	-20.27	-3496.792	0.42	0.927	0.436	17.461	0.611
2480	2.043	0.66	-3517.062	-20.27	-3496.792	0.42	0.927	0.436	17.461	0.611
2490	2.051	0.66	-3517.062	-20.27	-3496.792	0.42	0.927	0.436	17.461	0.611
2500	2.058	0.66	-3517.641	-20.498	-3497.142	0.42	0.924	0.437	16.7	0.609
2510	2.065	0.668	-3517.877	-20.539	-3497.338	0.42	0.915	0.437	16.546	0.608
2520	2.073	0.677	-3518.036	-21.15	-3496.886	0.42	0.902	0.438	15.127	0.588
2530	2.08	0.666	-3517.998	-20.319	-3497.679	0.42	0.877	0.438	16.77	0.621
2540	2.088	0.666	-3517.998	-20.319	-3497.679	0.42	0.877	0.438	16.77	0.621
2550	2.095	0.674	-3517.652	-19.502	-3498.15	0.42	0.889	0.436	19.265	0.641
2560	2.103	0.706	-3520.521	-20.029	-3500.492	0.42	0.878	0.436	17.914	0.62
2570	2.11	0.689	-3517.735	-19.367	-3498.368	0.42	0.896	0.435	20.136	0.634
2580	2.118	0.7	-3518.016	-20.476	-3497.54	0.42	0.896	0.435	17.401	0.59
2590	2.125	0.7	-3518.016	-20.476	-3497.54	0.42	0.896	0.435	17.401	0.59
2600	2.133	0.7	-3518.016	-20.476	-3497.54	0.42	0.896	0.435	17.401	0.59
2610	2.14	0.7	-3518.016	-20.476	-3497.54	0.42	0.896	0.435	17.401	0.59
2620	2.148	0.698	-3521.992	-20.201	-3501.791	0.42	0.955	0.435	18.12	0.606
2630	2.155	0.691	-3519.106	-20.417	-3498.689	0.42	0.948	0.435	17.821	0.591
2640	2.162	0.676	-3520.083	-20.122	-3499.961	0.42	0.955	0.435	18.267	0.61
2650	2.17	0.672	-3520.006	-19.928	-3500.078	0.42	0.966	0.434	19.272	0.607
2660	2.177	0.691	-3519.742	-19.939	-3499.802	0.42	0.96	0.433	19.54	0.598
2670	2.185	0.725	-3520.583	-19.856	-3500.726	0.42	0.925	0.432	20.033	0.59
2680	2.192	0.725	-3520.583	-19.856	-3500.726	0.42	0.925	0.432	20.033	0.59
2690	2.199	0.725	-3520.583	-19.856	-3500.726	0.42	0.925	0.432	20.033	0.59
2700	2.206	0.721	-3519.75	-18.682	-3501.068	0.42	0.908	0.432	23.647	0.631
2710	2.214	0.718	-3520.69	-18.603	-3502.087	0.42	0.904	0.433	22.961	0.654
2720	2.221	0.698	-3519.454	-18.056	-3501.397	0.42	0.918	0.433	24.731	0.68
2730	2.229	0.72	-3519.994	-18.851	-3501.142	0.42	0.927	0.432	23.288	0.622
2740	2.236	0.695	-3519.02	-19.013	-3500.008	0.42	0.944	0.433	22.128	0.632
2750	2.244	0.695	-3519.02	-19.013	-3500.008	0.42	0.944	0.433	22.128	0.632
2760	2.251	0.695	-3519.02	-19.013	-3500.008	0.42	0.944	0.433	22.128	0.632
2770	2.259	0.695	-3519.02	-19.013	-3500.008	0.42	0.944	0.433	22.128	0.632
2780	2.266	0.695	-3519.02	-19.013	-3500.008	0.42	0.944	0.433	22.128	0.632
2790	2.274	0.692	-3518.413	-19.323	-3499.09	0.42	0.942	0.433	21.121	0.621
2800	2.282	0.71	-3520.319	-19.57	-3500.75	0.42	0.945	0.433	20.584	0.609
2810	2.289	0.711	-3519.125	-19.063	-3500.062	0.42	0.928	0.432	22.28	0.621
2820	2.296	0.711	-3519.125	-19.063	-3500.062	0.42	0.928	0.432	22.28	0.621
2830	2.304	0.674	-3516.979	-18.594	-3498.385	0.42	0.93	0.433	23.023	0.656
2840	2.311	0.674	-3516.979	-18.594	-3498.385	0.42	0.93	0.433	23.023	0.656
2850	2.319	0.674	-3516.979	-18.594	-3498.385	0.42	0.93	0.433	23.023	0.656
2860	2.327	0.704	-3518.146	-19.356	-3498.79	0.42	0.918	0.433	21.03	0.617
2870	2.334	0.69	-3517.143	-19.677	-3497.466	0.42	0.91	0.434	19.62	0.615
2880	2.342	0.697	-3518.962	-18.774	-3500.188	0.42	0.921	0.434	22.286	0.651
2890	2.35	0.697	-3518.962	-18.774	-3500.188	0.42	0.921	0.434	22.286	0.651
2900	2.358	0.695	-3520.211	-17.719	-3502.492	0.42	0.949	0.432	26.877	0.681
2910	2.365	0.695	-3520.211	-17.719	-3502.492	0.42	0.949	0.432	26.877	0.681
2920	2.373	0.699	-3519.056	-17.416	-3501.64	0.42	0.936	0.431	28.309	0.687
2930	2.38	0.699	-3519.056	-17.416	-3501.64	0.42	0.936	0.431	28.309	0.687
2940	2.387	0.682	-3518.284	-17.109	-3501.175	0.42	0.932	0.432	28.93	0.713
2950	2.395	0.686	-3518.671	-17.194	-3501.478	0.42	0.93	0.432	28.498	0.71
2960	2.402	0.686	-3518.671	-17.194	-3501.478	0.42	0.93	0.432	28.498	0.71
2970	2.409	0.689	-3518.355	-17.457	-3500.898	0.42	0.905	0.433	26.927	0.705
2980	2.416	0.659	-3518.289	-17.697	-3500.592	0.42	0.88	0.435	24.697	0.721
2990	2.424	0.653	-3518.585	-17.348	-3501.237	0.42	0.899	0.434	26.067	0.738
3000	2.431	0.658	-3517.625	-16.969	-3500.657	0.42	0.892	0.433	27.997	0.745
3010	2.438	0.651	-3522.403	-16.876	-3505.528	0.42	0.957	0.433	29.06	0.747
3020	2.446	0.651	-3522.403	-16.876	-3505.528	0.42	0.957	0.433	29.06	0.747
3030	2.453	0.684	-3521.946	-16.512	-3505.434	0.42	0.954	0.432	31.673	0.745
3040	2.46	0.681	-3519.689	-16.428	-3503.261	0.42	0.94	0.431	32.035	0.746
3050	2.467	0.681	-3519.689	-16.428	-3503.261	0.42	0.94	0.431	32.035	0.746
3060	2.475	0.691	-3519.231	-16.329	-3502.902	0.42	0.925	0.431	32.576	0.747
3070	2.482	0.676	-3517.639	-16.533	-3501.106	0.42	0.907	0.432	30.967	0.746
3080	2.489	0.676	-3517.639	-16.533	-3501.106	0.42	0.907	0.432	30.967	0.746
3090	2.497	0.676	-3517.639	-16.533	-3501.106	0.42	0.907	0.432	30.967	0.746
3100	2.504	0.676	-3517.639	-16.533	-3501.106	0.42	0.907	0.432	30.967	0.746
3110	2.512	0.676	-3517.639	-16.533	-3501.106	0.42	0.907	0.432	30.967	0.746
3120	2.519	0.676	-3517.639	-16.533	-3501.106	0.42	0.907	0.432	30.967	0.746
3130	2.527	0.676	-3517.639	-16.533	-3501.106	0.42	0.907	0.432	30.967	0.746
3140	2.534	0.676	-3517.639	-16.533	-3501.106	0.42	0.907	0.432	30.967	0.746
3150	2.542	0.676	-3517.639	-16.533	-3501.106	0.42	0.907	0.432	30.967	0.746
3160	2.549	0.652	-3518.483	-17.276	-3501.206	0.42	0.87	0.434	26.045	0.745
3170	2.556	0.654	-3517.652	-17.523	-3500.129	0.42	0.902	0.434	25.712	0.723
3180	2.563	0.654	-3517.652	-17.523	-3500.129	0.42	0.902	0.434	25.712	0.723
3190	2.571	0.654	-3517.652	-17.523	-3500.129	0.42	0.902	0.434	25.712	0.723
3200	2.578	0.654	-3517.652	-17.523	-3500.129	0.42	0.902	0.434	25.712	0.723
3210	2.586	0.653	-3517.551	-17.615	-3499.936	0.42	0.9	0.434	25.311	0.719
3220	2.593	0.653	-3517.551	-17.615	-3499.936	0.42	0.9	0.434	25.311	0.719
3230	2.6	0.672	-3517.299	-17.934	-3499.365	0.42	0.884	0.434	24.485	0.696
3240	2.607	0.672	-3517.299	-17.934	-3499.365	0.42	0.884	0.434	24.485	0.696
3250	2.615	0.672	-3517.299	-17.934	-3499.365	0.42	0.884	0.434	24.485	0.696
3260	2.622	0.672	-3517.299	-17.934	-3499.365	0.42	0.884	0.434	24.485	0.696
3270	2.629	0.672	-3517.299	-17.934	-3499.365	0.42	0.884	0.434	24.485	0.696
3280	2.637	0.672	-3517.299	-17.934	-3499.365	0.42	0.884	0.434	24.485	0.696
3290	2.644	0.672	-3517.299	-17.934	-3499.365	0.42	0.884	0.434	24.485	0.696
3300	2.652	0.672	-3517.299	-17.934	-3499.365	0.42	0.884	0.434	24.485	0.696
3310	2.659	0.672	-3517.299	-17.934	-3499.365	0.42	0.884	0.434	24.485	0.696
3320	2.667	0.653	-3517.491	-18.798	-3498.693	0.42	0.924	0.435	21.519	0.667
3330	2.674	0.648	-3517.437	-19.12	-3498.317	0.42	0.901	0.436	20.05	0.664
3340	2.682	0.671	-3517.901	-19.388	-3498.513	0.42	0.926	0.435	19.94	0.64
3350	2.689	0.694	-3517.344	-19.524	-3497.821	0.42	0.922	0.434	20.359	0.615
3360	2.696	0.694	-3517.344	-19.524	-3497.821	0.42	0.922	0.434	20.359	0.615
3370	2.704	0.694	-3517.344	-19.524	-3497.821	0.42	0.922	0.434	20.359	0.615
3380	2.711	0.707	-3518.487	-19.358	-3499.129	0.42	0.916	0.433	21.06	0.616
3390	2.718	0.707	-3518.487	-19.358	-3499.129	0.42	0.916	0.433	21.06	0.616
3400	2.725	0.715	-3519.287	-20.475	-3498.813	0.42	0.913	0.434	17.891	0.579
3410	2.732	0.705	-3518.815	-21.575	-3497.24	0.42	0.923	0.435	15.039	0.553
3420	2.74	0.705	-3518.815	-21.575	-3497.24	0.42	0.923	0.435	15.039	0.553
3430	2.747	0.735	-3523.423	-22.398	-3501.025	0.42	0.891	0.437	13.097	0.536
3440	2.754	0.735	-3523.423	-22.398	-3501.025	0.42	0.891	0.437	13.097	0.536
3450	2.761	0.663	-3519.128	-21.753	-3497.375	0.42	0.883	0.44	13.366	0.584
3460	2.769	0.663	-3519.128	-21.753	-3497.375	0.42	0.883	0.44	13.366	0.584
3470	2.776	0.663	-3519.128	-21.753	-3497.375	0.42	0.883	0.44	13.366	0.584
3480	2.783	0.663	-3519.128	-21.753	-3497.375	0.42	0.883	0.44	13.366	0.584
3490	2.791	0.663	-3519.128	-21.753	-3497.375	0.42	0.883	0.44	13.366	0.584
3500	2.798	0.663	-3519.128	-21.753	-3497.375	0.42	0.883	0.44	13.366	0.584
3510	2.806	0.709	-3521.959	-20.642	-3501.317	0.42	0.884	0.438	16.14	0.607
3520	2.813	0.665	-3518.355	-20.106	-3498.248	0.42	0.927	0.437	17.701	0.622
3530	2.821	0.696	-3518.032	-20.191	-3497.841	0.42	0.907	0.435	18.05	0.602
3540	2.829	0.672	-3516.727	-19.795	-3496.932	0.42	0.902	0.436	18.72	0.624
3550	2.836	0.672	-3516.727	-19.795	-3496.932	0.42	0.902	0.436	18.72	0.624
3560	2.844	0.672	-3516.727	-19.795	-3496.932	0.42	0.902	0.436	18.72	0.624
3570	2.852	0.672	-3516.727	-19.795	-3496.932	0.42	0.902	0.436	18.72	0.624
3580	2.859	0.672	-3516.727	-19.795	-3496.932	0.42	0.902	0.436	18.72	0.624
3590	2.867	0.672	-3516.727	-19.795	-3496.932	0.42	0.902	0.436	18.72	0.624
3600	2.874	0.672	-3516.727	-19.795	-3496.932	0.42	0.902	0.436	18.72	0.624
3610	2.882	0.672	-3516.727	-19.795	-3496.932	0.42	0.902	0.436	18.72	0.624
3620	2.889	0.672	-3516.727	-19.795	-3496.932	0.42	0.902	0.436	18.72	0.624
3630	2.896	0.696	-3517.849	-19.384	-3498.465	0.42	0.911	0.434	20.521	0.625
3640	2.904	0.701	-3518.093	-19.097	-3498.996	0.42	0.905	0.433	21.522	0.631
3650	2.911	0.655	-3518.46	-18.215	-3500.245	0.42	0.897	0.435	22.846	0.701
3660	2.918	0.667	-3518.834	-18.398	-3500.437	0.42	0.904	0.435	22.439	0.689
3670	2.926	0.687	-3517.829	-19.009	-3498.82	0.42	0.9	0.435	21.178	0.648
3680	2.933	0.687	-3517.829	-19.009	-3498.82	0.42	0.9	0.435	21.178	0.648
3690	2.94	0.687	-3517.829	-19.009	-3498.82	0.42	0.9	0.435	21.178	0.648
3700	2.948	0.686	-3517.061	-19.242	-3497.819	0.42	0.894	0.434	20.636	0.635
3710	2.956	0.686	-3517.061	-19.242	-3497.819	0.42	0.894	0.434	20.636	0.635
3720	2.963	0.686	-3517.061	-19.242	-3497.819	0.42	0.894	0.434	20.636	0.635
3730	2.97	0.685	-3518.099	-18.645	-3499.455	0.42	0.907	0.434	22.32	0.663
3740	2.978	0.685	-3518.099	-18.645	-3499.455	0.42	0.907	0.434	22.32	0.663
3750	2.985	0.682	-3517.29	-18.224	-3499.066	0.42	0.892	0.434	23.842	0.676
3760	2.993	0.652	-3518.131	-18.15	-3499.981	0.42	0.897	0.435	23.094	0.703
3770	3.0	0.687	-3519.293	-17.726	-3501.567	0.42	0.952	0.432	27.011	0.677
3780	3.008	0.691	-3520.181	-17.465	-3502.716	0.42	0.949	0.432	27.786	0.694
3790	3.015	0.7	-3519.696	-16.126	-3503.57	0.42	0.909	0.431	33.516	0.756
3800	3.022	0.641	-3520.244	-15.407	-3504.837	0.42	0.914	0.432	35.057	0.839
3810	3.03	0.668	-3521.75	-14.024	-3507.725	0.42	0.885	0.43	43.632	0.923
3820	3.037	0.668	-3521.75	-14.024	-3507.725	0.42	0.885	0.43	43.632	0.923
3830	3.044	0.668	-3521.75	-14.024	-3507.725	0.42	0.885	0.43	43.632	0.923
3840	3.053	0.616	-3521.883	-15.843	-3506.041	0.42	0.894	0.428	38.185	0.715
3850	3.062	0.601	-3522.35	-14.733	-3507.616	0.42	0.89	0.428	43.714	0.792
3860	3.071	0.604	-3523.039	-14.661	-3508.378	0.42	0.868	0.429	43.434	0.805
3870	3.078	0.634	-3525.005	-15.72	-3509.284	0.42	0.825	0.429	37.037	0.743
3880	3.085	0.576	-3523.802	-15.754	-3508.049	0.42	0.856	0.432	34.071	0.793
3890	3.092	0.578	-3520.958	-15.951	-3505.006	0.42	0.877	0.429	35.827	0.734
3900	3.1	0.573	-3521.131	-15.68	-3505.452	0.42	0.907	0.429	37.307	0.752
3910	3.107	0.544	-3521.868	-15.631	-3506.237	0.42	0.915	0.43	36.96	0.766
3920	3.114	0.578	-3522.872	-15.087	-3507.785	0.42	0.926	0.429	40.474	0.792
3930	3.122	0.602	-3523.39	-14.873	-3508.517	0.42	0.871	0.43	40.629	0.816
3940	3.129	0.577	-3521.646	-15.643	-3506.002	0.42	0.872	0.43	36.639	0.764
3950	3.137	0.577	-3521.646	-15.643	-3506.002	0.42	0.872	0.43	36.639	0.764
3960	3.144	0.573	-3521.458	-15.473	-3505.985	0.42	0.879	0.43	38.06	0.766
3970	3.152	0.625	-3523.913	-16.219	-3507.694	0.42	0.942	0.43	34.527	0.729
3980	3.159	0.584	-3520.878	-15.828	-3505.051	0.42	0.893	0.429	37.032	0.734
3990	3.166	0.602	-3521.371	-16.184	-3505.188	0.42	0.877	0.428	35.869	0.703
