iter	hours	log_posterior	log_prior	loglik	missing	mixture	scale	shape
0	0.001	-1861.914	-17.557	-1844.356	0.42	0.417	39.494	0.519
10	0.01	-1766.012	-16.055	-1749.957	0.42	0.543	35.792	0.717
20	0.018	-1747.685	-16.171	-1731.514	0.42	0.597	34.266	0.727
30	0.027	-1736.771	-18.726	-1718.044	0.42	0.677	24.888	0.596
40	0.036	-1726.716	-17.684	-1709.032	0.42	0.717	27.29	0.665
50	0.044	-1725.188	-17.431	-1707.757	0.42	0.723	27.597	0.689
60	0.053	-1709.863	-18.393	-1691.47	0.42	0.775	23.18	0.669
70	0.062	-1706.7	-18.468	-1688.232	0.42	0.807	24.2	0.64
80	0.07	-1695.139	-17.584	-1677.555	0.42	0.907	26.561	0.702
90	0.079	-1696.089	-19.109	-1676.981	0.42	0.953	21.546	0.641
100	0.088	-1694.466	-18.112	-1676.354	0.42	0.939	25.315	0.669
110	0.097	-1693.427	-17.741	-1675.687	0.42	0.929	29.664	0.629
120	0.106	-1693.819	-18.258	-1675.56	0.42	0.919	29.522	0.578
130	0.114	-1693.532	-17.648	-1675.884	0.42	0.915	29.913	0.634
140	0.123	-1689.322	-17.768	-1671.554	0.42	0.97	29.968	0.63
150	0.132	-1689.322	-17.768	-1671.554	0.42	0.97	29.968	0.63
160	0.141	-1689.322	-17.768	-1671.554	0.42	0.97	29.968	0.63
170	0.15	-1689.322	-17.768	-1671.554	0.42	0.97	29.968	0.63
180	0.158	-1689.322	-17.768	-1671.554	0.42	0.97	29.968	0.63
190	0.167	-1689.322	-17.768	-1671.554	0.42	0.97	29.968	0.63
200	0.176	-1691.652	-17.907	-1673.745	0.42	0.982	29.403	0.63
210	0.185	-1689.072	-17.728	-1671.343	0.42	0.945	29.439	0.637
220	0.194	-1689.072	-17.728	-1671.343	0.42	0.945	29.439	0.637
230	0.202	-1689.345	-17.695	-1671.649	0.42	0.944	30.511	0.623
240	0.211	-1693.744	-18.505	-1675.239	0.42	0.916	26.699	0.597
250	0.22	-1690.367	-18.139	-1672.227	0.42	0.931	29.063	0.598
260	0.229	-1689.977	-18.063	-1671.914	0.42	0.924	29.155	0.603
270	0.238	-1689.977	-18.063	-1671.914	0.42	0.924	29.155	0.603
280	0.246	-1689.977	-18.063	-1671.914	0.42	0.924	29.155	0.603
290	0.255	-1689.977	-18.063	-1671.914	0.42	0.924	29.155	0.603
300	0.264	-1690.05	-16.877	-1673.173	0.42	0.911	34.283	0.653
310	0.273	-1690.05	-16.877	-1673.173	0.42	0.911	34.283	0.653
320	0.282	-1690.05	-16.877	-1673.173	0.42	0.911	34.283	0.653
330	0.291	-1698.962	-16.148	-1682.814	0.42	0.897	39.649	0.664
340	0.299	-1690.596	-15.837	-1674.759	0.42	0.92	39.921	0.701
350	0.308	-1690.596	-15.837	-1674.759	0.42	0.92	39.921	0.701
360	0.317	-1690.396	-15.64	-1674.757	0.42	0.927	40.555	0.719
370	0.326	-1689.141	-17.236	-1671.904	0.42	0.944	32.274	0.647
380	0.335	-1689.446	-16.795	-1672.652	0.42	0.936	34.539	0.662
390	0.344	-1689.446	-16.795	-1672.652	0.42	0.936	34.539	0.662
400	0.352	-1689.86	-16.621	-1673.239	0.42	0.943	35.587	0.669
410	0.362	-1689.86	-16.621	-1673.239	0.42	0.943	35.587	0.669
420	0.37	-1690.88	-16.861	-1674.019	0.42	0.96	34.591	0.659
430	0.379	-1689.938	-16.003	-1673.935	0.42	0.93	38.394	0.702
440	0.388	-1690.149	-15.924	-1674.225	0.42	0.938	38.804	0.708
450	0.397	-1689.907	-16.222	-1673.685	0.42	0.915	37.408	0.687
460	0.406	-1692.078	-16.249	-1675.828	0.42	0.929	38.907	0.665
470	0.414	-1692.078	-16.249	-1675.828	0.42	0.929	38.907	0.665
480	0.423	-1691.593	-15.746	-1675.847	0.42	0.956	40.34	0.714
490	0.432	-1690.529	-16.372	-1674.156	0.42	0.917	37.121	0.673
500	0.441	-1690.797	-15.651	-1675.146	0.42	0.944	40.32	0.724
510	0.45	-1691.109	-15.801	-1675.309	0.42	0.945	40.473	0.703
520	0.459	-1691.164	-15.393	-1675.772	0.42	0.962	41.947	0.742
530	0.467	-1690.884	-16.517	-1674.367	0.42	0.953	36.571	0.669
540	0.476	-1690.55	-16.428	-1674.122	0.42	0.936	37.1	0.669
550	0.485	-1690.073	-16.533	-1673.54	0.42	0.95	35.823	0.677
560	0.494	-1690.073	-16.533	-1673.54	0.42	0.95	35.823	0.677
570	0.503	-1693.939	-17.818	-1676.121	0.42	0.933	29.797	0.62
580	0.511	-1692.113	-17.761	-1674.353	0.42	0.925	31.314	0.602
590	0.52	-1692.686	-16.787	-1675.9	0.42	0.966	35.944	0.65
600	0.529	-1690.18	-17.153	-1673.027	0.42	0.971	32.57	0.659
610	0.538	-1690.18	-17.153	-1673.027	0.42	0.971	32.57	0.659
620	0.547	-1690.255	-17.86	-1672.395	0.42	0.954	30.191	0.613
630	0.556	-1690.255	-17.86	-1672.395	0.42	0.954	30.191	0.613
640	0.565	-1690.255	-17.86	-1672.395	0.42	0.954	30.191	0.613
650	0.573	-1689.997	-17.071	-1672.926	0.42	0.95	32.528	0.663
660	0.582	-1689.893	-16.661	-1673.232	0.42	0.928	35.509	0.663
670	0.591	-1692.567	-16.966	-1675.601	0.42	0.892	34.531	0.637
680	0.6	-1690.222	-15.97	-1674.251	0.42	0.936	38.989	0.699
690	0.609	-1690.222	-15.97	-1674.251	0.42	0.936	38.989	0.699
700	0.617	-1690.222	-15.97	-1674.251	0.42	0.936	38.989	0.699
710	0.626	-1690.327	-16.42	-1673.907	0.42	0.905	36.481	0.674
720	0.635	-1690.157	-15.941	-1674.216	0.42	0.939	38.681	0.708
730	0.644	-1690.157	-15.941	-1674.216	0.42	0.939	38.681	0.708
740	0.653	-1691.418	-16.58	-1674.838	0.42	0.911	36.49	0.656
750	0.662	-1691.253	-16.264	-1674.989	0.42	0.93	38.358	0.671
760	0.67	-1691.253	-16.264	-1674.989	0.42	0.93	38.358	0.671
770	0.679	-1690.232	-15.696	-1674.536	0.42	0.934	39.847	0.723
780	0.688	-1690.232	-15.696	-1674.536	0.42	0.934	39.847	0.723
790	0.697	-1690.232	-15.696	-1674.536	0.42	0.934	39.847	0.723
800	0.706	-1690.362	-15.663	-1674.699	0.42	0.925	40.389	0.718
810	0.715	-1690.362	-15.663	-1674.699	0.42	0.925	40.389	0.718
820	0.723	-1690.362	-15.663	-1674.699	0.42	0.925	40.389	0.718
830	0.732	-1690.362	-15.663	-1674.699	0.42	0.925	40.389	0.718
840	0.741	-1690.161	-16.231	-1673.93	0.42	0.946	37.487	0.689
850	0.75	-1690.166	-16.103	-1674.063	0.42	0.936	38.349	0.692
860	0.759	-1691.551	-15.379	-1676.172	0.42	0.908	42.846	0.721
870	0.767	-1691.308	-15.17	-1676.139	0.42	0.935	43.918	0.74
880	0.776	-1691.308	-15.17	-1676.139	0.42	0.935	43.918	0.74
890	0.785	-1692.128	-15.304	-1676.824	0.42	0.929	44.095	0.718
900	0.794	-1692.128	-15.304	-1676.824	0.42	0.929	44.095	0.718
910	0.803	-1691.337	-15.032	-1676.305	0.42	0.931	44.636	0.749
920	0.812	-1691.957	-14.635	-1677.322	0.42	0.913	46.769	0.776
930	0.82	-1694.168	-14.541	-1679.627	0.42	0.92	46.912	0.79
940	0.829	-1692.71	-14.612	-1678.098	0.42	0.936	48.289	0.764
950	0.838	-1692.71	-14.612	-1678.098	0.42	0.936	48.289	0.764
960	0.847	-1692.71	-14.612	-1678.098	0.42	0.936	48.289	0.764
970	0.856	-1692.542	-14.392	-1678.15	0.42	0.931	49.238	0.785
980	0.865	-1691.834	-14.624	-1677.21	0.42	0.917	46.568	0.781
990	0.874	-1690.755	-14.599	-1676.156	0.42	0.945	46.589	0.791
1000	0.882	-1690.755	-14.599	-1676.156	0.42	0.945	46.589	0.791
1010	0.891	-1690.755	-14.599	-1676.156	0.42	0.945	46.589	0.791
1020	0.9	-1690.755	-14.599	-1676.156	0.42	0.945	46.589	0.791
1030	0.909	-1690.755	-14.599	-1676.156	0.42	0.945	46.589	0.791
1040	0.918	-1690.755	-14.599	-1676.156	0.42	0.945	46.589	0.791
1050	0.927	-1690.755	-14.599	-1676.156	0.42	0.945	46.589	0.791
1060	0.936	-1690.755	-14.599	-1676.156	0.42	0.945	46.589	0.791
1070	0.944	-1690.755	-14.599	-1676.156	0.42	0.945	46.589	0.791
1080	0.953	-1690.755	-14.599	-1676.156	0.42	0.945	46.589	0.791
1090	0.962	-1691.581	-14.841	-1676.74	0.42	0.925	45.935	0.758
1100	0.971	-1691.581	-14.841	-1676.74	0.42	0.925	45.935	0.758
1110	0.98	-1691.581	-14.841	-1676.74	0.42	0.925	45.935	0.758
1120	0.989	-1691.581	-14.841	-1676.74	0.42	0.925	45.935	0.758
1130	0.998	-1691.581	-14.841	-1676.74	0.42	0.925	45.935	0.758
1140	1.006	-1691.654	-14.847	-1676.807	0.42	0.932	45.408	0.766
1150	1.015	-1691.654	-14.847	-1676.807	0.42	0.932	45.408	0.766
1160	1.024	-1691.654	-14.847	-1676.807	0.42	0.932	45.408	0.766
1170	1.033	-1691.421	-15.696	-1675.725	0.42	0.896	40.629	0.707
1180	1.042	-1691.421	-15.696	-1675.725	0.42	0.896	40.629	0.707
1190	1.051	-1690.06	-16.134	-1673.926	0.42	0.924	38.087	0.689
1200	1.059	-1690.06	-16.134	-1673.926	0.42	0.924	38.087	0.689
1210	1.068	-1690.679	-16.71	-1673.968	0.42	0.903	35.211	0.658
1220	1.077	-1689.821	-16.93	-1672.892	0.42	0.952	33.895	0.659
1230	1.086	-1689.646	-17.434	-1672.212	0.42	0.948	31.758	0.633
1240	1.095	-1689.646	-17.434	-1672.212	0.42	0.948	31.758	0.633
1250	1.104	-1691.744	-16.827	-1674.917	0.42	0.976	34.09	0.676
1260	1.112	-1693.322	-17.56	-1675.762	0.42	0.965	31.051	0.634
1270	1.121	-1689.825	-16.689	-1673.135	0.42	0.94	34.267	0.679
1280	1.13	-1689.825	-16.689	-1673.135	0.42	0.94	34.267	0.679
1290	1.139	-1689.633	-16.88	-1672.753	0.42	0.945	34.188	0.659
1300	1.148	-1689.802	-17.117	-1672.686	0.42	0.952	33.059	0.65
1310	1.157	-1689.802	-17.117	-1672.686	0.42	0.952	33.059	0.65
1320	1.165	-1689.73	-17.714	-1672.016	0.42	0.926	30.578	0.618
1330	1.174	-1690.153	-16.759	-1673.395	0.42	0.955	34.388	0.672
1340	1.183	-1690.153	-16.759	-1673.395	0.42	0.955	34.388	0.672
1350	1.192	-1690.097	-17.599	-1672.498	0.42	0.955	31.162	0.626
1360	1.201	-1689.068	-17.543	-1671.525	0.42	0.934	31.027	0.63
1370	1.21	-1689.068	-17.543	-1671.525	0.42	0.934	31.027	0.63
1380	1.218	-1689.068	-17.543	-1671.525	0.42	0.934	31.027	0.63
1390	1.227	-1689.068	-17.543	-1671.525	0.42	0.934	31.027	0.63
1400	1.236	-1689.068	-17.543	-1671.525	0.42	0.934	31.027	0.63
1410	1.245	-1689.068	-17.543	-1671.525	0.42	0.934	31.027	0.63
1420	1.254	-1689.068	-17.543	-1671.525	0.42	0.934	31.027	0.63
1430	1.263	-1689.068	-17.543	-1671.525	0.42	0.934	31.027	0.63
1440	1.271	-1689.482	-17.942	-1671.54	0.42	0.955	28.499	0.631
1450	1.28	-1689.176	-18.381	-1670.795	0.42	0.943	27.638	0.598
1460	1.289	-1689.176	-18.381	-1670.795	0.42	0.943	27.638	0.598
1470	1.298	-1689.198	-17.659	-1671.539	0.42	0.947	29.66	0.641
1480	1.307	-1689.198	-17.659	-1671.539	0.42	0.947	29.66	0.641
1490	1.315	-1689.198	-17.659	-1671.539	0.42	0.947	29.66	0.641
1500	1.324	-1689.198	-17.659	-1671.539	0.42	0.947	29.66	0.641
1510	1.333	-1689.198	-17.659	-1671.539	0.42	0.947	29.66	0.641
1520	1.342	-1689.218	-17.825	-1671.394	0.42	0.944	29.897	0.619
1530	1.351	-1689.342	-17.806	-1671.536	0.42	0.945	30.047	0.619
1540	1.359	-1689.342	-17.806	-1671.536	0.42	0.945	30.047	0.619
1550	1.368	-1689.342	-17.806	-1671.536	0.42	0.945	30.047	0.619
1560	1.377	-1689.342	-17.806	-1671.536	0.42	0.945	30.047	0.619
1570	1.386	-1690.096	-18.017	-1672.078	0.42	0.932	29.5	0.604
1580	1.395	-1690.597	-17.91	-1672.687	0.42	0.913	29.862	0.607
1590	1.403	-1690.285	-17.299	-1672.986	0.42	0.937	32.813	0.631
1600	1.412	-1689.607	-17.129	-1672.478	0.42	0.92	33.044	0.643
1610	1.421	-1690.141	-16.869	-1673.272	0.42	0.916	34.472	0.652
1620	1.43	-1691.093	-16.368	-1674.725	0.42	0.929	37.714	0.667
1630	1.439	-1690.462	-15.734	-1674.728	0.42	0.939	40.196	0.714
1640	1.448	-1690.462	-15.734	-1674.728	0.42	0.939	40.196	0.714
1650	1.457	-1692.98	-15.544	-1677.436	0.42	0.963	42.051	0.72
1660	1.466	-1692.443	-15.846	-1676.597	0.42	0.934	41.357	0.684
1670	1.474	-1689.041	-15.983	-1673.058	0.42	0.953	38.241	0.712
1680	1.483	-1689.665	-16.192	-1673.473	0.42	0.93	37.512	0.691
1690	1.492	-1689.665	-16.192	-1673.473	0.42	0.93	37.512	0.691
1700	1.501	-1689.665	-16.192	-1673.473	0.42	0.93	37.512	0.691
1710	1.51	-1689.665	-16.192	-1673.473	0.42	0.93	37.512	0.691
1720	1.518	-1689.665	-16.192	-1673.473	0.42	0.93	37.512	0.691
1730	1.527	-1690.295	-15.811	-1674.484	0.42	0.935	39.815	0.708
1740	1.536	-1692.077	-15.482	-1676.595	0.42	0.957	41.977	0.728
1750	1.545	-1691.073	-15.944	-1675.129	0.42	0.953	38.885	0.708
1760	1.553	-1691.811	-16.267	-1675.544	0.42	0.93	38.645	0.667
1770	1.562	-1691.022	-15.246	-1675.776	0.42	0.932	42.871	0.742
1780	1.571	-1690.646	-15.742	-1674.904	0.42	0.933	40.557	0.707
1790	1.58	-1690.646	-15.742	-1674.904	0.42	0.933	40.557	0.707
1800	1.589	-1691.873	-15.542	-1676.331	0.42	0.925	42.588	0.705
1810	1.598	-1692.577	-15.722	-1676.856	0.42	0.941	42.138	0.691
1820	1.606	-1692.577	-15.722	-1676.856	0.42	0.941	42.138	0.691
1830	1.615	-1691.406	-15.851	-1675.555	0.42	0.909	40.233	0.694
1840	1.624	-1692.227	-16.339	-1675.888	0.42	0.911	38.174	0.662
1850	1.633	-1691.458	-15.878	-1675.58	0.42	0.89	39.452	0.699
1860	1.642	-1691.458	-15.878	-1675.58	0.42	0.89	39.452	0.699
1870	1.65	-1690.805	-16.162	-1674.642	0.42	0.909	38.161	0.683
1880	1.659	-1691.219	-16.4	-1674.82	0.42	0.931	37.639	0.664
1890	1.668	-1690.411	-16.085	-1674.326	0.42	0.905	38.156	0.692
1900	1.677	-1690.411	-16.085	-1674.326	0.42	0.905	38.156	0.692
1910	1.686	-1691.543	-16.285	-1675.259	0.42	0.897	37.647	0.674
1920	1.694	-1691.543	-16.285	-1675.259	0.42	0.897	37.647	0.674
1930	1.703	-1690.168	-16.021	-1674.147	0.42	0.935	38.756	0.696
1940	1.712	-1691.338	-16.258	-1675.08	0.42	0.943	38.466	0.672
1950	1.721	-1690.13	-16.619	-1673.511	0.42	0.968	35.208	0.681
1960	1.73	-1689.882	-16.569	-1673.313	0.42	0.934	35.928	0.668
1970	1.738	-1692.144	-16.906	-1675.238	0.42	0.913	35.238	0.637
1980	1.747	-1691.571	-17.284	-1674.287	0.42	0.898	32.685	0.629
1990	1.756	-1691.571	-17.284	-1674.287	0.42	0.898	32.685	0.629
2000	1.765	-1691.571	-17.284	-1674.287	0.42	0.898	32.685	0.629
2010	1.774	-1694.24	-17.654	-1676.586	0.42	0.959	31.564	0.615
2020	1.782	-1690.644	-16.785	-1673.859	0.42	0.954	34.115	0.673
2030	1.791	-1690.644	-16.785	-1673.859	0.42	0.954	34.115	0.673
2040	1.8	-1689.58	-17.187	-1672.393	0.42	0.944	31.891	0.658
2050	1.809	-1689.08	-17.252	-1671.828	0.42	0.933	32.293	0.643
2060	1.818	-1691.671	-17.225	-1674.447	0.42	0.939	33.842	0.625
2070	1.827	-1691.575	-17.737	-1673.838	0.42	0.929	31.299	0.605
2080	1.835	-1689.956	-17.423	-1672.533	0.42	0.953	31.871	0.634
2090	1.844	-1689.956	-17.423	-1672.533	0.42	0.953	31.871	0.634
2100	1.853	-1689.956	-17.423	-1672.533	0.42	0.953	31.871	0.634
2110	1.862	-1690.277	-17.306	-1672.971	0.42	0.973	32.166	0.648
2120	1.87	-1690.277	-17.306	-1672.971	0.42	0.973	32.166	0.648
2130	1.879	-1690.629	-17.651	-1672.978	0.42	0.962	30.088	0.639
2140	1.888	-1690.629	-17.651	-1672.978	0.42	0.962	30.088	0.639
2150	1.897	-1691.221	-18.249	-1672.972	0.42	0.941	29.008	0.589
2160	1.906	-1691.221	-18.249	-1672.972	0.42	0.941	29.008	0.589
2170	1.915	-1689.799	-18.317	-1671.482	0.42	0.946	28.162	0.596
2180	1.924	-1689.47	-18.497	-1670.973	0.42	0.942	27.311	0.591
2190	1.932	-1689.47	-18.497	-1670.973	0.42	0.942	27.311	0.591
2200	1.941	-1689.47	-18.497	-1670.973	0.42	0.942	27.311	0.591
2210	1.95	-1689.47	-18.497	-1670.973	0.42	0.942	27.311	0.591
2220	1.959	-1689.47	-18.497	-1670.973	0.42	0.942	27.311	0.591
2230	1.968	-1689.47	-18.497	-1670.973	0.42	0.942	27.311	0.591
2240	1.976	-1689.47	-18.497	-1670.973	0.42	0.942	27.311	0.591
2250	1.985	-1689.47	-18.497	-1670.973	0.42	0.942	27.311	0.591
2260	1.994	-1689.168	-18.011	-1671.157	0.42	0.937	29.125	0.611
2270	2.003	-1689.168	-18.011	-1671.157	0.42	0.937	29.125	0.611
2280	2.012	-1689.168	-18.011	-1671.157	0.42	0.937	29.125	0.611
2290	2.021	-1689.168	-18.011	-1671.157	0.42	0.937	29.125	0.611
2300	2.03	-1689.168	-18.011	-1671.157	0.42	0.937	29.125	0.611
2310	2.038	-1689.168	-18.011	-1671.157	0.42	0.937	29.125	0.611
2320	2.047	-1689.168	-18.011	-1671.157	0.42	0.937	29.125	0.611
2330	2.056	-1688.471	-18.392	-1670.079	0.42	0.939	26.674	0.612
2340	2.065	-1688.471	-18.392	-1670.079	0.42	0.939	26.674	0.612
2350	2.074	-1688.471	-18.392	-1670.079	0.42	0.939	26.674	0.612
2360	2.083	-1688.471	-18.392	-1670.079	0.42	0.939	26.674	0.612
2370	2.091	-1688.471	-18.392	-1670.079	0.42	0.939	26.674	0.612
2380	2.1	-1688.471	-18.392	-1670.079	0.42	0.939	26.674	0.612
2390	2.109	-1688.471	-18.392	-1670.079	0.42	0.939	26.674	0.612
2400	2.118	-1688.471	-18.392	-1670.079	0.42	0.939	26.674	0.612
2410	2.127	-1688.471	-18.392	-1670.079	0.42	0.939	26.674	0.612
2420	2.136	-1688.471	-18.392	-1670.079	0.42	0.939	26.674	0.612
2430	2.145	-1688.471	-18.392	-1670.079	0.42	0.939	26.674	0.612
2440	2.154	-1688.471	-18.392	-1670.079	0.42	0.939	26.674	0.612
2450	2.162	-1688.471	-18.392	-1670.079	0.42	0.939	26.674	0.612
2460	2.171	-1688.471	-18.392	-1670.079	0.42	0.939	26.674	0.612
2470	2.18	-1688.471	-18.392	-1670.079	0.42	0.939	26.674	0.612
2480	2.189	-1688.471	-18.392	-1670.079	0.42	0.939	26.674	0.612
2490	2.198	-1688.471	-18.392	-1670.079	0.42	0.939	26.674	0.612
2500	2.207	-1688.919	-17.808	-1671.111	0.42	0.942	29.112	0.633
2510	2.215	-1688.919	-17.808	-1671.111	0.42	0.942	29.112	0.633
2520	2.224	-1688.919	-17.808	-1671.111	0.42	0.942	29.112	0.633
2530	2.233	-1688.919	-17.808	-1671.111	0.42	0.942	29.112	0.633
2540	2.242	-1689.004	-18.304	-1670.7	0.42	0.95	27.077	0.616
2550	2.251	-1689.004	-18.304	-1670.7	0.42	0.95	27.077	0.616
2560	2.26	-1689.004	-18.304	-1670.7	0.42	0.95	27.077	0.616
2570	2.268	-1689.004	-18.304	-1670.7	0.42	0.95	27.077	0.616
2580	2.277	-1689.004	-18.304	-1670.7	0.42	0.95	27.077	0.616
2590	2.286	-1689.004	-18.304	-1670.7	0.42	0.95	27.077	0.616
2600	2.295	-1689.004	-18.304	-1670.7	0.42	0.95	27.077	0.616
2610	2.304	-1689.004	-18.304	-1670.7	0.42	0.95	27.077	0.616
2620	2.313	-1691.374	-18.945	-1672.429	0.42	0.974	24.738	0.598
2630	2.322	-1694.543	-18.798	-1675.745	0.42	0.977	25.677	0.598
2640	2.33	-1693.575	-18.654	-1674.92	0.42	0.983	26.862	0.595
2650	2.339	-1688.456	-19.19	-1669.266	0.42	0.947	23.741	0.586
2660	2.348	-1688.456	-19.19	-1669.266	0.42	0.947	23.741	0.586
2670	2.357	-1688.456	-19.19	-1669.266	0.42	0.947	23.741	0.586
2680	2.366	-1688.456	-19.19	-1669.266	0.42	0.947	23.741	0.586
2690	2.375	-1690.605	-19.095	-1671.51	0.42	0.964	25.243	0.572
2700	2.383	-1690.605	-19.095	-1671.51	0.42	0.964	25.243	0.572
2710	2.392	-1689.627	-18.457	-1671.171	0.42	0.96	26.481	0.613
2720	2.401	-1689.627	-18.457	-1671.171	0.42	0.96	26.481	0.613
2730	2.41	-1689.627	-18.457	-1671.171	0.42	0.96	26.481	0.613
2740	2.419	-1689.627	-18.457	-1671.171	0.42	0.96	26.481	0.613
2750	2.428	-1689.627	-18.457	-1671.171	0.42	0.96	26.481	0.613
2760	2.437	-1689.627	-18.457	-1671.171	0.42	0.96	26.481	0.613
2770	2.445	-1689.627	-18.457	-1671.171	0.42	0.96	26.481	0.613
2780	2.454	-1689.627	-18.457	-1671.171	0.42	0.96	26.481	0.613
2790	2.463	-1689.627	-18.457	-1671.171	0.42	0.96	26.481	0.613
2800	2.472	-1689.627	-18.457	-1671.171	0.42	0.96	26.481	0.613
2810	2.481	-1689.911	-18.325	-1671.586	0.42	0.937	28.149	0.594
2820	2.489	-1689.911	-18.325	-1671.586	0.42	0.937	28.149	0.594
2830	2.498	-1689.911	-18.325	-1671.586	0.42	0.937	28.149	0.594
2840	2.507	-1689.679	-18.195	-1671.484	0.42	0.957	27.662	0.619
2850	2.516	-1689.679	-18.195	-1671.484	0.42	0.957	27.662	0.619
2860	2.525	-1689.679	-18.195	-1671.484	0.42	0.957	27.662	0.619
2870	2.534	-1689.679	-18.195	-1671.484	0.42	0.957	27.662	0.619
2880	2.542	-1689.204	-17.439	-1671.766	0.42	0.943	30.714	0.648
2890	2.551	-1689.454	-17.58	-1671.875	0.42	0.925	30.996	0.625
2900	2.56	-1689.497	-17.662	-1671.835	0.42	0.938	30.777	0.622
2910	2.569	-1689.497	-17.662	-1671.835	0.42	0.938	30.777	0.622
2920	2.578	-1689.336	-17.014	-1672.322	0.42	0.949	33.209	0.659
2930	2.587	-1689.336	-17.014	-1672.322	0.42	0.949	33.209	0.659
2940	2.595	-1689.336	-17.014	-1672.322	0.42	0.949	33.209	0.659
2950	2.604	-1689.983	-16.732	-1673.251	0.42	0.968	34.625	0.676
2960	2.613	-1689.983	-16.732	-1673.251	0.42	0.968	34.625	0.676
2970	2.622	-1691.174	-16.414	-1674.76	0.42	0.946	37.505	0.667
2980	2.631	-1691.174	-16.414	-1674.76	0.42	0.946	37.505	0.667
2990	2.64	-1692.18	-16.665	-1675.516	0.42	0.968	35.672	0.669
3000	2.649	-1692.18	-16.665	-1675.516	0.42	0.968	35.672	0.669
3010	2.658	-1692.841	-17.505	-1675.335	0.42	0.943	33.017	0.607
3020	2.666	-1692.841	-17.505	-1675.335	0.42	0.943	33.017	0.607
3030	2.675	-1691.223	-16.612	-1674.611	0.42	0.973	35.083	0.686
3040	2.684	-1690.95	-16.636	-1674.314	0.42	0.959	35.701	0.669
3050	2.693	-1690.011	-16.764	-1673.247	0.42	0.945	34.061	0.674
3060	2.702	-1690.011	-16.764	-1673.247	0.42	0.945	34.061	0.674
3070	2.711	-1690.637	-17.076	-1673.561	0.42	0.916	33.743	0.639
3080	2.72	-1690.038	-17.557	-1672.481	0.42	0.922	31.334	0.622
3090	2.729	-1691.39	-17.809	-1673.581	0.42	0.963	30.747	0.612
3100	2.737	-1692.726	-18.067	-1674.659	0.42	0.99	29.0	0.625
3110	2.746	-1692.787	-18.465	-1674.322	0.42	0.965	27.236	0.6
3120	2.755	-1689.662	-19.087	-1670.576	0.42	0.963	24.262	0.59
3130	2.764	-1689.609	-19.797	-1669.812	0.42	0.965	21.958	0.566
3140	2.773	-1689.609	-19.797	-1669.812	0.42	0.965	21.958	0.566
3150	2.782	-1689.609	-19.797	-1669.812	0.42	0.965	21.958	0.566
3160	2.791	-1689.609	-19.797	-1669.812	0.42	0.965	21.958	0.566
3170	2.799	-1689.609	-19.797	-1669.812	0.42	0.965	21.958	0.566
3180	2.808	-1691.626	-19.727	-1671.899	0.42	0.987	22.395	0.573
3190	2.817	-1696.032	-20.21	-1675.821	0.42	0.957	22.142	0.525
3200	2.826	-1689.091	-18.144	-1670.948	0.42	0.951	27.674	0.623
3210	2.835	-1689.091	-18.144	-1670.948	0.42	0.951	27.674	0.623
3220	2.844	-1688.676	-18.194	-1670.482	0.42	0.945	27.396	0.621
3230	2.852	-1688.676	-18.194	-1670.482	0.42	0.945	27.396	0.621
3240	2.861	-1688.676	-18.194	-1670.482	0.42	0.945	27.396	0.621
3250	2.87	-1688.676	-18.194	-1670.482	0.42	0.945	27.396	0.621
3260	2.879	-1688.676	-18.194	-1670.482	0.42	0.945	27.396	0.621
3270	2.888	-1689.288	-18.714	-1670.573	0.42	0.949	26.338	0.587
3280	2.897	-1689.283	-18.333	-1670.95	0.42	0.956	26.905	0.617
3290	2.905	-1689.283	-18.333	-1670.95	0.42	0.956	26.905	0.617
3300	2.914	-1689.283	-18.333	-1670.95	0.42	0.956	26.905	0.617
3310	2.923	-1689.908	-18.016	-1671.891	0.42	0.95	29.414	0.608
3320	2.932	-1689.908	-18.016	-1671.891	0.42	0.95	29.414	0.608
3330	2.941	-1689.908	-18.016	-1671.891	0.42	0.95	29.414	0.608
3340	2.949	-1689.908	-18.016	-1671.891	0.42	0.95	29.414	0.608
3350	2.958	-1690.222	-18.612	-1671.61	0.42	0.961	26.992	0.589
3360	2.967	-1688.874	-17.713	-1671.161	0.42	0.941	29.464	0.637
3370	2.976	-1688.874	-17.713	-1671.161	0.42	0.941	29.464	0.637
3380	2.985	-1688.874	-17.713	-1671.161	0.42	0.941	29.464	0.637
3390	2.994	-1688.874	-17.713	-1671.161	0.42	0.941	29.464	0.637
3400	3.003	-1688.706	-17.722	-1670.984	0.42	0.936	29.371	0.637
3410	3.012	-1689.778	-17.308	-1672.47	0.42	0.956	32.053	0.645
3420	3.021	-1687.937	-17.23	-1670.708	0.42	0.973	32.486	0.652
3430	3.03	-1687.937	-17.23	-1670.708	0.42	0.973	32.486	0.652
3440	3.038	-1687.937	-17.23	-1670.708	0.42	0.973	32.486	0.652
3450	3.047	-1687.937	-17.23	-1670.708	0.42	0.973	32.486	0.652
3460	3.056	-1687.937	-17.23	-1670.708	0.42	0.973	32.486	0.652
3470	3.065	-1687.937	-17.23	-1670.708	0.42	0.973	32.486	0.652
3480	3.074	-1687.937	-17.23	-1670.708	0.42	0.973	32.486	0.652
3490	3.083	-1687.937	-17.23	-1670.708	0.42	0.973	32.486	0.652
3500	3.092	-1686.666	-16.702	-1669.964	0.42	0.962	34.692	0.677
3510	3.101	-1686.666	-16.702	-1669.964	0.42	0.962	34.692	0.677
3520	3.11	-1686.666	-16.702	-1669.964	0.42	0.962	34.692	0.677
3530	3.119	-1686.666	-16.702	-1669.964	0.42	0.962	34.692	0.677
3540	3.128	-1686.666	-16.702	-1669.964	0.42	0.962	34.692	0.677
3550	3.136	-1686.666	-16.702	-1669.964	0.42	0.962	34.692	0.677
3560	3.145	-1686.666	-16.702	-1669.964	0.42	0.962	34.692	0.677
3570	3.154	-1686.666	-16.702	-1669.964	0.42	0.962	34.692	0.677
3580	3.163	-1686.666	-16.702	-1669.964	0.42	0.962	34.692	0.677
3590	3.172	-1686.666	-16.702	-1669.964	0.42	0.962	34.692	0.677
3600	3.181	-1686.666	-16.702	-1669.964	0.42	0.962	34.692	0.677
3610	3.19	-1686.666	-16.702	-1669.964	0.42	0.962	34.692	0.677
3620	3.199	-1686.666	-16.702	-1669.964	0.42	0.962	34.692	0.677
3630	3.207	-1686.666	-16.702	-1669.964	0.42	0.962	34.692	0.677
3640	3.216	-1686.666	-16.702	-1669.964	0.42	0.962	34.692	0.677
3650	3.225	-1686.666	-16.702	-1669.964	0.42	0.962	34.692	0.677
3660	3.234	-1686.666	-16.702	-1669.964	0.42	0.962	34.692	0.677
3670	3.243	-1686.666	-16.702	-1669.964	0.42	0.962	34.692	0.677
3680	3.252	-1686.666	-16.702	-1669.964	0.42	0.962	34.692	0.677
3690	3.261	-1686.666	-16.702	-1669.964	0.42	0.962	34.692	0.677
3700	3.27	-1686.666	-16.702	-1669.964	0.42	0.962	34.692	0.677
3710	3.279	-1686.666	-16.702	-1669.964	0.42	0.962	34.692	0.677
3720	3.288	-1686.666	-16.702	-1669.964	0.42	0.962	34.692	0.677
3730	3.296	-1686.458	-16.248	-1670.211	0.42	0.955	37.006	0.696
3740	3.305	-1686.458	-16.248	-1670.211	0.42	0.955	37.006	0.696
3750	3.314	-1686.458	-16.248	-1670.211	0.42	0.955	37.006	0.696
3760	3.323	-1686.458	-16.248	-1670.211	0.42	0.955	37.006	0.696
3770	3.332	-1686.458	-16.248	-1670.211	0.42	0.955	37.006	0.696
3780	3.341	-1686.458	-16.248	-1670.211	0.42	0.955	37.006	0.696
3790	3.35	-1686.458	-16.248	-1670.211	0.42	0.955	37.006	0.696
3800	3.358	-1686.458	-16.248	-1670.211	0.42	0.955	37.006	0.696
3810	3.367	-1686.458	-16.248	-1670.211	0.42	0.955	37.006	0.696
3820	3.376	-1686.458	-16.248	-1670.211	0.42	0.955	37.006	0.696
3830	3.385	-1686.458	-16.248	-1670.211	0.42	0.955	37.006	0.696
3840	3.394	-1686.458	-16.248	-1670.211	0.42	0.955	37.006	0.696
3850	3.403	-1686.458	-16.248	-1670.211	0.42	0.955	37.006	0.696
3860	3.412	-1686.458	-16.248	-1670.211	0.42	0.955	37.006	0.696
3870	3.421	-1686.458	-16.248	-1670.211	0.42	0.955	37.006	0.696
3880	3.43	-1686.458	-16.248	-1670.211	0.42	0.955	37.006	0.696
3890	3.438	-1686.458	-16.248	-1670.211	0.42	0.955	37.006	0.696
3900	3.447	-1686.458	-16.248	-1670.211	0.42	0.955	37.006	0.696
3910	3.456	-1686.458	-16.248	-1670.211	0.42	0.955	37.006	0.696
3920	3.465	-1686.458	-16.248	-1670.211	0.42	0.955	37.006	0.696
3930	3.474	-1686.458	-16.248	-1670.211	0.42	0.955	37.006	0.696
3940	3.483	-1686.458	-16.248	-1670.211	0.42	0.955	37.006	0.696
3950	3.492	-1686.458	-16.248	-1670.211	0.42	0.955	37.006	0.696
3960	3.501	-1686.458	-16.248	-1670.211	0.42	0.955	37.006	0.696
3970	3.51	-1686.458	-16.248	-1670.211	0.42	0.955	37.006	0.696
3980	3.519	-1686.458	-16.248	-1670.211	0.42	0.955	37.006	0.696
3990	3.528	-1686.458	-16.248	-1670.211	0.42	0.955	37.006	0.696
