iter	hours	assortment	log_posterior	log_prior	loglik	missing	mixture	null_assortment	scale	shape
0	0.001	0.412	-3678.461	-20.475	-3657.986	0.42	0.57	0.459	10.176	0.936
10	0.008	0.426	-3660.994	-20.282	-3640.713	0.42	0.641	0.453	11.527	0.857
20	0.016	0.459	-3637.279	-18.724	-3618.556	0.42	0.649	0.443	16.841	0.817
30	0.023	0.438	-3546.427	-18.628	-3527.799	0.42	0.718	0.436	20.922	0.689
40	0.03	0.474	-3542.262	-19.22	-3523.042	0.42	0.725	0.434	20.602	0.629
50	0.037	0.497	-3527.586	-20.84	-3506.746	0.42	0.798	0.439	15.177	0.61
60	0.045	0.527	-3528.925	-21.162	-3507.763	0.42	0.785	0.441	14.141	0.611
70	0.052	0.532	-3528.638	-21.07	-3507.568	0.42	0.827	0.441	14.143	0.622
80	0.059	0.579	-3523.895	-20.878	-3503.017	0.42	0.81	0.433	16.944	0.558
90	0.066	0.63	-3521.911	-20.152	-3501.759	0.42	0.875	0.433	18.686	0.586
100	0.074	0.612	-3521.726	-20.684	-3501.041	0.42	0.948	0.432	17.969	0.561
110	0.081	0.648	-3523.181	-20.565	-3502.616	0.42	0.945	0.431	18.545	0.558
120	0.088	0.612	-3520.643	-20.911	-3499.732	0.42	0.902	0.433	17.077	0.556
130	0.095	0.559	-3521.496	-21.267	-3500.229	0.42	0.927	0.436	15.474	0.568
140	0.103	0.58	-3520.09	-20.833	-3499.257	0.42	0.93	0.433	17.362	0.559
150	0.11	0.58	-3520.09	-20.833	-3499.257	0.42	0.93	0.433	17.362	0.559
160	0.117	0.561	-3519.612	-20.981	-3498.631	0.42	0.911	0.432	17.159	0.549
170	0.125	0.59	-3520.149	-21.116	-3499.034	0.42	0.896	0.433	16.628	0.549
180	0.132	0.608	-3521.82	-21.008	-3500.812	0.42	0.931	0.435	16.336	0.569
190	0.14	0.572	-3519.706	-20.617	-3499.089	0.42	0.925	0.431	18.252	0.557
200	0.147	0.572	-3519.706	-20.617	-3499.089	0.42	0.925	0.431	18.252	0.557
210	0.155	0.583	-3523.085	-21.559	-3501.526	0.42	0.898	0.438	14.221	0.575
220	0.162	0.55	-3523.766	-22.083	-3501.683	0.42	0.881	0.44	12.879	0.569
230	0.169	0.552	-3522.434	-21.983	-3500.451	0.42	0.848	0.437	13.64	0.551
240	0.176	0.536	-3521.168	-20.662	-3500.506	0.42	0.865	0.435	16.837	0.583
250	0.184	0.532	-3520.285	-21.511	-3498.774	0.42	0.88	0.435	15.18	0.55
260	0.191	0.526	-3521.067	-22.968	-3498.099	0.42	0.901	0.437	12.045	0.521
270	0.198	0.526	-3521.067	-22.968	-3498.099	0.42	0.901	0.437	12.045	0.521
280	0.205	0.526	-3521.067	-22.968	-3498.099	0.42	0.901	0.437	12.045	0.521
290	0.213	0.526	-3521.067	-22.968	-3498.099	0.42	0.901	0.437	12.045	0.521
300	0.22	0.526	-3521.067	-22.968	-3498.099	0.42	0.901	0.437	12.045	0.521
310	0.228	0.593	-3522.003	-22.314	-3499.689	0.42	0.87	0.432	14.128	0.511
320	0.235	0.587	-3521.944	-22.874	-3499.069	0.42	0.92	0.437	12.16	0.527
330	0.242	0.579	-3521.956	-24.236	-3497.72	0.42	0.936	0.437	10.244	0.486
340	0.25	0.579	-3521.956	-24.236	-3497.72	0.42	0.936	0.437	10.244	0.486
350	0.257	0.553	-3521.233	-23.781	-3497.453	0.42	0.898	0.435	11.052	0.489
360	0.264	0.553	-3521.233	-23.781	-3497.453	0.42	0.898	0.435	11.052	0.489
370	0.272	0.553	-3521.233	-23.781	-3497.453	0.42	0.898	0.435	11.052	0.489
380	0.279	0.573	-3520.764	-22.01	-3498.754	0.42	0.881	0.435	14.062	0.538
390	0.287	0.582	-3521.443	-22.075	-3499.368	0.42	0.863	0.434	14.145	0.529
400	0.294	0.54	-3520.403	-21.197	-3499.206	0.42	0.88	0.434	15.96	0.557
410	0.302	0.54	-3520.403	-21.197	-3499.206	0.42	0.88	0.434	15.96	0.557
420	0.309	0.532	-3519.946	-20.361	-3499.586	0.42	0.913	0.434	18.004	0.585
430	0.316	0.533	-3520.125	-20.455	-3499.669	0.42	0.909	0.434	17.627	0.585
440	0.323	0.543	-3521.71	-22.117	-3499.593	0.42	0.935	0.437	13.642	0.546
450	0.33	0.588	-3520.189	-20.575	-3499.615	0.42	0.912	0.434	17.628	0.574
460	0.338	0.588	-3520.189	-20.575	-3499.615	0.42	0.912	0.434	17.628	0.574
470	0.345	0.541	-3520.592	-19.857	-3500.735	0.42	0.896	0.434	19.053	0.608
480	0.352	0.59	-3520.605	-21.063	-3499.542	0.42	0.914	0.429	17.623	0.532
490	0.36	0.57	-3521.092	-23.566	-3497.526	0.42	0.933	0.433	11.727	0.487
500	0.367	0.545	-3522.435	-24.177	-3498.258	0.42	0.914	0.44	9.838	0.503
510	0.375	0.542	-3522.274	-23.924	-3498.349	0.42	0.917	0.439	10.251	0.507
520	0.382	0.557	-3520.685	-22.763	-3497.922	0.42	0.896	0.435	12.72	0.516
530	0.389	0.557	-3520.685	-22.763	-3497.922	0.42	0.896	0.435	12.72	0.516
540	0.397	0.586	-3521.42	-23.731	-3497.689	0.42	0.901	0.435	11.104	0.492
550	0.404	0.559	-3520.923	-21.914	-3499.009	0.42	0.876	0.436	14.148	0.544
560	0.411	0.603	-3521.194	-20.517	-3500.677	0.42	0.864	0.433	18.022	0.567
570	0.419	0.562	-3521.138	-20.203	-3500.935	0.42	0.859	0.435	18.011	0.597
580	0.426	0.6	-3520.233	-19.994	-3500.239	0.42	0.928	0.431	19.987	0.576
590	0.434	0.631	-3521.383	-19.755	-3501.628	0.42	0.889	0.432	20.417	0.586
600	0.441	0.577	-3520.552	-20.889	-3499.663	0.42	0.87	0.433	17.055	0.556
610	0.448	0.572	-3520.129	-19.744	-3500.385	0.42	0.873	0.432	20.434	0.585
620	0.456	0.572	-3520.129	-19.744	-3500.385	0.42	0.873	0.432	20.434	0.585
630	0.463	0.577	-3519.984	-19.588	-3500.396	0.42	0.879	0.433	20.476	0.6
640	0.47	0.56	-3520.592	-18.448	-3502.144	0.42	0.873	0.433	23.574	0.653
650	0.477	0.559	-3519.664	-19.108	-3500.556	0.42	0.922	0.432	22.357	0.612
660	0.485	0.545	-3519.706	-18.913	-3500.793	0.42	0.902	0.432	22.61	0.625
670	0.492	0.603	-3520.26	-17.954	-3502.306	0.42	0.893	0.431	26.668	0.648
680	0.499	0.632	-3521.717	-17.567	-3504.15	0.42	0.911	0.431	28.128	0.667
690	0.506	0.625	-3521.704	-17.544	-3504.16	0.42	0.904	0.431	27.668	0.678
700	0.514	0.583	-3521.169	-17.093	-3504.076	0.42	0.865	0.431	29.132	0.701
710	0.521	0.554	-3523.811	-17.036	-3506.775	0.42	0.924	0.433	28.489	0.728
720	0.529	0.599	-3520.56	-17.34	-3503.219	0.42	0.88	0.43	29.044	0.674
730	0.536	0.595	-3520.886	-17.084	-3503.802	0.42	0.935	0.429	31.682	0.665
740	0.543	0.576	-3522.041	-16.378	-3505.663	0.42	0.848	0.431	32.223	0.736
750	0.55	0.613	-3528.039	-15.6	-3512.439	0.42	0.773	0.431	34.916	0.796
760	0.558	0.662	-3527.758	-15.396	-3512.361	0.42	0.813	0.429	38.838	0.761
770	0.565	0.63	-3522.036	-16.207	-3505.829	0.42	0.898	0.429	35.692	0.705
780	0.572	0.591	-3520.829	-16.271	-3504.558	0.42	0.921	0.428	35.976	0.695
790	0.58	0.578	-3520.312	-16.423	-3503.888	0.42	0.912	0.429	34.371	0.699
800	0.587	0.552	-3520.466	-16.547	-3503.92	0.42	0.891	0.43	32.314	0.715
810	0.594	0.552	-3520.466	-16.547	-3503.92	0.42	0.891	0.43	32.314	0.715
820	0.602	0.568	-3520.597	-16.585	-3504.011	0.42	0.88	0.431	32.0	0.715
830	0.609	0.645	-3521.483	-15.732	-3505.751	0.42	0.89	0.433	32.313	0.84
840	0.617	0.675	-3519.613	-16.287	-3503.326	0.42	0.894	0.433	31.054	0.779
850	0.624	0.668	-3518.071	-16.219	-3501.852	0.42	0.897	0.432	31.854	0.773
860	0.631	0.668	-3518.071	-16.219	-3501.852	0.42	0.897	0.432	31.854	0.773
870	0.639	0.668	-3518.071	-16.219	-3501.852	0.42	0.897	0.432	31.854	0.773
880	0.646	0.668	-3518.071	-16.219	-3501.852	0.42	0.897	0.432	31.854	0.773
890	0.654	0.668	-3518.071	-16.219	-3501.852	0.42	0.897	0.432	31.854	0.773
900	0.661	0.668	-3518.071	-16.219	-3501.852	0.42	0.897	0.432	31.854	0.773
910	0.668	0.648	-3518.885	-16.227	-3502.658	0.42	0.92	0.432	31.44	0.783
920	0.676	0.648	-3518.885	-16.227	-3502.658	0.42	0.92	0.432	31.44	0.783
930	0.683	0.619	-3521.756	-16.814	-3504.942	0.42	0.884	0.428	33.162	0.668
940	0.69	0.679	-3518.128	-16.475	-3501.653	0.42	0.897	0.432	30.97	0.753
950	0.698	0.679	-3518.128	-16.475	-3501.653	0.42	0.897	0.432	30.97	0.753
960	0.705	0.679	-3518.128	-16.475	-3501.653	0.42	0.897	0.432	30.97	0.753
970	0.712	0.637	-3520.415	-16.265	-3504.15	0.42	0.898	0.434	30.008	0.806
980	0.72	0.637	-3520.415	-16.265	-3504.15	0.42	0.898	0.434	30.008	0.806
990	0.727	0.68	-3518.187	-16.304	-3501.882	0.42	0.922	0.431	32.539	0.751
1000	0.734	0.678	-3518.556	-16.339	-3502.217	0.42	0.909	0.432	31.683	0.76
1010	0.741	0.678	-3518.556	-16.339	-3502.217	0.42	0.909	0.432	31.683	0.76
1020	0.749	0.686	-3519.054	-16.381	-3502.673	0.42	0.877	0.432	31.078	0.763
1030	0.756	0.686	-3519.054	-16.381	-3502.673	0.42	0.877	0.432	31.078	0.763
1040	0.764	0.686	-3519.054	-16.381	-3502.673	0.42	0.877	0.432	31.078	0.763
1050	0.771	0.685	-3518.293	-16.513	-3501.781	0.42	0.888	0.432	30.873	0.749
1060	0.779	0.685	-3518.293	-16.513	-3501.781	0.42	0.888	0.432	30.873	0.749
1070	0.786	0.685	-3518.293	-16.513	-3501.781	0.42	0.888	0.432	30.873	0.749
1080	0.794	0.689	-3518.113	-16.849	-3501.264	0.42	0.891	0.432	29.576	0.729
1090	0.801	0.689	-3518.113	-16.849	-3501.264	0.42	0.891	0.432	29.576	0.729
1100	0.809	0.689	-3518.113	-16.849	-3501.264	0.42	0.891	0.432	29.576	0.729
1110	0.816	0.689	-3518.113	-16.849	-3501.264	0.42	0.891	0.432	29.576	0.729
1120	0.823	0.689	-3518.113	-16.849	-3501.264	0.42	0.891	0.432	29.576	0.729
1130	0.83	0.68	-3518.899	-16.872	-3502.027	0.42	0.894	0.433	28.701	0.744
1140	0.838	0.708	-3519.33	-16.789	-3502.541	0.42	0.888	0.431	30.6	0.717
1150	0.845	0.657	-3518.248	-16.72	-3501.528	0.42	0.914	0.433	29.301	0.755
1160	0.853	0.657	-3518.248	-16.72	-3501.528	0.42	0.914	0.433	29.301	0.755
1170	0.86	0.657	-3518.248	-16.72	-3501.528	0.42	0.914	0.433	29.301	0.755
1180	0.867	0.657	-3518.248	-16.72	-3501.528	0.42	0.914	0.433	29.301	0.755
1190	0.874	0.657	-3518.084	-16.612	-3501.472	0.42	0.923	0.432	30.164	0.753
1200	0.882	0.663	-3517.89	-18.257	-3499.633	0.42	0.9	0.435	23.044	0.691
1210	0.889	0.663	-3517.89	-18.257	-3499.633	0.42	0.9	0.435	23.044	0.691
1220	0.896	0.677	-3518.68	-18.193	-3500.486	0.42	0.887	0.435	23.246	0.693
1230	0.904	0.677	-3518.68	-18.193	-3500.486	0.42	0.887	0.435	23.246	0.693
1240	0.911	0.676	-3517.245	-18.604	-3498.641	0.42	0.905	0.434	22.424	0.665
1250	0.918	0.718	-3519.793	-19.308	-3500.485	0.42	0.902	0.433	21.108	0.618
1260	0.926	0.722	-3521.842	-19.01	-3502.831	0.42	0.883	0.434	21.241	0.646
1270	0.933	0.666	-3521.247	-19.831	-3501.416	0.42	0.93	0.437	18.008	0.643
1280	0.941	0.65	-3519.465	-18.573	-3500.892	0.42	0.923	0.436	21.738	0.688
1290	0.948	0.627	-3521.212	-19.537	-3501.675	0.42	0.949	0.437	18.872	0.655
1300	0.956	0.647	-3518.315	-19.454	-3498.861	0.42	0.945	0.435	19.728	0.64
1310	0.963	0.676	-3518.754	-20.265	-3498.49	0.42	0.947	0.435	17.898	0.603
1320	0.971	0.676	-3518.754	-20.265	-3498.49	0.42	0.947	0.435	17.898	0.603
1330	0.978	0.694	-3518.858	-20.841	-3498.017	0.42	0.94	0.435	16.623	0.58
1340	0.985	0.659	-3517.675	-20.975	-3496.701	0.42	0.927	0.438	15.574	0.594
1350	0.993	0.659	-3517.675	-20.975	-3496.701	0.42	0.927	0.438	15.574	0.594
1360	1.0	0.659	-3517.675	-20.975	-3496.701	0.42	0.927	0.438	15.574	0.594
1370	1.007	0.659	-3517.675	-20.975	-3496.701	0.42	0.927	0.438	15.574	0.594
1380	1.015	0.659	-3517.675	-20.975	-3496.701	0.42	0.927	0.438	15.574	0.594
1390	1.022	0.681	-3517.408	-20.755	-3496.653	0.42	0.927	0.436	16.593	0.587
1400	1.029	0.681	-3517.408	-20.755	-3496.653	0.42	0.927	0.436	16.593	0.587
1410	1.037	0.681	-3517.05	-20.471	-3496.579	0.42	0.92	0.436	17.284	0.595
1420	1.044	0.681	-3517.05	-20.471	-3496.579	0.42	0.92	0.436	17.284	0.595
1430	1.051	0.681	-3517.05	-20.471	-3496.579	0.42	0.92	0.436	17.284	0.595
1440	1.059	0.681	-3517.05	-20.471	-3496.579	0.42	0.92	0.436	17.284	0.595
1450	1.066	0.672	-3517.299	-20.352	-3496.947	0.42	0.937	0.435	17.639	0.6
1460	1.073	0.672	-3517.299	-20.352	-3496.947	0.42	0.937	0.435	17.639	0.6
1470	1.081	0.687	-3518.071	-21.307	-3496.764	0.42	0.887	0.437	14.946	0.577
1480	1.088	0.687	-3518.071	-21.307	-3496.764	0.42	0.887	0.437	14.946	0.577
1490	1.096	0.687	-3518.071	-21.307	-3496.764	0.42	0.887	0.437	14.946	0.577
1500	1.103	0.687	-3518.071	-21.307	-3496.764	0.42	0.887	0.437	14.946	0.577
1510	1.111	0.687	-3518.071	-21.307	-3496.764	0.42	0.887	0.437	14.946	0.577
1520	1.118	0.687	-3518.071	-21.307	-3496.764	0.42	0.887	0.437	14.946	0.577
1530	1.125	0.687	-3518.071	-21.307	-3496.764	0.42	0.887	0.437	14.946	0.577
1540	1.133	0.687	-3518.071	-21.307	-3496.764	0.42	0.887	0.437	14.946	0.577
1550	1.14	0.687	-3518.071	-21.307	-3496.764	0.42	0.887	0.437	14.946	0.577
1560	1.147	0.696	-3517.896	-20.634	-3497.262	0.42	0.906	0.435	16.926	0.588
1570	1.154	0.696	-3517.896	-20.634	-3497.262	0.42	0.906	0.435	16.926	0.588
1580	1.162	0.696	-3517.896	-20.634	-3497.262	0.42	0.906	0.435	16.926	0.588
1590	1.169	0.696	-3517.896	-20.634	-3497.262	0.42	0.906	0.435	16.926	0.588
1600	1.176	0.727	-3521.546	-20.64	-3500.906	0.42	0.938	0.433	17.81	0.569
1610	1.184	0.727	-3521.546	-20.64	-3500.906	0.42	0.938	0.433	17.81	0.569
1620	1.191	0.687	-3520.2	-21.8	-3498.4	0.42	0.947	0.437	14.126	0.562
1630	1.199	0.687	-3520.2	-21.8	-3498.4	0.42	0.947	0.437	14.126	0.562
1640	1.206	0.712	-3518.866	-19.684	-3499.182	0.42	0.913	0.433	20.096	0.604
1650	1.214	0.666	-3517.533	-19.646	-3497.887	0.42	0.936	0.435	19.395	0.627
1660	1.221	0.666	-3517.533	-19.646	-3497.887	0.42	0.936	0.435	19.395	0.627
1670	1.229	0.666	-3517.533	-19.646	-3497.887	0.42	0.936	0.435	19.395	0.627
1680	1.237	0.682	-3517.1	-20.036	-3497.064	0.42	0.931	0.435	18.675	0.604
1690	1.244	0.703	-3518.459	-19.759	-3498.7	0.42	0.934	0.433	19.968	0.602
1700	1.252	0.703	-3518.459	-19.759	-3498.7	0.42	0.934	0.433	19.968	0.602
1710	1.259	0.703	-3518.459	-19.759	-3498.7	0.42	0.934	0.433	19.968	0.602
1720	1.267	0.703	-3518.459	-19.759	-3498.7	0.42	0.934	0.433	19.968	0.602
1730	1.274	0.703	-3518.459	-19.759	-3498.7	0.42	0.934	0.433	19.968	0.602
1740	1.281	0.71	-3518.679	-19.53	-3499.149	0.42	0.917	0.433	20.604	0.608
1750	1.289	0.69	-3519.105	-18.045	-3501.06	0.42	0.883	0.434	24.067	0.692
1760	1.296	0.667	-3519.051	-17.33	-3501.722	0.42	0.873	0.434	26.03	0.738
1770	1.303	0.657	-3519.15	-17.355	-3501.794	0.42	0.883	0.434	25.746	0.743
1780	1.31	0.632	-3520.047	-17.368	-3502.679	0.42	0.912	0.435	25.537	0.749
1790	1.318	0.646	-3522.878	-17.232	-3505.645	0.42	0.909	0.435	25.574	0.768
1800	1.325	0.67	-3517.731	-17.236	-3500.495	0.42	0.875	0.433	26.992	0.729
1810	1.332	0.67	-3517.731	-17.236	-3500.495	0.42	0.875	0.433	26.992	0.729
1820	1.34	0.675	-3517.383	-17.741	-3499.642	0.42	0.893	0.434	25.407	0.7
1830	1.348	0.675	-3517.383	-17.741	-3499.642	0.42	0.893	0.434	25.407	0.7
1840	1.355	0.704	-3518.726	-18.378	-3500.348	0.42	0.881	0.433	23.751	0.659
1850	1.363	0.696	-3517.848	-18.09	-3499.759	0.42	0.902	0.433	24.887	0.67
1860	1.371	0.696	-3517.848	-18.09	-3499.759	0.42	0.902	0.433	24.887	0.67
1870	1.38	0.669	-3516.906	-18.609	-3498.297	0.42	0.9	0.435	22.247	0.668
1880	1.388	0.669	-3516.906	-18.609	-3498.297	0.42	0.9	0.435	22.247	0.668
1890	1.396	0.669	-3516.906	-18.609	-3498.297	0.42	0.9	0.435	22.247	0.668
1900	1.403	0.669	-3516.906	-18.609	-3498.297	0.42	0.9	0.435	22.247	0.668
1910	1.41	0.673	-3518.299	-18.281	-3500.018	0.42	0.924	0.434	23.532	0.68
1920	1.418	0.658	-3518.612	-18.321	-3500.291	0.42	0.936	0.434	23.304	0.682
1930	1.425	0.658	-3518.612	-18.321	-3500.291	0.42	0.936	0.434	23.304	0.682
1940	1.432	0.7	-3521.228	-17.216	-3504.012	0.42	0.861	0.434	26.903	0.734
1950	1.44	0.7	-3521.228	-17.216	-3504.012	0.42	0.861	0.434	26.903	0.734
1960	1.447	0.685	-3522.695	-15.557	-3507.138	0.42	0.905	0.432	34.352	0.828
1970	1.454	0.68	-3518.15	-16.499	-3501.651	0.42	0.92	0.432	31.482	0.743
1980	1.461	0.68	-3518.15	-16.499	-3501.651	0.42	0.92	0.432	31.482	0.743
1990	1.469	0.68	-3518.15	-16.499	-3501.651	0.42	0.92	0.432	31.482	0.743
2000	1.476	0.682	-3518.059	-16.798	-3501.261	0.42	0.9	0.432	29.618	0.736
2010	1.484	0.654	-3517.973	-16.826	-3501.147	0.42	0.907	0.433	28.672	0.752
2020	1.491	0.666	-3519.216	-15.651	-3503.566	0.42	0.896	0.432	34.32	0.811
2030	1.499	0.674	-3518.61	-15.993	-3502.618	0.42	0.9	0.432	33.101	0.782
2040	1.506	0.674	-3518.61	-15.993	-3502.618	0.42	0.9	0.432	33.101	0.782
2050	1.514	0.68	-3519.618	-16.087	-3503.531	0.42	0.921	0.432	32.986	0.774
2060	1.521	0.68	-3519.618	-16.087	-3503.531	0.42	0.921	0.432	32.986	0.774
2070	1.529	0.689	-3519.133	-16.078	-3503.055	0.42	0.88	0.432	32.812	0.773
2080	1.536	0.689	-3519.133	-16.078	-3503.055	0.42	0.88	0.432	32.812	0.773
2090	1.544	0.676	-3518.961	-16.519	-3502.442	0.42	0.861	0.433	29.916	0.765
2100	1.551	0.668	-3518.966	-16.81	-3502.156	0.42	0.862	0.433	28.279	0.759
2110	1.559	0.694	-3518.25	-17.274	-3500.976	0.42	0.878	0.432	27.757	0.708
2120	1.566	0.694	-3518.25	-17.274	-3500.976	0.42	0.878	0.432	27.757	0.708
2130	1.573	0.694	-3518.25	-17.274	-3500.976	0.42	0.878	0.432	27.757	0.708
2140	1.581	0.694	-3518.25	-17.274	-3500.976	0.42	0.878	0.432	27.757	0.708
2150	1.588	0.694	-3518.25	-17.274	-3500.976	0.42	0.878	0.432	27.757	0.708
2160	1.595	0.641	-3518.888	-18.097	-3500.791	0.42	0.886	0.436	22.783	0.717
2170	1.602	0.641	-3518.888	-18.097	-3500.791	0.42	0.886	0.436	22.783	0.717
2180	1.61	0.678	-3520.808	-19.821	-3500.987	0.42	0.952	0.436	18.89	0.624
2190	1.617	0.69	-3518.062	-17.948	-3500.114	0.42	0.908	0.433	25.11	0.683
2200	1.624	0.69	-3518.062	-17.948	-3500.114	0.42	0.908	0.433	25.11	0.683
2210	1.631	0.69	-3518.062	-17.948	-3500.114	0.42	0.908	0.433	25.11	0.683
2220	1.639	0.69	-3518.062	-17.948	-3500.114	0.42	0.908	0.433	25.11	0.683
2230	1.646	0.69	-3518.062	-17.948	-3500.114	0.42	0.908	0.433	25.11	0.683
2240	1.654	0.69	-3518.062	-17.948	-3500.114	0.42	0.908	0.433	25.11	0.683
2250	1.661	0.69	-3517.413	-18.903	-3498.511	0.42	0.928	0.433	22.342	0.636
2260	1.669	0.69	-3517.413	-18.903	-3498.511	0.42	0.928	0.433	22.342	0.636
2270	1.676	0.696	-3517.732	-19.081	-3498.651	0.42	0.93	0.433	21.95	0.626
2280	1.684	0.696	-3517.732	-19.081	-3498.651	0.42	0.93	0.433	21.95	0.626
2290	1.691	0.693	-3518.428	-19.42	-3499.008	0.42	0.946	0.433	20.999	0.614
2300	1.698	0.67	-3520.38	-19.586	-3500.794	0.42	0.955	0.435	19.626	0.631
2310	1.705	0.67	-3520.38	-19.586	-3500.794	0.42	0.955	0.435	19.626	0.631
2320	1.713	0.67	-3520.38	-19.586	-3500.794	0.42	0.955	0.435	19.626	0.631
2330	1.72	0.647	-3518.639	-18.864	-3499.775	0.42	0.935	0.435	21.207	0.668
2340	1.727	0.647	-3518.639	-18.864	-3499.775	0.42	0.935	0.435	21.207	0.668
2350	1.735	0.643	-3518.133	-19.431	-3498.702	0.42	0.922	0.436	19.221	0.653
2360	1.742	0.643	-3518.133	-19.431	-3498.702	0.42	0.922	0.436	19.221	0.653
2370	1.75	0.656	-3517.451	-19.385	-3498.065	0.42	0.902	0.436	19.396	0.651
2380	1.759	0.675	-3517.499	-19.211	-3498.288	0.42	0.886	0.435	20.192	0.649
2390	1.768	0.675	-3517.499	-19.211	-3498.288	0.42	0.886	0.435	20.192	0.649
2400	1.777	0.675	-3517.499	-19.211	-3498.288	0.42	0.886	0.435	20.192	0.649
2410	1.786	0.668	-3518.763	-20.643	-3498.12	0.42	0.919	0.438	16.17	0.609
2420	1.795	0.67	-3518.155	-20.176	-3497.979	0.42	0.893	0.437	17.243	0.624
2430	1.803	0.701	-3518.752	-20.712	-3498.039	0.42	0.916	0.436	16.758	0.585
2440	1.812	0.672	-3517.932	-20.656	-3497.276	0.42	0.929	0.437	16.523	0.599
2450	1.821	0.67	-3518.35	-19.865	-3498.484	0.42	0.929	0.436	18.497	0.626
2460	1.83	0.67	-3518.35	-19.865	-3498.484	0.42	0.929	0.436	18.497	0.626
2470	1.839	0.664	-3517.55	-20.553	-3496.997	0.42	0.925	0.437	16.657	0.604
2480	1.849	0.664	-3517.55	-20.553	-3496.997	0.42	0.925	0.437	16.657	0.604
2490	1.858	0.646	-3519.228	-18.583	-3500.645	0.42	0.912	0.436	21.495	0.691
2500	1.867	0.636	-3519.099	-18.658	-3500.44	0.42	0.908	0.436	21.088	0.692
2510	1.876	0.636	-3519.099	-18.658	-3500.44	0.42	0.908	0.436	21.088	0.692
2520	1.885	0.636	-3519.099	-18.658	-3500.44	0.42	0.908	0.436	21.088	0.692
2530	1.894	0.636	-3519.099	-18.658	-3500.44	0.42	0.908	0.436	21.088	0.692
2540	1.903	0.698	-3519.692	-20.361	-3499.331	0.42	0.939	0.435	17.738	0.597
2550	1.912	0.698	-3519.692	-20.361	-3499.331	0.42	0.939	0.435	17.738	0.597
2560	1.921	0.7	-3521.807	-20.219	-3501.588	0.42	0.91	0.437	17.176	0.623
2570	1.93	0.706	-3520.773	-19.177	-3501.596	0.42	0.895	0.435	20.371	0.649
2580	1.939	0.674	-3518.545	-19.29	-3499.254	0.42	0.909	0.436	19.857	0.651
2590	1.948	0.703	-3518.516	-19.391	-3499.125	0.42	0.892	0.434	20.408	0.625
2600	1.957	0.687	-3519.737	-18.58	-3501.157	0.42	0.899	0.435	22.021	0.677
2610	1.966	0.691	-3520.732	-17.407	-3503.325	0.42	0.94	0.433	27.362	0.708
2620	1.975	0.694	-3518.95	-17.262	-3501.688	0.42	0.924	0.432	28.225	0.706
2630	1.984	0.722	-3520.5	-17.486	-3503.014	0.42	0.899	0.431	27.941	0.681
2640	1.993	0.692	-3519.992	-18.115	-3501.877	0.42	0.94	0.433	24.724	0.676
2650	2.003	0.684	-3518.602	-17.232	-3501.37	0.42	0.925	0.432	28.064	0.713
2660	2.012	0.696	-3520.195	-17.602	-3502.593	0.42	0.924	0.433	26.352	0.701
2670	2.021	0.576	-3520.07	-17.978	-3502.092	0.42	0.904	0.432	25.938	0.66
2680	2.03	0.585	-3521.229	-18.148	-3503.081	0.42	0.93	0.432	25.24	0.658
2690	2.039	0.586	-3520.632	-19.372	-3501.259	0.42	0.898	0.434	20.602	0.621
2700	2.048	0.57	-3519.81	-20.484	-3499.326	0.42	0.891	0.432	18.478	0.561
2710	2.057	0.546	-3521.491	-19.877	-3501.614	0.42	0.865	0.435	18.638	0.614
2720	2.066	0.541	-3521.542	-19.819	-3501.723	0.42	0.851	0.435	18.969	0.611
2730	2.075	0.571	-3520.37	-19.571	-3500.799	0.42	0.865	0.433	20.383	0.603
2740	2.084	0.577	-3520.35	-19.886	-3500.463	0.42	0.885	0.434	19.139	0.602
2750	2.093	0.594	-3521.614	-20.418	-3501.196	0.42	0.887	0.436	17.276	0.597
2760	2.102	0.598	-3520.497	-20.124	-3500.374	0.42	0.923	0.433	18.972	0.586
2770	2.111	0.589	-3520.04	-20.945	-3499.095	0.42	0.91	0.433	16.878	0.559
2780	2.121	0.576	-3519.92	-19.724	-3500.196	0.42	0.931	0.432	20.632	0.588
2790	2.13	0.638	-3521.722	-20.539	-3501.183	0.42	0.908	0.432	18.134	0.566
2800	2.139	0.599	-3521.639	-19.833	-3501.807	0.42	0.916	0.435	19.101	0.611
2810	2.148	0.608	-3521.008	-18.898	-3502.109	0.42	0.936	0.428	24.658	0.591
2820	2.157	0.672	-3523.857	-17.735	-3506.122	0.42	0.923	0.435	24.183	0.735
2830	2.166	0.692	-3519.465	-18.421	-3501.044	0.42	0.905	0.434	22.888	0.676
2840	2.175	0.694	-3517.992	-18.642	-3499.35	0.42	0.89	0.434	22.561	0.657
2850	2.184	0.671	-3516.875	-18.275	-3498.6	0.42	0.918	0.434	23.832	0.673
2860	2.193	0.662	-3517.17	-17.826	-3499.344	0.42	0.903	0.434	24.873	0.703
2870	2.202	0.662	-3517.17	-17.826	-3499.344	0.42	0.903	0.434	24.873	0.703
2880	2.211	0.662	-3517.17	-17.826	-3499.344	0.42	0.903	0.434	24.873	0.703
2890	2.22	0.662	-3517.17	-17.826	-3499.344	0.42	0.903	0.434	24.873	0.703
2900	2.229	0.662	-3517.17	-17.826	-3499.344	0.42	0.903	0.434	24.873	0.703
2910	2.238	0.702	-3518.305	-18.673	-3499.632	0.42	0.894	0.433	22.76	0.649
2920	2.248	0.702	-3518.305	-18.673	-3499.632	0.42	0.894	0.433	22.76	0.649
2930	2.257	0.689	-3518.757	-18.328	-3500.43	0.42	0.922	0.434	23.66	0.671
2940	2.266	0.689	-3518.757	-18.328	-3500.43	0.42	0.922	0.434	23.66	0.671
2950	2.275	0.671	-3520.841	-18.343	-3502.498	0.42	0.957	0.434	23.828	0.672
2960	2.284	0.671	-3518.039	-17.993	-3500.046	0.42	0.941	0.433	25.207	0.68
2970	2.293	0.69	-3518.99	-17.998	-3500.992	0.42	0.899	0.434	24.433	0.691
2980	2.302	0.686	-3517.541	-18.19	-3499.351	0.42	0.888	0.434	24.011	0.676
2990	2.311	0.682	-3519.533	-17.354	-3502.179	0.42	0.875	0.434	26.247	0.731
3000	2.32	0.673	-3518.395	-17.08	-3501.315	0.42	0.865	0.433	27.481	0.739
3010	2.329	0.68	-3517.768	-17.055	-3500.712	0.42	0.892	0.433	28.344	0.726
3020	2.338	0.689	-3517.507	-18.105	-3499.402	0.42	0.904	0.433	24.623	0.674
3030	2.346	0.701	-3518.043	-17.634	-3500.409	0.42	0.899	0.432	26.983	0.681
3040	2.355	0.701	-3518.043	-17.634	-3500.409	0.42	0.899	0.432	26.983	0.681
3050	2.364	0.701	-3518.043	-17.634	-3500.409	0.42	0.899	0.432	26.983	0.681
3060	2.373	0.652	-3518.137	-16.594	-3501.543	0.42	0.918	0.433	29.95	0.76
3070	2.382	0.666	-3519.707	-17.837	-3501.87	0.42	0.924	0.434	24.637	0.71
3080	2.391	0.681	-3519.072	-18.595	-3500.478	0.42	0.955	0.433	23.613	0.648
3090	2.4	0.681	-3519.072	-18.595	-3500.478	0.42	0.955	0.433	23.613	0.648
3100	2.41	0.681	-3519.072	-18.595	-3500.478	0.42	0.955	0.433	23.613	0.648
3110	2.419	0.681	-3519.072	-18.595	-3500.478	0.42	0.955	0.433	23.613	0.648
3120	2.428	0.672	-3517.249	-18.366	-3498.883	0.42	0.934	0.433	23.817	0.665
3130	2.437	0.672	-3517.249	-18.366	-3498.883	0.42	0.934	0.433	23.817	0.665
3140	2.446	0.657	-3518.37	-18.856	-3499.514	0.42	0.914	0.436	20.988	0.672
3150	2.455	0.673	-3520.653	-17.947	-3502.706	0.42	0.898	0.435	23.628	0.717
3160	2.464	0.673	-3520.653	-17.947	-3502.706	0.42	0.898	0.435	23.628	0.717
3170	2.473	0.661	-3518.966	-18.51	-3500.456	0.42	0.894	0.436	21.782	0.691
3180	2.482	0.668	-3517.621	-18.239	-3499.381	0.42	0.886	0.435	23.15	0.69
3190	2.49	0.668	-3517.621	-18.239	-3499.381	0.42	0.886	0.435	23.15	0.69
3200	2.499	0.673	-3517.019	-19.702	-3497.317	0.42	0.902	0.436	18.941	0.629
3210	2.508	0.673	-3517.019	-19.702	-3497.317	0.42	0.902	0.436	18.941	0.629
3220	2.517	0.673	-3517.019	-19.702	-3497.317	0.42	0.902	0.436	18.941	0.629
3230	2.525	0.682	-3517.482	-19.804	-3497.678	0.42	0.924	0.435	19.064	0.617
3240	2.534	0.682	-3517.482	-19.804	-3497.678	0.42	0.924	0.435	19.064	0.617
3250	2.543	0.653	-3518.04	-19.856	-3498.185	0.42	0.891	0.437	17.808	0.642
3260	2.552	0.653	-3518.04	-19.856	-3498.185	0.42	0.891	0.437	17.808	0.642
3270	2.561	0.653	-3518.04	-19.856	-3498.185	0.42	0.891	0.437	17.808	0.642
3280	2.57	0.694	-3519.079	-20.927	-3498.152	0.42	0.891	0.437	15.742	0.591
3290	2.579	0.694	-3519.079	-20.927	-3498.152	0.42	0.891	0.437	15.742	0.591
3300	2.588	0.694	-3519.079	-20.927	-3498.152	0.42	0.891	0.437	15.742	0.591
3310	2.598	0.694	-3519.079	-20.927	-3498.152	0.42	0.891	0.437	15.742	0.591
3320	2.607	0.675	-3518.987	-22.364	-3496.623	0.42	0.915	0.44	12.56	0.558
3330	2.616	0.669	-3518.876	-21.472	-3497.404	0.42	0.902	0.439	14.14	0.587
3340	2.625	0.669	-3518.876	-21.472	-3497.404	0.42	0.902	0.439	14.14	0.587
3350	2.634	0.703	-3523.584	-22.573	-3501.011	0.42	0.905	0.441	11.894	0.562
3360	2.643	0.703	-3523.584	-22.573	-3501.011	0.42	0.905	0.441	11.894	0.562
3370	2.652	0.712	-3523.226	-23.866	-3499.36	0.42	0.898	0.442	10.019	0.521
3380	2.661	0.712	-3523.226	-23.866	-3499.36	0.42	0.898	0.442	10.019	0.521
3390	2.67	0.674	-3522.887	-22.435	-3500.452	0.42	0.853	0.443	11.701	0.578
3400	2.679	0.665	-3518.315	-21.615	-3496.699	0.42	0.907	0.439	13.927	0.581
3410	2.688	0.679	-3520.107	-20.164	-3499.944	0.42	0.856	0.438	16.932	0.631
3420	2.697	0.679	-3520.107	-20.164	-3499.944	0.42	0.856	0.438	16.932	0.631
3430	2.706	0.653	-3519.234	-21.614	-3497.621	0.42	0.909	0.44	13.666	0.59
3440	2.715	0.677	-3518.779	-21.723	-3497.056	0.42	0.936	0.438	14.149	0.567
3450	2.724	0.698	-3518.509	-21.772	-3496.737	0.42	0.902	0.437	14.234	0.557
3460	2.733	0.698	-3518.509	-21.772	-3496.737	0.42	0.902	0.437	14.234	0.557
3470	2.743	0.698	-3518.509	-21.772	-3496.737	0.42	0.902	0.437	14.234	0.557
3480	2.752	0.698	-3518.509	-21.772	-3496.737	0.42	0.902	0.437	14.234	0.557
3490	2.76	0.698	-3518.509	-21.772	-3496.737	0.42	0.902	0.437	14.234	0.557
3500	2.769	0.698	-3518.509	-21.772	-3496.737	0.42	0.902	0.437	14.234	0.557
3510	2.777	0.698	-3518.509	-21.772	-3496.737	0.42	0.902	0.437	14.234	0.557
3520	2.786	0.688	-3518.645	-21.926	-3496.719	0.42	0.926	0.437	13.824	0.558
3530	2.794	0.688	-3518.645	-21.926	-3496.719	0.42	0.926	0.437	13.824	0.558
3540	2.803	0.664	-3518.391	-21.509	-3496.881	0.42	0.911	0.439	14.149	0.584
3550	2.811	0.664	-3518.391	-21.509	-3496.881	0.42	0.911	0.439	14.149	0.584
3560	2.82	0.665	-3518.112	-21.586	-3496.527	0.42	0.9	0.439	13.967	0.582
3570	2.828	0.665	-3518.112	-21.586	-3496.527	0.42	0.9	0.439	13.967	0.582
3580	2.837	0.665	-3518.112	-21.586	-3496.527	0.42	0.9	0.439	13.967	0.582
3590	2.845	0.68	-3518.19	-22.077	-3496.113	0.42	0.91	0.438	13.291	0.559
3600	2.854	0.688	-3517.457	-19.983	-3497.474	0.42	0.898	0.435	18.431	0.612
3610	2.862	0.675	-3518.449	-20.415	-3498.035	0.42	0.876	0.438	16.592	0.616
3620	2.871	0.675	-3518.449	-20.415	-3498.035	0.42	0.876	0.438	16.592	0.616
3630	2.879	0.679	-3518.456	-22.195	-3496.261	0.42	0.935	0.438	13.262	0.552
3640	2.888	0.679	-3518.456	-22.195	-3496.261	0.42	0.935	0.438	13.262	0.552
3650	2.896	0.679	-3518.456	-22.195	-3496.261	0.42	0.935	0.438	13.262	0.552
3660	2.904	0.679	-3518.456	-22.195	-3496.261	0.42	0.935	0.438	13.262	0.552
3670	2.913	0.668	-3518.847	-21.656	-3497.192	0.42	0.911	0.439	13.83	0.581
3680	2.921	0.669	-3518.908	-21.232	-3497.676	0.42	0.916	0.438	14.782	0.592
3690	2.929	0.669	-3518.908	-21.232	-3497.676	0.42	0.916	0.438	14.782	0.592
3700	2.939	0.669	-3518.908	-21.232	-3497.676	0.42	0.916	0.438	14.782	0.592
3710	2.948	0.7	-3518.564	-21.818	-3496.746	0.42	0.914	0.436	14.277	0.553
3720	2.957	0.67	-3517.627	-20.92	-3496.707	0.42	0.927	0.437	15.878	0.591
3730	2.966	0.709	-3519.299	-21.245	-3498.054	0.42	0.92	0.435	15.703	0.565
3740	2.975	0.679	-3517.496	-19.988	-3497.508	0.42	0.897	0.436	18.111	0.62
3750	2.984	0.678	-3519.185	-19.91	-3499.275	0.42	0.873	0.437	17.777	0.635
3760	2.993	0.653	-3519.331	-20.153	-3499.178	0.42	0.868	0.439	16.683	0.64
3770	3.002	0.685	-3519.258	-19.57	-3499.688	0.42	0.852	0.436	18.879	0.641
3780	3.011	0.685	-3519.258	-19.57	-3499.688	0.42	0.852	0.436	18.879	0.641
3790	3.02	0.677	-3516.911	-19.02	-3497.891	0.42	0.887	0.435	21.049	0.649
3800	3.029	0.694	-3517.468	-18.752	-3498.716	0.42	0.9	0.433	22.511	0.646
3810	3.038	0.694	-3517.468	-18.752	-3498.716	0.42	0.9	0.433	22.511	0.646
3820	3.047	0.67	-3517.71	-18.174	-3499.536	0.42	0.911	0.434	23.743	0.686
3830	3.056	0.679	-3517.163	-17.904	-3499.259	0.42	0.912	0.433	25.272	0.685
3840	3.065	0.679	-3517.163	-17.904	-3499.259	0.42	0.912	0.433	25.272	0.685
3850	3.074	0.679	-3517.163	-17.904	-3499.259	0.42	0.912	0.433	25.272	0.685
3860	3.083	0.679	-3517.163	-17.904	-3499.259	0.42	0.912	0.433	25.272	0.685
3870	3.092	0.679	-3517.163	-17.904	-3499.259	0.42	0.912	0.433	25.272	0.685
3880	3.102	0.665	-3517.219	-17.69	-3499.529	0.42	0.913	0.433	25.664	0.703
3890	3.11	0.665	-3517.219	-17.69	-3499.529	0.42	0.913	0.433	25.664	0.703
3900	3.119	0.665	-3517.219	-17.69	-3499.529	0.42	0.913	0.433	25.664	0.703
3910	3.128	0.662	-3517.746	-17.344	-3500.402	0.42	0.876	0.434	26.307	0.73
3920	3.137	0.665	-3520.061	-17.258	-3502.803	0.42	0.848	0.435	25.85	0.751
3930	3.146	0.667	-3521.089	-16.885	-3504.204	0.42	0.86	0.434	27.161	0.774
3940	3.155	0.688	-3519.622	-17.639	-3501.983	0.42	0.935	0.433	26.421	0.697
3950	3.164	0.688	-3519.622	-17.639	-3501.983	0.42	0.935	0.433	26.421	0.697
3960	3.173	0.695	-3518.56	-17.698	-3500.863	0.42	0.939	0.432	27.195	0.675
3970	3.182	0.695	-3518.56	-17.698	-3500.863	0.42	0.939	0.432	27.195	0.675
3980	3.191	0.684	-3519.529	-17.918	-3501.611	0.42	0.944	0.433	25.567	0.682
3990	3.2	0.67	-3520.855	-17.178	-3503.677	0.42	0.93	0.434	27.268	0.738
