iter	hours	assortment	log_posterior	log_prior	loglik	missing	mixture	null_assortment	scale	shape
0	0.001	0.443	-3793.272	-20.08	-3773.192	0.32	0.609	0.476	7.478	0.981
10	0.008	0.444	-3754.284	-18.06	-3736.224	0.32	0.602	0.453	12.034	0.921
20	0.015	0.43	-3743.97	-19.541	-3724.429	0.32	0.604	0.453	10.662	0.763
30	0.023	0.458	-3648.973	-15.05	-3633.922	0.32	0.7	0.439	22.513	0.943
40	0.03	0.492	-3634.751	-15.659	-3619.092	0.32	0.684	0.44	21.19	0.874
50	0.038	0.546	-3616.27	-15.466	-3600.804	0.32	0.753	0.433	27.791	0.715
60	0.045	0.517	-3613.915	-16.049	-3597.866	0.32	0.817	0.435	24.393	0.718
70	0.052	0.545	-3610.165	-17.798	-3592.367	0.32	0.834	0.434	19.992	0.62
80	0.06	0.526	-3608.674	-17.58	-3591.094	0.32	0.872	0.433	21.068	0.619
90	0.067	0.513	-3610.761	-17.275	-3593.486	0.32	0.885	0.435	21.064	0.654
100	0.074	0.516	-3609.567	-17.363	-3592.204	0.32	0.9	0.434	21.303	0.64
110	0.082	0.53	-3609.169	-18.194	-3590.976	0.32	0.922	0.434	19.107	0.607
120	0.089	0.544	-3608.366	-20.194	-3588.172	0.32	0.928	0.434	14.673	0.536
130	0.096	0.513	-3605.742	-20.612	-3585.131	0.32	0.91	0.442	12.075	0.58
140	0.104	0.514	-3606.196	-21.004	-3585.192	0.32	0.894	0.443	11.251	0.573
150	0.111	0.487	-3605.861	-22.383	-3583.478	0.32	0.876	0.445	9.259	0.532
160	0.119	0.486	-3604.029	-20.524	-3583.505	0.32	0.913	0.441	12.554	0.571
170	0.126	0.486	-3604.029	-20.524	-3583.505	0.32	0.913	0.441	12.554	0.571
180	0.134	0.486	-3604.029	-20.524	-3583.505	0.32	0.913	0.441	12.554	0.571
190	0.141	0.486	-3604.029	-20.524	-3583.505	0.32	0.913	0.441	12.554	0.571
200	0.148	0.484	-3603.643	-20.796	-3582.847	0.32	0.938	0.44	12.392	0.555
210	0.156	0.484	-3603.643	-20.796	-3582.847	0.32	0.938	0.44	12.392	0.555
220	0.163	0.484	-3603.643	-20.796	-3582.847	0.32	0.938	0.44	12.392	0.555
230	0.171	0.484	-3603.643	-20.796	-3582.847	0.32	0.938	0.44	12.392	0.555
240	0.178	0.484	-3603.643	-20.796	-3582.847	0.32	0.938	0.44	12.392	0.555
250	0.186	0.484	-3603.643	-20.796	-3582.847	0.32	0.938	0.44	12.392	0.555
260	0.193	0.486	-3603.852	-22.586	-3581.266	0.32	0.938	0.442	9.488	0.511
270	0.2	0.486	-3603.852	-22.586	-3581.266	0.32	0.938	0.442	9.488	0.511
280	0.208	0.486	-3603.852	-22.586	-3581.266	0.32	0.938	0.442	9.488	0.511
290	0.215	0.486	-3603.852	-22.586	-3581.266	0.32	0.938	0.442	9.488	0.511
300	0.223	0.486	-3603.852	-22.586	-3581.266	0.32	0.938	0.442	9.488	0.511
310	0.23	0.486	-3603.852	-22.586	-3581.266	0.32	0.938	0.442	9.488	0.511
320	0.238	0.486	-3603.852	-22.586	-3581.266	0.32	0.938	0.442	9.488	0.511
330	0.245	0.503	-3605.6	-22.598	-3583.002	0.32	0.961	0.442	9.575	0.51
340	0.253	0.503	-3605.6	-22.598	-3583.002	0.32	0.961	0.442	9.575	0.51
350	0.26	0.529	-3602.348	-23.583	-3578.765	0.32	0.931	0.443	8.176	0.489
360	0.267	0.529	-3602.348	-23.583	-3578.765	0.32	0.931	0.443	8.176	0.489
370	0.275	0.53	-3604.311	-27.276	-3577.035	0.32	0.942	0.446	4.766	0.419
380	0.282	0.518	-3603.662	-26.162	-3577.5	0.32	0.92	0.446	5.545	0.44
390	0.29	0.522	-3603.078	-25.008	-3578.069	0.32	0.941	0.444	6.686	0.458
400	0.297	0.518	-3604.633	-24.471	-3580.162	0.32	0.935	0.446	7.047	0.477
410	0.305	0.518	-3604.633	-24.471	-3580.162	0.32	0.935	0.446	7.047	0.477
420	0.312	0.518	-3604.633	-24.471	-3580.162	0.32	0.935	0.446	7.047	0.477
430	0.319	0.518	-3602.806	-24.472	-3578.334	0.32	0.919	0.445	7.116	0.472
440	0.327	0.518	-3602.806	-24.472	-3578.334	0.32	0.919	0.445	7.116	0.472
450	0.334	0.518	-3602.806	-24.472	-3578.334	0.32	0.919	0.445	7.116	0.472
460	0.342	0.518	-3602.806	-24.472	-3578.334	0.32	0.919	0.445	7.116	0.472
470	0.349	0.518	-3602.806	-24.472	-3578.334	0.32	0.919	0.445	7.116	0.472
480	0.356	0.518	-3602.806	-24.472	-3578.334	0.32	0.919	0.445	7.116	0.472
490	0.364	0.518	-3602.806	-24.472	-3578.334	0.32	0.919	0.445	7.116	0.472
500	0.371	0.518	-3602.806	-24.472	-3578.334	0.32	0.919	0.445	7.116	0.472
510	0.379	0.524	-3601.989	-23.636	-3578.353	0.32	0.939	0.442	8.241	0.483
520	0.386	0.524	-3601.989	-23.636	-3578.353	0.32	0.939	0.442	8.241	0.483
530	0.394	0.524	-3601.989	-23.636	-3578.353	0.32	0.939	0.442	8.241	0.483
540	0.401	0.524	-3601.989	-23.636	-3578.353	0.32	0.939	0.442	8.241	0.483
550	0.408	0.524	-3601.989	-23.636	-3578.353	0.32	0.939	0.442	8.241	0.483
560	0.416	0.524	-3601.989	-23.636	-3578.353	0.32	0.939	0.442	8.241	0.483
570	0.423	0.524	-3601.989	-23.636	-3578.353	0.32	0.939	0.442	8.241	0.483
580	0.431	0.51	-3602.991	-23.266	-3579.725	0.32	0.955	0.441	8.82	0.489
590	0.438	0.542	-3603.117	-24.837	-3578.28	0.32	0.944	0.444	6.844	0.463
600	0.446	0.527	-3603.691	-26.083	-3577.607	0.32	0.923	0.447	5.595	0.443
610	0.453	0.527	-3603.691	-26.083	-3577.607	0.32	0.923	0.447	5.595	0.443
620	0.46	0.527	-3603.691	-26.083	-3577.607	0.32	0.923	0.447	5.595	0.443
630	0.468	0.527	-3603.691	-26.083	-3577.607	0.32	0.923	0.447	5.595	0.443
640	0.475	0.527	-3603.691	-26.083	-3577.607	0.32	0.923	0.447	5.595	0.443
650	0.483	0.515	-3604.688	-25.099	-3579.589	0.32	0.962	0.443	6.694	0.454
660	0.49	0.559	-3604.074	-25.291	-3578.783	0.32	0.937	0.446	6.279	0.459
670	0.497	0.559	-3604.074	-25.291	-3578.783	0.32	0.937	0.446	6.279	0.459
680	0.505	0.559	-3604.074	-25.291	-3578.783	0.32	0.937	0.446	6.279	0.459
690	0.512	0.559	-3604.074	-25.291	-3578.783	0.32	0.937	0.446	6.279	0.459
700	0.52	0.548	-3606.972	-22.915	-3584.057	0.32	0.951	0.445	8.8	0.516
710	0.527	0.548	-3606.972	-22.915	-3584.057	0.32	0.951	0.445	8.8	0.516
720	0.534	0.525	-3603.234	-23.165	-3580.069	0.32	0.924	0.444	8.556	0.504
730	0.542	0.525	-3603.234	-23.165	-3580.069	0.32	0.924	0.444	8.556	0.504
740	0.549	0.525	-3603.234	-23.165	-3580.069	0.32	0.924	0.444	8.556	0.504
750	0.557	0.525	-3603.234	-23.165	-3580.069	0.32	0.924	0.444	8.556	0.504
760	0.564	0.525	-3603.234	-23.165	-3580.069	0.32	0.924	0.444	8.556	0.504
770	0.572	0.525	-3603.234	-23.165	-3580.069	0.32	0.924	0.444	8.556	0.504
780	0.579	0.55	-3603.794	-26.235	-3577.559	0.32	0.925	0.447	5.457	0.441
790	0.587	0.533	-3602.922	-23.878	-3579.044	0.32	0.935	0.444	7.804	0.484
800	0.594	0.533	-3602.922	-23.878	-3579.044	0.32	0.935	0.444	7.804	0.484
810	0.601	0.533	-3602.922	-23.878	-3579.044	0.32	0.935	0.444	7.804	0.484
820	0.609	0.533	-3602.922	-23.878	-3579.044	0.32	0.935	0.444	7.804	0.484
830	0.616	0.533	-3602.922	-23.878	-3579.044	0.32	0.935	0.444	7.804	0.484
840	0.624	0.533	-3602.922	-23.878	-3579.044	0.32	0.935	0.444	7.804	0.484
850	0.631	0.533	-3602.922	-23.878	-3579.044	0.32	0.935	0.444	7.804	0.484
860	0.639	0.507	-3602.24	-22.632	-3579.607	0.32	0.934	0.441	9.491	0.507
870	0.646	0.507	-3602.24	-22.632	-3579.607	0.32	0.934	0.441	9.491	0.507
880	0.654	0.522	-3602.238	-24.054	-3578.184	0.32	0.937	0.443	7.716	0.476
890	0.661	0.522	-3602.238	-24.054	-3578.184	0.32	0.937	0.443	7.716	0.476
900	0.669	0.497	-3603.135	-21.996	-3581.139	0.32	0.915	0.442	10.18	0.529
910	0.676	0.497	-3603.135	-21.996	-3581.139	0.32	0.915	0.442	10.18	0.529
920	0.684	0.488	-3603.065	-21.54	-3581.524	0.32	0.939	0.44	11.162	0.533
930	0.691	0.488	-3603.065	-21.54	-3581.524	0.32	0.939	0.44	11.162	0.533
940	0.699	0.488	-3603.065	-21.54	-3581.524	0.32	0.939	0.44	11.162	0.533
950	0.706	0.488	-3603.065	-21.54	-3581.524	0.32	0.939	0.44	11.162	0.533
960	0.714	0.488	-3603.065	-21.54	-3581.524	0.32	0.939	0.44	11.162	0.533
970	0.721	0.488	-3603.065	-21.54	-3581.524	0.32	0.939	0.44	11.162	0.533
980	0.728	0.488	-3603.065	-21.54	-3581.524	0.32	0.939	0.44	11.162	0.533
990	0.736	0.488	-3603.065	-21.54	-3581.524	0.32	0.939	0.44	11.162	0.533
1000	0.743	0.488	-3603.065	-21.54	-3581.524	0.32	0.939	0.44	11.162	0.533
1010	0.75	0.488	-3603.065	-21.54	-3581.524	0.32	0.939	0.44	11.162	0.533
1020	0.758	0.488	-3603.065	-21.54	-3581.524	0.32	0.939	0.44	11.162	0.533
1030	0.765	0.488	-3603.065	-21.54	-3581.524	0.32	0.939	0.44	11.162	0.533
1040	0.773	0.488	-3603.065	-21.54	-3581.524	0.32	0.939	0.44	11.162	0.533
1050	0.78	0.488	-3603.065	-21.54	-3581.524	0.32	0.939	0.44	11.162	0.533
1060	0.788	0.485	-3602.394	-21.897	-3580.497	0.32	0.921	0.441	10.528	0.525
1070	0.795	0.485	-3602.394	-21.897	-3580.497	0.32	0.921	0.441	10.528	0.525
1080	0.802	0.485	-3602.394	-21.897	-3580.497	0.32	0.921	0.441	10.528	0.525
1090	0.81	0.485	-3602.394	-21.897	-3580.497	0.32	0.921	0.441	10.528	0.525
1100	0.817	0.492	-3602.648	-22.211	-3580.437	0.32	0.904	0.442	9.892	0.522
1110	0.824	0.492	-3602.648	-22.211	-3580.437	0.32	0.904	0.442	9.892	0.522
1120	0.832	0.492	-3602.648	-22.211	-3580.437	0.32	0.904	0.442	9.892	0.522
1130	0.839	0.492	-3602.648	-22.211	-3580.437	0.32	0.904	0.442	9.892	0.522
1140	0.846	0.506	-3604.942	-20.74	-3584.202	0.32	0.897	0.442	11.867	0.574
1150	0.854	0.506	-3604.942	-20.74	-3584.202	0.32	0.897	0.442	11.867	0.574
1160	0.861	0.506	-3604.942	-20.74	-3584.202	0.32	0.897	0.442	11.867	0.574
1170	0.869	0.506	-3604.942	-20.74	-3584.202	0.32	0.897	0.442	11.867	0.574
1180	0.876	0.492	-3603.982	-21.677	-3582.305	0.32	0.898	0.443	10.499	0.543
1190	0.883	0.48	-3603.604	-21.726	-3581.878	0.32	0.892	0.442	10.515	0.537
1200	0.891	0.48	-3603.604	-21.726	-3581.878	0.32	0.892	0.442	10.515	0.537
1210	0.898	0.48	-3603.604	-21.726	-3581.878	0.32	0.892	0.442	10.515	0.537
1220	0.905	0.48	-3603.604	-21.726	-3581.878	0.32	0.892	0.442	10.515	0.537
1230	0.913	0.48	-3603.604	-21.726	-3581.878	0.32	0.892	0.442	10.515	0.537
1240	0.92	0.48	-3603.604	-21.726	-3581.878	0.32	0.892	0.442	10.515	0.537
1250	0.927	0.48	-3603.604	-21.726	-3581.878	0.32	0.892	0.442	10.515	0.537
1260	0.935	0.511	-3604.374	-22.927	-3581.446	0.32	0.954	0.442	9.093	0.503
1270	0.942	0.535	-3604.132	-24.478	-3579.654	0.32	0.962	0.443	7.343	0.466
1280	0.95	0.535	-3604.132	-24.478	-3579.654	0.32	0.962	0.443	7.343	0.466
1290	0.957	0.535	-3604.132	-24.478	-3579.654	0.32	0.962	0.443	7.343	0.466
1300	0.965	0.535	-3604.132	-24.478	-3579.654	0.32	0.962	0.443	7.343	0.466
1310	0.972	0.535	-3604.132	-24.478	-3579.654	0.32	0.962	0.443	7.343	0.466
1320	0.979	0.535	-3604.132	-24.478	-3579.654	0.32	0.962	0.443	7.343	0.466
1330	0.987	0.535	-3604.132	-24.478	-3579.654	0.32	0.962	0.443	7.343	0.466
1340	0.994	0.535	-3604.132	-24.478	-3579.654	0.32	0.962	0.443	7.343	0.466
1350	1.001	0.507	-3604.56	-25.925	-3578.635	0.32	0.934	0.447	5.733	0.446
1360	1.009	0.522	-3603.619	-24.227	-3579.392	0.32	0.948	0.444	7.488	0.475
1370	1.016	0.522	-3603.619	-24.227	-3579.392	0.32	0.948	0.444	7.488	0.475
1380	1.024	0.522	-3603.619	-24.227	-3579.392	0.32	0.948	0.444	7.488	0.475
1390	1.031	0.518	-3603.337	-24.727	-3578.61	0.32	0.962	0.441	7.192	0.456
1400	1.038	0.518	-3603.337	-24.727	-3578.61	0.32	0.962	0.441	7.192	0.456
1410	1.046	0.518	-3603.337	-24.727	-3578.61	0.32	0.962	0.441	7.192	0.456
1420	1.053	0.518	-3603.337	-24.727	-3578.61	0.32	0.962	0.441	7.192	0.456
1430	1.06	0.518	-3603.337	-24.727	-3578.61	0.32	0.962	0.441	7.192	0.456
1440	1.068	0.522	-3603.314	-24.8	-3578.514	0.32	0.904	0.446	6.695	0.469
1450	1.075	0.522	-3603.314	-24.8	-3578.514	0.32	0.904	0.446	6.695	0.469
1460	1.083	0.519	-3603.578	-25.744	-3577.833	0.32	0.897	0.447	5.846	0.449
1470	1.09	0.519	-3603.578	-25.744	-3577.833	0.32	0.897	0.447	5.846	0.449
1480	1.097	0.538	-3603.758	-26.529	-3577.229	0.32	0.905	0.447	5.214	0.435
1490	1.105	0.538	-3603.758	-26.529	-3577.229	0.32	0.905	0.447	5.214	0.435
1500	1.112	0.544	-3604.393	-26.852	-3577.541	0.32	0.912	0.448	4.933	0.432
1510	1.119	0.544	-3604.393	-26.852	-3577.541	0.32	0.912	0.448	4.933	0.432
1520	1.127	0.544	-3604.393	-26.852	-3577.541	0.32	0.912	0.448	4.933	0.432
1530	1.134	0.544	-3604.393	-26.852	-3577.541	0.32	0.912	0.448	4.933	0.432
1540	1.141	0.544	-3604.393	-26.852	-3577.541	0.32	0.912	0.448	4.933	0.432
1550	1.149	0.544	-3604.393	-26.852	-3577.541	0.32	0.912	0.448	4.933	0.432
1560	1.156	0.544	-3604.393	-26.852	-3577.541	0.32	0.912	0.448	4.933	0.432
1570	1.164	0.544	-3604.393	-26.852	-3577.541	0.32	0.912	0.448	4.933	0.432
1580	1.171	0.556	-3604.208	-26.767	-3577.441	0.32	0.913	0.448	5.005	0.433
1590	1.178	0.541	-3608.722	-24.62	-3584.102	0.32	0.949	0.448	6.727	0.485
1600	1.186	0.512	-3606.639	-25.378	-3581.261	0.32	0.947	0.447	6.136	0.462
1610	1.193	0.515	-3605.068	-24.597	-3580.471	0.32	0.956	0.444	7.077	0.469
1620	1.201	0.515	-3605.068	-24.597	-3580.471	0.32	0.956	0.444	7.077	0.469
1630	1.208	0.502	-3602.387	-22.955	-3579.431	0.32	0.945	0.441	9.184	0.496
1640	1.216	0.502	-3602.387	-22.955	-3579.431	0.32	0.945	0.441	9.184	0.496
1650	1.223	0.502	-3602.387	-22.955	-3579.431	0.32	0.945	0.441	9.184	0.496
1660	1.231	0.564	-3605.848	-23.352	-3582.496	0.32	0.916	0.447	8.051	0.511
1670	1.238	0.564	-3605.848	-23.352	-3582.496	0.32	0.916	0.447	8.051	0.511
1680	1.245	0.564	-3605.848	-23.352	-3582.496	0.32	0.916	0.447	8.051	0.511
1690	1.253	0.546	-3605.56	-24.128	-3581.432	0.32	0.91	0.448	7.186	0.494
1700	1.26	0.512	-3602.915	-22.973	-3579.942	0.32	0.891	0.444	8.73	0.509
1710	1.267	0.512	-3602.915	-22.973	-3579.942	0.32	0.891	0.444	8.73	0.509
1720	1.275	0.512	-3602.915	-22.973	-3579.942	0.32	0.891	0.444	8.73	0.509
1730	1.282	0.51	-3603.895	-22.627	-3581.268	0.32	0.928	0.443	9.257	0.517
1740	1.289	0.51	-3603.895	-22.627	-3581.268	0.32	0.928	0.443	9.257	0.517
1750	1.298	0.521	-3607.484	-23.678	-3583.806	0.32	0.892	0.448	7.509	0.511
1760	1.306	0.555	-3603.811	-24.495	-3579.315	0.32	0.906	0.447	6.919	0.48
1770	1.313	0.555	-3603.811	-24.495	-3579.315	0.32	0.906	0.447	6.919	0.48
1780	1.321	0.524	-3603.354	-24.675	-3578.679	0.32	0.927	0.445	6.888	0.47
1790	1.328	0.556	-3604.999	-24.501	-3580.498	0.32	0.935	0.447	6.951	0.48
1800	1.335	0.534	-3602.667	-23.574	-3579.094	0.32	0.908	0.444	8.033	0.494
1810	1.343	0.51	-3605.244	-23.282	-3581.963	0.32	0.859	0.446	8.116	0.51
1820	1.35	0.51	-3605.244	-23.282	-3581.963	0.32	0.859	0.446	8.116	0.51
1830	1.358	0.51	-3605.244	-23.282	-3581.963	0.32	0.859	0.446	8.116	0.51
1840	1.365	0.51	-3605.244	-23.282	-3581.963	0.32	0.859	0.446	8.116	0.51
1850	1.372	0.51	-3605.244	-23.282	-3581.963	0.32	0.859	0.446	8.116	0.51
1860	1.38	0.51	-3605.244	-23.282	-3581.963	0.32	0.859	0.446	8.116	0.51
1870	1.387	0.51	-3605.244	-23.282	-3581.963	0.32	0.859	0.446	8.116	0.51
1880	1.395	0.51	-3605.244	-23.282	-3581.963	0.32	0.859	0.446	8.116	0.51
1890	1.402	0.534	-3604.027	-24.34	-3579.687	0.32	0.884	0.447	7.037	0.484
1900	1.41	0.515	-3604.044	-24.573	-3579.471	0.32	0.904	0.446	6.86	0.477
1910	1.417	0.526	-3604.807	-25.53	-3579.277	0.32	0.944	0.446	6.076	0.455
1920	1.425	0.514	-3604.182	-24.565	-3579.617	0.32	0.934	0.445	6.989	0.473
1930	1.432	0.513	-3604.951	-26.896	-3578.055	0.32	0.923	0.448	4.924	0.431
1940	1.44	0.513	-3604.951	-26.896	-3578.055	0.32	0.923	0.448	4.924	0.431
1950	1.447	0.513	-3604.951	-26.896	-3578.055	0.32	0.923	0.448	4.924	0.431
1960	1.454	0.513	-3604.951	-26.896	-3578.055	0.32	0.923	0.448	4.924	0.431
1970	1.462	0.513	-3604.951	-26.896	-3578.055	0.32	0.923	0.448	4.924	0.431
1980	1.469	0.551	-3603.538	-27.139	-3576.399	0.32	0.935	0.446	4.875	0.42
1990	1.477	0.551	-3603.538	-27.139	-3576.399	0.32	0.935	0.446	4.875	0.42
2000	1.484	0.551	-3603.538	-27.139	-3576.399	0.32	0.935	0.446	4.875	0.42
2010	1.492	0.551	-3603.538	-27.139	-3576.399	0.32	0.935	0.446	4.875	0.42
2020	1.499	0.551	-3603.538	-27.139	-3576.399	0.32	0.935	0.446	4.875	0.42
2030	1.506	0.561	-3603.841	-26.826	-3577.016	0.32	0.933	0.447	5.05	0.428
2040	1.514	0.561	-3603.841	-26.826	-3577.016	0.32	0.933	0.447	5.05	0.428
2050	1.521	0.561	-3603.841	-26.826	-3577.016	0.32	0.933	0.447	5.05	0.428
2060	1.529	0.536	-3603.631	-27.43	-3576.201	0.32	0.924	0.446	4.664	0.414
2070	1.536	0.524	-3602.36	-25.497	-3576.863	0.32	0.921	0.444	6.213	0.447
2080	1.544	0.524	-3602.36	-25.497	-3576.863	0.32	0.921	0.444	6.213	0.447
2090	1.551	0.524	-3602.36	-25.497	-3576.863	0.32	0.921	0.444	6.213	0.447
2100	1.559	0.524	-3602.36	-25.497	-3576.863	0.32	0.921	0.444	6.213	0.447
2110	1.566	0.524	-3602.36	-25.497	-3576.863	0.32	0.921	0.444	6.213	0.447
2120	1.573	0.524	-3602.36	-25.497	-3576.863	0.32	0.921	0.444	6.213	0.447
2130	1.581	0.542	-3604.886	-28.14	-3576.746	0.32	0.905	0.448	4.114	0.408
2140	1.588	0.566	-3606.598	-25.599	-3580.999	0.32	0.927	0.45	5.799	0.464
2150	1.596	0.566	-3606.598	-25.599	-3580.999	0.32	0.927	0.45	5.799	0.464
2160	1.603	0.528	-3606.505	-26.369	-3580.136	0.32	0.919	0.451	5.173	0.449
2170	1.611	0.518	-3607.264	-23.883	-3583.381	0.32	0.875	0.449	7.278	0.505
2180	1.618	0.518	-3607.264	-23.883	-3583.381	0.32	0.875	0.449	7.278	0.505
2190	1.626	0.518	-3607.264	-23.883	-3583.381	0.32	0.875	0.449	7.278	0.505
2200	1.633	0.518	-3607.264	-23.883	-3583.381	0.32	0.875	0.449	7.278	0.505
2210	1.64	0.518	-3607.264	-23.883	-3583.381	0.32	0.875	0.449	7.278	0.505
2220	1.648	0.536	-3602.726	-24.286	-3578.44	0.32	0.911	0.445	7.252	0.479
2230	1.655	0.536	-3602.726	-24.286	-3578.44	0.32	0.911	0.445	7.252	0.479
2240	1.663	0.522	-3602.14	-24.242	-3577.897	0.32	0.915	0.444	7.398	0.475
2250	1.67	0.522	-3602.14	-24.242	-3577.897	0.32	0.915	0.444	7.398	0.475
2260	1.678	0.522	-3602.14	-24.242	-3577.897	0.32	0.915	0.444	7.398	0.475
2270	1.685	0.522	-3602.14	-24.242	-3577.897	0.32	0.915	0.444	7.398	0.475
2280	1.693	0.511	-3603.022	-24.774	-3578.247	0.32	0.916	0.445	6.806	0.466
2290	1.7	0.499	-3603.79	-23.349	-3580.441	0.32	0.899	0.445	8.239	0.501
2300	1.707	0.499	-3603.79	-23.349	-3580.441	0.32	0.899	0.445	8.239	0.501
2310	1.715	0.499	-3603.79	-23.349	-3580.441	0.32	0.899	0.445	8.239	0.501
2320	1.722	0.499	-3603.79	-23.349	-3580.441	0.32	0.899	0.445	8.239	0.501
2330	1.73	0.488	-3603.79	-22.337	-3581.453	0.32	0.883	0.443	9.547	0.524
2340	1.737	0.488	-3603.79	-22.337	-3581.453	0.32	0.883	0.443	9.547	0.524
2350	1.744	0.488	-3603.79	-22.337	-3581.453	0.32	0.883	0.443	9.547	0.524
2360	1.752	0.478	-3603.536	-21.678	-3581.858	0.32	0.9	0.442	10.641	0.537
2370	1.759	0.478	-3603.536	-21.678	-3581.858	0.32	0.9	0.442	10.641	0.537
2380	1.767	0.478	-3603.536	-21.678	-3581.858	0.32	0.9	0.442	10.641	0.537
2390	1.774	0.507	-3603.34	-23.979	-3579.362	0.32	0.917	0.445	7.601	0.485
2400	1.781	0.507	-3603.34	-23.979	-3579.362	0.32	0.917	0.445	7.601	0.485
2410	1.789	0.507	-3603.34	-23.979	-3579.362	0.32	0.917	0.445	7.601	0.485
2420	1.796	0.507	-3603.34	-23.979	-3579.362	0.32	0.917	0.445	7.601	0.485
2430	1.803	0.507	-3603.34	-23.979	-3579.362	0.32	0.917	0.445	7.601	0.485
2440	1.811	0.542	-3606.365	-23.174	-3583.191	0.32	0.912	0.447	8.213	0.518
2450	1.818	0.518	-3604.562	-21.473	-3583.088	0.32	0.916	0.443	10.771	0.551
2460	1.825	0.518	-3604.562	-21.473	-3583.088	0.32	0.916	0.443	10.771	0.551
2470	1.833	0.519	-3603.534	-22.395	-3581.139	0.32	0.92	0.443	9.522	0.524
2480	1.84	0.519	-3603.534	-22.395	-3581.139	0.32	0.92	0.443	9.522	0.524
2490	1.848	0.519	-3603.534	-22.395	-3581.139	0.32	0.92	0.443	9.522	0.524
2500	1.855	0.519	-3603.534	-22.395	-3581.139	0.32	0.92	0.443	9.522	0.524
2510	1.862	0.523	-3604.524	-24.818	-3579.705	0.32	0.889	0.448	6.552	0.474
2520	1.87	0.523	-3604.524	-24.818	-3579.705	0.32	0.889	0.448	6.552	0.474
2530	1.877	0.523	-3604.524	-24.818	-3579.705	0.32	0.889	0.448	6.552	0.474
2540	1.884	0.495	-3604.961	-24.246	-3580.715	0.32	0.953	0.444	7.471	0.475
2550	1.892	0.496	-3605.789	-21.968	-3583.82	0.32	0.935	0.443	10.122	0.536
2560	1.899	0.509	-3602.657	-22.295	-3580.362	0.32	0.907	0.443	9.717	0.523
2570	1.906	0.484	-3604.036	-21.828	-3582.208	0.32	0.911	0.442	10.364	0.536
2580	1.914	0.484	-3604.036	-21.828	-3582.208	0.32	0.911	0.442	10.364	0.536
2590	1.921	0.484	-3605.774	-20.855	-3584.919	0.32	0.934	0.441	11.972	0.563
2600	1.928	0.497	-3606.465	-21.915	-3584.55	0.32	0.948	0.442	10.3	0.535
2610	1.936	0.495	-3603.469	-21.341	-3582.127	0.32	0.953	0.439	11.671	0.534
2620	1.943	0.495	-3603.469	-21.341	-3582.127	0.32	0.953	0.439	11.671	0.534
2630	1.951	0.495	-3603.469	-21.341	-3582.127	0.32	0.953	0.439	11.671	0.534
2640	1.958	0.495	-3603.469	-21.341	-3582.127	0.32	0.953	0.439	11.671	0.534
2650	1.966	0.478	-3602.608	-21.06	-3581.549	0.32	0.917	0.44	11.876	0.547
2660	1.975	0.478	-3602.608	-21.06	-3581.549	0.32	0.917	0.44	11.876	0.547
2670	1.984	0.478	-3602.608	-21.06	-3581.549	0.32	0.917	0.44	11.876	0.547
2680	1.993	0.478	-3602.608	-21.06	-3581.549	0.32	0.917	0.44	11.876	0.547
2690	2.002	0.478	-3602.608	-21.06	-3581.549	0.32	0.917	0.44	11.876	0.547
2700	2.01	0.478	-3602.608	-21.06	-3581.549	0.32	0.917	0.44	11.876	0.547
2710	2.019	0.478	-3602.608	-21.06	-3581.549	0.32	0.917	0.44	11.876	0.547
2720	2.028	0.478	-3602.608	-21.06	-3581.549	0.32	0.917	0.44	11.876	0.547
2730	2.037	0.478	-3602.608	-21.06	-3581.549	0.32	0.917	0.44	11.876	0.547
2740	2.045	0.478	-3602.608	-21.06	-3581.549	0.32	0.917	0.44	11.876	0.547
2750	2.054	0.487	-3602.99	-22.516	-3580.475	0.32	0.944	0.441	9.766	0.507
2760	2.063	0.5	-3601.833	-22.426	-3579.407	0.32	0.929	0.441	9.816	0.51
2770	2.072	0.5	-3601.833	-22.426	-3579.407	0.32	0.929	0.441	9.816	0.51
2780	2.081	0.497	-3601.718	-22.714	-3579.004	0.32	0.919	0.441	9.372	0.504
2790	2.089	0.497	-3601.718	-22.714	-3579.004	0.32	0.919	0.441	9.372	0.504
2800	2.098	0.497	-3601.718	-22.714	-3579.004	0.32	0.919	0.441	9.372	0.504
2810	2.107	0.497	-3601.718	-22.714	-3579.004	0.32	0.919	0.441	9.372	0.504
2820	2.115	0.497	-3601.718	-22.714	-3579.004	0.32	0.919	0.441	9.372	0.504
2830	2.124	0.497	-3601.718	-22.714	-3579.004	0.32	0.919	0.441	9.372	0.504
2840	2.133	0.497	-3601.718	-22.714	-3579.004	0.32	0.919	0.441	9.372	0.504
2850	2.141	0.497	-3601.718	-22.714	-3579.004	0.32	0.919	0.441	9.372	0.504
2860	2.15	0.497	-3601.718	-22.714	-3579.004	0.32	0.919	0.441	9.372	0.504
2870	2.159	0.497	-3601.718	-22.714	-3579.004	0.32	0.919	0.441	9.372	0.504
2880	2.167	0.497	-3601.718	-22.714	-3579.004	0.32	0.919	0.441	9.372	0.504
2890	2.176	0.497	-3601.718	-22.714	-3579.004	0.32	0.919	0.441	9.372	0.504
2900	2.185	0.497	-3601.718	-22.714	-3579.004	0.32	0.919	0.441	9.372	0.504
2910	2.193	0.497	-3601.718	-22.714	-3579.004	0.32	0.919	0.441	9.372	0.504
2920	2.202	0.497	-3601.718	-22.714	-3579.004	0.32	0.919	0.441	9.372	0.504
2930	2.211	0.497	-3601.718	-22.714	-3579.004	0.32	0.919	0.441	9.372	0.504
2940	2.22	0.497	-3601.718	-22.714	-3579.004	0.32	0.919	0.441	9.372	0.504
2950	2.228	0.497	-3601.718	-22.714	-3579.004	0.32	0.919	0.441	9.372	0.504
2960	2.237	0.497	-3601.718	-22.714	-3579.004	0.32	0.919	0.441	9.372	0.504
2970	2.246	0.497	-3601.718	-22.714	-3579.004	0.32	0.919	0.441	9.372	0.504
2980	2.254	0.496	-3604.23	-22.178	-3582.051	0.32	0.949	0.441	10.143	0.52
2990	2.263	0.503	-3604.257	-21.492	-3582.765	0.32	0.95	0.44	11.219	0.537
3000	2.272	0.486	-3603.82	-20.594	-3583.226	0.32	0.914	0.441	12.465	0.568
3010	2.281	0.483	-3603.508	-20.937	-3582.571	0.32	0.914	0.441	11.899	0.557
3020	2.289	0.483	-3603.508	-20.937	-3582.571	0.32	0.914	0.441	11.899	0.557
3030	2.298	0.491	-3607.278	-20.455	-3586.824	0.32	0.931	0.442	12.487	0.582
3040	2.307	0.491	-3607.278	-20.455	-3586.824	0.32	0.931	0.442	12.487	0.582
3050	2.315	0.443	-3614.075	-21.053	-3593.022	0.32	0.949	0.437	12.525	0.53
3060	2.324	0.486	-3609.856	-21.965	-3587.891	0.32	0.915	0.446	9.676	0.553
3070	2.333	0.476	-3604.713	-21.252	-3583.461	0.32	0.939	0.441	11.512	0.545
3080	2.341	0.506	-3604.061	-21.893	-3582.169	0.32	0.908	0.443	10.164	0.538
3090	2.35	0.482	-3610.467	-20.169	-3590.297	0.32	0.93	0.442	12.747	0.6
3100	2.359	0.47	-3610.346	-19.505	-3590.841	0.32	0.901	0.442	13.829	0.626
3110	2.367	0.51	-3606.291	-20.599	-3585.691	0.32	0.899	0.443	11.972	0.584
3120	2.376	0.51	-3606.291	-20.599	-3585.691	0.32	0.899	0.443	11.972	0.584
3130	2.385	0.515	-3603.16	-21.881	-3581.279	0.32	0.941	0.441	10.528	0.528
3140	2.394	0.509	-3602.414	-24.276	-3578.138	0.32	0.948	0.442	7.606	0.466
3150	2.402	0.509	-3602.414	-24.276	-3578.138	0.32	0.948	0.442	7.606	0.466
3160	2.411	0.508	-3602.83	-23.928	-3578.901	0.32	0.941	0.443	7.867	0.479
3170	2.42	0.508	-3602.83	-23.928	-3578.901	0.32	0.941	0.443	7.867	0.479
3180	2.428	0.508	-3602.83	-23.928	-3578.901	0.32	0.941	0.443	7.867	0.479
3190	2.437	0.514	-3602.163	-24.358	-3577.806	0.32	0.931	0.443	7.378	0.469
3200	2.446	0.514	-3602.163	-24.358	-3577.806	0.32	0.931	0.443	7.378	0.469
3210	2.454	0.514	-3602.163	-24.358	-3577.806	0.32	0.931	0.443	7.378	0.469
3220	2.463	0.511	-3603.264	-23.904	-3579.36	0.32	0.935	0.444	7.787	0.483
3230	2.472	0.511	-3603.264	-23.904	-3579.36	0.32	0.935	0.444	7.787	0.483
3240	2.481	0.492	-3603.096	-22.85	-3580.246	0.32	0.943	0.441	9.249	0.501
3250	2.489	0.492	-3603.096	-22.85	-3580.246	0.32	0.943	0.441	9.249	0.501
3260	2.498	0.513	-3602.813	-24.105	-3578.708	0.32	0.949	0.442	7.746	0.472
3270	2.507	0.504	-3602.638	-22.708	-3579.931	0.32	0.936	0.442	9.371	0.506
3280	2.516	0.504	-3602.638	-22.708	-3579.931	0.32	0.936	0.442	9.371	0.506
3290	2.524	0.484	-3604.006	-21.312	-3582.694	0.32	0.92	0.441	11.238	0.548
3300	2.533	0.484	-3604.006	-21.312	-3582.694	0.32	0.92	0.441	11.238	0.548
3310	2.542	0.484	-3604.006	-21.312	-3582.694	0.32	0.92	0.441	11.238	0.548
3320	2.55	0.504	-3602.757	-22.57	-3580.187	0.32	0.891	0.443	9.294	0.517
3330	2.559	0.524	-3602.487	-25.035	-3577.452	0.32	0.909	0.445	6.569	0.46
3340	2.567	0.524	-3602.487	-25.035	-3577.452	0.32	0.909	0.445	6.569	0.46
3350	2.576	0.524	-3602.487	-25.035	-3577.452	0.32	0.909	0.445	6.569	0.46
3360	2.584	0.524	-3602.487	-25.035	-3577.452	0.32	0.909	0.445	6.569	0.46
3370	2.593	0.524	-3602.487	-25.035	-3577.452	0.32	0.909	0.445	6.569	0.46
3380	2.601	0.524	-3602.487	-25.035	-3577.452	0.32	0.909	0.445	6.569	0.46
3390	2.61	0.524	-3602.487	-25.035	-3577.452	0.32	0.909	0.445	6.569	0.46
3400	2.619	0.524	-3602.487	-25.035	-3577.452	0.32	0.909	0.445	6.569	0.46
3410	2.627	0.525	-3603.209	-23.724	-3579.485	0.32	0.911	0.445	7.831	0.493
3420	2.636	0.525	-3603.209	-23.724	-3579.485	0.32	0.911	0.445	7.831	0.493
3430	2.645	0.515	-3602.986	-23.191	-3579.796	0.32	0.888	0.444	8.442	0.504
3440	2.653	0.515	-3602.986	-23.191	-3579.796	0.32	0.888	0.444	8.442	0.504
3450	2.662	0.515	-3602.986	-23.191	-3579.796	0.32	0.888	0.444	8.442	0.504
3460	2.671	0.515	-3602.986	-23.191	-3579.796	0.32	0.888	0.444	8.442	0.504
3470	2.679	0.515	-3602.986	-23.191	-3579.796	0.32	0.888	0.444	8.442	0.504
3480	2.688	0.515	-3602.986	-23.191	-3579.796	0.32	0.888	0.444	8.442	0.504
3490	2.697	0.539	-3604.211	-27.747	-3576.463	0.32	0.933	0.446	4.435	0.411
3500	2.705	0.539	-3604.211	-27.747	-3576.463	0.32	0.933	0.446	4.435	0.411
3510	2.714	0.55	-3604.698	-28.31	-3576.388	0.32	0.923	0.448	4.047	0.404
3520	2.722	0.55	-3604.698	-28.31	-3576.388	0.32	0.923	0.448	4.047	0.404
3530	2.731	0.55	-3604.698	-28.31	-3576.388	0.32	0.923	0.448	4.047	0.404
3540	2.74	0.55	-3604.698	-28.31	-3576.388	0.32	0.923	0.448	4.047	0.404
3550	2.748	0.55	-3604.698	-28.31	-3576.388	0.32	0.923	0.448	4.047	0.404
3560	2.757	0.537	-3605.655	-26.043	-3579.612	0.32	0.922	0.449	5.476	0.452
3570	2.766	0.537	-3605.655	-26.043	-3579.612	0.32	0.922	0.449	5.476	0.452
3580	2.774	0.537	-3605.655	-26.043	-3579.612	0.32	0.922	0.449	5.476	0.452
3590	2.783	0.537	-3605.655	-26.043	-3579.612	0.32	0.922	0.449	5.476	0.452
3600	2.792	0.537	-3605.655	-26.043	-3579.612	0.32	0.922	0.449	5.476	0.452
3610	2.8	0.54	-3603.65	-26.726	-3576.924	0.32	0.923	0.447	5.108	0.43
3620	2.809	0.54	-3603.65	-26.726	-3576.924	0.32	0.923	0.447	5.108	0.43
3630	2.817	0.54	-3603.65	-26.726	-3576.924	0.32	0.923	0.447	5.108	0.43
3640	2.826	0.52	-3602.204	-24.507	-3577.697	0.32	0.95	0.441	7.38	0.461
3650	2.834	0.545	-3604.776	-23.865	-3580.911	0.32	0.951	0.444	7.798	0.488
3660	2.843	0.543	-3605.257	-25.711	-3579.546	0.32	0.937	0.448	5.831	0.455
3670	2.851	0.543	-3605.257	-25.711	-3579.546	0.32	0.937	0.448	5.831	0.455
3680	2.86	0.521	-3603.048	-24.498	-3578.55	0.32	0.944	0.443	7.216	0.468
3690	2.868	0.521	-3603.048	-24.498	-3578.55	0.32	0.944	0.443	7.216	0.468
3700	2.877	0.515	-3604.484	-26.022	-3578.462	0.32	0.929	0.447	5.625	0.446
3710	2.885	0.539	-3603.43	-25.659	-3577.77	0.32	0.948	0.444	6.096	0.446
3720	2.894	0.539	-3603.43	-25.659	-3577.77	0.32	0.948	0.444	6.096	0.446
3730	2.903	0.539	-3603.43	-25.659	-3577.77	0.32	0.948	0.444	6.096	0.446
3740	2.911	0.539	-3603.43	-25.659	-3577.77	0.32	0.948	0.444	6.096	0.446
3750	2.92	0.539	-3603.43	-25.659	-3577.77	0.32	0.948	0.444	6.096	0.446
3760	2.929	0.557	-3604.366	-24.848	-3579.518	0.32	0.944	0.446	6.723	0.468
3770	2.937	0.557	-3604.366	-24.848	-3579.518	0.32	0.944	0.446	6.723	0.468
3780	2.946	0.529	-3604.088	-24.509	-3579.579	0.32	0.957	0.443	7.243	0.468
3790	2.955	0.563	-3605.104	-27.6	-3577.504	0.32	0.925	0.449	4.42	0.42
3800	2.963	0.563	-3605.104	-27.6	-3577.504	0.32	0.925	0.449	4.42	0.42
3810	2.972	0.563	-3605.104	-27.6	-3577.504	0.32	0.925	0.449	4.42	0.42
3820	2.98	0.563	-3605.104	-27.6	-3577.504	0.32	0.925	0.449	4.42	0.42
3830	2.988	0.563	-3605.104	-27.6	-3577.504	0.32	0.925	0.449	4.42	0.42
3840	2.997	0.569	-3604.975	-27.274	-3577.701	0.32	0.946	0.447	4.726	0.422
3850	3.005	0.553	-3606.859	-25.975	-3580.884	0.32	0.947	0.449	5.578	0.453
3860	3.014	0.553	-3606.859	-25.975	-3580.884	0.32	0.947	0.449	5.578	0.453
3870	3.022	0.553	-3606.859	-25.975	-3580.884	0.32	0.947	0.449	5.578	0.453
3880	3.031	0.553	-3606.859	-25.975	-3580.884	0.32	0.947	0.449	5.578	0.453
3890	3.04	0.556	-3607.263	-25.074	-3582.189	0.32	0.947	0.448	6.346	0.472
3900	3.049	0.554	-3604.29	-24.953	-3579.337	0.32	0.924	0.447	6.507	0.47
3910	3.058	0.554	-3604.29	-24.953	-3579.337	0.32	0.924	0.447	6.507	0.47
3920	3.066	0.554	-3604.29	-24.953	-3579.337	0.32	0.924	0.447	6.507	0.47
3930	3.075	0.554	-3604.29	-24.953	-3579.337	0.32	0.924	0.447	6.507	0.47
3940	3.083	0.6	-3603.523	-23.832	-3579.691	0.32	0.958	0.448	7.501	0.506
3950	3.092	0.6	-3603.523	-23.832	-3579.691	0.32	0.958	0.448	7.501	0.506
3960	3.101	0.6	-3603.523	-23.832	-3579.691	0.32	0.958	0.448	7.501	0.506
3970	3.109	0.6	-3603.523	-23.832	-3579.691	0.32	0.958	0.448	7.501	0.506
3980	3.118	0.6	-3603.523	-23.832	-3579.691	0.32	0.958	0.448	7.501	0.506
3990	3.127	0.6	-3603.523	-23.832	-3579.691	0.32	0.958	0.448	7.501	0.506
