iter	hours	assortment	log_posterior	log_prior	loglik	missing	mixture	null_assortment	scale	shape
0	0.001	0.148	-3992.151	-22.373	-3969.779	0.32	0.807	0.327	101.914	0.139
10	0.009	0.16	-3913.2	-15.99	-3897.21	0.32	0.773	0.352	96.99	0.317
20	0.017	0.227	-3806.183	-12.946	-3793.237	0.32	0.748	0.381	94.6	0.493
30	0.025	0.246	-3765.972	-11.44	-3754.532	0.32	0.764	0.399	95.369	0.626
40	0.033	0.346	-3677.815	-10.217	-3667.598	0.32	0.845	0.417	90.671	0.808
50	0.042	0.47	-3661.917	-9.978	-3651.939	0.32	0.894	0.418	91.959	0.845
60	0.05	0.576	-3645.439	-9.493	-3635.946	0.32	0.856	0.422	91.486	0.939
70	0.059	0.592	-3634.661	-8.806	-3625.855	0.32	0.948	0.424	94.979	1.113
80	0.067	0.559	-3633.564	-8.847	-3624.717	0.32	0.936	0.424	96.719	1.076
90	0.075	0.614	-3633.441	-9.199	-3624.242	0.32	0.946	0.425	87.071	1.077
100	0.084	0.561	-3631.451	-8.961	-3622.49	0.32	0.902	0.424	91.377	1.084
110	0.092	0.55	-3632.819	-8.909	-3623.91	0.32	0.83	0.426	85.448	1.157
120	0.1	0.536	-3631.431	-8.913	-3622.518	0.32	0.876	0.425	88.062	1.13
130	0.109	0.564	-3629.628	-9.363	-3620.264	0.32	0.911	0.426	80.946	1.085
140	0.117	0.497	-3629.184	-10.123	-3619.061	0.32	0.842	0.426	70.788	0.991
150	0.126	0.543	-3620.33	-10.16	-3610.171	0.32	0.915	0.428	64.418	1.091
160	0.135	0.541	-3623.14	-10.276	-3612.864	0.32	0.909	0.429	60.437	1.128
170	0.143	0.608	-3615.208	-11.073	-3604.135	0.32	0.885	0.428	58.208	0.947
180	0.152	0.592	-3614.583	-11.257	-3603.326	0.32	0.874	0.428	56.052	0.937
190	0.161	0.578	-3612.378	-12.206	-3600.172	0.32	0.925	0.427	50.873	0.835
200	0.17	0.56	-3614.174	-11.68	-3602.493	0.32	0.879	0.429	50.948	0.926
210	0.179	0.572	-3612.573	-11.965	-3600.608	0.32	0.868	0.428	51.633	0.859
220	0.187	0.61	-3612.725	-12.483	-3600.242	0.32	0.925	0.427	50.141	0.799
230	0.196	0.585	-3612.187	-12.489	-3599.698	0.32	0.888	0.429	46.108	0.849
240	0.205	0.584	-3611.614	-12.837	-3598.776	0.32	0.911	0.429	44.477	0.818
250	0.214	0.58	-3610.143	-13.94	-3596.203	0.32	0.884	0.43	37.199	0.759
260	0.222	0.582	-3608.712	-15.328	-3593.384	0.32	0.902	0.429	31.295	0.676
270	0.231	0.589	-3610.884	-14.239	-3596.645	0.32	0.853	0.43	35.101	0.749
280	0.24	0.545	-3609.049	-15.36	-3593.689	0.32	0.904	0.432	29.336	0.707
290	0.248	0.575	-3609.268	-16.0	-3593.268	0.32	0.94	0.428	29.292	0.637
300	0.257	0.594	-3609.383	-16.219	-3593.164	0.32	0.887	0.432	25.927	0.668
310	0.266	0.606	-3610.906	-16.743	-3594.163	0.32	0.956	0.428	26.688	0.606
320	0.274	0.594	-3608.702	-16.064	-3592.638	0.32	0.901	0.43	27.565	0.655
330	0.283	0.606	-3609.892	-17.563	-3592.33	0.32	0.862	0.431	22.138	0.598
340	0.292	0.596	-3610.4	-19.475	-3590.925	0.32	0.86	0.436	15.665	0.568
350	0.3	0.52	-3609.171	-18.467	-3590.704	0.32	0.899	0.435	18.152	0.601
360	0.309	0.512	-3609.191	-17.912	-3591.278	0.32	0.893	0.434	19.797	0.616
370	0.318	0.512	-3609.191	-17.912	-3591.278	0.32	0.893	0.434	19.797	0.616
380	0.327	0.513	-3609.722	-16.585	-3593.137	0.32	0.874	0.433	23.93	0.666
390	0.335	0.557	-3609.166	-16.19	-3592.976	0.32	0.86	0.431	26.784	0.652
400	0.344	0.558	-3608.76	-16.258	-3592.502	0.32	0.876	0.432	26.049	0.66
410	0.353	0.605	-3609.473	-16.412	-3593.061	0.32	0.922	0.431	25.871	0.651
420	0.361	0.563	-3609.202	-16.248	-3592.954	0.32	0.944	0.429	28.089	0.631
430	0.37	0.563	-3609.202	-16.248	-3592.954	0.32	0.944	0.429	28.089	0.631
440	0.379	0.588	-3609.871	-14.776	-3595.096	0.32	0.927	0.43	33.539	0.711
450	0.387	0.573	-3609.356	-15.593	-3593.762	0.32	0.939	0.428	31.031	0.654
460	0.396	0.58	-3609.732	-15.775	-3593.957	0.32	0.945	0.429	29.804	0.655
470	0.405	0.6	-3609.279	-16.102	-3593.177	0.32	0.896	0.429	28.581	0.633
480	0.413	0.646	-3607.866	-15.504	-3592.363	0.32	0.912	0.434	26.998	0.74
490	0.422	0.643	-3607.672	-16.774	-3590.898	0.32	0.932	0.435	22.602	0.682
500	0.43	0.684	-3609.637	-15.951	-3593.686	0.32	0.847	0.434	25.131	0.717
510	0.439	0.684	-3609.637	-15.951	-3593.686	0.32	0.847	0.434	25.131	0.717
520	0.448	0.684	-3609.637	-15.951	-3593.686	0.32	0.847	0.434	25.131	0.717
530	0.456	0.649	-3609.381	-16.068	-3593.313	0.32	0.844	0.435	23.754	0.735
540	0.465	0.68	-3607.399	-17.216	-3590.183	0.32	0.872	0.435	21.272	0.656
550	0.473	0.68	-3607.399	-17.216	-3590.183	0.32	0.872	0.435	21.272	0.656
560	0.482	0.684	-3606.35	-18.667	-3587.683	0.32	0.906	0.435	17.728	0.594
570	0.49	0.667	-3605.663	-17.978	-3587.684	0.32	0.891	0.435	19.165	0.626
580	0.499	0.667	-3605.663	-17.978	-3587.684	0.32	0.891	0.435	19.165	0.626
590	0.508	0.667	-3605.663	-17.978	-3587.684	0.32	0.891	0.435	19.165	0.626
600	0.516	0.667	-3605.663	-17.978	-3587.684	0.32	0.891	0.435	19.165	0.626
610	0.524	0.667	-3605.663	-17.978	-3587.684	0.32	0.891	0.435	19.165	0.626
620	0.533	0.667	-3605.663	-17.978	-3587.684	0.32	0.891	0.435	19.165	0.626
630	0.541	0.667	-3605.663	-17.978	-3587.684	0.32	0.891	0.435	19.165	0.626
640	0.549	0.689	-3607.44	-18.063	-3589.378	0.32	0.865	0.435	19.161	0.616
650	0.557	0.713	-3609.012	-18.053	-3590.959	0.32	0.893	0.433	19.817	0.603
660	0.565	0.66	-3608.629	-17.534	-3591.095	0.32	0.898	0.437	19.611	0.664
670	0.574	0.645	-3609.05	-17.194	-3591.856	0.32	0.912	0.436	20.53	0.681
680	0.583	0.698	-3607.524	-17.683	-3589.841	0.32	0.881	0.434	20.655	0.621
690	0.592	0.698	-3607.524	-17.683	-3589.841	0.32	0.881	0.434	20.655	0.621
700	0.601	0.698	-3607.524	-17.683	-3589.841	0.32	0.881	0.434	20.655	0.621
710	0.609	0.698	-3607.524	-17.683	-3589.841	0.32	0.881	0.434	20.655	0.621
720	0.618	0.698	-3607.524	-17.683	-3589.841	0.32	0.881	0.434	20.655	0.621
730	0.627	0.698	-3607.524	-17.683	-3589.841	0.32	0.881	0.434	20.655	0.621
740	0.636	0.683	-3607.778	-17.55	-3590.228	0.32	0.862	0.435	20.264	0.643
750	0.644	0.712	-3609.343	-17.058	-3592.285	0.32	0.866	0.433	22.867	0.637
760	0.653	0.701	-3607.879	-16.789	-3591.09	0.32	0.885	0.433	23.641	0.651
770	0.662	0.701	-3607.879	-16.789	-3591.09	0.32	0.885	0.433	23.641	0.651
780	0.67	0.701	-3607.879	-16.789	-3591.09	0.32	0.885	0.433	23.641	0.651
790	0.679	0.641	-3607.578	-16.622	-3590.956	0.32	0.882	0.436	22.305	0.702
800	0.688	0.641	-3607.578	-16.622	-3590.956	0.32	0.882	0.436	22.305	0.702
810	0.696	0.641	-3607.578	-16.622	-3590.956	0.32	0.882	0.436	22.305	0.702
820	0.705	0.672	-3606.799	-16.649	-3590.15	0.32	0.898	0.434	23.308	0.676
830	0.714	0.663	-3609.138	-15.756	-3593.381	0.32	0.887	0.434	25.572	0.736
840	0.722	0.66	-3608.712	-15.864	-3592.848	0.32	0.91	0.434	25.539	0.724
850	0.731	0.697	-3608.612	-16.039	-3592.573	0.32	0.927	0.432	26.669	0.68
860	0.739	0.697	-3608.612	-16.039	-3592.573	0.32	0.927	0.432	26.669	0.68
870	0.748	0.703	-3608.386	-16.033	-3592.353	0.32	0.926	0.431	27.227	0.67
880	0.757	0.679	-3606.554	-16.285	-3590.269	0.32	0.911	0.433	25.23	0.678
890	0.765	0.679	-3606.554	-16.285	-3590.269	0.32	0.911	0.433	25.23	0.678
900	0.774	0.679	-3606.554	-16.285	-3590.269	0.32	0.911	0.433	25.23	0.678
910	0.782	0.679	-3606.554	-16.285	-3590.269	0.32	0.911	0.433	25.23	0.678
920	0.791	0.679	-3606.554	-16.285	-3590.269	0.32	0.911	0.433	25.23	0.678
930	0.8	0.679	-3606.554	-16.285	-3590.269	0.32	0.911	0.433	25.23	0.678
940	0.808	0.679	-3606.554	-16.285	-3590.269	0.32	0.911	0.433	25.23	0.678
950	0.817	0.683	-3607.098	-16.235	-3590.863	0.32	0.901	0.433	25.235	0.683
960	0.826	0.683	-3607.098	-16.235	-3590.863	0.32	0.901	0.433	25.235	0.683
970	0.835	0.683	-3607.098	-16.235	-3590.863	0.32	0.901	0.433	25.235	0.683
980	0.843	0.683	-3607.098	-16.235	-3590.863	0.32	0.901	0.433	25.235	0.683
990	0.852	0.637	-3608.328	-15.928	-3592.4	0.32	0.893	0.435	24.671	0.734
1000	0.861	0.663	-3608.335	-15.676	-3592.659	0.32	0.895	0.434	26.23	0.732
1010	0.869	0.639	-3610.393	-15.384	-3595.009	0.32	0.919	0.434	26.891	0.76
1020	0.877	0.63	-3610.134	-16.281	-3593.853	0.32	0.915	0.429	27.494	0.634
1030	0.885	0.579	-3608.466	-16.432	-3592.033	0.32	0.904	0.431	25.756	0.648
1040	0.894	0.556	-3609.314	-15.368	-3593.946	0.32	0.918	0.431	29.907	0.697
1050	0.902	0.551	-3608.475	-15.881	-3592.593	0.32	0.92	0.43	28.611	0.659
1060	0.911	0.579	-3608.655	-15.447	-3593.208	0.32	0.901	0.43	30.3	0.679
1070	0.92	0.541	-3610.134	-14.436	-3595.698	0.32	0.89	0.431	33.761	0.748
1080	0.928	0.55	-3610.479	-14.148	-3596.331	0.32	0.94	0.429	37.774	0.729
1090	0.937	0.554	-3610.205	-14.806	-3595.398	0.32	0.933	0.43	32.899	0.718
1100	0.946	0.556	-3610.336	-15.206	-3595.13	0.32	0.95	0.429	32.633	0.676
1110	0.954	0.605	-3609.997	-15.177	-3594.82	0.32	0.916	0.431	30.968	0.702
1120	0.963	0.52	-3611.926	-13.766	-3598.159	0.32	0.928	0.43	37.478	0.786
1130	0.972	0.59	-3610.251	-13.634	-3596.618	0.32	0.901	0.428	41.267	0.742
1140	0.98	0.619	-3614.093	-12.442	-3601.651	0.32	0.89	0.429	45.452	0.869
1150	0.988	0.626	-3618.052	-11.886	-3606.166	0.32	0.887	0.43	47.276	0.949
1160	0.997	0.537	-3612.82	-12.38	-3600.439	0.32	0.856	0.429	46.279	0.862
1170	1.005	0.583	-3612.244	-12.475	-3599.769	0.32	0.859	0.428	48.032	0.819
1180	1.014	0.561	-3612.86	-12.491	-3600.369	0.32	0.849	0.429	45.255	0.858
1190	1.022	0.581	-3614.641	-12.75	-3601.891	0.32	0.831	0.43	41.576	0.873
1200	1.031	0.54	-3613.8	-13.163	-3600.637	0.32	0.825	0.431	39.353	0.839
1210	1.039	0.606	-3610.685	-13.63	-3597.055	0.32	0.908	0.428	40.459	0.756
1220	1.048	0.599	-3611.49	-14.125	-3597.365	0.32	0.843	0.429	36.881	0.734
1230	1.056	0.547	-3608.88	-15.143	-3593.737	0.32	0.899	0.43	31.251	0.699
1240	1.064	0.524	-3608.79	-15.65	-3593.14	0.32	0.883	0.431	28.342	0.688
1250	1.071	0.512	-3609.69	-15.001	-3594.689	0.32	0.89	0.431	30.959	0.722
1260	1.078	0.512	-3609.69	-15.001	-3594.689	0.32	0.89	0.431	30.959	0.722
1270	1.086	0.613	-3610.051	-15.769	-3594.282	0.32	0.934	0.43	29.321	0.662
1280	1.093	0.601	-3610.684	-16.642	-3594.042	0.32	0.887	0.434	23.544	0.669
1290	1.101	0.559	-3608.277	-15.853	-3592.424	0.32	0.911	0.43	28.991	0.655
1300	1.109	0.544	-3608.875	-15.25	-3593.625	0.32	0.901	0.431	29.975	0.709
1310	1.116	0.541	-3608.383	-16.078	-3592.305	0.32	0.888	0.432	26.512	0.672
1320	1.124	0.547	-3609.658	-16.812	-3592.846	0.32	0.957	0.43	25.536	0.619
1330	1.132	0.548	-3610.065	-16.72	-3593.345	0.32	0.959	0.43	25.698	0.626
1340	1.139	0.604	-3609.557	-17.627	-3591.93	0.32	0.938	0.429	23.125	0.579
1350	1.147	0.629	-3609.834	-17.232	-3592.603	0.32	0.921	0.43	23.598	0.607
1360	1.155	0.549	-3607.964	-16.416	-3591.548	0.32	0.917	0.431	25.812	0.65
1370	1.162	0.556	-3608.629	-15.458	-3593.171	0.32	0.895	0.43	29.845	0.685
1380	1.17	0.549	-3608.692	-16.265	-3592.427	0.32	0.933	0.43	27.261	0.642
1390	1.178	0.568	-3609.222	-15.37	-3593.852	0.32	0.934	0.429	31.425	0.673
1400	1.185	0.628	-3611.031	-15.515	-3595.515	0.32	0.927	0.431	29.644	0.686
1410	1.193	0.55	-3609.283	-16.415	-3592.868	0.32	0.862	0.432	25.177	0.658
1420	1.201	0.537	-3608.322	-16.806	-3591.516	0.32	0.901	0.433	23.713	0.648
1430	1.209	0.555	-3608.148	-16.541	-3591.607	0.32	0.896	0.431	25.649	0.637
1440	1.216	0.543	-3610.338	-16.615	-3593.723	0.32	0.835	0.433	23.686	0.665
1450	1.224	0.578	-3609.922	-16.587	-3593.335	0.32	0.938	0.432	25.0	0.65
1460	1.231	0.559	-3608.948	-17.192	-3591.756	0.32	0.867	0.433	22.506	0.628
1470	1.239	0.541	-3609.559	-17.189	-3592.37	0.32	0.861	0.434	21.685	0.647
1480	1.248	0.555	-3608.488	-17.05	-3591.439	0.32	0.878	0.432	23.349	0.626
1490	1.255	0.582	-3609.845	-17.515	-3592.33	0.32	0.95	0.431	22.445	0.605
1500	1.263	0.549	-3609.181	-18.012	-3591.169	0.32	0.95	0.432	20.619	0.594
1510	1.27	0.55	-3608.324	-18.512	-3589.812	0.32	0.936	0.433	18.949	0.581
1520	1.278	0.55	-3608.324	-18.512	-3589.812	0.32	0.936	0.433	18.949	0.581
1530	1.285	0.578	-3609.582	-19.017	-3590.565	0.32	0.947	0.433	17.777	0.564
1540	1.293	0.538	-3608.754	-18.406	-3590.348	0.32	0.942	0.433	19.33	0.583
1550	1.301	0.538	-3608.754	-18.406	-3590.348	0.32	0.942	0.433	19.33	0.583
1560	1.308	0.548	-3608.108	-17.609	-3590.499	0.32	0.94	0.431	22.397	0.595
1570	1.315	0.532	-3608.273	-16.914	-3591.359	0.32	0.933	0.431	24.402	0.625
1580	1.323	0.559	-3609.288	-17.162	-3592.126	0.32	0.949	0.43	24.338	0.604
1590	1.33	0.559	-3609.288	-17.162	-3592.126	0.32	0.949	0.43	24.338	0.604
1600	1.338	0.581	-3608.904	-16.694	-3592.21	0.32	0.922	0.432	24.694	0.642
1610	1.345	0.609	-3609.534	-15.943	-3593.591	0.32	0.925	0.43	28.294	0.659
1620	1.353	0.581	-3608.753	-15.954	-3592.799	0.32	0.898	0.429	29.175	0.639
1630	1.36	0.598	-3608.785	-16.397	-3592.389	0.32	0.896	0.431	26.058	0.646
1640	1.368	0.557	-3609.46	-17.044	-3592.416	0.32	0.917	0.434	22.432	0.651
1650	1.375	0.588	-3608.692	-17.355	-3591.337	0.32	0.882	0.432	22.356	0.616
1660	1.383	0.535	-3612.133	-16.027	-3596.106	0.32	0.881	0.434	24.809	0.715
1670	1.39	0.547	-3608.084	-16.27	-3591.814	0.32	0.885	0.432	25.995	0.66
1680	1.398	0.527	-3608.635	-16.881	-3591.754	0.32	0.873	0.432	23.476	0.642
1690	1.405	0.622	-3611.475	-15.362	-3596.113	0.32	0.846	0.43	30.573	0.68
1700	1.412	0.645	-3611.781	-15.92	-3595.861	0.32	0.924	0.431	27.789	0.671
1710	1.42	0.564	-3608.918	-14.75	-3594.167	0.32	0.897	0.429	34.194	0.699
1720	1.428	0.531	-3608.862	-14.993	-3593.869	0.32	0.921	0.43	32.257	0.703
1730	1.436	0.531	-3608.862	-14.993	-3593.869	0.32	0.921	0.43	32.257	0.703
1740	1.443	0.531	-3608.862	-14.993	-3593.869	0.32	0.921	0.43	32.257	0.703
1750	1.451	0.571	-3609.838	-13.83	-3596.007	0.32	0.887	0.429	38.771	0.75
1760	1.459	0.565	-3609.887	-14.212	-3595.676	0.32	0.894	0.43	35.366	0.752
1770	1.466	0.629	-3611.091	-14.492	-3596.599	0.32	0.88	0.43	34.789	0.722
1780	1.474	0.647	-3612.094	-15.01	-3597.084	0.32	0.895	0.431	31.381	0.714
1790	1.481	0.643	-3611.73	-14.834	-3596.897	0.32	0.907	0.43	32.848	0.713
1800	1.489	0.621	-3610.801	-15.402	-3595.399	0.32	0.923	0.427	32.995	0.644
1810	1.497	0.599	-3609.414	-15.116	-3594.298	0.32	0.907	0.43	31.6	0.698
1820	1.505	0.609	-3611.221	-14.211	-3597.01	0.32	0.937	0.427	38.929	0.703
1830	1.513	0.595	-3610.873	-13.862	-3597.01	0.32	0.927	0.427	41.224	0.716
1840	1.52	0.537	-3610.545	-13.906	-3596.639	0.32	0.925	0.429	37.924	0.757
1850	1.528	0.57	-3614.23	-12.481	-3601.748	0.32	0.841	0.43	43.783	0.884
1860	1.536	0.579	-3612.697	-12.965	-3599.732	0.32	0.832	0.429	42.947	0.812
1870	1.544	0.551	-3611.238	-13.558	-3597.68	0.32	0.934	0.429	40.32	0.772
1880	1.552	0.565	-3610.102	-13.779	-3596.323	0.32	0.88	0.429	38.202	0.765
1890	1.56	0.575	-3610.635	-14.457	-3596.177	0.32	0.911	0.431	33.634	0.75
1900	1.567	0.53	-3609.152	-14.579	-3594.573	0.32	0.924	0.429	34.599	0.718
1910	1.576	0.603	-3609.963	-14.531	-3595.431	0.32	0.919	0.428	35.949	0.703
1920	1.584	0.63	-3613.239	-15.923	-3597.315	0.32	0.955	0.425	31.839	0.61
1930	1.592	0.63	-3613.239	-15.923	-3597.315	0.32	0.955	0.425	31.839	0.61
1940	1.6	0.643	-3612.014	-14.775	-3597.24	0.32	0.873	0.429	34.205	0.694
1950	1.608	0.585	-3610.076	-13.631	-3596.445	0.32	0.9	0.428	40.564	0.753
1960	1.615	0.593	-3610.444	-13.923	-3596.52	0.32	0.884	0.428	39.718	0.723
1970	1.623	0.582	-3610.725	-14.313	-3596.412	0.32	0.932	0.43	35.65	0.739
1980	1.631	0.621	-3610.434	-14.529	-3595.905	0.32	0.909	0.429	35.537	0.708
1990	1.638	0.599	-3610.224	-14.554	-3595.671	0.32	0.926	0.429	34.794	0.719
2000	1.646	0.595	-3611.876	-14.156	-3597.72	0.32	0.945	0.429	36.953	0.742
2010	1.654	0.607	-3610.865	-14.029	-3596.837	0.32	0.895	0.43	36.499	0.759
2020	1.661	0.591	-3610.199	-13.666	-3596.533	0.32	0.895	0.429	40.075	0.754
2030	1.669	0.61	-3611.072	-13.404	-3597.668	0.32	0.888	0.428	41.648	0.769
2040	1.677	0.601	-3610.849	-13.538	-3597.312	0.32	0.909	0.427	42.632	0.738
2050	1.684	0.534	-3611.056	-13.305	-3597.752	0.32	0.881	0.43	40.462	0.801
2060	1.692	0.542	-3610.289	-13.755	-3596.534	0.32	0.885	0.43	38.085	0.771
2070	1.699	0.53	-3610.602	-13.634	-3596.968	0.32	0.922	0.43	39.036	0.779
2080	1.707	0.528	-3610.788	-13.437	-3597.351	0.32	0.892	0.429	39.992	0.789
2090	1.715	0.533	-3610.727	-13.82	-3596.907	0.32	0.93	0.43	38.121	0.768
2100	1.722	0.583	-3610.38	-14.77	-3595.61	0.32	0.944	0.429	34.644	0.697
2110	1.73	0.587	-3609.53	-14.888	-3594.643	0.32	0.879	0.43	32.165	0.714
2120	1.738	0.577	-3609.214	-15.01	-3594.205	0.32	0.883	0.429	33.134	0.682
2130	1.746	0.571	-3608.876	-14.772	-3594.103	0.32	0.903	0.429	34.271	0.696
2140	1.754	0.592	-3609.547	-15.004	-3594.542	0.32	0.893	0.428	33.778	0.674
2150	1.762	0.517	-3610.644	-13.871	-3596.773	0.32	0.892	0.43	36.64	0.779
2160	1.77	0.559	-3608.78	-15.094	-3593.685	0.32	0.888	0.43	32.094	0.689
2170	1.778	0.544	-3609.798	-15.522	-3594.276	0.32	0.931	0.431	28.925	0.698
2180	1.786	0.593	-3608.674	-16.818	-3591.856	0.32	0.904	0.429	25.466	0.612
2190	1.795	0.591	-3609.249	-16.267	-3592.982	0.32	0.935	0.43	27.18	0.644
2200	1.803	0.573	-3608.82	-16.059	-3592.761	0.32	0.931	0.43	28.012	0.651
2210	1.811	0.59	-3608.994	-16.069	-3592.925	0.32	0.923	0.431	27.485	0.659
2220	1.82	0.631	-3610.407	-16.667	-3593.74	0.32	0.908	0.429	26.446	0.611
2230	1.828	0.64	-3610.642	-17.378	-3593.264	0.32	0.903	0.432	22.186	0.619
2240	1.836	0.601	-3608.689	-18.064	-3590.624	0.32	0.91	0.431	20.871	0.579
2250	1.845	0.567	-3608.766	-16.574	-3592.191	0.32	0.891	0.432	24.6	0.654
2260	1.853	0.564	-3608.205	-16.148	-3592.057	0.32	0.903	0.43	27.635	0.645
2270	1.861	0.518	-3610.715	-16.779	-3593.936	0.32	0.844	0.434	22.906	0.664
2280	1.87	0.608	-3609.429	-16.212	-3593.217	0.32	0.887	0.431	26.351	0.66
2290	1.878	0.55	-3607.932	-18.092	-3589.84	0.32	0.881	0.433	19.856	0.596
2300	1.886	0.62	-3609.379	-17.742	-3591.637	0.32	0.909	0.432	21.36	0.6
2310	1.895	0.595	-3608.53	-17.019	-3591.511	0.32	0.91	0.431	23.938	0.621
2320	1.903	0.615	-3609.67	-16.402	-3593.268	0.32	0.877	0.431	26.022	0.644
2330	1.911	0.639	-3610.45	-16.747	-3593.703	0.32	0.914	0.431	25.134	0.627
2340	1.92	0.582	-3609.981	-17.026	-3592.955	0.32	0.882	0.434	22.305	0.652
2350	1.928	0.596	-3611.134	-15.793	-3595.341	0.32	0.954	0.43	29.267	0.664
2360	1.937	0.514	-3609.405	-16.147	-3593.258	0.32	0.93	0.431	26.723	0.665
2370	1.945	0.569	-3609.158	-15.447	-3593.711	0.32	0.902	0.431	29.319	0.697
2380	1.954	0.558	-3609.496	-14.229	-3595.267	0.32	0.899	0.43	35.864	0.742
2390	1.962	0.571	-3610.573	-15.184	-3595.39	0.32	0.921	0.431	30.112	0.718
2400	1.971	0.594	-3609.931	-15.62	-3594.312	0.32	0.869	0.429	30.429	0.653
2410	1.979	0.582	-3609.403	-16.505	-3592.898	0.32	0.86	0.432	24.964	0.652
2420	1.987	0.598	-3608.57	-17.254	-3591.317	0.32	0.911	0.43	23.481	0.606
2430	1.996	0.573	-3608.421	-16.06	-3592.361	0.32	0.919	0.43	27.914	0.651
2440	2.004	0.573	-3608.421	-16.06	-3592.361	0.32	0.919	0.43	27.914	0.651
2450	2.012	0.583	-3608.347	-16.851	-3591.496	0.32	0.91	0.43	25.25	0.613
2460	2.021	0.577	-3608.5	-16.378	-3592.123	0.32	0.9	0.431	25.905	0.651
2470	2.029	0.554	-3608.429	-16.263	-3592.167	0.32	0.898	0.431	26.283	0.656
2480	2.037	0.539	-3608.772	-16.516	-3592.256	0.32	0.899	0.433	24.485	0.664
2490	2.046	0.618	-3609.878	-17.267	-3592.611	0.32	0.917	0.428	24.369	0.589
2500	2.054	0.574	-3609.652	-16.69	-3592.962	0.32	0.85	0.432	24.308	0.644
2510	2.062	0.55	-3607.556	-17.073	-3590.482	0.32	0.893	0.431	23.557	0.621
2520	2.071	0.564	-3608.013	-17.723	-3590.29	0.32	0.915	0.431	21.84	0.592
2530	2.079	0.564	-3608.013	-17.723	-3590.29	0.32	0.915	0.431	21.84	0.592
2540	2.087	0.58	-3608.764	-18.415	-3590.349	0.32	0.889	0.434	18.721	0.591
2550	2.096	0.602	-3612.146	-20.23	-3591.916	0.32	0.861	0.438	13.501	0.563
2560	2.104	0.604	-3609.611	-19.461	-3590.151	0.32	0.881	0.434	16.138	0.558
2570	2.112	0.616	-3609.376	-16.954	-3592.422	0.32	0.895	0.432	23.843	0.628
2580	2.121	0.58	-3609.16	-16.991	-3592.169	0.32	0.943	0.429	25.068	0.606
2590	2.13	0.607	-3609.496	-16.498	-3592.998	0.32	0.934	0.429	27.086	0.62
2600	2.138	0.604	-3611.443	-15.709	-3595.734	0.32	0.955	0.427	31.675	0.635
2610	2.146	0.59	-3610.05	-13.961	-3596.089	0.32	0.903	0.429	37.68	0.75
2620	2.154	0.613	-3609.985	-14.876	-3595.109	0.32	0.895	0.429	33.801	0.69
2630	2.162	0.656	-3612.165	-15.209	-3596.956	0.32	0.914	0.429	31.799	0.684
2640	2.171	0.62	-3611.462	-14.431	-3597.031	0.32	0.855	0.43	34.791	0.728
2650	2.179	0.532	-3609.943	-14.001	-3595.941	0.32	0.883	0.43	36.149	0.768
2660	2.187	0.516	-3612.526	-13.593	-3598.933	0.32	0.849	0.431	36.898	0.814
2670	2.195	0.523	-3611.698	-13.527	-3598.17	0.32	0.911	0.43	38.401	0.805
2680	2.204	0.533	-3610.574	-14.119	-3596.455	0.32	0.896	0.431	34.935	0.773
2690	2.212	0.545	-3609.834	-13.955	-3595.879	0.32	0.893	0.43	37.327	0.755
2700	2.221	0.574	-3612.484	-13.264	-3599.221	0.32	0.936	0.429	41.453	0.801
2710	2.229	0.56	-3612.073	-12.524	-3599.548	0.32	0.884	0.429	45.52	0.851
2720	2.238	0.586	-3610.572	-13.425	-3597.147	0.32	0.918	0.427	43.083	0.749
2730	2.247	0.597	-3610.566	-13.815	-3596.751	0.32	0.907	0.427	41.087	0.721
2740	2.255	0.597	-3610.566	-13.815	-3596.751	0.32	0.907	0.427	41.087	0.721
2750	2.263	0.617	-3611.286	-13.943	-3597.343	0.32	0.919	0.429	37.952	0.751
2760	2.27	0.579	-3609.396	-14.462	-3594.935	0.32	0.887	0.429	35.688	0.712
2770	2.278	0.583	-3609.242	-15.52	-3593.722	0.32	0.907	0.431	29.146	0.691
2780	2.286	0.593	-3609.428	-14.609	-3594.819	0.32	0.905	0.429	35.003	0.705
2790	2.293	0.554	-3609.305	-14.236	-3595.069	0.32	0.897	0.429	36.398	0.732
2800	2.301	0.572	-3609.724	-14.688	-3595.036	0.32	0.866	0.429	34.186	0.704
2810	2.308	0.516	-3612.585	-13.038	-3599.547	0.32	0.879	0.43	40.58	0.844
2820	2.316	0.523	-3610.529	-13.669	-3596.859	0.32	0.899	0.43	38.081	0.786
2830	2.323	0.523	-3610.529	-13.669	-3596.859	0.32	0.899	0.43	38.081	0.786
2840	2.331	0.567	-3613.991	-12.874	-3601.117	0.32	0.885	0.431	40.931	0.868
2850	2.338	0.582	-3610.627	-13.269	-3597.358	0.32	0.88	0.428	42.295	0.778
2860	2.345	0.585	-3610.351	-13.806	-3596.546	0.32	0.925	0.427	40.699	0.73
2870	2.353	0.594	-3611.009	-13.126	-3597.883	0.32	0.915	0.428	43.968	0.78
2880	2.36	0.633	-3613.918	-12.828	-3601.09	0.32	0.924	0.429	44.61	0.821
2890	2.367	0.633	-3613.918	-12.828	-3601.09	0.32	0.924	0.429	44.61	0.821
2900	2.375	0.606	-3611.015	-13.91	-3597.104	0.32	0.921	0.427	40.852	0.713
2910	2.382	0.589	-3609.576	-14.974	-3594.602	0.32	0.898	0.428	34.223	0.671
2920	2.39	0.573	-3608.855	-15.687	-3593.168	0.32	0.884	0.431	28.483	0.681
2930	2.397	0.631	-3611.254	-15.987	-3595.267	0.32	0.863	0.432	26.879	0.675
2940	2.404	0.649	-3611.572	-15.361	-3596.211	0.32	0.91	0.43	30.914	0.68
2950	2.412	0.635	-3612.783	-14.305	-3598.478	0.32	0.899	0.434	30.626	0.837
2960	2.419	0.65	-3612.232	-13.538	-3598.695	0.32	0.896	0.432	35.086	0.869
2970	2.426	0.65	-3612.232	-13.538	-3598.695	0.32	0.896	0.432	35.086	0.869
2980	2.434	0.65	-3612.232	-13.538	-3598.695	0.32	0.896	0.432	35.086	0.869
2990	2.441	0.65	-3612.232	-13.538	-3598.695	0.32	0.896	0.432	35.086	0.869
3000	2.449	0.648	-3611.455	-15.747	-3595.708	0.32	0.921	0.428	30.403	0.645
3010	2.456	0.545	-3609.791	-15.104	-3594.687	0.32	0.906	0.432	30.168	0.725
3020	2.463	0.595	-3608.681	-17.319	-3591.362	0.32	0.922	0.43	23.685	0.597
3030	2.471	0.585	-3608.864	-18.043	-3590.821	0.32	0.875	0.432	20.453	0.587
3040	2.478	0.619	-3611.011	-16.061	-3594.95	0.32	0.912	0.432	26.31	0.682
3050	2.485	0.603	-3608.853	-16.278	-3592.575	0.32	0.9	0.43	26.851	0.644
3060	2.493	0.553	-3610.125	-15.364	-3594.76	0.32	0.867	0.432	28.809	0.714
3070	2.5	0.546	-3609.746	-15.392	-3594.354	0.32	0.883	0.432	28.505	0.718
3080	2.507	0.587	-3608.741	-17.125	-3591.616	0.32	0.928	0.429	24.652	0.598
3090	2.515	0.55	-3608.952	-18.193	-3590.758	0.32	0.905	0.435	18.86	0.611
3100	2.522	0.55	-3608.281	-19.874	-3588.407	0.32	0.909	0.435	15.09	0.551
3110	2.53	0.526	-3609.559	-18.849	-3590.71	0.32	0.917	0.435	17.137	0.591
3120	2.537	0.559	-3608.483	-18.863	-3589.62	0.32	0.943	0.432	18.223	0.566
3130	2.544	0.567	-3609.277	-17.578	-3591.698	0.32	0.934	0.433	21.5	0.616
3140	2.552	0.507	-3609.37	-15.821	-3593.549	0.32	0.9	0.432	27.472	0.685
3150	2.559	0.53	-3611.403	-15.785	-3595.618	0.32	0.962	0.43	29.454	0.664
3160	2.567	0.53	-3611.403	-15.785	-3595.618	0.32	0.962	0.43	29.454	0.664
3170	2.574	0.533	-3608.678	-16.006	-3592.672	0.32	0.935	0.43	28.091	0.656
3180	2.581	0.546	-3610.414	-15.349	-3595.065	0.32	0.862	0.433	28.342	0.725
3190	2.589	0.563	-3613.412	-15.45	-3597.962	0.32	0.889	0.434	26.981	0.744
3200	2.596	0.6	-3611.527	-15.252	-3596.275	0.32	0.857	0.432	28.886	0.727
3210	2.604	0.588	-3609.516	-16.531	-3592.985	0.32	0.866	0.432	24.657	0.656
3220	2.611	0.539	-3609.485	-15.809	-3593.676	0.32	0.944	0.43	28.748	0.669
3230	2.618	0.559	-3609.327	-15.332	-3593.995	0.32	0.934	0.43	31.063	0.684
3240	2.626	0.606	-3611.02	-14.357	-3596.663	0.32	0.898	0.431	34.218	0.752
3250	2.633	0.587	-3611.202	-13.383	-3597.819	0.32	0.898	0.43	40.078	0.797
3260	2.641	0.584	-3611.161	-13.461	-3597.7	0.32	0.856	0.429	40.53	0.774
3270	2.648	0.575	-3609.547	-14.095	-3595.452	0.32	0.902	0.428	38.203	0.723
3280	2.656	0.564	-3611.543	-13.933	-3597.61	0.32	0.946	0.429	38.464	0.749
3290	2.663	0.539	-3611.864	-13.405	-3598.46	0.32	0.929	0.429	40.424	0.793
3300	2.67	0.583	-3609.719	-13.999	-3595.719	0.32	0.895	0.429	38.079	0.738
3310	2.678	0.618	-3611.453	-13.57	-3597.883	0.32	0.89	0.429	39.587	0.776
3320	2.685	0.616	-3610.672	-15.266	-3595.407	0.32	0.894	0.427	33.114	0.654
3330	2.693	0.576	-3608.692	-15.942	-3592.75	0.32	0.885	0.431	27.591	0.667
3340	2.7	0.572	-3608.982	-16.272	-3592.71	0.32	0.866	0.43	26.738	0.644
3350	2.707	0.617	-3609.766	-16.918	-3592.847	0.32	0.876	0.431	24.432	0.619
3360	2.715	0.664	-3606.836	-17.265	-3589.571	0.32	0.876	0.435	20.812	0.662
3370	2.722	0.663	-3607.43	-17.072	-3590.357	0.32	0.893	0.435	21.352	0.672
3380	2.73	0.663	-3607.43	-17.072	-3590.357	0.32	0.893	0.435	21.352	0.672
3390	2.737	0.546	-3609.114	-16.374	-3592.741	0.32	0.926	0.432	25.368	0.665
3400	2.745	0.578	-3608.59	-16.166	-3592.425	0.32	0.885	0.43	27.346	0.646
3410	2.752	0.573	-3608.683	-15.428	-3593.255	0.32	0.919	0.429	30.918	0.672
3420	2.76	0.624	-3610.456	-15.092	-3595.364	0.32	0.89	0.43	31.483	0.701
3430	2.767	0.604	-3611.334	-15.088	-3596.245	0.32	0.849	0.432	30.167	0.722
3440	2.775	0.646	-3611.524	-16.93	-3594.594	0.32	0.895	0.428	25.556	0.599
3450	2.782	0.704	-3607.836	-17.181	-3590.656	0.32	0.903	0.433	22.613	0.632
3460	2.789	0.704	-3607.836	-17.181	-3590.656	0.32	0.903	0.433	22.613	0.632
3470	2.797	0.696	-3608.501	-16.752	-3591.75	0.32	0.858	0.434	23.237	0.662
3480	2.804	0.696	-3608.501	-16.752	-3591.75	0.32	0.858	0.434	23.237	0.662
3490	2.811	0.696	-3608.501	-16.752	-3591.75	0.32	0.858	0.434	23.237	0.662
3500	2.819	0.658	-3608.371	-17.417	-3590.954	0.32	0.871	0.437	19.783	0.671
3510	2.826	0.639	-3608.091	-16.757	-3591.334	0.32	0.92	0.435	22.214	0.691
3520	2.833	0.658	-3606.375	-16.79	-3589.585	0.32	0.924	0.434	23.004	0.669
3530	2.841	0.658	-3606.375	-16.79	-3589.585	0.32	0.924	0.434	23.004	0.669
3540	2.848	0.659	-3607.135	-17.184	-3589.951	0.32	0.947	0.434	22.153	0.647
3550	2.856	0.659	-3607.135	-17.184	-3589.951	0.32	0.947	0.434	22.153	0.647
3560	2.863	0.659	-3607.135	-17.184	-3589.951	0.32	0.947	0.434	22.153	0.647
3570	2.87	0.659	-3607.135	-17.184	-3589.951	0.32	0.947	0.434	22.153	0.647
3580	2.878	0.682	-3608.095	-17.334	-3590.762	0.32	0.943	0.434	21.853	0.637
3590	2.885	0.637	-3609.202	-15.852	-3593.35	0.32	0.939	0.434	25.858	0.723
3600	2.892	0.59	-3609.671	-16.219	-3593.453	0.32	0.944	0.428	28.535	0.627
3610	2.9	0.596	-3611.064	-16.709	-3594.355	0.32	0.958	0.43	25.778	0.626
3620	2.907	0.59	-3611.458	-15.905	-3595.553	0.32	0.948	0.431	27.75	0.677
3630	2.915	0.584	-3608.835	-15.504	-3593.331	0.32	0.921	0.429	30.89	0.664
3640	2.922	0.585	-3609.193	-15.658	-3593.535	0.32	0.925	0.428	31.142	0.643
3650	2.929	0.591	-3609.162	-15.674	-3593.487	0.32	0.887	0.429	30.045	0.655
3660	2.937	0.618	-3610.068	-16.972	-3593.096	0.32	0.87	0.431	24.248	0.617
3670	2.944	0.561	-3611.391	-16.309	-3595.082	0.32	0.864	0.434	24.142	0.694
3680	2.951	0.55	-3609.313	-15.698	-3593.615	0.32	0.916	0.431	28.274	0.687
3690	2.959	0.584	-3608.382	-17.649	-3590.732	0.32	0.925	0.431	22.214	0.593
3700	2.966	0.575	-3608.609	-17.652	-3590.957	0.32	0.902	0.433	21.023	0.615
3710	2.974	0.557	-3608.336	-17.243	-3591.093	0.32	0.891	0.433	22.017	0.636
3720	2.981	0.557	-3608.336	-17.243	-3591.093	0.32	0.891	0.433	22.017	0.636
3730	2.988	0.516	-3609.071	-16.932	-3592.138	0.32	0.879	0.433	23.007	0.647
3740	2.996	0.546	-3608.272	-16.109	-3592.163	0.32	0.903	0.43	27.452	0.652
3750	3.003	0.5	-3609.654	-17.981	-3591.673	0.32	0.913	0.434	19.708	0.613
3760	3.01	0.549	-3608.165	-17.021	-3591.144	0.32	0.87	0.432	23.462	0.627
3770	3.018	0.546	-3607.747	-18.02	-3589.727	0.32	0.888	0.432	20.219	0.595
3780	3.025	0.563	-3608.09	-17.759	-3590.332	0.32	0.895	0.431	21.44	0.595
3790	3.032	0.568	-3608.653	-17.317	-3591.335	0.32	0.878	0.433	22.156	0.623
3800	3.04	0.545	-3607.688	-17.37	-3590.318	0.32	0.902	0.432	22.223	0.618
3810	3.047	0.585	-3608.845	-19.846	-3588.999	0.32	0.923	0.432	15.967	0.532
3820	3.054	0.519	-3604.954	-22.744	-3582.21	0.32	0.914	0.445	8.891	0.521
3830	3.062	0.519	-3604.954	-22.744	-3582.21	0.32	0.914	0.445	8.891	0.521
3840	3.069	0.519	-3604.954	-22.744	-3582.21	0.32	0.914	0.445	8.891	0.521
3850	3.076	0.625	-3609.519	-25.412	-3584.108	0.32	0.915	0.456	5.532	0.494
3860	3.084	0.599	-3603.294	-25.051	-3578.243	0.32	0.919	0.453	6.014	0.49
3870	3.091	0.599	-3603.294	-25.051	-3578.243	0.32	0.919	0.453	6.014	0.49
3880	3.098	0.599	-3603.294	-25.051	-3578.243	0.32	0.919	0.453	6.014	0.49
3890	3.106	0.599	-3603.294	-25.051	-3578.243	0.32	0.919	0.453	6.014	0.49
3900	3.113	0.599	-3603.294	-25.051	-3578.243	0.32	0.919	0.453	6.014	0.49
3910	3.121	0.599	-3603.294	-25.051	-3578.243	0.32	0.919	0.453	6.014	0.49
3920	3.128	0.599	-3603.294	-25.051	-3578.243	0.32	0.919	0.453	6.014	0.49
3930	3.135	0.599	-3603.294	-25.051	-3578.243	0.32	0.919	0.453	6.014	0.49
3940	3.143	0.599	-3603.294	-25.051	-3578.243	0.32	0.919	0.453	6.014	0.49
3950	3.15	0.599	-3603.294	-25.051	-3578.243	0.32	0.919	0.453	6.014	0.49
3960	3.158	0.621	-3603.328	-26.027	-3577.301	0.32	0.931	0.453	5.306	0.465
3970	3.165	0.621	-3603.328	-26.027	-3577.301	0.32	0.931	0.453	5.306	0.465
3980	3.172	0.621	-3603.328	-26.027	-3577.301	0.32	0.931	0.453	5.306	0.465
3990	3.18	0.621	-3603.328	-26.027	-3577.301	0.32	0.931	0.453	5.306	0.465
