iter	hours	log_posterior	log_prior	loglik	missing	mixture	scale	shape
0	0.001	-2119.557	-10.527	-2109.03	0.22	0.794	100.101	0.179
100	0.096	-1752.946	-6.423	-1746.523	0.22	0.923	103.018	1.088
200	0.191	-1750.572	-6.679	-1743.893	0.22	0.881	89.973	0.976
300	0.286	-1745.109	-7.046	-1738.063	0.22	0.901	80.194	0.943
400	0.381	-1746.861	-6.855	-1740.005	0.22	0.913	85.806	0.97
500	0.476	-1745.455	-7.118	-1738.336	0.22	0.918	77.884	0.877
600	0.57	-1740.462	-7.727	-1732.735	0.22	0.94	65.798	0.824
700	0.665	-1735.879	-9.597	-1726.283	0.22	0.947	41.777	0.643
800	0.76	-1736.256	-9.867	-1726.388	0.22	0.942	39.357	0.621
900	0.856	-1737.827	-9.409	-1728.417	0.22	0.926	43.378	0.643
1000	0.951	-1736.771	-8.812	-1727.959	0.22	0.955	50.115	0.71
1100	1.046	-1736.108	-9.901	-1726.207	0.22	0.956	39.268	0.622
1200	1.141	-1736.017	-9.426	-1726.591	0.22	0.958	43.572	0.659
1300	1.236	-1736.46	-9.998	-1726.462	0.22	0.944	38.314	0.612
1400	1.331	-1736.991	-9.955	-1727.036	0.22	0.964	39.024	0.616
1500	1.426	-1735.756	-10.028	-1725.728	0.22	0.964	38.306	0.62
1600	1.521	-1736.817	-9.972	-1726.845	0.22	0.946	38.595	0.611
1700	1.616	-1738.264	-10.488	-1727.776	0.22	0.935	33.948	0.62
1800	1.712	-1736.487	-10.373	-1726.114	0.22	0.965	35.698	0.595
1900	1.807	-1739.145	-9.011	-1730.134	0.22	0.914	47.347	0.668
2000	1.902	-1739.821	-9.9	-1729.921	0.22	0.936	38.661	0.646
2100	1.997	-1736.674	-10.347	-1726.327	0.22	0.964	35.885	0.594
2200	2.093	-1736.674	-10.258	-1726.416	0.22	0.975	36.741	0.608
2300	2.188	-1735.823	-9.804	-1726.018	0.22	0.955	40.042	0.63
2400	2.284	-1738.573	-9.628	-1728.945	0.22	0.931	41.488	0.623
2500	2.379	-1736.844	-9.587	-1727.257	0.22	0.943	41.892	0.636
2600	2.474	-1737.43	-9.504	-1727.926	0.22	0.97	43.194	0.65
2700	2.57	-1738.383	-8.802	-1729.581	0.22	0.936	49.996	0.688
2800	2.665	-1737.13	-8.703	-1728.427	0.22	0.938	51.122	0.71
2900	2.76	-1738.72	-8.395	-1730.325	0.22	0.947	55.361	0.734
3000	2.856	-1740.598	-7.934	-1732.664	0.22	0.903	61.402	0.782
3100	2.951	-1740.645	-7.73	-1732.915	0.22	0.915	65.119	0.815
3200	3.046	-1737.315	-8.786	-1728.529	0.22	0.944	50.258	0.7
3300	3.139	-1735.89	-9.591	-1726.299	0.22	0.954	41.939	0.645
3400	3.213	-1738.201	-9.888	-1728.313	0.22	0.96	39.647	0.61
3500	3.288	-1736.107	-9.788	-1726.319	0.22	0.961	40.321	0.632
3600	3.365	-1738.776	-9.554	-1729.222	0.22	0.939	42.294	0.625
3700	3.442	-1738.864	-9.387	-1729.477	0.22	0.929	43.726	0.637
3800	3.508	-1736.174	-10.224	-1725.951	0.22	0.971	36.896	0.61
3900	3.569	-1736.591	-9.864	-1726.727	0.22	0.948	39.507	0.619
4000	3.634	-1738.803	-9.392	-1729.411	0.22	0.94	43.861	0.636
4100	3.699	-1738.115	-9.436	-1728.678	0.22	0.972	43.971	0.653
4200	3.768	-1738.202	-9.088	-1729.114	0.22	0.964	47.34	0.672
4300	3.837	-1738.851	-9.477	-1729.374	0.22	0.94	43.046	0.63
4400	3.903	-1737.11	-9.165	-1727.945	0.22	0.931	45.834	0.666
4500	3.97	-1736.687	-8.996	-1727.692	0.22	0.937	47.692	0.685
4600	4.037	-1736.572	-9.522	-1727.05	0.22	0.941	42.429	0.642
4700	4.103	-1737.168	-9.921	-1727.247	0.22	0.956	39.196	0.613
4800	4.169	-1737.085	-9.861	-1727.223	0.22	0.953	39.65	0.617
4900	4.231	-1736.023	-10.786	-1725.238	0.22	0.958	32.62	0.574
5000	4.288	-1738.629	-10.961	-1727.668	0.22	0.988	32.2	0.574
5100	4.344	-1739.107	-10.485	-1728.623	0.22	0.938	34.091	0.613
5200	4.401	-1736.903	-10.552	-1726.351	0.22	0.964	34.408	0.582
5300	4.457	-1735.736	-10.535	-1725.202	0.22	0.96	34.371	0.589
5400	4.514	-1736.146	-10.848	-1725.298	0.22	0.967	32.336	0.573
5500	4.57	-1735.855	-10.691	-1725.164	0.22	0.962	33.302	0.58
5600	4.637	-1735.853	-10.799	-1725.054	0.22	0.965	32.61	0.576
5700	4.693	-1736.351	-9.73	-1726.621	0.22	0.97	41.0	0.643
5800	4.75	-1741.213	-9.871	-1731.342	0.22	0.962	39.408	0.644
5900	4.806	-1736.483	-9.647	-1726.836	0.22	0.938	41.235	0.634
6000	4.863	-1736.614	-8.836	-1727.778	0.22	0.952	49.751	0.706
6100	4.919	-1737.682	-8.728	-1728.954	0.22	0.959	51.287	0.712
6200	4.976	-1738.061	-8.898	-1729.162	0.22	0.942	48.982	0.681
6300	5.033	-1736.19	-9.379	-1726.811	0.22	0.955	43.989	0.659
6400	5.089	-1739.034	-8.643	-1730.391	0.22	0.971	52.75	0.727
6500	5.146	-1738.436	-8.362	-1730.073	0.22	0.938	55.583	0.738
6600	5.203	-1738.394	-8.114	-1730.279	0.22	0.938	59.178	0.779
6700	5.26	-1744.955	-9.488	-1735.467	0.22	0.983	43.944	0.649
6800	5.316	-1736.255	-9.276	-1726.978	0.22	0.944	44.835	0.664
6900	5.372	-1736.367	-9.808	-1726.559	0.22	0.951	40.01	0.625
7000	5.429	-1738.589	-9.264	-1729.325	0.22	0.959	45.456	0.651
7100	5.486	-1739.106	-8.435	-1730.671	0.22	0.93	54.497	0.721
7200	5.543	-1742.329	-8.359	-1733.969	0.22	0.938	55.873	0.698
7300	5.6	-1738.208	-9.213	-1728.995	0.22	0.964	46.042	0.661
7400	5.657	-1737.277	-8.897	-1728.38	0.22	0.952	49.131	0.692
7500	5.714	-1739.03	-8.855	-1730.175	0.22	0.915	49.07	0.682
7600	5.77	-1737.096	-9.032	-1728.064	0.22	0.964	47.849	0.691
7700	5.826	-1738.755	-8.687	-1730.068	0.22	0.966	52.048	0.713
7800	5.883	-1736.146	-9.369	-1726.778	0.22	0.946	43.949	0.658
7900	5.939	-1736.692	-9.413	-1727.278	0.22	0.936	43.39	0.649
8000	5.996	-1739.017	-9.352	-1729.664	0.22	0.941	44.276	0.637
8100	6.064	-1736.344	-9.915	-1726.43	0.22	0.959	39.217	0.62
8200	6.156	-1736.402	-10.015	-1726.387	0.22	0.971	38.588	0.622
8300	6.248	-1737.019	-10.693	-1726.326	0.22	0.968	33.484	0.576
8400	6.34	-1737.6	-10.141	-1727.46	0.22	0.951	37.366	0.597
8500	6.432	-1736.94	-10.115	-1726.825	0.22	0.972	37.859	0.612
8600	6.525	-1737.724	-10.584	-1727.14	0.22	0.964	34.245	0.576
8700	6.617	-1735.864	-10.087	-1725.777	0.22	0.965	37.844	0.616
8800	6.709	-1736.664	-9.674	-1726.99	0.22	0.953	41.242	0.632
8900	6.801	-1736.407	-10.21	-1726.197	0.22	0.958	36.824	0.602
9000	6.893	-1736.725	-9.895	-1726.83	0.22	0.949	39.26	0.617
9100	6.985	-1738.439	-10.187	-1728.252	0.22	0.977	37.531	0.601
9200	7.077	-1739.664	-9.471	-1730.193	0.22	0.98	43.985	0.649
9300	7.169	-1736.186	-9.552	-1726.634	0.22	0.951	42.29	0.644
9400	7.261	-1736.202	-9.974	-1726.228	0.22	0.97	38.887	0.625
9500	7.353	-1736.388	-9.159	-1727.229	0.22	0.955	46.245	0.678
9600	7.445	-1736.617	-9.871	-1726.745	0.22	0.973	39.85	0.633
9700	7.537	-1736.64	-9.569	-1727.071	0.22	0.93	41.841	0.639
9800	7.629	-1735.856	-10.573	-1725.283	0.22	0.958	34.071	0.586
9900	7.721	-1735.856	-10.573	-1725.283	0.22	0.958	34.071	0.586
10000	7.813	-1736.045	-10.231	-1725.814	0.22	0.945	36.436	0.601
10100	7.905	-1735.799	-9.979	-1725.82	0.22	0.952	38.528	0.618
10200	7.997	-1735.864	-9.755	-1726.109	0.22	0.955	40.485	0.634
10300	8.089	-1736.912	-9.974	-1726.938	0.22	0.962	38.822	0.614
10400	8.181	-1736.509	-10.558	-1725.95	0.22	0.961	34.277	0.583
10500	8.274	-1736.132	-10.339	-1725.793	0.22	0.95	35.684	0.595
10600	8.365	-1735.917	-10.264	-1725.653	0.22	0.948	36.206	0.6
10700	8.457	-1735.684	-10.04	-1725.644	0.22	0.958	38.111	0.617
10800	8.549	-1736.173	-9.805	-1726.368	0.22	0.96	40.156	0.63
10900	8.641	-1735.896	-9.841	-1726.055	0.22	0.964	39.886	0.632
11000	8.732	-1739.16	-9.557	-1729.603	0.22	0.959	42.662	0.625
11100	8.824	-1737.263	-9.604	-1727.659	0.22	0.932	41.594	0.632
11200	8.917	-1739.939	-9.196	-1730.743	0.22	0.918	45.526	0.647
11300	9.009	-1738.899	-9.053	-1729.846	0.22	0.938	47.272	0.662
11400	9.101	-1737.204	-8.653	-1728.552	0.22	0.933	51.647	0.715
11500	9.193	-1740.509	-8.205	-1732.304	0.22	0.954	58.3	0.742
11600	9.285	-1737.679	-8.499	-1729.179	0.22	0.953	54.04	0.738
11700	9.377	-1739.867	-7.945	-1731.922	0.22	0.952	62.306	0.798
11800	9.468	-1739.995	-7.752	-1732.243	0.22	0.932	65.124	0.822
11900	9.56	-1740.377	-7.842	-1732.535	0.22	0.936	63.585	0.794
12000	9.652	-1740.226	-8.08	-1732.146	0.22	0.955	60.202	0.768
12100	9.744	-1739.244	-8.025	-1731.22	0.22	0.922	60.264	0.779
12200	9.836	-1737.868	-8.745	-1729.123	0.22	0.952	50.96	0.702
12300	9.928	-1736.244	-9.178	-1727.066	0.22	0.941	45.786	0.672
12400	10.02	-1739.012	-8.633	-1730.379	0.22	0.934	52.03	0.7
12500	10.112	-1737.062	-8.734	-1728.328	0.22	0.941	50.791	0.708
12600	10.204	-1738.103	-8.422	-1729.681	0.22	0.942	54.834	0.736
12700	10.296	-1741.382	-8.027	-1733.356	0.22	0.951	60.959	0.754
12800	10.388	-1737.579	-8.663	-1728.916	0.22	0.961	52.112	0.725
12900	10.48	-1737.616	-8.446	-1729.17	0.22	0.934	54.314	0.737
13000	10.572	-1736.961	-8.693	-1728.269	0.22	0.951	51.486	0.719
13100	10.664	-1736.198	-9.18	-1727.018	0.22	0.955	45.997	0.677
13200	10.756	-1737.183	-9.281	-1727.903	0.22	0.956	45.1	0.659
13300	10.848	-1737.229	-9.39	-1727.839	0.22	0.932	43.616	0.647
13400	10.94	-1737.885	-9.141	-1728.743	0.22	0.967	46.817	0.675
13500	11.031	-1737.084	-9.222	-1727.861	0.22	0.954	45.641	0.664
13600	11.123	-1741.212	-9.408	-1731.804	0.22	0.904	42.764	0.68
13700	11.215	-1738.165	-8.819	-1729.347	0.22	0.934	49.758	0.689
13800	11.307	-1736.955	-9.643	-1727.312	0.22	0.932	41.22	0.632
13900	11.399	-1741.066	-10.037	-1731.029	0.22	0.975	38.988	0.592
14000	11.491	-1736.562	-10.234	-1726.327	0.22	0.976	36.932	0.612
14100	11.583	-1736.432	-9.711	-1726.722	0.22	0.957	40.965	0.633
14200	11.675	-1737.92	-8.968	-1728.953	0.22	0.944	48.233	0.676
14300	11.767	-1736.994	-9.319	-1727.676	0.22	0.969	44.923	0.67
14400	11.859	-1736.673	-9.351	-1727.322	0.22	0.937	44.016	0.655
14500	11.951	-1736.572	-8.918	-1727.654	0.22	0.953	48.837	0.698
14600	12.04	-1737.123	-8.863	-1728.259	0.22	0.935	49.174	0.693
14700	12.097	-1736.35	-9.418	-1726.931	0.22	0.958	43.678	0.656
14800	12.153	-1737.09	-9.597	-1727.493	0.22	0.927	41.577	0.635
14900	12.209	-1736.16	-10.129	-1726.031	0.22	0.966	37.562	0.612
15000	12.265	-1736.445	-9.92	-1726.525	0.22	0.968	39.339	0.625
15100	12.321	-1736.544	-9.854	-1726.689	0.22	0.939	39.436	0.62
15200	12.377	-1737.899	-9.886	-1728.013	0.22	0.962	39.663	0.613
15300	12.433	-1737.811	-9.718	-1728.093	0.22	0.938	40.73	0.621
15400	12.49	-1736.384	-10.886	-1725.498	0.22	0.968	32.121	0.57
15500	12.546	-1735.847	-10.692	-1725.156	0.22	0.96	33.269	0.58
15600	12.602	-1736.256	-10.681	-1725.576	0.22	0.967	33.487	0.581
15700	12.661	-1737.121	-9.832	-1727.289	0.22	0.975	40.282	0.634
15800	12.724	-1736.854	-10.221	-1726.634	0.22	0.959	36.805	0.599
15900	12.782	-1739.428	-8.739	-1730.689	0.22	0.955	51.223	0.688
16000	12.838	-1739.325	-8.957	-1730.368	0.22	0.916	47.984	0.67
16100	12.894	-1735.987	-9.885	-1726.102	0.22	0.965	39.524	0.629
16200	12.951	-1738.423	-9.365	-1729.059	0.22	0.963	44.501	0.646
16300	13.007	-1735.96	-9.649	-1726.311	0.22	0.944	41.265	0.638
16400	13.064	-1735.774	-10.377	-1725.396	0.22	0.953	35.419	0.595
16500	13.12	-1735.693	-10.533	-1725.16	0.22	0.956	34.313	0.588
16600	13.176	-1736.34	-10.615	-1725.725	0.22	0.975	34.082	0.59
16700	13.231	-1738.942	-10.145	-1728.797	0.22	0.933	36.554	0.637
16800	13.287	-1735.7	-10.221	-1725.479	0.22	0.963	36.749	0.608
16900	13.343	-1736.36	-10.385	-1725.975	0.22	0.958	35.484	0.592
17000	13.399	-1735.943	-10.377	-1725.565	0.22	0.956	35.476	0.595
17100	13.455	-1735.882	-10.626	-1725.256	0.22	0.957	33.679	0.582
17200	13.511	-1737.335	-10.203	-1727.132	0.22	0.98	37.334	0.615
17300	13.568	-1738.085	-11.331	-1726.754	0.22	0.984	29.742	0.552
17400	13.624	-1735.76	-10.746	-1725.014	0.22	0.959	32.877	0.577
17500	13.68	-1737.279	-10.667	-1726.613	0.22	0.978	33.867	0.584
17600	13.735	-1738.663	-9.955	-1728.708	0.22	0.962	39.154	0.604
17700	13.791	-1736.708	-9.04	-1727.669	0.22	0.953	47.51	0.684
17800	13.847	-1739.453	-9.1	-1730.353	0.22	0.942	46.881	0.654
17900	13.903	-1737.449	-9.56	-1727.889	0.22	0.951	42.324	0.634
18000	13.958	-1737.6	-9.557	-1728.043	0.22	0.927	41.982	0.634
18100	14.015	-1736.078	-9.295	-1726.783	0.22	0.949	44.716	0.665
18200	14.071	-1735.981	-9.784	-1726.198	0.22	0.956	40.269	0.631
18300	14.127	-1736.049	-9.741	-1726.309	0.22	0.949	40.524	0.631
18400	14.183	-1736.071	-9.826	-1726.244	0.22	0.967	40.069	0.634
18500	14.239	-1736.047	-9.693	-1726.354	0.22	0.956	41.073	0.637
18600	14.296	-1736.994	-10.374	-1726.62	0.22	0.954	35.567	0.588
18700	14.352	-1735.629	-10.38	-1725.249	0.22	0.958	35.462	0.597
18800	14.408	-1735.76	-10.181	-1725.579	0.22	0.95	36.863	0.606
18900	14.464	-1738.523	-10.351	-1728.172	0.22	0.937	34.995	0.626
19000	14.52	-1736.973	-10.664	-1726.309	0.22	0.965	33.642	0.577
19100	14.576	-1737.38	-11.091	-1726.289	0.22	0.977	31.04	0.561
19200	14.633	-1739.283	-11.461	-1727.821	0.22	0.971	28.213	0.572
19300	14.689	-1738.564	-10.871	-1727.693	0.22	0.957	31.605	0.599
19400	14.745	-1735.699	-10.531	-1725.168	0.22	0.956	34.323	0.588
19500	14.802	-1736.853	-10.02	-1726.833	0.22	0.962	38.449	0.611
19600	14.858	-1735.94	-10.191	-1725.749	0.22	0.953	36.85	0.605
19700	14.914	-1739.54	-9.74	-1729.8	0.22	0.985	41.561	0.641
19800	14.97	-1738.226	-10.705	-1727.521	0.22	0.937	32.462	0.607
19900	15.027	-1736.449	-10.594	-1725.855	0.22	0.965	34.08	0.583
20000	15.084	-1737.704	-10.803	-1726.9	0.22	0.977	32.946	0.572
20100	15.14	-1736.172	-10.903	-1725.269	0.22	0.971	32.033	0.572
20200	15.196	-1739.73	-11.458	-1728.272	0.22	0.971	28.28	0.569
20300	15.252	-1735.948	-10.652	-1725.296	0.22	0.954	33.465	0.58
20400	15.309	-1736.215	-10.072	-1726.143	0.22	0.943	37.669	0.609
20500	15.365	-1739.156	-10.352	-1728.804	0.22	0.95	35.203	0.623
20600	15.421	-1736.821	-10.638	-1726.183	0.22	0.96	33.725	0.577
20700	15.478	-1735.741	-10.64	-1725.101	0.22	0.967	33.712	0.586
20800	15.534	-1735.82	-10.17	-1725.651	0.22	0.96	37.122	0.609
20900	15.59	-1737.091	-9.058	-1728.033	0.22	0.96	47.486	0.684
21000	15.646	-1740.098	-8.752	-1731.346	0.22	0.975	51.632	0.707
21100	15.702	-1739.398	-7.977	-1731.421	0.22	0.929	61.164	0.784
21200	15.759	-1737.012	-8.954	-1728.058	0.22	0.962	48.66	0.698
21300	15.815	-1740.386	-10.469	-1729.917	0.22	0.961	34.61	0.61
21400	15.871	-1738.647	-9.126	-1729.521	0.22	0.922	46.206	0.66
21500	15.927	-1739.636	-8.28	-1731.356	0.22	0.915	56.354	0.737
21600	15.982	-1738.538	-8.202	-1730.336	0.22	0.953	58.238	0.77
21700	16.038	-1738.867	-8.006	-1730.861	0.22	0.935	60.844	0.79
21800	16.094	-1738.247	-8.283	-1729.964	0.22	0.937	56.667	0.753
21900	16.15	-1737.081	-8.715	-1728.366	0.22	0.945	51.106	0.711
22000	16.206	-1741.924	-8.67	-1733.254	0.22	0.982	53.052	0.718
22100	16.272	-1738.746	-8.292	-1730.454	0.22	0.92	56.226	0.745
22200	16.336	-1737.157	-9.353	-1727.804	0.22	0.965	44.523	0.659
22300	16.399	-1736.702	-9.842	-1726.861	0.22	0.959	39.873	0.623
22400	16.468	-1737.229	-10.106	-1727.122	0.22	0.963	37.802	0.604
22500	16.537	-1736.459	-10.074	-1726.385	0.22	0.958	37.91	0.61
22600	16.607	-1738.72	-8.912	-1729.808	0.22	0.912	48.366	0.68
22700	16.674	-1738.28	-9.021	-1729.259	0.22	0.954	47.869	0.671
22800	16.731	-1737.364	-9.526	-1727.838	0.22	0.956	42.715	0.638
22900	16.799	-1736.924	-9.533	-1727.392	0.22	0.957	42.641	0.642
23000	16.867	-1736.324	-9.402	-1726.921	0.22	0.951	43.717	0.655
23100	16.934	-1737.72	-9.687	-1728.033	0.22	0.978	41.682	0.646
23200	17.006	-1736.501	-9.414	-1727.087	0.22	0.953	43.66	0.654
23300	17.075	-1739.134	-10.141	-1728.992	0.22	0.947	36.778	0.637
23400	17.142	-1736.719	-9.383	-1727.336	0.22	0.949	43.906	0.652
23500	17.21	-1736.438	-9.212	-1727.225	0.22	0.953	45.66	0.671
23600	17.279	-1736.265	-9.269	-1726.996	0.22	0.957	45.125	0.669
23700	17.351	-1736.545	-8.977	-1727.568	0.22	0.956	48.242	0.695
23800	17.419	-1736.692	-8.88	-1727.812	0.22	0.949	49.198	0.699
23900	17.487	-1736.691	-9.39	-1727.3	0.22	0.939	43.663	0.651
24000	17.554	-1736.795	-9.4	-1727.395	0.22	0.948	43.723	0.651
24100	17.611	-1737.744	-8.583	-1729.161	0.22	0.941	52.711	0.717
24200	17.667	-1736.916	-9.265	-1727.651	0.22	0.952	45.143	0.661
24300	17.724	-1736.402	-9.098	-1727.304	0.22	0.942	46.659	0.678
24400	17.782	-1736.746	-9.292	-1727.454	0.22	0.962	45.039	0.666
24500	17.838	-1737.901	-10.015	-1727.887	0.22	0.95	38.392	0.602
24600	17.895	-1737.887	-8.398	-1729.489	0.22	0.938	55.07	0.741
24700	17.951	-1736.801	-8.831	-1727.97	0.22	0.941	49.63	0.701
24800	18.007	-1737.237	-9.137	-1728.099	0.22	0.965	46.75	0.68
24900	18.078	-1738.006	-9.48	-1728.526	0.22	0.975	43.584	0.655
25000	18.134	-1736.826	-9.244	-1727.582	0.22	0.96	45.505	0.669
25100	18.19	-1738.295	-9.184	-1729.111	0.22	0.939	45.872	0.655
25200	18.246	-1737.089	-9.099	-1727.99	0.22	0.93	46.489	0.672
25300	18.302	-1738.767	-9.739	-1729.028	0.22	0.981	41.396	0.637
25400	18.358	-1735.887	-9.777	-1726.11	0.22	0.953	40.264	0.631
25500	18.414	-1737.28	-8.924	-1728.355	0.22	0.942	48.636	0.686
25600	18.47	-1738.104	-9.092	-1729.012	0.22	0.961	47.236	0.67
25700	18.526	-1736.524	-9.162	-1727.362	0.22	0.943	46.013	0.671
25800	18.582	-1736.695	-8.985	-1727.71	0.22	0.946	47.973	0.687
25900	18.638	-1738.58	-8.341	-1730.239	0.22	0.954	56.269	0.748
26000	18.694	-1738.803	-8.284	-1730.519	0.22	0.957	57.174	0.757
26100	18.75	-1739.607	-8.055	-1731.551	0.22	0.926	59.858	0.768
26200	18.807	-1738.736	-8.557	-1730.179	0.22	0.944	53.163	0.712
26300	18.863	-1739.425	-8.322	-1731.104	0.22	0.937	56.181	0.731
26400	18.919	-1737.931	-8.491	-1729.441	0.22	0.95	54.099	0.732
26500	18.976	-1739.294	-7.883	-1731.411	0.22	0.927	62.717	0.806
26600	19.032	-1740.948	-7.893	-1733.055	0.22	0.92	62.377	0.776
26700	19.088	-1739.157	-8.449	-1730.708	0.22	0.927	54.247	0.719
26800	19.144	-1737.663	-8.423	-1729.24	0.22	0.951	55.003	0.747
26900	19.201	-1738.499	-8.762	-1729.738	0.22	0.964	51.078	0.705
27000	19.257	-1736.28	-9.337	-1726.943	0.22	0.953	44.381	0.661
27100	19.313	-1737.843	-9.304	-1728.539	0.22	0.972	45.22	0.667
27200	19.37	-1736.549	-9.623	-1726.926	0.22	0.947	41.607	0.636
27300	19.426	-1737.116	-9.874	-1727.241	0.22	0.964	39.732	0.62
27400	19.482	-1738.194	-9.372	-1728.821	0.22	0.935	43.906	0.642
27500	19.538	-1736.617	-9.301	-1727.316	0.22	0.943	44.6	0.659
27600	19.595	-1737.161	-9.788	-1727.373	0.22	0.975	40.664	0.638
27700	19.652	-1736.718	-9.383	-1727.335	0.22	0.952	43.962	0.653
27800	19.708	-1737.194	-9.713	-1727.481	0.22	0.936	40.681	0.625
27900	19.764	-1742.343	-10.23	-1732.114	0.22	0.956	36.536	0.607
28000	19.821	-1736.146	-10.284	-1725.862	0.22	0.96	36.259	0.6
28100	19.882	-1736.062	-10.02	-1726.042	0.22	0.962	38.359	0.617
28200	19.939	-1742.533	-10.816	-1731.718	0.22	0.974	32.589	0.583
28300	19.999	-1739.284	-10.619	-1728.665	0.22	0.943	33.23	0.604
28400	20.061	-1736.734	-8.959	-1727.775	0.22	0.953	48.382	0.692
28500	20.143	-1738.849	-8.655	-1730.194	0.22	0.944	51.935	0.699
28600	20.218	-1737.686	-8.434	-1729.252	0.22	0.953	54.905	0.748
28700	20.277	-1739.583	-8.632	-1730.951	0.22	0.974	53.028	0.73
28800	20.336	-1737.38	-9.307	-1728.073	0.22	0.93	44.405	0.653
28900	20.401	-1735.765	-9.912	-1725.853	0.22	0.957	39.154	0.625
29000	20.478	-1736.523	-8.951	-1727.572	0.22	0.944	48.294	0.692
29100	20.551	-1736.713	-9.018	-1727.695	0.22	0.957	47.813	0.689
29200	20.633	-1736.367	-9.509	-1726.858	0.22	0.967	42.976	0.657
29300	20.714	-1736.765	-10.064	-1726.701	0.22	0.947	37.854	0.606
29400	20.788	-1736.622	-9.47	-1727.152	0.22	0.933	42.795	0.646
29500	20.859	-1736.331	-9.79	-1726.541	0.22	0.944	40.052	0.626
29600	20.927	-1736.478	-9.349	-1727.129	0.22	0.943	44.113	0.656
29700	20.996	-1739.281	-9.423	-1729.858	0.22	0.976	44.317	0.648
29800	21.067	-1737.919	-8.829	-1729.09	0.22	0.944	49.809	0.69
29900	21.148	-1739.058	-8.545	-1730.513	0.22	0.94	53.252	0.709
30000	21.228	-1737.619	-8.493	-1729.126	0.22	0.943	53.902	0.731
30100	21.311	-1736.952	-9.024	-1727.928	0.22	0.96	47.828	0.689
30200	21.387	-1736.417	-9.743	-1726.674	0.22	0.946	40.503	0.628
30300	21.464	-1737.811	-9.654	-1728.156	0.22	0.931	41.18	0.625
30400	21.534	-1738.796	-9.114	-1729.682	0.22	0.943	46.718	0.657
30500	21.607	-1738.677	-9.523	-1729.154	0.22	0.964	43.026	0.632
30600	21.675	-1737.089	-9.133	-1727.956	0.22	0.967	46.794	0.684
30700	21.745	-1738.636	-9.195	-1729.441	0.22	0.934	45.696	0.652
30800	21.827	-1736.151	-9.244	-1726.907	0.22	0.956	45.349	0.672
30900	21.914	-1737.051	-9.456	-1727.594	0.22	0.963	43.479	0.65
31000	21.999	-1736.801	-9.844	-1726.957	0.22	0.932	39.44	0.62
31100	22.08	-1740.159	-10.438	-1729.721	0.22	0.951	34.692	0.609
31200	22.16	-1737.797	-10.119	-1727.677	0.22	0.945	37.464	0.597
31300	22.236	-1736.316	-10.422	-1725.893	0.22	0.959	35.218	0.591
31400	22.315	-1737.132	-10.776	-1726.356	0.22	0.973	33.017	0.574
31500	22.392	-1735.815	-10.394	-1725.421	0.22	0.961	35.411	0.596
31600	22.467	-1735.82	-10.012	-1725.809	0.22	0.956	38.321	0.617
31700	22.542	-1736.947	-10.608	-1726.339	0.22	0.976	34.201	0.586
31800	22.619	-1735.889	-10.143	-1725.746	0.22	0.954	37.241	0.608
31900	22.698	-1740.464	-9.756	-1730.709	0.22	0.98	41.454	0.619
32000	22.78	-1737.321	-9.209	-1728.113	0.22	0.963	45.963	0.669
32100	22.856	-1738.97	-8.254	-1730.716	0.22	0.943	57.23	0.748
32200	22.935	-1737.863	-8.556	-1729.307	0.22	0.932	52.862	0.72
32300	23.014	-1737.124	-8.728	-1728.396	0.22	0.945	50.96	0.709
32400	23.098	-1737.029	-8.857	-1728.171	0.22	0.931	49.168	0.695
32500	23.18	-1735.875	-9.633	-1726.242	0.22	0.947	41.441	0.64
32600	23.259	-1736.957	-9.638	-1727.32	0.22	0.95	41.553	0.632
32700	23.339	-1736.717	-8.869	-1727.848	0.22	0.955	49.444	0.704
32800	23.418	-1740.039	-9.584	-1730.455	0.22	0.934	41.427	0.669
32900	23.5	-1737.175	-9.414	-1727.761	0.22	0.958	43.812	0.649
33000	23.584	-1736.002	-10.192	-1725.81	0.22	0.958	36.926	0.606
33100	23.667	-1736.97	-10.157	-1726.813	0.22	0.964	37.389	0.604
33200	23.752	-1737.598	-10.503	-1727.094	0.22	0.967	34.879	0.582
33300	23.831	-1737.253	-8.867	-1728.386	0.22	0.946	49.349	0.693
33400	23.914	-1737.634	-8.599	-1729.035	0.22	0.953	52.736	0.723
33500	23.995	-1739.267	-8.187	-1731.08	0.22	0.911	57.602	0.756
33600	24.074	-1739.6	-7.949	-1731.651	0.22	0.93	61.633	0.786
33700	24.154	-1741.141	-8.765	-1732.375	0.22	0.921	50.381	0.672
33800	24.23	-1739.517	-8.132	-1731.385	0.22	0.951	59.259	0.765
33900	24.313	-1743.715	-7.52	-1736.196	0.22	0.884	68.541	0.831
34000	24.391	-1741.493	-7.518	-1733.976	0.22	0.913	69.217	0.852
34100	24.471	-1744.822	-7.155	-1737.666	0.22	0.943	78.05	0.895
34200	24.549	-1745.487	-7.288	-1738.199	0.22	0.919	73.747	0.828
34300	24.626	-1741.571	-7.635	-1733.936	0.22	0.941	67.475	0.822
34400	24.706	-1737.482	-8.54	-1728.942	0.22	0.955	53.532	0.736
34500	24.791	-1738.126	-8.198	-1729.928	0.22	0.938	57.919	0.769
34600	24.871	-1737.931	-8.866	-1729.065	0.22	0.955	49.594	0.69
34700	24.952	-1736.646	-8.925	-1727.721	0.22	0.942	48.575	0.692
34800	25.027	-1737.578	-9.474	-1728.104	0.22	0.977	43.613	0.664
34900	25.112	-1737.425	-9.879	-1727.546	0.22	0.975	39.917	0.628
35000	25.196	-1736.206	-9.581	-1726.625	0.22	0.961	42.19	0.647
35100	25.283	-1736.523	-9.33	-1727.193	0.22	0.943	44.306	0.658
35200	25.369	-1736.818	-9.45	-1727.368	0.22	0.961	43.48	0.651
35300	25.456	-1737.587	-9.583	-1728.003	0.22	0.937	41.894	0.631
35400	25.542	-1736.995	-9.207	-1727.787	0.22	0.933	45.424	0.663
35500	25.629	-1737.796	-9.369	-1728.427	0.22	0.941	44.004	0.644
35600	25.715	-1736.59	-8.956	-1727.633	0.22	0.942	48.207	0.69
35700	25.802	-1736.392	-9.312	-1727.08	0.22	0.955	44.684	0.663
35800	25.888	-1736.028	-9.529	-1726.5	0.22	0.943	42.348	0.646
35900	25.975	-1737.696	-9.082	-1728.614	0.22	0.953	47.151	0.671
36000	26.06	-1735.897	-10.203	-1725.694	0.22	0.954	36.776	0.605
36100	26.148	-1736.245	-9.888	-1726.357	0.22	0.964	39.533	0.626
36200	26.236	-1739.262	-10.788	-1728.474	0.22	0.949	32.146	0.596
36300	26.322	-1735.905	-9.996	-1725.909	0.22	0.945	38.295	0.615
36400	26.409	-1737.024	-9.801	-1727.223	0.22	0.952	40.14	0.621
36500	26.495	-1735.776	-9.994	-1725.782	0.22	0.963	38.572	0.622
36600	26.58	-1736.232	-9.906	-1726.326	0.22	0.959	39.293	0.622
36700	26.666	-1736.672	-9.601	-1727.07	0.22	0.964	42.101	0.643
36800	26.751	-1737.034	-10.137	-1726.897	0.22	0.952	37.352	0.601
36900	26.837	-1735.969	-9.983	-1725.986	0.22	0.945	38.401	0.616
37000	26.923	-1737.495	-10.725	-1726.77	0.22	0.976	33.441	0.577
37100	27.01	-1736.205	-10.118	-1726.086	0.22	0.967	37.673	0.613
37200	27.095	-1737.84	-9.356	-1728.484	0.22	0.97	44.675	0.659
37300	27.182	-1736.958	-9.322	-1727.636	0.22	0.956	44.649	0.658
37400	27.268	-1735.934	-9.553	-1726.381	0.22	0.954	42.289	0.647
37500	27.351	-1736.413	-9.639	-1726.774	0.22	0.957	41.606	0.638
37600	27.435	-1736.48	-9.063	-1727.417	0.22	0.953	47.237	0.684
37700	27.519	-1736.626	-8.937	-1727.689	0.22	0.942	48.428	0.691
37800	27.605	-1736.821	-8.977	-1727.843	0.22	0.947	48.089	0.686
37900	27.689	-1736.131	-9.452	-1726.679	0.22	0.953	43.242	0.653
38000	27.768	-1736.861	-9.476	-1727.386	0.22	0.946	42.974	0.644
38100	27.851	-1736.32	-9.82	-1726.5	0.22	0.963	40.092	0.629
38200	27.935	-1736.322	-9.95	-1726.372	0.22	0.962	38.978	0.62
38300	28.016	-1737.168	-9.681	-1727.487	0.22	0.937	40.982	0.627
38400	28.088	-1739.141	-8.98	-1730.16	0.22	0.939	48.097	0.666
38500	28.162	-1738.284	-8.985	-1729.299	0.22	0.936	47.931	0.671
38600	28.238	-1739.412	-9.003	-1730.41	0.22	0.914	47.446	0.667
38700	28.317	-1737.801	-8.783	-1729.018	0.22	0.935	50.151	0.694
38800	28.394	-1738.081	-8.842	-1729.239	0.22	0.961	50.007	0.695
38900	28.459	-1737.154	-8.639	-1728.514	0.22	0.94	51.941	0.718
39000	28.524	-1739.048	-8.492	-1730.556	0.22	0.967	54.602	0.74
39100	28.589	-1739.813	-8.742	-1731.072	0.22	0.94	50.898	0.682
39200	28.654	-1737.22	-8.553	-1728.667	0.22	0.935	52.926	0.727
39300	28.719	-1739.481	-8.686	-1730.795	0.22	0.962	52.042	0.699
39400	28.783	-1740.272	-8.118	-1732.155	0.22	0.965	59.996	0.78
39500	28.848	-1738.813	-8.59	-1730.224	0.22	0.914	52.203	0.71
39600	28.912	-1738.075	-8.403	-1729.672	0.22	0.952	55.317	0.743
39700	28.977	-1742.071	-8.61	-1733.461	0.22	0.899	51.935	0.687
39800	29.041	-1736.565	-9.114	-1727.451	0.22	0.96	46.829	0.684
39900	29.106	-1736.875	-9.603	-1727.272	0.22	0.938	41.671	0.634
