iter	hours	log_posterior	log_prior	loglik	missing	mixture	scale	shape
0	0.001	-1871.825	-15.53	-1856.295	0.22	0.591	11.054	1.006
100	0.085	-1746.202	-11.77	-1734.432	0.22	0.935	25.353	0.625
200	0.169	-1736.732	-10.143	-1726.589	0.22	0.964	37.466	0.606
300	0.255	-1735.811	-10.04	-1725.772	0.22	0.947	37.952	0.614
400	0.341	-1735.795	-10.31	-1725.485	0.22	0.956	35.972	0.599
500	0.427	-1735.795	-10.31	-1725.485	0.22	0.956	35.972	0.599
600	0.511	-1735.795	-10.31	-1725.485	0.22	0.956	35.972	0.599
700	0.597	-1735.58	-10.102	-1725.478	0.22	0.956	37.565	0.613
800	0.682	-1736.172	-9.685	-1726.488	0.22	0.954	41.119	0.636
900	0.767	-1736.28	-9.442	-1726.838	0.22	0.962	43.512	0.659
1000	0.852	-1737.45	-9.011	-1728.438	0.22	0.952	47.863	0.679
1100	0.937	-1736.991	-9.396	-1727.595	0.22	0.937	43.605	0.648
1200	1.024	-1736.415	-10.088	-1726.327	0.22	0.972	38.014	0.618
1300	1.109	-1737.134	-9.614	-1727.52	0.22	0.947	41.734	0.632
1400	1.192	-1736.156	-10.556	-1725.6	0.22	0.951	34.124	0.584
1500	1.274	-1735.989	-10.564	-1725.425	0.22	0.955	34.105	0.584
1600	1.366	-1735.831	-10.801	-1725.03	0.22	0.961	32.542	0.575
1700	1.457	-1740.276	-9.424	-1730.852	0.22	0.952	43.895	0.625
1800	1.549	-1739.21	-8.921	-1730.29	0.22	0.94	48.783	0.67
1900	1.64	-1736.877	-9.395	-1727.482	0.22	0.931	43.513	0.65
2000	1.732	-1737.011	-9.269	-1727.742	0.22	0.952	45.114	0.66
2100	1.824	-1736.236	-9.473	-1726.763	0.22	0.944	42.911	0.649
2200	1.917	-1736.808	-9.162	-1727.646	0.22	0.948	46.124	0.67
2300	2.009	-1736.661	-9.906	-1726.755	0.22	0.969	39.492	0.625
2400	2.102	-1737.427	-9.719	-1727.709	0.22	0.976	41.322	0.642
2500	2.194	-1740.649	-9.178	-1731.472	0.22	0.928	45.933	0.642
2600	2.286	-1736.129	-10.023	-1726.106	0.22	0.952	38.203	0.613
2700	2.377	-1737.377	-10.162	-1727.215	0.22	0.946	37.105	0.597
2800	2.469	-1738.112	-9.717	-1728.394	0.22	0.947	40.888	0.619
2900	2.561	-1737.198	-9.89	-1727.309	0.22	0.948	39.335	0.614
3000	2.653	-1735.998	-10.497	-1725.502	0.22	0.972	34.833	0.596
3100	2.744	-1738.02	-10.153	-1727.867	0.22	0.961	37.477	0.596
3200	2.836	-1739.22	-10.534	-1728.686	0.22	0.957	33.974	0.614
3300	2.928	-1739.672	-10.514	-1729.158	0.22	0.952	34.106	0.609
3400	3.019	-1738.158	-8.883	-1729.275	0.22	0.956	49.444	0.686
3500	3.11	-1737.817	-8.736	-1729.082	0.22	0.946	50.923	0.701
3600	3.201	-1739.205	-8.975	-1730.23	0.22	0.961	48.614	0.671
3700	3.292	-1737.602	-8.634	-1728.968	0.22	0.956	52.365	0.723
3800	3.384	-1741.066	-8.211	-1732.855	0.22	0.949	58.103	0.731
3900	3.475	-1737.101	-9.213	-1727.888	0.22	0.957	45.779	0.666
4000	3.566	-1740.338	-8.679	-1731.66	0.22	0.945	51.79	0.684
4100	3.658	-1736.898	-9.171	-1727.727	0.22	0.959	46.239	0.674
4200	3.75	-1738.398	-8.628	-1729.771	0.22	0.95	52.387	0.708
4300	3.841	-1736.912	-8.958	-1727.953	0.22	0.963	48.609	0.7
4400	3.929	-1739.814	-10.362	-1729.452	0.22	0.984	36.481	0.591
4500	4.008	-1739.011	-10.88	-1728.131	0.22	0.956	31.589	0.595
4600	4.085	-1736.614	-11.593	-1725.021	0.22	0.979	28.008	0.545
4700	4.162	-1736.614	-11.593	-1725.021	0.22	0.979	28.008	0.545
4800	4.239	-1738.319	-11.793	-1726.526	0.22	0.97	26.287	0.563
4900	4.315	-1740.366	-11.483	-1728.882	0.22	0.965	28.147	0.56
5000	4.392	-1735.876	-10.536	-1725.339	0.22	0.964	34.428	0.59
5100	4.469	-1737.089	-10.439	-1726.65	0.22	0.977	35.452	0.596
5200	4.546	-1739.069	-10.818	-1728.251	0.22	0.963	32.074	0.602
5300	4.623	-1743.049	-11.538	-1731.511	0.22	0.962	28.069	0.539
5400	4.7	-1736.474	-10.162	-1726.313	0.22	0.973	37.454	0.614
5500	4.777	-1736.868	-10.278	-1726.59	0.22	0.956	36.311	0.595
5600	4.854	-1735.818	-9.675	-1726.142	0.22	0.96	41.262	0.642
5700	4.931	-1735.789	-9.613	-1726.176	0.22	0.953	41.706	0.644
5800	5.008	-1736.313	-10.087	-1726.226	0.22	0.941	37.531	0.607
5900	5.085	-1736.064	-10.141	-1725.923	0.22	0.947	37.164	0.606
6000	5.162	-1737.421	-9.339	-1728.082	0.22	0.957	44.542	0.653
6100	5.238	-1736.638	-9.107	-1727.531	0.22	0.962	46.957	0.686
6200	5.314	-1736.841	-9.276	-1727.565	0.22	0.956	45.108	0.663
6300	5.39	-1737.776	-8.973	-1728.803	0.22	0.928	47.875	0.677
6400	5.467	-1738.783	-8.809	-1729.974	0.22	0.915	49.576	0.688
6500	5.543	-1739.322	-8.284	-1731.038	0.22	0.962	57.331	0.757
6600	5.62	-1738.788	-8.401	-1730.387	0.22	0.915	54.647	0.732
6700	5.696	-1738.834	-8.646	-1730.188	0.22	0.917	51.565	0.703
6800	5.773	-1738.194	-9.265	-1728.929	0.22	0.933	44.932	0.65
6900	5.855	-1736.274	-9.586	-1726.689	0.22	0.964	42.201	0.648
7000	5.931	-1738.031	-9.513	-1728.518	0.22	0.957	42.93	0.635
7100	6.008	-1735.98	-9.632	-1726.347	0.22	0.955	41.591	0.642
7200	6.084	-1736.48	-9.364	-1727.116	0.22	0.956	44.193	0.659
7300	6.16	-1738.493	-10.127	-1728.366	0.22	0.96	37.7	0.594
7400	6.237	-1736.069	-10.029	-1726.04	0.22	0.947	38.066	0.613
7500	6.313	-1735.811	-10.032	-1725.779	0.22	0.946	38.005	0.614
7600	6.39	-1735.697	-9.977	-1725.72	0.22	0.962	38.683	0.623
7700	6.466	-1736.122	-9.27	-1726.853	0.22	0.951	45.014	0.668
7800	6.542	-1738.976	-8.966	-1730.01	0.22	0.932	48.122	0.669
7900	6.618	-1739.129	-8.071	-1731.059	0.22	0.946	60.084	0.779
8000	6.695	-1742.36	-7.534	-1734.826	0.22	0.916	68.772	0.827
8100	6.771	-1737.632	-8.65	-1728.982	0.22	0.937	51.785	0.71
8200	6.848	-1738.325	-8.948	-1729.377	0.22	0.939	48.396	0.674
8300	6.924	-1738.314	-8.757	-1729.557	0.22	0.932	50.439	0.694
8400	7.001	-1738.173	-8.718	-1729.455	0.22	0.943	51.103	0.698
8500	7.077	-1737.715	-9.078	-1728.637	0.22	0.94	46.943	0.668
8600	7.155	-1737.523	-8.946	-1728.577	0.22	0.953	48.619	0.685
8700	7.232	-1736.186	-9.511	-1726.675	0.22	0.963	42.87	0.655
8800	7.308	-1737.404	-10.575	-1726.829	0.22	0.958	34.191	0.577
8900	7.385	-1740.255	-10.296	-1729.959	0.22	0.983	37.018	0.59
9000	7.463	-1736.271	-9.688	-1726.584	0.22	0.967	41.32	0.643
9100	7.541	-1736.764	-9.641	-1727.124	0.22	0.964	41.752	0.64
9200	7.618	-1736.611	-8.871	-1727.74	0.22	0.95	49.311	0.701
9300	7.695	-1736.061	-9.426	-1726.635	0.22	0.945	43.354	0.654
9400	7.777	-1737.384	-9.203	-1728.181	0.22	0.962	46.008	0.669
9500	7.861	-1736.691	-8.993	-1727.698	0.22	0.954	48.021	0.69
9600	7.944	-1739.041	-9.424	-1729.617	0.22	0.947	43.696	0.632
9700	8.024	-1737.349	-9.342	-1728.007	0.22	0.973	44.816	0.672
9800	8.102	-1738.997	-8.586	-1730.411	0.22	0.916	52.294	0.708
9900	8.184	-1737.252	-8.699	-1728.554	0.22	0.954	51.487	0.716
10000	8.261	-1737.167	-9.526	-1727.642	0.22	0.971	42.98	0.653
10100	8.337	-1736.051	-9.383	-1726.668	0.22	0.95	43.856	0.658
10200	8.414	-1736.563	-9.463	-1727.1	0.22	0.967	43.441	0.659
10300	8.491	-1736.845	-9.918	-1726.927	0.22	0.975	39.519	0.631
10400	8.568	-1737.069	-9.125	-1727.944	0.22	0.934	46.283	0.669
10500	8.644	-1737.743	-9.107	-1728.636	0.22	0.967	47.163	0.68
10600	8.721	-1736.87	-9.347	-1727.523	0.22	0.965	44.565	0.663
10700	8.798	-1737.182	-10.113	-1727.069	0.22	0.973	37.921	0.612
10800	8.878	-1740.598	-12.286	-1728.312	0.22	0.983	24.152	0.541
10900	8.96	-1740.598	-12.286	-1728.312	0.22	0.983	24.152	0.541
11000	9.039	-1739.119	-12.256	-1726.863	0.22	0.977	24.101	0.545
11100	9.12	-1736.963	-11.031	-1725.932	0.22	0.969	31.256	0.561
11200	9.203	-1741.102	-11.156	-1729.946	0.22	0.977	30.281	0.58
11300	9.285	-1736.812	-9.213	-1727.599	0.22	0.941	45.485	0.664
11400	9.367	-1737.881	-8.585	-1729.296	0.22	0.932	52.496	0.716
11500	9.45	-1739.595	-8.47	-1731.125	0.22	0.951	54.486	0.715
11600	9.532	-1738.163	-8.849	-1729.314	0.22	0.962	49.973	0.696
11700	9.615	-1738.85	-8.222	-1730.628	0.22	0.936	57.549	0.752
11800	9.693	-1739.424	-8.379	-1731.045	0.22	0.955	55.799	0.732
11900	9.775	-1737.625	-8.708	-1728.917	0.22	0.958	51.496	0.715
12000	9.858	-1736.34	-9.905	-1726.435	0.22	0.951	39.171	0.619
12100	9.941	-1735.752	-10.051	-1725.702	0.22	0.955	37.986	0.615
12200	10.023	-1735.752	-10.051	-1725.702	0.22	0.955	37.986	0.615
12300	10.105	-1735.752	-10.051	-1725.702	0.22	0.955	37.986	0.615
12400	10.188	-1736.594	-10.294	-1726.3	0.22	0.962	36.251	0.597
12500	10.271	-1737.237	-10.873	-1726.364	0.22	0.974	32.38	0.569
12600	10.355	-1738.721	-10.273	-1728.448	0.22	0.957	36.526	0.585
12700	10.438	-1736.932	-10.583	-1726.349	0.22	0.98	34.44	0.593
12800	10.521	-1739.725	-10.544	-1729.181	0.22	0.978	34.992	0.575
12900	10.599	-1737.539	-9.628	-1727.911	0.22	0.963	41.918	0.633
13000	10.682	-1736.226	-9.578	-1726.648	0.22	0.958	42.157	0.645
13100	10.766	-1737.547	-10.61	-1726.937	0.22	0.976	34.263	0.583
13200	10.857	-1736.807	-10.711	-1726.096	0.22	0.971	33.389	0.578
13300	10.94	-1736.697	-10.91	-1725.787	0.22	0.977	32.128	0.573
13400	11.019	-1738.232	-11.006	-1727.226	0.22	0.956	30.692	0.594
13500	11.102	-1737.919	-10.57	-1727.349	0.22	0.964	34.383	0.576
13600	11.184	-1736.142	-10.202	-1725.94	0.22	0.949	36.731	0.602
13700	11.261	-1736.134	-10.221	-1725.913	0.22	0.962	36.78	0.604
13800	11.342	-1738.796	-10.511	-1728.285	0.22	0.954	34.054	0.617
13900	11.419	-1737.489	-9.906	-1727.584	0.22	0.95	39.255	0.611
14000	11.506	-1736.329	-9.587	-1726.742	0.22	0.95	41.954	0.64
14100	11.593	-1737.569	-9.743	-1727.826	0.22	0.932	40.39	0.621
14200	11.675	-1736.736	-10.212	-1726.524	0.22	0.975	37.109	0.611
14300	11.756	-1736.599	-10.158	-1726.441	0.22	0.976	37.529	0.617
14400	11.839	-1738.403	-9.661	-1728.742	0.22	0.978	41.996	0.64
14500	11.922	-1735.841	-9.524	-1726.317	0.22	0.952	42.533	0.65
14600	12.004	-1736.972	-9.423	-1727.549	0.22	0.956	43.656	0.649
14700	12.087	-1737.32	-9.444	-1727.876	0.22	0.924	42.974	0.644
14800	12.17	-1736.118	-10.303	-1725.814	0.22	0.964	36.164	0.6
14900	12.252	-1736.593	-9.733	-1726.86	0.22	0.937	40.463	0.628
15000	12.334	-1737.88	-9.716	-1728.164	0.22	0.973	41.349	0.633
15100	12.411	-1737.227	-9.862	-1727.365	0.22	0.958	39.746	0.617
15200	12.494	-1736.614	-10.145	-1726.469	0.22	0.968	37.51	0.609
15300	12.577	-1739.04	-9.907	-1729.132	0.22	0.97	39.742	0.608
15400	12.663	-1736.065	-10.048	-1726.018	0.22	0.954	38.025	0.613
15500	12.748	-1736.021	-10.003	-1726.017	0.22	0.963	38.517	0.619
15600	12.834	-1739.051	-10.475	-1728.576	0.22	0.95	34.295	0.616
15700	12.918	-1735.773	-10.088	-1725.685	0.22	0.953	37.653	0.612
15800	13.004	-1735.814	-10.413	-1725.402	0.22	0.967	35.358	0.598
15900	13.09	-1738.025	-10.588	-1727.438	0.22	0.978	34.508	0.583
16000	13.173	-1735.668	-10.379	-1725.289	0.22	0.963	35.536	0.599
16100	13.257	-1738.353	-11.328	-1727.025	0.22	0.987	29.86	0.555
16200	13.343	-1737.401	-10.502	-1726.899	0.22	0.982	35.11	0.598
16300	13.428	-1736.09	-10.62	-1725.47	0.22	0.973	33.984	0.59
16400	13.51	-1736.276	-10.077	-1726.199	0.22	0.959	37.883	0.611
16500	13.595	-1735.859	-10.186	-1725.673	0.22	0.956	36.921	0.606
16600	13.68	-1738.464	-9.985	-1728.479	0.22	0.959	38.843	0.602
16700	13.761	-1736.984	-8.723	-1728.261	0.22	0.934	50.797	0.709
16800	13.848	-1737.351	-9.038	-1728.313	0.22	0.967	47.861	0.692
16900	13.934	-1737.267	-8.787	-1728.479	0.22	0.949	50.323	0.702
17000	14.016	-1736.028	-9.651	-1726.377	0.22	0.953	41.397	0.639
17100	14.096	-1735.948	-9.643	-1726.305	0.22	0.96	41.571	0.643
17200	14.176	-1737.52	-9.105	-1728.415	0.22	0.934	46.538	0.667
17300	14.256	-1736.892	-9.414	-1727.478	0.22	0.954	43.705	0.65
17400	14.341	-1737.581	-9.799	-1727.782	0.22	0.943	40.063	0.617
17500	14.42	-1736.648	-9.727	-1726.921	0.22	0.955	40.813	0.63
17600	14.506	-1738.713	-10.195	-1728.518	0.22	0.953	37.075	0.589
17700	14.593	-1736.849	-9.778	-1727.071	0.22	0.968	40.596	0.631
17800	14.679	-1738.465	-9.45	-1729.015	0.22	0.925	43.024	0.636
17900	14.766	-1737.347	-9.266	-1728.081	0.22	0.933	44.846	0.657
18000	14.852	-1736.394	-9.429	-1726.965	0.22	0.954	43.521	0.653
18100	14.937	-1738.549	-9.171	-1729.378	0.22	0.912	45.58	0.66
18200	15.023	-1736.995	-9.591	-1727.404	0.22	0.945	41.902	0.634
18300	15.11	-1739.967	-9.331	-1730.636	0.22	0.937	44.491	0.634
18400	15.195	-1737.095	-9.413	-1727.682	0.22	0.939	43.478	0.646
18500	15.275	-1737.631	-8.892	-1728.738	0.22	0.959	49.346	0.694
18600	15.357	-1739.537	-7.992	-1731.545	0.22	0.947	61.37	0.787
18700	15.444	-1740.019	-9.593	-1730.427	0.22	0.972	42.68	0.624
18800	15.53	-1738.543	-11.167	-1727.376	0.22	0.989	30.902	0.567
18900	15.617	-1736.103	-11.055	-1725.049	0.22	0.973	31.072	0.567
19000	15.704	-1736.081	-9.843	-1726.239	0.22	0.963	39.878	0.63
19100	15.788	-1737.281	-9.843	-1727.438	0.22	0.973	40.161	0.629
19200	15.873	-1737.298	-10.044	-1727.254	0.22	0.957	38.207	0.605
19300	15.958	-1736.184	-10.033	-1726.15	0.22	0.948	38.058	0.612
19400	16.042	-1736.347	-9.068	-1727.279	0.22	0.943	47.002	0.682
19500	16.126	-1736.347	-9.068	-1727.279	0.22	0.943	47.002	0.682
19600	16.206	-1739.664	-9.484	-1730.181	0.22	0.938	43.026	0.625
19700	16.288	-1737.017	-9.67	-1727.347	0.22	0.971	41.631	0.642
19800	16.374	-1739.216	-10.188	-1729.027	0.22	0.944	36.383	0.632
19900	16.46	-1737.238	-9.428	-1727.809	0.22	0.937	43.32	0.644
20000	16.547	-1737.118	-8.951	-1728.167	0.22	0.947	48.391	0.687
20100	16.629	-1737.231	-9.052	-1728.179	0.22	0.966	47.676	0.69
20200	16.712	-1736.462	-9.13	-1727.331	0.22	0.947	46.412	0.676
20300	16.799	-1739.127	-9.324	-1729.803	0.22	0.973	45.199	0.653
20400	16.885	-1736.373	-9.512	-1726.862	0.22	0.96	42.83	0.65
20500	16.97	-1737.991	-9.07	-1728.921	0.22	0.947	47.18	0.667
20600	17.055	-1738.231	-8.437	-1729.794	0.22	0.953	54.888	0.736
20700	17.142	-1737.191	-8.655	-1728.535	0.22	0.947	51.874	0.718
20800	17.225	-1738.84	-9.755	-1729.085	0.22	0.961	40.88	0.615
20900	17.309	-1736.827	-10.038	-1726.789	0.22	0.937	37.917	0.607
21000	17.392	-1739.77	-9.853	-1729.917	0.22	0.973	40.365	0.609
21100	17.478	-1741.165	-8.526	-1732.639	0.22	0.914	53.164	0.696
21200	17.565	-1738.051	-8.701	-1729.349	0.22	0.953	51.502	0.705
21300	17.65	-1740.439	-9.015	-1731.424	0.22	0.976	48.658	0.673
21400	17.736	-1738.919	-8.139	-1730.78	0.22	0.921	58.476	0.765
21500	17.823	-1739.213	-8.516	-1730.698	0.22	0.91	53.095	0.716
21600	17.909	-1737.415	-8.565	-1728.851	0.22	0.953	53.163	0.731
21700	17.996	-1738.181	-8.577	-1729.603	0.22	0.936	52.697	0.714
21800	18.084	-1738.115	-9.087	-1729.027	0.22	0.93	46.716	0.664
21900	18.171	-1737.731	-9.324	-1728.407	0.22	0.935	44.339	0.648
22000	18.255	-1736.566	-10.691	-1725.875	0.22	0.966	33.428	0.578
22100	18.34	-1736.11	-10.659	-1725.451	0.22	0.957	33.48	0.579
22200	18.427	-1736.818	-10.592	-1726.225	0.22	0.955	33.971	0.579
22300	18.515	-1735.733	-10.12	-1725.613	0.22	0.957	37.454	0.611
22400	18.602	-1736.789	-10.457	-1726.332	0.22	0.974	35.251	0.595
22500	18.689	-1736.505	-10.638	-1725.867	0.22	0.959	33.692	0.579
22600	18.777	-1736.327	-9.995	-1726.331	0.22	0.966	38.656	0.619
22700	18.862	-1737.605	-9.68	-1727.925	0.22	0.947	41.192	0.625
22800	18.944	-1736.697	-9.452	-1727.246	0.22	0.94	43.094	0.646
22900	19.029	-1736.828	-9.18	-1727.649	0.22	0.93	45.635	0.667
23000	19.117	-1735.81	-10.791	-1725.019	0.22	0.956	32.534	0.575
23100	19.204	-1735.81	-10.791	-1725.019	0.22	0.956	32.534	0.575
23200	19.292	-1738.668	-11.166	-1727.502	0.22	0.961	29.803	0.584
23300	19.377	-1738.07	-11.187	-1726.883	0.22	0.953	29.538	0.585
23400	19.462	-1740.5	-10.81	-1729.69	0.22	0.967	32.322	0.593
23500	19.549	-1736.453	-9.875	-1726.578	0.22	0.956	39.521	0.621
23600	19.636	-1736.795	-10.747	-1726.048	0.22	0.98	33.283	0.585
23700	19.724	-1735.851	-10.223	-1725.629	0.22	0.966	36.785	0.608
23800	19.811	-1738.612	-10.248	-1728.364	0.22	0.928	35.669	0.633
23900	19.897	-1736.54	-9.025	-1727.515	0.22	0.957	47.717	0.691
24000	19.984	-1737.736	-9.636	-1728.1	0.22	0.961	41.836	0.63
24100	20.072	-1736.285	-9.567	-1726.718	0.22	0.947	42.091	0.642
24200	20.159	-1739.844	-9.287	-1730.557	0.22	0.923	44.686	0.64
24300	20.246	-1737.985	-9.832	-1728.152	0.22	0.95	39.937	0.613
24400	20.329	-1736.517	-9.509	-1727.008	0.22	0.947	42.643	0.644
24500	20.415	-1736.864	-9.344	-1727.519	0.22	0.935	44.063	0.653
24600	20.502	-1736.08	-9.709	-1726.371	0.22	0.957	40.954	0.636
24700	20.59	-1738.303	-8.962	-1729.342	0.22	0.947	48.395	0.674
24800	20.678	-1739.711	-8.644	-1731.067	0.22	0.962	52.571	0.7
24900	20.761	-1739.073	-8.17	-1730.903	0.22	0.926	58.094	0.757
25000	20.846	-1739.6	-8.634	-1730.966	0.22	0.949	52.356	0.696
25100	20.935	-1737.061	-9.022	-1728.039	0.22	0.946	47.608	0.68
25200	21.023	-1737.431	-8.759	-1728.672	0.22	0.949	50.685	0.704
25300	21.111	-1736.478	-9.93	-1726.548	0.22	0.958	39.087	0.618
25400	21.197	-1736.42	-10.476	-1725.944	0.22	0.968	34.969	0.591
25500	21.282	-1737.069	-10.336	-1726.733	0.22	0.964	36.002	0.593
25600	21.369	-1736.956	-10.05	-1726.906	0.22	0.943	37.926	0.606
25700	21.454	-1736.156	-10.496	-1725.659	0.22	0.965	34.752	0.59
25800	21.537	-1736.156	-10.496	-1725.659	0.22	0.965	34.752	0.59
25900	21.625	-1735.684	-10.27	-1725.414	0.22	0.957	36.276	0.603
26000	21.712	-1736.813	-9.988	-1726.825	0.22	0.944	38.423	0.61
26100	21.801	-1736.777	-9.808	-1726.969	0.22	0.974	40.428	0.638
26200	21.889	-1736.049	-10.132	-1725.916	0.22	0.964	37.494	0.611
26300	21.975	-1735.999	-10.45	-1725.549	0.22	0.967	35.099	0.594
26400	22.063	-1736.573	-10.354	-1726.219	0.22	0.957	35.724	0.592
26500	22.151	-1736.524	-10.936	-1725.588	0.22	0.972	31.859	0.569
26600	22.24	-1737.01	-10.342	-1726.668	0.22	0.965	35.978	0.593
26700	22.325	-1736.557	-10.246	-1726.312	0.22	0.973	36.805	0.608
26800	22.412	-1739.157	-9.436	-1729.721	0.22	0.979	44.235	0.655
26900	22.501	-1736.065	-9.462	-1726.602	0.22	0.962	43.297	0.658
27000	22.589	-1736.21	-9.771	-1726.439	0.22	0.959	40.449	0.631
27100	22.674	-1738.305	-9.79	-1728.515	0.22	0.961	40.504	0.616
27200	22.762	-1736.911	-9.435	-1727.477	0.22	0.969	43.785	0.66
27300	22.85	-1736.066	-10.878	-1725.187	0.22	0.974	32.231	0.576
27400	22.937	-1735.933	-10.573	-1725.361	0.22	0.963	34.159	0.587
27500	23.022	-1736.816	-9.886	-1726.929	0.22	0.973	39.741	0.629
27600	23.11	-1739.61	-9.802	-1729.807	0.22	0.987	41.045	0.643
27700	23.196	-1737.224	-9.791	-1727.433	0.22	0.932	39.945	0.62
27800	23.283	-1739.558	-10.212	-1729.346	0.22	0.955	36.375	0.631
27900	23.371	-1739.367	-10.093	-1729.274	0.22	0.932	36.991	0.636
28000	23.458	-1736.064	-10.249	-1725.815	0.22	0.966	36.608	0.606
28100	23.546	-1737.755	-10.406	-1727.35	0.22	0.955	35.405	0.583
28200	23.629	-1737.284	-10.525	-1726.759	0.22	0.957	34.519	0.58
28300	23.716	-1735.807	-10.751	-1725.056	0.22	0.968	32.974	0.581
28400	23.803	-1737.154	-10.576	-1726.579	0.22	0.96	34.205	0.578
28500	23.887	-1738.121	-10.395	-1727.726	0.22	0.981	35.983	0.597
28600	23.975	-1737.482	-9.636	-1727.846	0.22	0.975	42.061	0.646
28700	24.063	-1735.811	-10.385	-1725.426	0.22	0.967	35.573	0.6
28800	24.151	-1735.712	-10.072	-1725.64	0.22	0.962	37.914	0.616
28900	24.239	-1735.712	-10.072	-1725.64	0.22	0.962	37.914	0.616
29000	24.326	-1735.962	-10.365	-1725.597	0.22	0.961	35.637	0.597
29100	24.411	-1736.247	-10.377	-1725.87	0.22	0.957	35.521	0.593
29200	24.5	-1737.171	-10.621	-1726.55	0.22	0.959	33.871	0.576
29300	24.585	-1736.477	-10.21	-1726.267	0.22	0.942	36.59	0.6
29400	24.67	-1735.892	-10.864	-1725.028	0.22	0.96	32.108	0.572
29500	24.758	-1736.231	-10.857	-1725.374	0.22	0.973	32.38	0.576
29600	24.844	-1736.404	-10.812	-1725.592	0.22	0.965	32.571	0.572
29700	24.928	-1736.627	-10.222	-1726.405	0.22	0.964	36.831	0.602
29800	25.016	-1736.385	-9.888	-1726.496	0.22	0.963	39.519	0.624
29900	25.104	-1737.093	-10.344	-1726.749	0.22	0.969	36.031	0.594
30000	25.192	-1736.562	-10.615	-1725.947	0.22	0.976	34.121	0.589
30100	25.281	-1736.334	-10.697	-1725.637	0.22	0.966	33.371	0.579
30200	25.369	-1735.841	-10.846	-1724.996	0.22	0.966	32.307	0.574
30300	25.457	-1735.841	-10.846	-1724.996	0.22	0.966	32.307	0.574
30400	25.545	-1736.044	-10.266	-1725.778	0.22	0.946	36.18	0.599
30500	25.633	-1738.208	-10.062	-1728.146	0.22	0.949	38.018	0.598
30600	25.721	-1736.713	-9.473	-1727.24	0.22	0.947	43.003	0.645
30700	25.808	-1736.075	-9.402	-1726.672	0.22	0.961	43.854	0.662
30800	25.896	-1735.964	-10.097	-1725.867	0.22	0.946	37.489	0.609
30900	25.982	-1736.647	-10.057	-1726.59	0.22	0.962	38.125	0.611
31000	26.065	-1736.261	-10.736	-1725.525	0.22	0.972	33.178	0.58
31100	26.152	-1737.675	-10.598	-1727.077	0.22	0.978	34.382	0.584
31200	26.239	-1738.206	-10.015	-1728.191	0.22	0.956	38.516	0.601
31300	26.327	-1738.032	-10.933	-1727.098	0.22	0.97	31.994	0.56
31400	26.416	-1736.437	-10.268	-1726.169	0.22	0.954	36.313	0.597
31500	26.5	-1736.108	-10.332	-1725.776	0.22	0.952	35.777	0.596
31600	26.582	-1736.306	-10.593	-1725.713	0.22	0.971	34.174	0.588
31700	26.669	-1736.724	-10.588	-1726.135	0.22	0.957	34.033	0.58
31800	26.757	-1735.939	-10.487	-1725.452	0.22	0.969	34.855	0.594
31900	26.846	-1736.825	-10.365	-1726.46	0.22	0.956	35.641	0.59
32000	26.931	-1736.623	-10.355	-1726.268	0.22	0.949	35.598	0.591
32100	27.016	-1737.144	-10.598	-1726.546	0.22	0.97	34.203	0.581
32200	27.1	-1735.997	-10.766	-1725.232	0.22	0.972	32.96	0.581
32300	27.186	-1737.044	-10.657	-1726.387	0.22	0.973	33.827	0.58
32400	27.274	-1737.475	-10.354	-1727.12	0.22	0.956	35.781	0.587
32500	27.363	-1735.992	-10.064	-1725.928	0.22	0.968	38.106	0.619
32600	27.451	-1736.657	-10.445	-1726.212	0.22	0.95	34.952	0.586
32700	27.539	-1736.616	-10.711	-1725.905	0.22	0.961	33.216	0.575
32800	27.624	-1736.155	-10.597	-1725.557	0.22	0.967	34.066	0.586
32900	27.71	-1738.47	-10.543	-1727.927	0.22	0.948	33.726	0.616
33000	27.798	-1735.94	-11.173	-1724.767	0.22	0.967	30.24	0.559
33100	27.886	-1735.884	-11.075	-1724.809	0.22	0.964	30.811	0.563
33200	27.974	-1735.884	-11.075	-1724.809	0.22	0.964	30.811	0.563
33300	28.062	-1737.152	-11.343	-1725.808	0.22	0.975	29.44	0.549
33400	28.15	-1736.128	-11.171	-1724.957	0.22	0.972	30.338	0.56
33500	28.238	-1736.435	-9.879	-1726.556	0.22	0.956	39.485	0.621
33600	28.327	-1736.681	-10.148	-1726.533	0.22	0.957	37.317	0.603
33700	28.415	-1736.608	-10.162	-1726.445	0.22	0.954	37.148	0.602
33800	28.502	-1736.218	-9.614	-1726.604	0.22	0.948	41.66	0.639
33900	28.589	-1736.873	-9.461	-1727.412	0.22	0.936	42.955	0.645
34000	28.673	-1738.625	-9.436	-1729.189	0.22	0.967	43.928	0.642
34100	28.752	-1738.257	-9.115	-1729.142	0.22	0.96	46.985	0.666
34200	28.831	-1738.101	-9.229	-1728.871	0.22	0.938	45.377	0.653
34300	28.913	-1737.43	-9.706	-1727.724	0.22	0.961	41.181	0.628
34400	29.0	-1738.854	-9.716	-1729.138	0.22	0.982	41.642	0.643
34500	29.084	-1737.817	-9.93	-1727.887	0.22	0.981	39.613	0.632
34600	29.171	-1736.723	-9.537	-1727.186	0.22	0.939	42.277	0.64
34700	29.258	-1737.286	-9.669	-1727.617	0.22	0.935	41.063	0.627
34800	29.34	-1735.864	-9.923	-1725.94	0.22	0.96	39.113	0.624
34900	29.428	-1735.928	-10.259	-1725.67	0.22	0.951	36.293	0.6
35000	29.509	-1737.544	-9.329	-1728.215	0.22	0.974	44.978	0.673
35100	29.588	-1736.351	-9.772	-1726.579	0.22	0.956	40.408	0.629
35200	29.672	-1736.577	-9.166	-1727.411	0.22	0.942	45.963	0.67
35300	29.758	-1738.822	-9.291	-1729.53	0.22	0.944	44.916	0.643
35400	29.842	-1737.226	-8.883	-1728.343	0.22	0.954	49.322	0.696
35500	29.926	-1737.348	-8.737	-1728.611	0.22	0.942	50.796	0.705
35600	30.01	-1740.402	-8.662	-1731.74	0.22	0.918	51.503	0.688
35700	30.091	-1738.186	-8.517	-1729.67	0.22	0.955	53.897	0.729
35800	30.169	-1737.063	-8.657	-1728.406	0.22	0.946	51.828	0.719
35900	30.252	-1738.115	-8.354	-1729.761	0.22	0.95	55.965	0.749
36000	30.335	-1737.234	-8.717	-1728.518	0.22	0.949	51.165	0.711
36100	30.417	-1737.997	-8.644	-1729.353	0.22	0.947	52.07	0.709
36200	30.498	-1738.302	-8.192	-1730.11	0.22	0.936	57.956	0.766
36300	30.577	-1739.08	-8.121	-1730.959	0.22	0.925	58.83	0.765
36400	30.653	-1741.026	-7.711	-1733.314	0.22	0.923	65.599	0.809
36500	30.736	-1740.574	-7.738	-1732.836	0.22	0.929	65.272	0.812
36600	30.816	-1740.446	-7.923	-1732.523	0.22	0.928	62.033	0.777
36700	30.898	-1738.948	-8.162	-1730.786	0.22	0.956	58.946	0.775
36800	30.981	-1736.601	-8.915	-1727.686	0.22	0.939	48.628	0.693
36900	31.062	-1737.662	-8.848	-1728.815	0.22	0.964	49.969	0.704
37000	31.139	-1739.04	-8.613	-1730.427	0.22	0.92	52.017	0.704
37100	31.222	-1738.002	-8.514	-1729.488	0.22	0.939	53.545	0.724
37200	31.305	-1738.515	-8.927	-1729.588	0.22	0.933	48.526	0.676
37300	31.388	-1737.381	-8.834	-1728.547	0.22	0.956	49.931	0.701
37400	31.472	-1737.554	-9.458	-1728.096	0.22	0.939	43.098	0.64
37500	31.556	-1736.669	-9.938	-1726.731	0.22	0.955	38.993	0.615
37600	31.639	-1737.459	-10.658	-1726.801	0.22	0.979	33.961	0.584
37700	31.721	-1735.823	-9.687	-1726.136	0.22	0.955	41.08	0.639
37800	31.805	-1736.373	-9.64	-1726.733	0.22	0.944	41.378	0.635
37900	31.888	-1737.084	-10.014	-1727.07	0.22	0.977	38.766	0.624
38000	31.971	-1737.605	-9.058	-1728.547	0.22	0.971	47.746	0.695
38100	32.055	-1736.366	-9.397	-1726.97	0.22	0.952	43.791	0.655
38200	32.139	-1736.146	-9.272	-1726.874	0.22	0.953	45.011	0.668
38300	32.219	-1736.606	-9.355	-1727.25	0.22	0.948	44.154	0.655
38400	32.296	-1736.628	-9.268	-1727.36	0.22	0.964	45.31	0.672
38500	32.373	-1737.28	-9.103	-1728.177	0.22	0.958	46.978	0.676
38600	32.45	-1737.976	-9.084	-1728.892	0.22	0.928	46.703	0.666
38700	32.529	-1735.875	-10.393	-1725.483	0.22	0.967	35.524	0.599
38800	32.612	-1735.964	-10.51	-1725.455	0.22	0.971	34.727	0.594
38900	32.693	-1736.156	-10.351	-1725.805	0.22	0.969	35.887	0.6
39000	32.776	-1736.216	-10.422	-1725.794	0.22	0.951	35.092	0.59
39100	32.859	-1738.385	-10.534	-1727.851	0.22	0.933	33.615	0.617
39200	32.943	-1737.535	-10.547	-1726.988	0.22	0.977	34.724	0.587
39300	33.026	-1738.019	-10.784	-1727.235	0.22	0.966	32.929	0.566
39400	33.11	-1736.45	-9.768	-1726.682	0.22	0.945	40.271	0.626
39500	33.193	-1736.23	-9.644	-1726.586	0.22	0.946	41.365	0.637
39600	33.277	-1737.375	-9.005	-1728.37	0.22	0.941	47.726	0.678
39700	33.36	-1737.557	-9.573	-1727.984	0.22	0.954	42.264	0.634
39800	33.443	-1737.913	-9.006	-1728.907	0.22	0.968	48.285	0.689
39900	33.522	-1737.062	-8.984	-1728.078	0.22	0.93	47.738	0.682
