iter	hours	assortment	log_posterior	log_prior	loglik	missing	mixture	null_assortment	scale	shape
0	0.001	0.844	-5214.42	-8.899	-5205.521	0.32	1.0	0.429	71.054	2.006
10	0.011	0.772	-4661.432	-8.211	-4653.221	0.32	1.0	0.427	84.693	1.813
20	0.02	0.74	-4622.805	-8.038	-4614.767	0.32	1.0	0.426	89.733	1.669
30	0.03	0.677	-3831.099	-7.981	-3823.118	0.32	1.0	0.426	95.895	1.455
40	0.039	0.702	-3831.699	-8.007	-3823.692	0.32	1.0	0.426	95.583	1.446
50	0.048	0.702	-3831.699	-8.007	-3823.692	0.32	1.0	0.426	95.583	1.446
60	0.058	0.682	-3829.268	-7.988	-3821.281	0.32	1.0	0.426	96.016	1.447
70	0.067	0.713	-3801.563	-8.119	-3793.444	0.32	1.0	0.425	98.301	1.317
80	0.076	0.77	-3775.367	-8.246	-3767.122	0.32	1.0	0.425	100.145	1.235
90	0.085	0.74	-3768.598	-8.354	-3760.245	0.32	1.0	0.425	97.841	1.216
100	0.094	0.778	-3761.276	-8.463	-3752.814	0.32	1.0	0.424	100.085	1.152
110	0.104	0.741	-3736.953	-8.526	-3728.427	0.32	1.0	0.423	104.65	1.084
120	0.113	0.734	-3713.696	-9.509	-3704.187	0.32	1.0	0.417	102.656	0.867
130	0.122	0.738	-3689.824	-9.876	-3679.948	0.32	1.0	0.412	105.076	0.793
140	0.131	0.722	-3687.261	-9.89	-3677.371	0.32	1.0	0.413	104.375	0.793
150	0.14	0.777	-3676.844	-10.494	-3666.35	0.32	1.0	0.408	101.111	0.721
160	0.149	0.742	-3668.292	-10.45	-3657.843	0.32	1.0	0.41	98.657	0.736
170	0.158	0.742	-3668.292	-10.45	-3657.843	0.32	1.0	0.41	98.657	0.736
180	0.167	0.742	-3668.292	-10.45	-3657.843	0.32	1.0	0.41	98.657	0.736
190	0.176	0.742	-3668.292	-10.45	-3657.843	0.32	1.0	0.41	98.657	0.736
200	0.185	0.742	-3668.292	-10.45	-3657.843	0.32	1.0	0.41	98.657	0.736
210	0.194	0.651	-3666.899	-10.855	-3656.044	0.32	1.0	0.408	93.34	0.702
220	0.203	0.582	-3662.599	-10.667	-3651.931	0.32	1.0	0.412	91.548	0.734
230	0.211	0.58	-3664.525	-10.719	-3653.805	0.32	1.0	0.408	95.435	0.71
240	0.219	0.572	-3663.67	-10.486	-3653.184	0.32	1.0	0.411	95.498	0.741
250	0.227	0.537	-3663.462	-10.501	-3652.96	0.32	1.0	0.411	94.684	0.742
260	0.235	0.551	-3663.781	-10.526	-3653.255	0.32	1.0	0.41	95.776	0.734
270	0.244	0.547	-3663.829	-10.425	-3653.403	0.32	1.0	0.411	96.21	0.746
280	0.253	0.558	-3662.222	-10.667	-3651.555	0.32	1.0	0.412	90.993	0.737
290	0.262	0.547	-3663.146	-10.515	-3652.631	0.32	1.0	0.412	93.92	0.744
300	0.271	0.566	-3662.86	-10.793	-3652.067	0.32	1.0	0.41	91.924	0.715
310	0.281	0.54	-3662.649	-10.605	-3652.044	0.32	1.0	0.412	92.102	0.74
320	0.29	0.54	-3662.649	-10.605	-3652.044	0.32	1.0	0.412	92.102	0.74
330	0.299	0.556	-3660.552	-11.064	-3649.488	0.32	1.0	0.411	85.247	0.712
340	0.308	0.587	-3660.429	-11.243	-3649.186	0.32	1.0	0.411	83.361	0.698
350	0.317	0.528	-3660.546	-11.181	-3649.365	0.32	1.0	0.411	83.985	0.703
360	0.326	0.568	-3660.555	-11.24	-3649.316	0.32	1.0	0.41	84.083	0.695
370	0.335	0.547	-3659.41	-11.226	-3648.185	0.32	1.0	0.412	81.532	0.71
380	0.344	0.548	-3658.96	-11.392	-3647.568	0.32	1.0	0.412	79.878	0.697
390	0.354	0.613	-3660.807	-11.471	-3649.337	0.32	1.0	0.41	81.081	0.682
400	0.363	0.636	-3661.92	-11.132	-3650.788	0.32	1.0	0.412	83.164	0.714
410	0.372	0.605	-3661.658	-11.483	-3650.175	0.32	1.0	0.409	82.623	0.673
420	0.381	0.609	-3657.527	-11.797	-3645.73	0.32	1.0	0.413	72.662	0.689
430	0.39	0.567	-3656.524	-11.789	-3644.735	0.32	1.0	0.414	72.099	0.693
440	0.399	0.486	-3654.87	-12.783	-3642.087	0.32	1.0	0.413	61.592	0.643
450	0.408	0.459	-3652.999	-13.485	-3639.515	0.32	1.0	0.416	52.825	0.631
460	0.417	0.547	-3651.47	-13.28	-3638.19	0.32	1.0	0.414	55.722	0.631
470	0.426	0.605	-3642.692	-13.123	-3629.569	0.32	1.0	0.415	56.949	0.639
480	0.435	0.605	-3642.692	-13.123	-3629.569	0.32	1.0	0.415	56.949	0.639
490	0.444	0.605	-3642.692	-13.123	-3629.569	0.32	1.0	0.415	56.949	0.639
500	0.453	0.605	-3642.692	-13.123	-3629.569	0.32	1.0	0.415	56.949	0.639
510	0.462	0.605	-3642.692	-13.123	-3629.569	0.32	1.0	0.415	56.949	0.639
520	0.471	0.607	-3642.585	-13.101	-3629.485	0.32	1.0	0.416	56.244	0.647
530	0.481	0.577	-3640.927	-13.406	-3627.521	0.32	1.0	0.416	53.121	0.638
540	0.49	0.577	-3640.927	-13.406	-3627.521	0.32	1.0	0.416	53.121	0.638
550	0.499	0.619	-3641.723	-14.001	-3627.722	0.32	1.0	0.413	50.397	0.598
560	0.508	0.643	-3642.403	-14.162	-3628.242	0.32	1.0	0.413	48.827	0.595
570	0.517	0.636	-3641.129	-14.323	-3626.805	0.32	1.0	0.414	46.934	0.594
580	0.526	0.636	-3641.129	-14.323	-3626.805	0.32	1.0	0.414	46.934	0.594
590	0.535	0.596	-3637.378	-15.092	-3622.286	0.32	1.0	0.416	40.504	0.578
600	0.545	0.581	-3637.565	-14.729	-3622.836	0.32	1.0	0.417	42.191	0.597
610	0.554	0.563	-3637.861	-14.533	-3623.328	0.32	1.0	0.418	43.306	0.606
620	0.563	0.563	-3637.861	-14.533	-3623.328	0.32	1.0	0.418	43.306	0.606
630	0.572	0.563	-3637.861	-14.533	-3623.328	0.32	1.0	0.418	43.306	0.606
640	0.581	0.563	-3637.861	-14.533	-3623.328	0.32	1.0	0.418	43.306	0.606
650	0.59	0.571	-3639.413	-13.922	-3625.491	0.32	1.0	0.417	48.053	0.625
660	0.599	0.57	-3637.889	-14.608	-3623.282	0.32	1.0	0.416	43.751	0.594
670	0.608	0.582	-3637.865	-14.822	-3623.043	0.32	1.0	0.415	42.731	0.583
680	0.617	0.558	-3637.934	-14.521	-3623.413	0.32	1.0	0.418	42.912	0.611
690	0.626	0.585	-3637.789	-14.659	-3623.131	0.32	1.0	0.417	42.721	0.599
700	0.635	0.59	-3637.832	-14.684	-3623.148	0.32	1.0	0.418	42.139	0.602
710	0.644	0.58	-3637.128	-15.018	-3622.11	0.32	1.0	0.416	40.772	0.583
720	0.654	0.573	-3637.395	-14.932	-3622.463	0.32	1.0	0.416	41.741	0.582
730	0.663	0.573	-3637.395	-14.932	-3622.463	0.32	1.0	0.416	41.741	0.582
740	0.672	0.571	-3637.29	-14.83	-3622.46	0.32	1.0	0.419	40.779	0.601
750	0.681	0.581	-3637.432	-14.783	-3622.649	0.32	1.0	0.418	41.573	0.598
760	0.69	0.596	-3637.661	-14.868	-3622.794	0.32	1.0	0.417	41.479	0.59
770	0.699	0.655	-3638.375	-15.944	-3622.431	0.32	1.0	0.419	34.025	0.569
780	0.708	0.655	-3638.395	-15.896	-3622.499	0.32	1.0	0.418	34.516	0.567
790	0.717	0.634	-3636.603	-16.36	-3620.243	0.32	1.0	0.417	32.729	0.546
800	0.726	0.597	-3635.99	-15.774	-3620.215	0.32	1.0	0.42	34.535	0.578
810	0.735	0.668	-3639.078	-16.172	-3622.905	0.32	1.0	0.418	33.414	0.555
820	0.744	0.641	-3639.051	-16.81	-3622.241	0.32	1.0	0.412	32.178	0.515
830	0.753	0.614	-3635.856	-16.085	-3619.771	0.32	1.0	0.418	33.63	0.56
840	0.763	0.547	-3636.736	-15.071	-3621.666	0.32	1.0	0.419	39.168	0.594
850	0.772	0.594	-3636.261	-15.586	-3620.675	0.32	1.0	0.42	35.564	0.584
860	0.781	0.596	-3635.026	-16.586	-3618.439	0.32	1.0	0.416	31.808	0.537
870	0.79	0.557	-3633.518	-17.56	-3615.959	0.32	1.0	0.416	27.262	0.513
880	0.799	0.551	-3631.748	-19.055	-3612.693	0.32	1.0	0.418	21.148	0.486
890	0.808	0.565	-3631.467	-18.87	-3612.597	0.32	1.0	0.422	20.688	0.508
900	0.817	0.532	-3631.904	-18.609	-3613.295	0.32	1.0	0.422	21.532	0.514
910	0.827	0.511	-3632.382	-18.098	-3614.284	0.32	1.0	0.419	24.29	0.511
920	0.836	0.495	-3632.251	-18.906	-3613.345	0.32	1.0	0.422	20.752	0.504
930	0.845	0.495	-3632.251	-18.906	-3613.345	0.32	1.0	0.422	20.752	0.504
940	0.854	0.495	-3632.251	-18.906	-3613.345	0.32	1.0	0.422	20.752	0.504
950	0.863	0.505	-3631.127	-20.253	-3610.874	0.32	1.0	0.42	17.244	0.468
960	0.872	0.505	-3631.127	-20.253	-3610.874	0.32	1.0	0.42	17.244	0.468
970	0.881	0.507	-3630.581	-22.805	-3607.776	0.32	1.0	0.427	10.815	0.444
980	0.89	0.507	-3630.581	-22.805	-3607.776	0.32	1.0	0.427	10.815	0.444
990	0.9	0.514	-3631.497	-22.751	-3608.745	0.32	1.0	0.429	10.658	0.452
1000	0.909	0.525	-3625.959	-28.322	-3597.637	0.32	1.0	0.443	4.147	0.392
1010	0.918	0.525	-3625.959	-28.322	-3597.637	0.32	1.0	0.443	4.147	0.392
1020	0.927	0.497	-3622.207	-28.957	-3593.25	0.32	1.0	0.436	3.97	0.37
1030	0.936	0.497	-3622.207	-28.957	-3593.25	0.32	1.0	0.436	3.97	0.37
1040	0.946	0.497	-3622.207	-28.957	-3593.25	0.32	1.0	0.436	3.97	0.37
1050	0.955	0.538	-3615.208	-27.816	-3587.392	0.32	1.0	0.442	4.491	0.399
1060	0.964	0.538	-3615.208	-27.816	-3587.392	0.32	1.0	0.442	4.491	0.399
1070	0.973	0.538	-3615.208	-27.816	-3587.392	0.32	1.0	0.442	4.491	0.399
1080	0.982	0.538	-3615.208	-27.816	-3587.392	0.32	1.0	0.442	4.491	0.399
1090	0.992	0.538	-3615.208	-27.816	-3587.392	0.32	1.0	0.442	4.491	0.399
1100	0.999	0.538	-3615.208	-27.816	-3587.392	0.32	1.0	0.442	4.491	0.399
1110	1.007	0.538	-3615.208	-27.816	-3587.392	0.32	1.0	0.442	4.491	0.399
1120	1.016	0.538	-3615.208	-27.816	-3587.392	0.32	1.0	0.442	4.491	0.399
1130	1.025	0.538	-3615.208	-27.816	-3587.392	0.32	1.0	0.442	4.491	0.399
1140	1.034	0.538	-3615.208	-27.816	-3587.392	0.32	1.0	0.442	4.491	0.399
1150	1.043	0.538	-3615.208	-27.816	-3587.392	0.32	1.0	0.442	4.491	0.399
1160	1.053	0.538	-3615.208	-27.816	-3587.392	0.32	1.0	0.442	4.491	0.399
1170	1.062	0.538	-3615.208	-27.816	-3587.392	0.32	1.0	0.442	4.491	0.399
1180	1.071	0.538	-3615.208	-27.816	-3587.392	0.32	1.0	0.442	4.491	0.399
1190	1.08	0.538	-3615.208	-27.816	-3587.392	0.32	1.0	0.442	4.491	0.399
1200	1.089	0.538	-3615.208	-27.816	-3587.392	0.32	1.0	0.442	4.491	0.399
1210	1.098	0.538	-3615.208	-27.816	-3587.392	0.32	1.0	0.442	4.491	0.399
1220	1.107	0.538	-3615.208	-27.816	-3587.392	0.32	1.0	0.442	4.491	0.399
1230	1.116	0.538	-3615.208	-27.816	-3587.392	0.32	1.0	0.442	4.491	0.399
1240	1.126	0.538	-3615.208	-27.816	-3587.392	0.32	1.0	0.442	4.491	0.399
1250	1.135	0.538	-3615.208	-27.816	-3587.392	0.32	1.0	0.442	4.491	0.399
1260	1.144	0.538	-3615.208	-27.816	-3587.392	0.32	1.0	0.442	4.491	0.399
1270	1.153	0.54	-3616.082	-28.13	-3587.952	0.32	1.0	0.443	4.248	0.396
1280	1.162	0.54	-3616.082	-28.13	-3587.952	0.32	1.0	0.443	4.248	0.396
1290	1.171	0.54	-3616.082	-28.13	-3587.952	0.32	1.0	0.443	4.248	0.396
1300	1.181	0.54	-3616.082	-28.13	-3587.952	0.32	1.0	0.443	4.248	0.396
1310	1.19	0.54	-3616.082	-28.13	-3587.952	0.32	1.0	0.443	4.248	0.396
1320	1.199	0.54	-3616.082	-28.13	-3587.952	0.32	1.0	0.443	4.248	0.396
1330	1.209	0.54	-3616.082	-28.13	-3587.952	0.32	1.0	0.443	4.248	0.396
1340	1.218	0.54	-3616.082	-28.13	-3587.952	0.32	1.0	0.443	4.248	0.396
1350	1.227	0.54	-3616.082	-28.13	-3587.952	0.32	1.0	0.443	4.248	0.396
1360	1.236	0.54	-3616.082	-28.13	-3587.952	0.32	1.0	0.443	4.248	0.396
1370	1.246	0.54	-3616.082	-28.13	-3587.952	0.32	1.0	0.443	4.248	0.396
1380	1.255	0.54	-3616.082	-28.13	-3587.952	0.32	1.0	0.443	4.248	0.396
1390	1.264	0.547	-3614.976	-29.119	-3585.858	0.32	1.0	0.444	3.665	0.382
1400	1.273	0.547	-3614.976	-29.119	-3585.858	0.32	1.0	0.444	3.665	0.382
1410	1.283	0.547	-3614.976	-29.119	-3585.858	0.32	1.0	0.444	3.665	0.382
1420	1.292	0.547	-3614.976	-29.119	-3585.858	0.32	1.0	0.444	3.665	0.382
1430	1.301	0.547	-3614.976	-29.119	-3585.858	0.32	1.0	0.444	3.665	0.382
1440	1.31	0.547	-3614.976	-29.119	-3585.858	0.32	1.0	0.444	3.665	0.382
1450	1.319	0.547	-3614.976	-29.119	-3585.858	0.32	1.0	0.444	3.665	0.382
1460	1.328	0.547	-3614.976	-29.119	-3585.858	0.32	1.0	0.444	3.665	0.382
1470	1.337	0.547	-3614.976	-29.119	-3585.858	0.32	1.0	0.444	3.665	0.382
1480	1.347	0.547	-3614.976	-29.119	-3585.858	0.32	1.0	0.444	3.665	0.382
1490	1.356	0.547	-3614.976	-29.119	-3585.858	0.32	1.0	0.444	3.665	0.382
1500	1.365	0.547	-3614.976	-29.119	-3585.858	0.32	1.0	0.444	3.665	0.382
1510	1.374	0.547	-3614.976	-29.119	-3585.858	0.32	1.0	0.444	3.665	0.382
1520	1.383	0.547	-3614.976	-29.119	-3585.858	0.32	1.0	0.444	3.665	0.382
1530	1.392	0.547	-3614.976	-29.119	-3585.858	0.32	1.0	0.444	3.665	0.382
1540	1.401	0.558	-3614.327	-29.703	-3584.624	0.32	1.0	0.443	3.365	0.373
1550	1.411	0.558	-3614.327	-29.703	-3584.624	0.32	1.0	0.443	3.365	0.373
1560	1.42	0.558	-3614.327	-29.703	-3584.624	0.32	1.0	0.443	3.365	0.373
1570	1.429	0.558	-3614.327	-29.703	-3584.624	0.32	1.0	0.443	3.365	0.373
1580	1.438	0.558	-3614.327	-29.703	-3584.624	0.32	1.0	0.443	3.365	0.373
1590	1.447	0.57	-3615.577	-29.326	-3586.251	0.32	1.0	0.444	3.533	0.381
1600	1.456	0.57	-3615.577	-29.326	-3586.251	0.32	1.0	0.444	3.533	0.381
1610	1.464	0.57	-3615.577	-29.326	-3586.251	0.32	1.0	0.444	3.533	0.381
1620	1.473	0.57	-3615.577	-29.326	-3586.251	0.32	1.0	0.444	3.533	0.381
1630	1.482	0.57	-3615.577	-29.326	-3586.251	0.32	1.0	0.444	3.533	0.381
1640	1.491	0.57	-3615.577	-29.326	-3586.251	0.32	1.0	0.444	3.533	0.381
1650	1.5	0.57	-3615.577	-29.326	-3586.251	0.32	1.0	0.444	3.533	0.381
1660	1.508	0.57	-3615.577	-29.326	-3586.251	0.32	1.0	0.444	3.533	0.381
1670	1.516	0.57	-3615.577	-29.326	-3586.251	0.32	1.0	0.444	3.533	0.381
1680	1.525	0.559	-3614.466	-28.399	-3586.068	0.32	1.0	0.442	4.119	0.39
1690	1.533	0.559	-3614.466	-28.399	-3586.068	0.32	1.0	0.442	4.119	0.39
1700	1.541	0.559	-3614.466	-28.399	-3586.068	0.32	1.0	0.442	4.119	0.39
1710	1.549	0.559	-3614.466	-28.399	-3586.068	0.32	1.0	0.442	4.119	0.39
1720	1.556	0.559	-3614.466	-28.399	-3586.068	0.32	1.0	0.442	4.119	0.39
1730	1.564	0.559	-3614.466	-28.399	-3586.068	0.32	1.0	0.442	4.119	0.39
1740	1.572	0.559	-3614.466	-28.399	-3586.068	0.32	1.0	0.442	4.119	0.39
1750	1.579	0.559	-3614.466	-28.399	-3586.068	0.32	1.0	0.442	4.119	0.39
1760	1.587	0.559	-3614.466	-28.399	-3586.068	0.32	1.0	0.442	4.119	0.39
1770	1.595	0.559	-3614.466	-28.399	-3586.068	0.32	1.0	0.442	4.119	0.39
1780	1.604	0.559	-3614.466	-28.399	-3586.068	0.32	1.0	0.442	4.119	0.39
1790	1.613	0.559	-3614.466	-28.399	-3586.068	0.32	1.0	0.442	4.119	0.39
1800	1.623	0.559	-3614.466	-28.399	-3586.068	0.32	1.0	0.442	4.119	0.39
1810	1.632	0.559	-3614.466	-28.399	-3586.068	0.32	1.0	0.442	4.119	0.39
1820	1.641	0.559	-3614.466	-28.399	-3586.068	0.32	1.0	0.442	4.119	0.39
1830	1.648	0.559	-3614.466	-28.399	-3586.068	0.32	1.0	0.442	4.119	0.39
1840	1.657	0.559	-3614.466	-28.399	-3586.068	0.32	1.0	0.442	4.119	0.39
1850	1.666	0.559	-3614.466	-28.399	-3586.068	0.32	1.0	0.442	4.119	0.39
1860	1.674	0.559	-3614.466	-28.399	-3586.068	0.32	1.0	0.442	4.119	0.39
1870	1.682	0.559	-3614.466	-28.399	-3586.068	0.32	1.0	0.442	4.119	0.39
1880	1.689	0.559	-3614.466	-28.399	-3586.068	0.32	1.0	0.442	4.119	0.39
1890	1.697	0.559	-3614.466	-28.399	-3586.068	0.32	1.0	0.442	4.119	0.39
1900	1.704	0.559	-3614.466	-28.399	-3586.068	0.32	1.0	0.442	4.119	0.39
1910	1.712	0.559	-3614.466	-28.399	-3586.068	0.32	1.0	0.442	4.119	0.39
1920	1.719	0.559	-3614.466	-28.399	-3586.068	0.32	1.0	0.442	4.119	0.39
1930	1.727	0.559	-3614.466	-28.399	-3586.068	0.32	1.0	0.442	4.119	0.39
1940	1.735	0.564	-3615.84	-30.024	-3585.816	0.32	1.0	0.446	3.16	0.373
1950	1.742	0.564	-3615.84	-30.024	-3585.816	0.32	1.0	0.446	3.16	0.373
1960	1.75	0.564	-3615.84	-30.024	-3585.816	0.32	1.0	0.446	3.16	0.373
1970	1.758	0.564	-3615.84	-30.024	-3585.816	0.32	1.0	0.446	3.16	0.373
1980	1.766	0.564	-3615.84	-30.024	-3585.816	0.32	1.0	0.446	3.16	0.373
1990	1.774	0.564	-3615.84	-30.024	-3585.816	0.32	1.0	0.446	3.16	0.373
2000	1.781	0.564	-3615.84	-30.024	-3585.816	0.32	1.0	0.446	3.16	0.373
2010	1.789	0.564	-3615.84	-30.024	-3585.816	0.32	1.0	0.446	3.16	0.373
2020	1.797	0.564	-3615.84	-30.024	-3585.816	0.32	1.0	0.446	3.16	0.373
2030	1.805	0.564	-3615.84	-30.024	-3585.816	0.32	1.0	0.446	3.16	0.373
2040	1.812	0.564	-3615.84	-30.024	-3585.816	0.32	1.0	0.446	3.16	0.373
2050	1.82	0.561	-3615.124	-28.193	-3586.931	0.32	1.0	0.443	4.233	0.394
2060	1.828	0.561	-3615.124	-28.193	-3586.931	0.32	1.0	0.443	4.233	0.394
2070	1.835	0.561	-3615.124	-28.193	-3586.931	0.32	1.0	0.443	4.233	0.394
2080	1.843	0.561	-3615.124	-28.193	-3586.931	0.32	1.0	0.443	4.233	0.394
2090	1.85	0.561	-3615.124	-28.193	-3586.931	0.32	1.0	0.443	4.233	0.394
2100	1.858	0.561	-3615.124	-28.193	-3586.931	0.32	1.0	0.443	4.233	0.394
2110	1.866	0.561	-3615.124	-28.193	-3586.931	0.32	1.0	0.443	4.233	0.394
2120	1.874	0.561	-3615.124	-28.193	-3586.931	0.32	1.0	0.443	4.233	0.394
2130	1.881	0.561	-3615.124	-28.193	-3586.931	0.32	1.0	0.443	4.233	0.394
2140	1.889	0.561	-3615.124	-28.193	-3586.931	0.32	1.0	0.443	4.233	0.394
2150	1.897	0.561	-3615.124	-28.193	-3586.931	0.32	1.0	0.443	4.233	0.394
2160	1.904	0.561	-3615.124	-28.193	-3586.931	0.32	1.0	0.443	4.233	0.394
2170	1.912	0.561	-3615.124	-28.193	-3586.931	0.32	1.0	0.443	4.233	0.394
2180	1.92	0.561	-3615.124	-28.193	-3586.931	0.32	1.0	0.443	4.233	0.394
2190	1.927	0.561	-3615.124	-28.193	-3586.931	0.32	1.0	0.443	4.233	0.394
2200	1.935	0.561	-3615.124	-28.193	-3586.931	0.32	1.0	0.443	4.233	0.394
2210	1.943	0.561	-3615.124	-28.193	-3586.931	0.32	1.0	0.443	4.233	0.394
2220	1.95	0.561	-3615.124	-28.193	-3586.931	0.32	1.0	0.443	4.233	0.394
2230	1.958	0.561	-3615.124	-28.193	-3586.931	0.32	1.0	0.443	4.233	0.394
2240	1.965	0.549	-3617.348	-28.994	-3588.354	0.32	1.0	0.446	3.675	0.388
2250	1.973	0.549	-3617.348	-28.994	-3588.354	0.32	1.0	0.446	3.675	0.388
2260	1.98	0.549	-3617.348	-28.994	-3588.354	0.32	1.0	0.446	3.675	0.388
2270	1.987	0.549	-3617.348	-28.994	-3588.354	0.32	1.0	0.446	3.675	0.388
2280	1.995	0.549	-3617.348	-28.994	-3588.354	0.32	1.0	0.446	3.675	0.388
2290	2.003	0.565	-3615.579	-28.907	-3586.671	0.32	1.0	0.444	3.772	0.386
2300	2.01	0.565	-3615.579	-28.907	-3586.671	0.32	1.0	0.444	3.772	0.386
2310	2.018	0.565	-3615.579	-28.907	-3586.671	0.32	1.0	0.444	3.772	0.386
2320	2.026	0.565	-3615.579	-28.907	-3586.671	0.32	1.0	0.444	3.772	0.386
2330	2.033	0.565	-3615.579	-28.907	-3586.671	0.32	1.0	0.444	3.772	0.386
2340	2.041	0.565	-3615.579	-28.907	-3586.671	0.32	1.0	0.444	3.772	0.386
2350	2.048	0.565	-3615.579	-28.907	-3586.671	0.32	1.0	0.444	3.772	0.386
2360	2.056	0.565	-3615.579	-28.907	-3586.671	0.32	1.0	0.444	3.772	0.386
2370	2.063	0.565	-3615.579	-28.907	-3586.671	0.32	1.0	0.444	3.772	0.386
2380	2.071	0.565	-3615.579	-28.907	-3586.671	0.32	1.0	0.444	3.772	0.386
2390	2.078	0.565	-3615.579	-28.907	-3586.671	0.32	1.0	0.444	3.772	0.386
2400	2.086	0.565	-3615.579	-28.907	-3586.671	0.32	1.0	0.444	3.772	0.386
2410	2.093	0.565	-3615.579	-28.907	-3586.671	0.32	1.0	0.444	3.772	0.386
2420	2.101	0.565	-3615.579	-28.907	-3586.671	0.32	1.0	0.444	3.772	0.386
2430	2.108	0.565	-3615.579	-28.907	-3586.671	0.32	1.0	0.444	3.772	0.386
2440	2.115	0.562	-3615.391	-28.825	-3586.566	0.32	1.0	0.444	3.825	0.386
2450	2.123	0.562	-3615.391	-28.825	-3586.566	0.32	1.0	0.444	3.825	0.386
2460	2.131	0.562	-3615.391	-28.825	-3586.566	0.32	1.0	0.444	3.825	0.386
2470	2.138	0.563	-3615.28	-28.644	-3586.636	0.32	1.0	0.443	3.939	0.389
2480	2.146	0.563	-3615.28	-28.644	-3586.636	0.32	1.0	0.443	3.939	0.389
2490	2.153	0.563	-3615.28	-28.644	-3586.636	0.32	1.0	0.443	3.939	0.389
2500	2.161	0.563	-3615.28	-28.644	-3586.636	0.32	1.0	0.443	3.939	0.389
2510	2.169	0.563	-3615.28	-28.644	-3586.636	0.32	1.0	0.443	3.939	0.389
2520	2.177	0.563	-3615.28	-28.644	-3586.636	0.32	1.0	0.443	3.939	0.389
2530	2.184	0.564	-3614.742	-28.867	-3585.875	0.32	1.0	0.443	3.82	0.385
2540	2.191	0.564	-3614.742	-28.867	-3585.875	0.32	1.0	0.443	3.82	0.385
2550	2.199	0.556	-3618.301	-28.76	-3589.54	0.32	1.0	0.446	3.79	0.393
2560	2.206	0.556	-3618.301	-28.76	-3589.54	0.32	1.0	0.446	3.79	0.393
2570	2.214	0.558	-3617.529	-31.149	-3586.381	0.32	1.0	0.449	2.617	0.363
2580	2.222	0.558	-3617.529	-31.149	-3586.381	0.32	1.0	0.449	2.617	0.363
2590	2.23	0.558	-3617.529	-31.149	-3586.381	0.32	1.0	0.449	2.617	0.363
2600	2.237	0.558	-3617.529	-31.149	-3586.381	0.32	1.0	0.449	2.617	0.363
2610	2.245	0.558	-3617.529	-31.149	-3586.381	0.32	1.0	0.449	2.617	0.363
2620	2.253	0.558	-3617.529	-31.149	-3586.381	0.32	1.0	0.449	2.617	0.363
2630	2.26	0.558	-3617.529	-31.149	-3586.381	0.32	1.0	0.449	2.617	0.363
2640	2.268	0.558	-3617.529	-31.149	-3586.381	0.32	1.0	0.449	2.617	0.363
2650	2.275	0.558	-3617.529	-31.149	-3586.381	0.32	1.0	0.449	2.617	0.363
2660	2.283	0.558	-3617.529	-31.149	-3586.381	0.32	1.0	0.449	2.617	0.363
2670	2.29	0.562	-3616.408	-31.898	-3584.51	0.32	1.0	0.448	2.351	0.352
2680	2.297	0.562	-3616.408	-31.898	-3584.51	0.32	1.0	0.448	2.351	0.352
2690	2.305	0.562	-3616.408	-31.898	-3584.51	0.32	1.0	0.448	2.351	0.352
2700	2.312	0.569	-3615.538	-28.58	-3586.958	0.32	1.0	0.444	3.972	0.39
2710	2.319	0.569	-3615.538	-28.58	-3586.958	0.32	1.0	0.444	3.972	0.39
2720	2.327	0.569	-3615.538	-28.58	-3586.958	0.32	1.0	0.444	3.972	0.39
2730	2.334	0.547	-3617.201	-30.679	-3586.521	0.32	1.0	0.448	2.823	0.368
2740	2.342	0.547	-3617.201	-30.679	-3586.521	0.32	1.0	0.448	2.823	0.368
2750	2.349	0.577	-3615.644	-32.192	-3583.452	0.32	1.0	0.447	2.268	0.346
2760	2.357	0.577	-3615.644	-32.192	-3583.452	0.32	1.0	0.447	2.268	0.346
2770	2.364	0.577	-3615.644	-32.192	-3583.452	0.32	1.0	0.447	2.268	0.346
2780	2.372	0.577	-3615.644	-32.192	-3583.452	0.32	1.0	0.447	2.268	0.346
2790	2.379	0.577	-3615.644	-32.192	-3583.452	0.32	1.0	0.447	2.268	0.346
2800	2.387	0.577	-3615.644	-32.192	-3583.452	0.32	1.0	0.447	2.268	0.346
2810	2.395	0.577	-3615.644	-32.192	-3583.452	0.32	1.0	0.447	2.268	0.346
2820	2.402	0.577	-3615.644	-32.192	-3583.452	0.32	1.0	0.447	2.268	0.346
2830	2.41	0.584	-3616.948	-32.321	-3584.627	0.32	1.0	0.449	2.197	0.348
2840	2.418	0.584	-3616.948	-32.321	-3584.627	0.32	1.0	0.449	2.197	0.348
2850	2.425	0.584	-3616.948	-32.321	-3584.627	0.32	1.0	0.449	2.197	0.348
2860	2.433	0.584	-3616.948	-32.321	-3584.627	0.32	1.0	0.449	2.197	0.348
2870	2.44	0.584	-3616.948	-32.321	-3584.627	0.32	1.0	0.449	2.197	0.348
2880	2.448	0.584	-3616.948	-32.321	-3584.627	0.32	1.0	0.449	2.197	0.348
2890	2.455	0.584	-3616.948	-32.321	-3584.627	0.32	1.0	0.449	2.197	0.348
2900	2.462	0.584	-3616.948	-32.321	-3584.627	0.32	1.0	0.449	2.197	0.348
2910	2.469	0.584	-3616.948	-32.321	-3584.627	0.32	1.0	0.449	2.197	0.348
2920	2.477	0.584	-3616.948	-32.321	-3584.627	0.32	1.0	0.449	2.197	0.348
2930	2.485	0.584	-3616.948	-32.321	-3584.627	0.32	1.0	0.449	2.197	0.348
2940	2.493	0.584	-3616.948	-32.321	-3584.627	0.32	1.0	0.449	2.197	0.348
2950	2.5	0.584	-3616.948	-32.321	-3584.627	0.32	1.0	0.449	2.197	0.348
2960	2.508	0.584	-3616.948	-32.321	-3584.627	0.32	1.0	0.449	2.197	0.348
2970	2.515	0.555	-3615.449	-29.276	-3586.172	0.32	1.0	0.444	3.562	0.381
2980	2.523	0.555	-3615.449	-29.276	-3586.172	0.32	1.0	0.444	3.562	0.381
2990	2.531	0.555	-3615.449	-29.276	-3586.172	0.32	1.0	0.444	3.562	0.381
3000	2.538	0.555	-3615.449	-29.276	-3586.172	0.32	1.0	0.444	3.562	0.381
3010	2.546	0.555	-3615.449	-29.276	-3586.172	0.32	1.0	0.444	3.562	0.381
3020	2.553	0.555	-3615.449	-29.276	-3586.172	0.32	1.0	0.444	3.562	0.381
3030	2.561	0.555	-3615.449	-29.276	-3586.172	0.32	1.0	0.444	3.562	0.381
3040	2.568	0.555	-3615.449	-29.276	-3586.172	0.32	1.0	0.444	3.562	0.381
3050	2.576	0.558	-3615.107	-29.038	-3586.07	0.32	1.0	0.444	3.708	0.383
3060	2.583	0.558	-3615.107	-29.038	-3586.07	0.32	1.0	0.444	3.708	0.383
3070	2.591	0.558	-3615.107	-29.038	-3586.07	0.32	1.0	0.444	3.708	0.383
3080	2.598	0.558	-3615.107	-29.038	-3586.07	0.32	1.0	0.444	3.708	0.383
3090	2.606	0.558	-3615.107	-29.038	-3586.07	0.32	1.0	0.444	3.708	0.383
3100	2.613	0.558	-3615.107	-29.038	-3586.07	0.32	1.0	0.444	3.708	0.383
3110	2.621	0.558	-3615.107	-29.038	-3586.07	0.32	1.0	0.444	3.708	0.383
3120	2.629	0.558	-3615.107	-29.038	-3586.07	0.32	1.0	0.444	3.708	0.383
3130	2.636	0.558	-3615.107	-29.038	-3586.07	0.32	1.0	0.444	3.708	0.383
3140	2.644	0.558	-3615.107	-29.038	-3586.07	0.32	1.0	0.444	3.708	0.383
3150	2.651	0.558	-3615.107	-29.038	-3586.07	0.32	1.0	0.444	3.708	0.383
3160	2.659	0.558	-3615.107	-29.038	-3586.07	0.32	1.0	0.444	3.708	0.383
3170	2.666	0.558	-3615.107	-29.038	-3586.07	0.32	1.0	0.444	3.708	0.383
3180	2.674	0.558	-3615.107	-29.038	-3586.07	0.32	1.0	0.444	3.708	0.383
3190	2.681	0.558	-3615.107	-29.038	-3586.07	0.32	1.0	0.444	3.708	0.383
3200	2.688	0.558	-3615.107	-29.038	-3586.07	0.32	1.0	0.444	3.708	0.383
3210	2.696	0.558	-3615.107	-29.038	-3586.07	0.32	1.0	0.444	3.708	0.383
3220	2.703	0.558	-3615.107	-29.038	-3586.07	0.32	1.0	0.444	3.708	0.383
3230	2.711	0.558	-3615.107	-29.038	-3586.07	0.32	1.0	0.444	3.708	0.383
3240	2.719	0.558	-3615.107	-29.038	-3586.07	0.32	1.0	0.444	3.708	0.383
3250	2.726	0.558	-3615.107	-29.038	-3586.07	0.32	1.0	0.444	3.708	0.383
3260	2.734	0.558	-3615.107	-29.038	-3586.07	0.32	1.0	0.444	3.708	0.383
3270	2.741	0.558	-3615.107	-29.038	-3586.07	0.32	1.0	0.444	3.708	0.383
3280	2.749	0.558	-3615.107	-29.038	-3586.07	0.32	1.0	0.444	3.708	0.383
3290	2.757	0.558	-3615.107	-29.038	-3586.07	0.32	1.0	0.444	3.708	0.383
3300	2.764	0.551	-3616.333	-28.728	-3587.604	0.32	1.0	0.445	3.858	0.389
3310	2.772	0.551	-3616.333	-28.728	-3587.604	0.32	1.0	0.445	3.858	0.389
3320	2.779	0.551	-3616.333	-28.728	-3587.604	0.32	1.0	0.445	3.858	0.389
3330	2.787	0.563	-3616.281	-27.288	-3588.993	0.32	1.0	0.442	4.844	0.408
3340	2.794	0.563	-3616.281	-27.288	-3588.993	0.32	1.0	0.442	4.844	0.408
3350	2.802	0.563	-3616.281	-27.288	-3588.993	0.32	1.0	0.442	4.844	0.408
3360	2.809	0.563	-3616.281	-27.288	-3588.993	0.32	1.0	0.442	4.844	0.408
3370	2.816	0.563	-3616.281	-27.288	-3588.993	0.32	1.0	0.442	4.844	0.408
3380	2.824	0.55	-3615.505	-28.972	-3586.533	0.32	1.0	0.444	3.735	0.385
3390	2.831	0.55	-3615.505	-28.972	-3586.533	0.32	1.0	0.444	3.735	0.385
3400	2.839	0.55	-3615.505	-28.972	-3586.533	0.32	1.0	0.444	3.735	0.385
3410	2.846	0.55	-3615.505	-28.972	-3586.533	0.32	1.0	0.444	3.735	0.385
3420	2.854	0.55	-3615.505	-28.972	-3586.533	0.32	1.0	0.444	3.735	0.385
3430	2.861	0.55	-3615.505	-28.972	-3586.533	0.32	1.0	0.444	3.735	0.385
3440	2.869	0.55	-3615.505	-28.972	-3586.533	0.32	1.0	0.444	3.735	0.385
3450	2.877	0.55	-3615.505	-28.972	-3586.533	0.32	1.0	0.444	3.735	0.385
3460	2.884	0.55	-3615.505	-28.972	-3586.533	0.32	1.0	0.444	3.735	0.385
3470	2.892	0.55	-3615.505	-28.972	-3586.533	0.32	1.0	0.444	3.735	0.385
3480	2.9	0.55	-3615.505	-28.972	-3586.533	0.32	1.0	0.444	3.735	0.385
3490	2.907	0.574	-3616.318	-32.058	-3584.26	0.32	1.0	0.448	2.298	0.35
3500	2.915	0.574	-3616.318	-32.058	-3584.26	0.32	1.0	0.448	2.298	0.35
3510	2.922	0.574	-3616.318	-32.058	-3584.26	0.32	1.0	0.448	2.298	0.35
3520	2.929	0.574	-3616.318	-32.058	-3584.26	0.32	1.0	0.448	2.298	0.35
3530	2.937	0.574	-3616.318	-32.058	-3584.26	0.32	1.0	0.448	2.298	0.35
3540	2.946	0.574	-3616.318	-32.058	-3584.26	0.32	1.0	0.448	2.298	0.35
3550	2.954	0.574	-3616.318	-32.058	-3584.26	0.32	1.0	0.448	2.298	0.35
3560	2.961	0.574	-3616.318	-32.058	-3584.26	0.32	1.0	0.448	2.298	0.35
3570	2.969	0.574	-3616.318	-32.058	-3584.26	0.32	1.0	0.448	2.298	0.35
3580	2.976	0.574	-3616.318	-32.058	-3584.26	0.32	1.0	0.448	2.298	0.35
3590	2.984	0.574	-3616.318	-32.058	-3584.26	0.32	1.0	0.448	2.298	0.35
3600	2.991	0.574	-3616.318	-32.058	-3584.26	0.32	1.0	0.448	2.298	0.35
3610	2.999	0.574	-3616.318	-32.058	-3584.26	0.32	1.0	0.448	2.298	0.35
3620	3.007	0.574	-3616.318	-32.058	-3584.26	0.32	1.0	0.448	2.298	0.35
3630	3.015	0.574	-3616.318	-32.058	-3584.26	0.32	1.0	0.448	2.298	0.35
3640	3.022	0.574	-3616.318	-32.058	-3584.26	0.32	1.0	0.448	2.298	0.35
3650	3.03	0.574	-3616.318	-32.058	-3584.26	0.32	1.0	0.448	2.298	0.35
3660	3.037	0.574	-3616.318	-32.058	-3584.26	0.32	1.0	0.448	2.298	0.35
3670	3.045	0.574	-3616.318	-32.058	-3584.26	0.32	1.0	0.448	2.298	0.35
3680	3.053	0.574	-3616.318	-32.058	-3584.26	0.32	1.0	0.448	2.298	0.35
3690	3.06	0.574	-3616.318	-32.058	-3584.26	0.32	1.0	0.448	2.298	0.35
3700	3.068	0.574	-3616.318	-32.058	-3584.26	0.32	1.0	0.448	2.298	0.35
3710	3.075	0.574	-3616.318	-32.058	-3584.26	0.32	1.0	0.448	2.298	0.35
3720	3.083	0.572	-3615.793	-31.373	-3584.42	0.32	1.0	0.447	2.565	0.357
3730	3.09	0.572	-3615.793	-31.373	-3584.42	0.32	1.0	0.447	2.565	0.357
3740	3.098	0.572	-3615.793	-31.373	-3584.42	0.32	1.0	0.447	2.565	0.357
3750	3.106	0.572	-3615.793	-31.373	-3584.42	0.32	1.0	0.447	2.565	0.357
3760	3.113	0.572	-3615.793	-31.373	-3584.42	0.32	1.0	0.447	2.565	0.357
3770	3.121	0.564	-3616.749	-31.561	-3585.189	0.32	1.0	0.448	2.47	0.357
3780	3.128	0.564	-3616.749	-31.561	-3585.189	0.32	1.0	0.448	2.47	0.357
3790	3.136	0.564	-3616.749	-31.561	-3585.189	0.32	1.0	0.448	2.47	0.357
3800	3.143	0.572	-3616.154	-31.945	-3584.209	0.32	1.0	0.447	2.341	0.351
3810	3.151	0.572	-3616.154	-31.945	-3584.209	0.32	1.0	0.447	2.341	0.351
3820	3.159	0.572	-3616.154	-31.945	-3584.209	0.32	1.0	0.447	2.341	0.351
3830	3.166	0.556	-3614.593	-27.923	-3586.67	0.32	1.0	0.442	4.434	0.396
3840	3.174	0.556	-3614.593	-27.923	-3586.67	0.32	1.0	0.442	4.434	0.396
3850	3.182	0.556	-3614.593	-27.923	-3586.67	0.32	1.0	0.442	4.434	0.396
3860	3.19	0.556	-3614.593	-27.923	-3586.67	0.32	1.0	0.442	4.434	0.396
3870	3.197	0.556	-3614.593	-27.923	-3586.67	0.32	1.0	0.442	4.434	0.396
3880	3.205	0.562	-3617.156	-31.302	-3585.854	0.32	1.0	0.449	2.562	0.36
3890	3.213	0.562	-3617.156	-31.302	-3585.854	0.32	1.0	0.449	2.562	0.36
3900	3.22	0.562	-3617.156	-31.302	-3585.854	0.32	1.0	0.449	2.562	0.36
3910	3.227	0.562	-3617.156	-31.302	-3585.854	0.32	1.0	0.449	2.562	0.36
3920	3.235	0.562	-3617.156	-31.302	-3585.854	0.32	1.0	0.449	2.562	0.36
3930	3.242	0.546	-3617.387	-28.028	-3589.359	0.32	1.0	0.444	4.28	0.4
3940	3.25	0.546	-3619.267	-30.849	-3588.418	0.32	1.0	0.45	2.712	0.369
3950	3.257	0.546	-3619.267	-30.849	-3588.418	0.32	1.0	0.45	2.712	0.369
3960	3.265	0.546	-3619.267	-30.849	-3588.418	0.32	1.0	0.45	2.712	0.369
3970	3.273	0.546	-3619.267	-30.849	-3588.418	0.32	1.0	0.45	2.712	0.369
3980	3.28	0.548	-3619.582	-30.524	-3589.058	0.32	1.0	0.45	2.848	0.373
3990	3.288	0.548	-3619.582	-30.524	-3589.058	0.32	1.0	0.45	2.848	0.373
