iter	hours	assortment	log_posterior	log_prior	loglik	missing	mixture	null_assortment	scale	shape
0	0.001	0.38	-7258.063	-19.609	-7238.455	0.32	1.0	0.474	7.955	1.04
10	0.009	0.375	-5279.836	-17.432	-5262.405	0.32	1.0	0.45	13.352	0.964
20	0.016	0.316	-3823.079	-20.534	-3802.545	0.32	1.0	0.446	11.244	0.617
30	0.024	0.319	-3712.026	-21.044	-3690.982	0.32	1.0	0.44	11.836	0.545
40	0.031	0.399	-3650.616	-19.598	-3631.018	0.32	1.0	0.416	19.763	0.47
50	0.038	0.466	-3633.975	-22.217	-3611.757	0.32	1.0	0.429	11.521	0.463
60	0.045	0.464	-3632.595	-23.554	-3609.041	0.32	1.0	0.428	9.533	0.435
70	0.052	0.474	-3622.64	-27.26	-3595.38	0.32	1.0	0.435	5.165	0.391
80	0.06	0.45	-3623.483	-26.624	-3596.859	0.32	1.0	0.434	5.74	0.398
90	0.067	0.46	-3624.007	-28.367	-3595.639	0.32	1.0	0.436	4.32	0.379
100	0.074	0.46	-3624.007	-28.367	-3595.639	0.32	1.0	0.436	4.32	0.379
110	0.081	0.465	-3622.94	-28.058	-3594.881	0.32	1.0	0.434	4.6	0.379
120	0.089	0.48	-3623.884	-30.42	-3593.463	0.32	1.0	0.437	3.144	0.354
130	0.096	0.48	-3623.884	-30.42	-3593.463	0.32	1.0	0.437	3.144	0.354
140	0.103	0.48	-3623.884	-30.42	-3593.463	0.32	1.0	0.437	3.144	0.354
150	0.11	0.48	-3623.884	-30.42	-3593.463	0.32	1.0	0.437	3.144	0.354
160	0.117	0.48	-3623.884	-30.42	-3593.463	0.32	1.0	0.437	3.144	0.354
170	0.125	0.48	-3623.884	-30.42	-3593.463	0.32	1.0	0.437	3.144	0.354
180	0.132	0.48	-3623.884	-30.42	-3593.463	0.32	1.0	0.437	3.144	0.354
190	0.14	0.492	-3623.436	-28.113	-3595.323	0.32	1.0	0.438	4.427	0.386
200	0.147	0.492	-3623.436	-28.113	-3595.323	0.32	1.0	0.438	4.427	0.386
210	0.154	0.492	-3623.436	-28.113	-3595.323	0.32	1.0	0.438	4.427	0.386
220	0.162	0.492	-3622.637	-27.547	-3595.09	0.32	1.0	0.437	4.881	0.391
230	0.169	0.492	-3622.637	-27.547	-3595.09	0.32	1.0	0.437	4.881	0.391
240	0.176	0.448	-3623.828	-25.942	-3597.885	0.32	1.0	0.434	6.351	0.409
250	0.183	0.454	-3625.309	-25.213	-3600.096	0.32	1.0	0.435	6.972	0.426
260	0.191	0.454	-3625.309	-25.213	-3600.096	0.32	1.0	0.435	6.972	0.426
270	0.198	0.451	-3625.623	-29.682	-3595.941	0.32	1.0	0.439	3.48	0.366
280	0.205	0.471	-3624.165	-29.971	-3594.194	0.32	1.0	0.437	3.361	0.36
290	0.212	0.47	-3624.119	-26.355	-3597.764	0.32	1.0	0.436	5.84	0.409
300	0.22	0.47	-3624.119	-26.355	-3597.764	0.32	1.0	0.436	5.84	0.409
310	0.227	0.47	-3624.119	-26.355	-3597.764	0.32	1.0	0.436	5.84	0.409
320	0.234	0.49	-3622.49	-27.148	-3595.342	0.32	1.0	0.436	5.21	0.395
330	0.242	0.512	-3623.273	-27.27	-3596.003	0.32	1.0	0.438	5.018	0.399
340	0.249	0.512	-3623.273	-27.27	-3596.003	0.32	1.0	0.438	5.018	0.399
350	0.256	0.512	-3623.273	-27.27	-3596.003	0.32	1.0	0.438	5.018	0.399
360	0.264	0.545	-3623.196	-32.154	-3591.042	0.32	1.0	0.456	2.16	0.36
370	0.271	0.545	-3623.196	-32.154	-3591.042	0.32	1.0	0.456	2.16	0.36
380	0.278	0.545	-3623.196	-32.154	-3591.042	0.32	1.0	0.456	2.16	0.36
390	0.286	0.544	-3623.517	-31.374	-3592.143	0.32	1.0	0.455	2.439	0.369
400	0.293	0.544	-3623.517	-31.374	-3592.143	0.32	1.0	0.455	2.439	0.369
410	0.301	0.513	-3623.164	-29.849	-3593.315	0.32	1.0	0.439	3.38	0.365
420	0.308	0.513	-3623.164	-29.849	-3593.315	0.32	1.0	0.439	3.38	0.365
430	0.315	0.513	-3623.164	-29.849	-3593.315	0.32	1.0	0.439	3.38	0.365
440	0.322	0.513	-3623.164	-29.849	-3593.315	0.32	1.0	0.439	3.38	0.365
450	0.33	0.513	-3623.164	-29.849	-3593.315	0.32	1.0	0.439	3.38	0.365
460	0.337	0.502	-3622.859	-28.696	-3594.164	0.32	1.0	0.438	4.06	0.378
470	0.344	0.479	-3625.294	-28.834	-3596.46	0.32	1.0	0.441	3.902	0.381
480	0.351	0.509	-3623.044	-29.386	-3593.658	0.32	1.0	0.439	3.636	0.37
490	0.358	0.509	-3623.044	-29.386	-3593.658	0.32	1.0	0.439	3.636	0.37
500	0.366	0.509	-3623.044	-29.386	-3593.658	0.32	1.0	0.439	3.636	0.37
510	0.373	0.509	-3623.044	-29.386	-3593.658	0.32	1.0	0.439	3.636	0.37
520	0.381	0.519	-3622.426	-29.375	-3593.051	0.32	1.0	0.438	3.663	0.369
530	0.388	0.519	-3622.426	-29.375	-3593.051	0.32	1.0	0.438	3.663	0.369
540	0.395	0.519	-3622.426	-29.375	-3593.051	0.32	1.0	0.438	3.663	0.369
550	0.403	0.519	-3622.426	-29.375	-3593.051	0.32	1.0	0.438	3.663	0.369
560	0.41	0.491	-3624.368	-28.763	-3595.605	0.32	1.0	0.44	3.962	0.38
570	0.417	0.491	-3624.368	-28.763	-3595.605	0.32	1.0	0.44	3.962	0.38
580	0.424	0.547	-3615.097	-28.463	-3586.634	0.32	1.0	0.443	4.059	0.39
590	0.432	0.547	-3615.097	-28.463	-3586.634	0.32	1.0	0.443	4.059	0.39
600	0.439	0.547	-3615.097	-28.463	-3586.634	0.32	1.0	0.443	4.059	0.39
610	0.447	0.547	-3615.097	-28.463	-3586.634	0.32	1.0	0.443	4.059	0.39
620	0.454	0.547	-3615.097	-28.463	-3586.634	0.32	1.0	0.443	4.059	0.39
630	0.462	0.547	-3615.097	-28.463	-3586.634	0.32	1.0	0.443	4.059	0.39
640	0.469	0.547	-3615.097	-28.463	-3586.634	0.32	1.0	0.443	4.059	0.39
650	0.476	0.547	-3615.097	-28.463	-3586.634	0.32	1.0	0.443	4.059	0.39
660	0.483	0.547	-3615.097	-28.463	-3586.634	0.32	1.0	0.443	4.059	0.39
670	0.49	0.568	-3616.517	-29.194	-3587.323	0.32	1.0	0.445	3.581	0.384
680	0.497	0.568	-3616.517	-29.194	-3587.323	0.32	1.0	0.445	3.581	0.384
690	0.505	0.568	-3616.517	-29.194	-3587.323	0.32	1.0	0.445	3.581	0.384
700	0.512	0.568	-3616.517	-29.194	-3587.323	0.32	1.0	0.445	3.581	0.384
710	0.519	0.568	-3616.517	-29.194	-3587.323	0.32	1.0	0.445	3.581	0.384
720	0.527	0.568	-3616.517	-29.194	-3587.323	0.32	1.0	0.445	3.581	0.384
730	0.534	0.568	-3616.517	-29.194	-3587.323	0.32	1.0	0.445	3.581	0.384
740	0.542	0.568	-3616.517	-29.194	-3587.323	0.32	1.0	0.445	3.581	0.384
750	0.549	0.568	-3616.517	-29.194	-3587.323	0.32	1.0	0.445	3.581	0.384
760	0.556	0.566	-3618.377	-30.755	-3587.623	0.32	1.0	0.449	2.768	0.369
770	0.563	0.562	-3616.121	-30.621	-3585.5	0.32	1.0	0.447	2.872	0.366
780	0.57	0.562	-3616.121	-30.621	-3585.5	0.32	1.0	0.447	2.872	0.366
790	0.578	0.562	-3616.121	-30.621	-3585.5	0.32	1.0	0.447	2.872	0.366
800	0.585	0.562	-3616.121	-30.621	-3585.5	0.32	1.0	0.447	2.872	0.366
810	0.592	0.562	-3616.121	-30.621	-3585.5	0.32	1.0	0.447	2.872	0.366
820	0.599	0.562	-3616.121	-30.621	-3585.5	0.32	1.0	0.447	2.872	0.366
830	0.607	0.562	-3616.121	-30.621	-3585.5	0.32	1.0	0.447	2.872	0.366
840	0.614	0.562	-3616.121	-30.621	-3585.5	0.32	1.0	0.447	2.872	0.366
850	0.622	0.562	-3616.121	-30.621	-3585.5	0.32	1.0	0.447	2.872	0.366
860	0.629	0.562	-3616.121	-30.621	-3585.5	0.32	1.0	0.447	2.872	0.366
870	0.636	0.562	-3616.121	-30.621	-3585.5	0.32	1.0	0.447	2.872	0.366
880	0.644	0.562	-3616.121	-30.621	-3585.5	0.32	1.0	0.447	2.872	0.366
890	0.651	0.562	-3616.121	-30.621	-3585.5	0.32	1.0	0.447	2.872	0.366
900	0.659	0.562	-3616.121	-30.621	-3585.5	0.32	1.0	0.447	2.872	0.366
910	0.666	0.562	-3616.121	-30.621	-3585.5	0.32	1.0	0.447	2.872	0.366
920	0.673	0.572	-3616.066	-28.65	-3587.416	0.32	1.0	0.444	3.915	0.39
930	0.681	0.572	-3616.066	-28.65	-3587.416	0.32	1.0	0.444	3.915	0.39
940	0.688	0.572	-3616.066	-28.65	-3587.416	0.32	1.0	0.444	3.915	0.39
950	0.695	0.572	-3616.066	-28.65	-3587.416	0.32	1.0	0.444	3.915	0.39
960	0.702	0.553	-3615.525	-29.882	-3585.643	0.32	1.0	0.445	3.238	0.374
970	0.71	0.553	-3615.525	-29.882	-3585.643	0.32	1.0	0.445	3.238	0.374
980	0.717	0.553	-3615.525	-29.882	-3585.643	0.32	1.0	0.445	3.238	0.374
990	0.724	0.553	-3615.525	-29.882	-3585.643	0.32	1.0	0.445	3.238	0.374
1000	0.731	0.553	-3615.525	-29.882	-3585.643	0.32	1.0	0.445	3.238	0.374
1010	0.739	0.553	-3615.525	-29.882	-3585.643	0.32	1.0	0.445	3.238	0.374
1020	0.746	0.553	-3615.525	-29.882	-3585.643	0.32	1.0	0.445	3.238	0.374
1030	0.753	0.553	-3615.525	-29.882	-3585.643	0.32	1.0	0.445	3.238	0.374
1040	0.761	0.553	-3615.525	-29.882	-3585.643	0.32	1.0	0.445	3.238	0.374
1050	0.768	0.553	-3615.525	-29.882	-3585.643	0.32	1.0	0.445	3.238	0.374
1060	0.776	0.553	-3615.525	-29.882	-3585.643	0.32	1.0	0.445	3.238	0.374
1070	0.783	0.553	-3615.525	-29.882	-3585.643	0.32	1.0	0.445	3.238	0.374
1080	0.79	0.553	-3615.525	-29.882	-3585.643	0.32	1.0	0.445	3.238	0.374
1090	0.798	0.553	-3615.525	-29.882	-3585.643	0.32	1.0	0.445	3.238	0.374
1100	0.805	0.553	-3615.525	-29.882	-3585.643	0.32	1.0	0.445	3.238	0.374
1110	0.813	0.553	-3615.525	-29.882	-3585.643	0.32	1.0	0.445	3.238	0.374
1120	0.82	0.553	-3615.525	-29.882	-3585.643	0.32	1.0	0.445	3.238	0.374
1130	0.827	0.553	-3615.525	-29.882	-3585.643	0.32	1.0	0.445	3.238	0.374
1140	0.834	0.553	-3615.525	-29.882	-3585.643	0.32	1.0	0.445	3.238	0.374
1150	0.842	0.553	-3615.525	-29.882	-3585.643	0.32	1.0	0.445	3.238	0.374
1160	0.849	0.553	-3615.525	-29.882	-3585.643	0.32	1.0	0.445	3.238	0.374
1170	0.856	0.553	-3615.525	-29.882	-3585.643	0.32	1.0	0.445	3.238	0.374
1180	0.863	0.553	-3615.525	-29.882	-3585.643	0.32	1.0	0.445	3.238	0.374
1190	0.871	0.553	-3615.525	-29.882	-3585.643	0.32	1.0	0.445	3.238	0.374
1200	0.878	0.553	-3615.525	-29.882	-3585.643	0.32	1.0	0.445	3.238	0.374
1210	0.885	0.553	-3615.525	-29.882	-3585.643	0.32	1.0	0.445	3.238	0.374
1220	0.892	0.553	-3615.525	-29.882	-3585.643	0.32	1.0	0.445	3.238	0.374
1230	0.9	0.553	-3615.525	-29.882	-3585.643	0.32	1.0	0.445	3.238	0.374
1240	0.907	0.553	-3615.525	-29.882	-3585.643	0.32	1.0	0.445	3.238	0.374
1250	0.914	0.553	-3615.525	-29.882	-3585.643	0.32	1.0	0.445	3.238	0.374
1260	0.921	0.553	-3615.525	-29.882	-3585.643	0.32	1.0	0.445	3.238	0.374
1270	0.929	0.553	-3615.525	-29.882	-3585.643	0.32	1.0	0.445	3.238	0.374
1280	0.936	0.553	-3615.525	-29.882	-3585.643	0.32	1.0	0.445	3.238	0.374
1290	0.943	0.553	-3615.525	-29.882	-3585.643	0.32	1.0	0.445	3.238	0.374
1300	0.951	0.553	-3615.525	-29.882	-3585.643	0.32	1.0	0.445	3.238	0.374
1310	0.958	0.553	-3615.525	-29.882	-3585.643	0.32	1.0	0.445	3.238	0.374
1320	0.966	0.553	-3615.525	-29.882	-3585.643	0.32	1.0	0.445	3.238	0.374
1330	0.973	0.553	-3615.525	-29.882	-3585.643	0.32	1.0	0.445	3.238	0.374
1340	0.981	0.553	-3615.525	-29.882	-3585.643	0.32	1.0	0.445	3.238	0.374
1350	0.988	0.553	-3615.525	-29.882	-3585.643	0.32	1.0	0.445	3.238	0.374
1360	0.995	0.553	-3615.525	-29.882	-3585.643	0.32	1.0	0.445	3.238	0.374
1370	1.003	0.553	-3615.525	-29.882	-3585.643	0.32	1.0	0.445	3.238	0.374
1380	1.01	0.553	-3615.525	-29.882	-3585.643	0.32	1.0	0.445	3.238	0.374
1390	1.017	0.553	-3615.525	-29.882	-3585.643	0.32	1.0	0.445	3.238	0.374
1400	1.025	0.553	-3615.525	-29.882	-3585.643	0.32	1.0	0.445	3.238	0.374
1410	1.032	0.553	-3615.525	-29.882	-3585.643	0.32	1.0	0.445	3.238	0.374
1420	1.039	0.553	-3615.525	-29.882	-3585.643	0.32	1.0	0.445	3.238	0.374
1430	1.046	0.553	-3615.525	-29.882	-3585.643	0.32	1.0	0.445	3.238	0.374
1440	1.054	0.553	-3615.525	-29.882	-3585.643	0.32	1.0	0.445	3.238	0.374
1450	1.061	0.553	-3615.525	-29.882	-3585.643	0.32	1.0	0.445	3.238	0.374
1460	1.068	0.553	-3615.525	-29.882	-3585.643	0.32	1.0	0.445	3.238	0.374
1470	1.076	0.553	-3615.525	-29.882	-3585.643	0.32	1.0	0.445	3.238	0.374
1480	1.083	0.553	-3615.525	-29.882	-3585.643	0.32	1.0	0.445	3.238	0.374
1490	1.09	0.553	-3615.525	-29.882	-3585.643	0.32	1.0	0.445	3.238	0.374
1500	1.098	0.553	-3615.525	-29.882	-3585.643	0.32	1.0	0.445	3.238	0.374
1510	1.105	0.553	-3615.525	-29.882	-3585.643	0.32	1.0	0.445	3.238	0.374
1520	1.113	0.583	-3616.248	-30.693	-3585.554	0.32	1.0	0.447	2.843	0.365
1530	1.12	0.583	-3616.248	-30.693	-3585.554	0.32	1.0	0.447	2.843	0.365
1540	1.127	0.583	-3616.248	-30.693	-3585.554	0.32	1.0	0.447	2.843	0.365
1550	1.135	0.583	-3616.248	-30.693	-3585.554	0.32	1.0	0.447	2.843	0.365
1560	1.142	0.583	-3616.248	-30.693	-3585.554	0.32	1.0	0.447	2.843	0.365
1570	1.149	0.583	-3616.248	-30.693	-3585.554	0.32	1.0	0.447	2.843	0.365
1580	1.156	0.583	-3616.248	-30.693	-3585.554	0.32	1.0	0.447	2.843	0.365
1590	1.164	0.583	-3616.248	-30.693	-3585.554	0.32	1.0	0.447	2.843	0.365
1600	1.171	0.583	-3616.248	-30.693	-3585.554	0.32	1.0	0.447	2.843	0.365
1610	1.178	0.583	-3616.248	-30.693	-3585.554	0.32	1.0	0.447	2.843	0.365
1620	1.185	0.583	-3616.248	-30.693	-3585.554	0.32	1.0	0.447	2.843	0.365
1630	1.193	0.583	-3616.248	-30.693	-3585.554	0.32	1.0	0.447	2.843	0.365
1640	1.2	0.583	-3616.248	-30.693	-3585.554	0.32	1.0	0.447	2.843	0.365
1650	1.208	0.583	-3616.248	-30.693	-3585.554	0.32	1.0	0.447	2.843	0.365
1660	1.215	0.583	-3616.248	-30.693	-3585.554	0.32	1.0	0.447	2.843	0.365
1670	1.223	0.583	-3616.248	-30.693	-3585.554	0.32	1.0	0.447	2.843	0.365
1680	1.23	0.583	-3616.248	-30.693	-3585.554	0.32	1.0	0.447	2.843	0.365
1690	1.238	0.583	-3616.248	-30.693	-3585.554	0.32	1.0	0.447	2.843	0.365
1700	1.246	0.583	-3616.248	-30.693	-3585.554	0.32	1.0	0.447	2.843	0.365
1710	1.253	0.583	-3616.248	-30.693	-3585.554	0.32	1.0	0.447	2.843	0.365
1720	1.26	0.583	-3616.248	-30.693	-3585.554	0.32	1.0	0.447	2.843	0.365
1730	1.268	0.583	-3616.248	-30.693	-3585.554	0.32	1.0	0.447	2.843	0.365
1740	1.275	0.583	-3616.248	-30.693	-3585.554	0.32	1.0	0.447	2.843	0.365
1750	1.282	0.583	-3616.248	-30.693	-3585.554	0.32	1.0	0.447	2.843	0.365
1760	1.29	0.583	-3616.248	-30.693	-3585.554	0.32	1.0	0.447	2.843	0.365
1770	1.297	0.583	-3616.248	-30.693	-3585.554	0.32	1.0	0.447	2.843	0.365
1780	1.304	0.583	-3616.248	-30.693	-3585.554	0.32	1.0	0.447	2.843	0.365
1790	1.312	0.583	-3616.248	-30.693	-3585.554	0.32	1.0	0.447	2.843	0.365
1800	1.319	0.583	-3616.248	-30.693	-3585.554	0.32	1.0	0.447	2.843	0.365
1810	1.326	0.576	-3616.047	-32.48	-3583.566	0.32	1.0	0.447	2.161	0.344
1820	1.333	0.576	-3616.047	-32.48	-3583.566	0.32	1.0	0.447	2.161	0.344
1830	1.341	0.576	-3616.047	-32.48	-3583.566	0.32	1.0	0.447	2.161	0.344
1840	1.348	0.576	-3616.047	-32.48	-3583.566	0.32	1.0	0.447	2.161	0.344
1850	1.356	0.576	-3616.047	-32.48	-3583.566	0.32	1.0	0.447	2.161	0.344
1860	1.363	0.576	-3616.047	-32.48	-3583.566	0.32	1.0	0.447	2.161	0.344
1870	1.371	0.577	-3617.455	-33.346	-3584.109	0.32	1.0	0.45	1.867	0.338
1880	1.379	0.577	-3617.455	-33.346	-3584.109	0.32	1.0	0.45	1.867	0.338
1890	1.388	0.577	-3617.455	-33.346	-3584.109	0.32	1.0	0.45	1.867	0.338
1900	1.396	0.577	-3617.455	-33.346	-3584.109	0.32	1.0	0.45	1.867	0.338
1910	1.404	0.577	-3617.455	-33.346	-3584.109	0.32	1.0	0.45	1.867	0.338
1920	1.411	0.577	-3617.455	-33.346	-3584.109	0.32	1.0	0.45	1.867	0.338
1930	1.418	0.577	-3617.455	-33.346	-3584.109	0.32	1.0	0.45	1.867	0.338
1940	1.425	0.577	-3617.455	-33.346	-3584.109	0.32	1.0	0.45	1.867	0.338
1950	1.433	0.579	-3618.456	-32.48	-3585.975	0.32	1.0	0.451	2.115	0.349
1960	1.44	0.578	-3618.83	-29.809	-3589.021	0.32	1.0	0.448	3.205	0.38
1970	1.447	0.578	-3618.83	-29.809	-3589.021	0.32	1.0	0.448	3.205	0.38
1980	1.454	0.573	-3616.703	-29.666	-3587.037	0.32	1.0	0.446	3.323	0.379
1990	1.461	0.573	-3616.703	-29.666	-3587.037	0.32	1.0	0.446	3.323	0.379
2000	1.469	0.573	-3616.703	-29.666	-3587.037	0.32	1.0	0.446	3.323	0.379
2010	1.476	0.573	-3616.703	-29.666	-3587.037	0.32	1.0	0.446	3.323	0.379
2020	1.483	0.573	-3616.703	-29.666	-3587.037	0.32	1.0	0.446	3.323	0.379
2030	1.491	0.573	-3616.703	-29.666	-3587.037	0.32	1.0	0.446	3.323	0.379
2040	1.498	0.578	-3616.243	-30.885	-3585.358	0.32	1.0	0.447	2.758	0.363
2050	1.506	0.578	-3616.243	-30.885	-3585.358	0.32	1.0	0.447	2.758	0.363
2060	1.513	0.571	-3615.435	-29.907	-3585.528	0.32	1.0	0.445	3.231	0.373
2070	1.521	0.571	-3615.435	-29.907	-3585.528	0.32	1.0	0.445	3.231	0.373
2080	1.528	0.571	-3615.435	-29.907	-3585.528	0.32	1.0	0.445	3.231	0.373
2090	1.536	0.571	-3615.435	-29.907	-3585.528	0.32	1.0	0.445	3.231	0.373
2100	1.543	0.571	-3615.435	-29.907	-3585.528	0.32	1.0	0.445	3.231	0.373
2110	1.551	0.571	-3615.435	-29.907	-3585.528	0.32	1.0	0.445	3.231	0.373
2120	1.558	0.571	-3615.435	-29.907	-3585.528	0.32	1.0	0.445	3.231	0.373
2130	1.565	0.571	-3615.435	-29.907	-3585.528	0.32	1.0	0.445	3.231	0.373
2140	1.573	0.571	-3615.435	-29.907	-3585.528	0.32	1.0	0.445	3.231	0.373
2150	1.58	0.571	-3615.435	-29.907	-3585.528	0.32	1.0	0.445	3.231	0.373
2160	1.587	0.571	-3615.435	-29.907	-3585.528	0.32	1.0	0.445	3.231	0.373
2170	1.594	0.571	-3615.435	-29.907	-3585.528	0.32	1.0	0.445	3.231	0.373
2180	1.602	0.571	-3615.435	-29.907	-3585.528	0.32	1.0	0.445	3.231	0.373
2190	1.609	0.571	-3615.435	-29.907	-3585.528	0.32	1.0	0.445	3.231	0.373
2200	1.616	0.571	-3615.435	-29.907	-3585.528	0.32	1.0	0.445	3.231	0.373
2210	1.623	0.571	-3615.435	-29.907	-3585.528	0.32	1.0	0.445	3.231	0.373
2220	1.63	0.571	-3615.435	-29.907	-3585.528	0.32	1.0	0.445	3.231	0.373
2230	1.638	0.571	-3615.435	-29.907	-3585.528	0.32	1.0	0.445	3.231	0.373
2240	1.645	0.571	-3615.435	-29.907	-3585.528	0.32	1.0	0.445	3.231	0.373
2250	1.652	0.571	-3615.435	-29.907	-3585.528	0.32	1.0	0.445	3.231	0.373
2260	1.66	0.571	-3615.435	-29.907	-3585.528	0.32	1.0	0.445	3.231	0.373
2270	1.667	0.571	-3615.435	-29.907	-3585.528	0.32	1.0	0.445	3.231	0.373
2280	1.675	0.571	-3615.435	-29.907	-3585.528	0.32	1.0	0.445	3.231	0.373
2290	1.682	0.571	-3615.435	-29.907	-3585.528	0.32	1.0	0.445	3.231	0.373
2300	1.689	0.571	-3615.435	-29.907	-3585.528	0.32	1.0	0.445	3.231	0.373
2310	1.697	0.571	-3615.435	-29.907	-3585.528	0.32	1.0	0.445	3.231	0.373
2320	1.704	0.571	-3615.435	-29.907	-3585.528	0.32	1.0	0.445	3.231	0.373
2330	1.711	0.571	-3615.435	-29.907	-3585.528	0.32	1.0	0.445	3.231	0.373
2340	1.718	0.571	-3615.435	-29.907	-3585.528	0.32	1.0	0.445	3.231	0.373
2350	1.725	0.571	-3615.435	-29.907	-3585.528	0.32	1.0	0.445	3.231	0.373
2360	1.733	0.571	-3615.435	-29.907	-3585.528	0.32	1.0	0.445	3.231	0.373
2370	1.74	0.571	-3615.435	-29.907	-3585.528	0.32	1.0	0.445	3.231	0.373
2380	1.747	0.571	-3615.435	-29.907	-3585.528	0.32	1.0	0.445	3.231	0.373
2390	1.755	0.571	-3615.435	-29.907	-3585.528	0.32	1.0	0.445	3.231	0.373
2400	1.764	0.571	-3615.435	-29.907	-3585.528	0.32	1.0	0.445	3.231	0.373
2410	1.774	0.571	-3615.435	-29.907	-3585.528	0.32	1.0	0.445	3.231	0.373
2420	1.784	0.571	-3615.435	-29.907	-3585.528	0.32	1.0	0.445	3.231	0.373
2430	1.794	0.557	-3615.626	-30.086	-3585.54	0.32	1.0	0.445	3.135	0.372
2440	1.803	0.557	-3615.626	-30.086	-3585.54	0.32	1.0	0.445	3.135	0.372
2450	1.812	0.557	-3615.626	-30.086	-3585.54	0.32	1.0	0.445	3.135	0.372
2460	1.822	0.557	-3615.626	-30.086	-3585.54	0.32	1.0	0.445	3.135	0.372
2470	1.831	0.557	-3615.626	-30.086	-3585.54	0.32	1.0	0.445	3.135	0.372
2480	1.841	0.557	-3615.626	-30.086	-3585.54	0.32	1.0	0.445	3.135	0.372
2490	1.851	0.557	-3615.626	-30.086	-3585.54	0.32	1.0	0.445	3.135	0.372
2500	1.861	0.557	-3615.626	-30.086	-3585.54	0.32	1.0	0.445	3.135	0.372
2510	1.871	0.557	-3615.626	-30.086	-3585.54	0.32	1.0	0.445	3.135	0.372
2520	1.88	0.557	-3615.626	-30.086	-3585.54	0.32	1.0	0.445	3.135	0.372
2530	1.89	0.557	-3615.626	-30.086	-3585.54	0.32	1.0	0.445	3.135	0.372
2540	1.9	0.557	-3615.626	-30.086	-3585.54	0.32	1.0	0.445	3.135	0.372
2550	1.909	0.557	-3615.626	-30.086	-3585.54	0.32	1.0	0.445	3.135	0.372
2560	1.918	0.557	-3615.626	-30.086	-3585.54	0.32	1.0	0.445	3.135	0.372
2570	1.928	0.557	-3615.626	-30.086	-3585.54	0.32	1.0	0.445	3.135	0.372
2580	1.938	0.557	-3615.626	-30.086	-3585.54	0.32	1.0	0.445	3.135	0.372
2590	1.947	0.557	-3615.626	-30.086	-3585.54	0.32	1.0	0.445	3.135	0.372
2600	1.957	0.557	-3615.626	-30.086	-3585.54	0.32	1.0	0.445	3.135	0.372
2610	1.967	0.557	-3615.626	-30.086	-3585.54	0.32	1.0	0.445	3.135	0.372
2620	1.976	0.557	-3615.626	-30.086	-3585.54	0.32	1.0	0.445	3.135	0.372
2630	1.986	0.557	-3615.626	-30.086	-3585.54	0.32	1.0	0.445	3.135	0.372
2640	1.995	0.557	-3615.626	-30.086	-3585.54	0.32	1.0	0.445	3.135	0.372
2650	2.005	0.557	-3615.626	-30.086	-3585.54	0.32	1.0	0.445	3.135	0.372
2660	2.015	0.557	-3615.626	-30.086	-3585.54	0.32	1.0	0.445	3.135	0.372
2670	2.024	0.57	-3616.079	-30.934	-3585.146	0.32	1.0	0.447	2.738	0.362
2680	2.034	0.57	-3616.079	-30.934	-3585.146	0.32	1.0	0.447	2.738	0.362
2690	2.043	0.57	-3616.079	-30.934	-3585.146	0.32	1.0	0.447	2.738	0.362
2700	2.053	0.57	-3616.079	-30.934	-3585.146	0.32	1.0	0.447	2.738	0.362
2710	2.062	0.57	-3616.079	-30.934	-3585.146	0.32	1.0	0.447	2.738	0.362
2720	2.072	0.57	-3616.079	-30.934	-3585.146	0.32	1.0	0.447	2.738	0.362
2730	2.081	0.57	-3616.079	-30.934	-3585.146	0.32	1.0	0.447	2.738	0.362
2740	2.091	0.57	-3616.079	-30.934	-3585.146	0.32	1.0	0.447	2.738	0.362
2750	2.1	0.57	-3616.079	-30.934	-3585.146	0.32	1.0	0.447	2.738	0.362
2760	2.11	0.57	-3616.079	-30.934	-3585.146	0.32	1.0	0.447	2.738	0.362
2770	2.119	0.57	-3616.079	-30.934	-3585.146	0.32	1.0	0.447	2.738	0.362
2780	2.129	0.57	-3616.079	-30.934	-3585.146	0.32	1.0	0.447	2.738	0.362
2790	2.138	0.57	-3616.079	-30.934	-3585.146	0.32	1.0	0.447	2.738	0.362
2800	2.148	0.57	-3616.079	-30.934	-3585.146	0.32	1.0	0.447	2.738	0.362
2810	2.157	0.57	-3616.079	-30.934	-3585.146	0.32	1.0	0.447	2.738	0.362
2820	2.167	0.57	-3616.079	-30.934	-3585.146	0.32	1.0	0.447	2.738	0.362
2830	2.177	0.57	-3616.079	-30.934	-3585.146	0.32	1.0	0.447	2.738	0.362
2840	2.186	0.57	-3616.079	-30.934	-3585.146	0.32	1.0	0.447	2.738	0.362
2850	2.195	0.57	-3616.079	-30.934	-3585.146	0.32	1.0	0.447	2.738	0.362
2860	2.205	0.567	-3615.969	-31.627	-3584.341	0.32	1.0	0.447	2.462	0.354
2870	2.214	0.567	-3615.969	-31.627	-3584.341	0.32	1.0	0.447	2.462	0.354
2880	2.224	0.567	-3615.969	-31.627	-3584.341	0.32	1.0	0.447	2.462	0.354
2890	2.233	0.567	-3615.969	-31.627	-3584.341	0.32	1.0	0.447	2.462	0.354
2900	2.243	0.567	-3615.969	-31.627	-3584.341	0.32	1.0	0.447	2.462	0.354
2910	2.252	0.567	-3615.969	-31.627	-3584.341	0.32	1.0	0.447	2.462	0.354
2920	2.261	0.567	-3615.969	-31.627	-3584.341	0.32	1.0	0.447	2.462	0.354
2930	2.271	0.567	-3615.969	-31.627	-3584.341	0.32	1.0	0.447	2.462	0.354
2940	2.28	0.567	-3615.969	-31.627	-3584.341	0.32	1.0	0.447	2.462	0.354
2950	2.29	0.567	-3615.969	-31.627	-3584.341	0.32	1.0	0.447	2.462	0.354
2960	2.299	0.567	-3615.969	-31.627	-3584.341	0.32	1.0	0.447	2.462	0.354
2970	2.309	0.567	-3615.969	-31.627	-3584.341	0.32	1.0	0.447	2.462	0.354
2980	2.318	0.567	-3615.969	-31.627	-3584.341	0.32	1.0	0.447	2.462	0.354
2990	2.327	0.567	-3615.969	-31.627	-3584.341	0.32	1.0	0.447	2.462	0.354
3000	2.336	0.567	-3615.969	-31.627	-3584.341	0.32	1.0	0.447	2.462	0.354
3010	2.345	0.567	-3615.969	-31.627	-3584.341	0.32	1.0	0.447	2.462	0.354
3020	2.355	0.567	-3615.969	-31.627	-3584.341	0.32	1.0	0.447	2.462	0.354
3030	2.364	0.567	-3615.969	-31.627	-3584.341	0.32	1.0	0.447	2.462	0.354
3040	2.373	0.567	-3615.969	-31.627	-3584.341	0.32	1.0	0.447	2.462	0.354
3050	2.382	0.567	-3615.969	-31.627	-3584.341	0.32	1.0	0.447	2.462	0.354
3060	2.392	0.567	-3615.969	-31.627	-3584.341	0.32	1.0	0.447	2.462	0.354
3070	2.401	0.567	-3615.969	-31.627	-3584.341	0.32	1.0	0.447	2.462	0.354
3080	2.411	0.567	-3615.969	-31.627	-3584.341	0.32	1.0	0.447	2.462	0.354
3090	2.42	0.567	-3615.969	-31.627	-3584.341	0.32	1.0	0.447	2.462	0.354
3100	2.429	0.567	-3615.969	-31.627	-3584.341	0.32	1.0	0.447	2.462	0.354
3110	2.439	0.567	-3615.969	-31.627	-3584.341	0.32	1.0	0.447	2.462	0.354
3120	2.448	0.567	-3615.969	-31.627	-3584.341	0.32	1.0	0.447	2.462	0.354
3130	2.457	0.567	-3615.969	-31.627	-3584.341	0.32	1.0	0.447	2.462	0.354
3140	2.467	0.567	-3615.969	-31.627	-3584.341	0.32	1.0	0.447	2.462	0.354
3150	2.476	0.567	-3615.969	-31.627	-3584.341	0.32	1.0	0.447	2.462	0.354
3160	2.485	0.567	-3615.969	-31.627	-3584.341	0.32	1.0	0.447	2.462	0.354
3170	2.494	0.567	-3615.969	-31.627	-3584.341	0.32	1.0	0.447	2.462	0.354
3180	2.504	0.567	-3615.969	-31.627	-3584.341	0.32	1.0	0.447	2.462	0.354
3190	2.513	0.567	-3615.969	-31.627	-3584.341	0.32	1.0	0.447	2.462	0.354
3200	2.522	0.567	-3615.969	-31.627	-3584.341	0.32	1.0	0.447	2.462	0.354
3210	2.531	0.567	-3615.969	-31.627	-3584.341	0.32	1.0	0.447	2.462	0.354
3220	2.54	0.567	-3615.969	-31.627	-3584.341	0.32	1.0	0.447	2.462	0.354
3230	2.549	0.567	-3614.834	-30.274	-3584.56	0.32	1.0	0.444	3.067	0.367
3240	2.558	0.567	-3614.834	-30.274	-3584.56	0.32	1.0	0.444	3.067	0.367
3250	2.568	0.567	-3614.834	-30.274	-3584.56	0.32	1.0	0.444	3.067	0.367
3260	2.577	0.567	-3614.834	-30.274	-3584.56	0.32	1.0	0.444	3.067	0.367
3270	2.586	0.567	-3614.834	-30.274	-3584.56	0.32	1.0	0.444	3.067	0.367
3280	2.596	0.567	-3614.834	-30.274	-3584.56	0.32	1.0	0.444	3.067	0.367
3290	2.605	0.567	-3614.834	-30.274	-3584.56	0.32	1.0	0.444	3.067	0.367
3300	2.614	0.567	-3614.834	-30.274	-3584.56	0.32	1.0	0.444	3.067	0.367
3310	2.624	0.567	-3614.834	-30.274	-3584.56	0.32	1.0	0.444	3.067	0.367
3320	2.633	0.567	-3614.834	-30.274	-3584.56	0.32	1.0	0.444	3.067	0.367
3330	2.643	0.567	-3614.834	-30.274	-3584.56	0.32	1.0	0.444	3.067	0.367
3340	2.652	0.567	-3614.834	-30.274	-3584.56	0.32	1.0	0.444	3.067	0.367
3350	2.662	0.567	-3614.834	-30.274	-3584.56	0.32	1.0	0.444	3.067	0.367
3360	2.671	0.567	-3614.834	-30.274	-3584.56	0.32	1.0	0.444	3.067	0.367
3370	2.68	0.567	-3614.834	-30.274	-3584.56	0.32	1.0	0.444	3.067	0.367
3380	2.69	0.567	-3614.834	-30.274	-3584.56	0.32	1.0	0.444	3.067	0.367
3390	2.699	0.567	-3614.834	-30.274	-3584.56	0.32	1.0	0.444	3.067	0.367
3400	2.708	0.567	-3614.834	-30.274	-3584.56	0.32	1.0	0.444	3.067	0.367
3410	2.718	0.567	-3614.834	-30.274	-3584.56	0.32	1.0	0.444	3.067	0.367
3420	2.727	0.567	-3614.834	-30.274	-3584.56	0.32	1.0	0.444	3.067	0.367
3430	2.736	0.567	-3614.834	-30.274	-3584.56	0.32	1.0	0.444	3.067	0.367
3440	2.746	0.567	-3614.834	-30.274	-3584.56	0.32	1.0	0.444	3.067	0.367
3450	2.755	0.567	-3614.834	-30.274	-3584.56	0.32	1.0	0.444	3.067	0.367
3460	2.764	0.567	-3614.834	-30.274	-3584.56	0.32	1.0	0.444	3.067	0.367
3470	2.773	0.567	-3614.834	-30.274	-3584.56	0.32	1.0	0.444	3.067	0.367
3480	2.782	0.567	-3614.834	-30.274	-3584.56	0.32	1.0	0.444	3.067	0.367
3490	2.791	0.567	-3614.834	-30.274	-3584.56	0.32	1.0	0.444	3.067	0.367
3500	2.799	0.567	-3614.834	-30.274	-3584.56	0.32	1.0	0.444	3.067	0.367
3510	2.808	0.565	-3616.841	-30.158	-3586.683	0.32	1.0	0.447	3.072	0.373
3520	2.817	0.565	-3616.841	-30.158	-3586.683	0.32	1.0	0.447	3.072	0.373
3530	2.825	0.565	-3616.841	-30.158	-3586.683	0.32	1.0	0.447	3.072	0.373
3540	2.834	0.557	-3615.367	-28.539	-3586.828	0.32	1.0	0.443	4.001	0.39
3550	2.843	0.557	-3615.367	-28.539	-3586.828	0.32	1.0	0.443	4.001	0.39
3560	2.851	0.537	-3617.583	-28.632	-3588.951	0.32	1.0	0.445	3.887	0.393
3570	2.86	0.537	-3617.583	-28.632	-3588.951	0.32	1.0	0.445	3.887	0.393
3580	2.869	0.541	-3616.896	-29.696	-3587.2	0.32	1.0	0.446	3.302	0.379
3590	2.877	0.541	-3616.896	-29.696	-3587.2	0.32	1.0	0.446	3.302	0.379
3600	2.886	0.558	-3614.306	-29.173	-3585.133	0.32	1.0	0.443	3.654	0.38
3610	2.894	0.558	-3614.306	-29.173	-3585.133	0.32	1.0	0.443	3.654	0.38
3620	2.903	0.558	-3614.306	-29.173	-3585.133	0.32	1.0	0.443	3.654	0.38
3630	2.911	0.558	-3614.306	-29.173	-3585.133	0.32	1.0	0.443	3.654	0.38
3640	2.92	0.558	-3614.306	-29.173	-3585.133	0.32	1.0	0.443	3.654	0.38
3650	2.928	0.558	-3614.306	-29.173	-3585.133	0.32	1.0	0.443	3.654	0.38
3660	2.937	0.558	-3614.306	-29.173	-3585.133	0.32	1.0	0.443	3.654	0.38
3670	2.947	0.558	-3614.306	-29.173	-3585.133	0.32	1.0	0.443	3.654	0.38
3680	2.956	0.558	-3614.306	-29.173	-3585.133	0.32	1.0	0.443	3.654	0.38
3690	2.966	0.558	-3614.306	-29.173	-3585.133	0.32	1.0	0.443	3.654	0.38
3700	2.976	0.558	-3614.306	-29.173	-3585.133	0.32	1.0	0.443	3.654	0.38
3710	2.985	0.558	-3614.306	-29.173	-3585.133	0.32	1.0	0.443	3.654	0.38
3720	2.995	0.558	-3614.306	-29.173	-3585.133	0.32	1.0	0.443	3.654	0.38
3730	3.004	0.558	-3614.306	-29.173	-3585.133	0.32	1.0	0.443	3.654	0.38
3740	3.014	0.558	-3614.306	-29.173	-3585.133	0.32	1.0	0.443	3.654	0.38
3750	3.023	0.558	-3614.306	-29.173	-3585.133	0.32	1.0	0.443	3.654	0.38
3760	3.033	0.558	-3614.306	-29.173	-3585.133	0.32	1.0	0.443	3.654	0.38
3770	3.042	0.558	-3614.306	-29.173	-3585.133	0.32	1.0	0.443	3.654	0.38
3780	3.051	0.558	-3614.306	-29.173	-3585.133	0.32	1.0	0.443	3.654	0.38
3790	3.06	0.558	-3614.306	-29.173	-3585.133	0.32	1.0	0.443	3.654	0.38
3800	3.07	0.578	-3615.611	-30.257	-3585.354	0.32	1.0	0.445	3.057	0.369
3810	3.079	0.578	-3615.611	-30.257	-3585.354	0.32	1.0	0.445	3.057	0.369
3820	3.089	0.578	-3615.611	-30.257	-3585.354	0.32	1.0	0.445	3.057	0.369
3830	3.098	0.578	-3615.611	-30.257	-3585.354	0.32	1.0	0.445	3.057	0.369
3840	3.108	0.578	-3615.611	-30.257	-3585.354	0.32	1.0	0.445	3.057	0.369
3850	3.117	0.578	-3615.611	-30.257	-3585.354	0.32	1.0	0.445	3.057	0.369
3860	3.126	0.578	-3615.611	-30.257	-3585.354	0.32	1.0	0.445	3.057	0.369
3870	3.136	0.578	-3615.611	-30.257	-3585.354	0.32	1.0	0.445	3.057	0.369
3880	3.145	0.578	-3615.611	-30.257	-3585.354	0.32	1.0	0.445	3.057	0.369
3890	3.154	0.578	-3615.611	-30.257	-3585.354	0.32	1.0	0.445	3.057	0.369
3900	3.164	0.578	-3615.611	-30.257	-3585.354	0.32	1.0	0.445	3.057	0.369
3910	3.173	0.578	-3615.611	-30.257	-3585.354	0.32	1.0	0.445	3.057	0.369
3920	3.182	0.578	-3615.611	-30.257	-3585.354	0.32	1.0	0.445	3.057	0.369
3930	3.192	0.578	-3615.611	-30.257	-3585.354	0.32	1.0	0.445	3.057	0.369
3940	3.201	0.578	-3615.611	-30.257	-3585.354	0.32	1.0	0.445	3.057	0.369
3950	3.21	0.578	-3615.611	-30.257	-3585.354	0.32	1.0	0.445	3.057	0.369
3960	3.219	0.578	-3615.611	-30.257	-3585.354	0.32	1.0	0.445	3.057	0.369
3970	3.228	0.578	-3615.611	-30.257	-3585.354	0.32	1.0	0.445	3.057	0.369
3980	3.237	0.578	-3615.611	-30.257	-3585.354	0.32	1.0	0.445	3.057	0.369
3990	3.247	0.552	-3615.68	-29.621	-3586.058	0.32	1.0	0.445	3.369	0.377
