iter	hours	assortment	log_posterior	log_prior	loglik	missing	mixture	null_assortment	scale	shape
0	0.001	0.628	-3720.209	-17.644	-3702.565	0.32	1.0	0.38	40.673	0.392
10	0.009	0.61	-3636.271	-15.876	-3620.395	0.32	1.0	0.417	35.359	0.559
20	0.016	0.576	-3634.981	-16.037	-3618.944	0.32	1.0	0.419	33.498	0.566
30	0.024	0.567	-3633.6	-17.21	-3616.391	0.32	1.0	0.417	28.526	0.525
40	0.032	0.531	-3633.993	-16.75	-3617.243	0.32	1.0	0.42	29.381	0.553
50	0.039	0.543	-3632.773	-17.544	-3615.229	0.32	1.0	0.421	25.814	0.534
60	0.047	0.493	-3633.318	-17.93	-3615.388	0.32	1.0	0.421	24.151	0.527
70	0.054	0.575	-3631.479	-19.177	-3612.302	0.32	1.0	0.423	19.542	0.504
80	0.062	0.654	-3623.41	-20.23	-3603.18	0.32	1.0	0.423	16.606	0.483
90	0.069	0.654	-3623.41	-20.23	-3603.18	0.32	1.0	0.423	16.606	0.483
100	0.077	0.654	-3623.41	-20.23	-3603.18	0.32	1.0	0.423	16.606	0.483
110	0.085	0.648	-3622.244	-22.752	-3599.491	0.32	1.0	0.426	11.021	0.442
120	0.092	0.648	-3622.244	-22.752	-3599.491	0.32	1.0	0.426	11.021	0.442
130	0.1	0.648	-3622.244	-22.752	-3599.491	0.32	1.0	0.426	11.021	0.442
140	0.108	0.63	-3621.68	-23.214	-3598.466	0.32	1.0	0.428	10.065	0.44
150	0.115	0.627	-3622.033	-23.934	-3598.1	0.32	1.0	0.43	8.871	0.433
160	0.123	0.627	-3622.033	-23.934	-3598.1	0.32	1.0	0.43	8.871	0.433
170	0.131	0.601	-3622.251	-26.36	-3595.892	0.32	1.0	0.434	5.937	0.404
180	0.139	0.617	-3620.784	-24.646	-3596.138	0.32	1.0	0.428	8.094	0.416
190	0.147	0.627	-3621.065	-24.677	-3596.388	0.32	1.0	0.427	8.137	0.413
200	0.154	0.627	-3621.065	-24.677	-3596.388	0.32	1.0	0.427	8.137	0.413
210	0.162	0.623	-3622.524	-25.055	-3597.468	0.32	1.0	0.432	7.346	0.42
220	0.17	0.629	-3622.769	-27.349	-3595.42	0.32	1.0	0.433	5.181	0.386
230	0.178	0.629	-3622.769	-27.349	-3595.42	0.32	1.0	0.433	5.181	0.386
240	0.185	0.615	-3623.124	-23.683	-3599.441	0.32	1.0	0.432	9.019	0.444
250	0.193	0.613	-3621.447	-24.416	-3597.031	0.32	1.0	0.431	8.21	0.426
260	0.201	0.613	-3621.447	-24.416	-3597.031	0.32	1.0	0.431	8.21	0.426
270	0.208	0.636	-3621.848	-25.727	-3596.121	0.32	1.0	0.428	6.891	0.399
280	0.216	0.617	-3623.158	-29.252	-3593.907	0.32	1.0	0.434	3.845	0.363
290	0.224	0.598	-3621.4	-26.963	-3594.437	0.32	1.0	0.433	5.494	0.391
300	0.231	0.598	-3621.4	-26.963	-3594.437	0.32	1.0	0.433	5.494	0.391
310	0.239	0.63	-3622.532	-27.606	-3594.926	0.32	1.0	0.431	5.037	0.38
320	0.246	0.63	-3622.532	-27.606	-3594.926	0.32	1.0	0.431	5.037	0.38
330	0.254	0.628	-3620.996	-22.929	-3598.067	0.32	1.0	0.426	10.727	0.439
340	0.261	0.628	-3620.996	-22.929	-3598.067	0.32	1.0	0.426	10.727	0.439
350	0.268	0.628	-3620.996	-22.929	-3598.067	0.32	1.0	0.426	10.727	0.439
360	0.276	0.628	-3620.996	-22.929	-3598.067	0.32	1.0	0.426	10.727	0.439
370	0.283	0.63	-3621.55	-24.674	-3596.876	0.32	1.0	0.429	8.012	0.418
380	0.291	0.63	-3621.55	-24.674	-3596.876	0.32	1.0	0.429	8.012	0.418
390	0.299	0.619	-3620.667	-23.263	-3597.404	0.32	1.0	0.427	10.13	0.435
400	0.306	0.619	-3620.667	-23.263	-3597.404	0.32	1.0	0.427	10.13	0.435
410	0.314	0.619	-3620.667	-23.263	-3597.404	0.32	1.0	0.427	10.13	0.435
420	0.321	0.619	-3620.667	-23.263	-3597.404	0.32	1.0	0.427	10.13	0.435
430	0.331	0.607	-3621.26	-23.994	-3597.266	0.32	1.0	0.43	8.772	0.433
440	0.341	0.607	-3621.26	-23.994	-3597.266	0.32	1.0	0.43	8.772	0.433
450	0.349	0.607	-3621.26	-23.994	-3597.266	0.32	1.0	0.43	8.772	0.433
460	0.358	0.6	-3621.418	-23.957	-3597.462	0.32	1.0	0.431	8.765	0.435
470	0.368	0.6	-3621.418	-23.957	-3597.462	0.32	1.0	0.431	8.765	0.435
480	0.377	0.61	-3621.192	-24.876	-3596.316	0.32	1.0	0.431	7.655	0.419
490	0.385	0.61	-3621.192	-24.876	-3596.316	0.32	1.0	0.431	7.655	0.419
500	0.393	0.61	-3621.192	-24.876	-3596.316	0.32	1.0	0.431	7.655	0.419
510	0.401	0.659	-3623.014	-23.071	-3599.943	0.32	1.0	0.426	10.479	0.437
520	0.411	0.634	-3621.201	-23.14	-3598.061	0.32	1.0	0.425	10.465	0.433
530	0.42	0.645	-3622.461	-21.723	-3600.738	0.32	1.0	0.426	12.869	0.462
540	0.43	0.648	-3623.768	-21.178	-3602.59	0.32	1.0	0.427	13.792	0.477
550	0.439	0.65	-3622.466	-22.87	-3599.596	0.32	1.0	0.426	10.783	0.441
560	0.448	0.649	-3622.62	-22.012	-3600.608	0.32	1.0	0.426	12.312	0.456
570	0.456	0.649	-3622.62	-22.012	-3600.608	0.32	1.0	0.426	12.312	0.456
580	0.463	0.645	-3622.801	-21.657	-3601.145	0.32	1.0	0.427	12.907	0.465
590	0.471	0.611	-3622.029	-20.728	-3601.301	0.32	1.0	0.427	14.824	0.485
600	0.478	0.633	-3621.855	-20.824	-3601.031	0.32	1.0	0.425	14.992	0.474
610	0.486	0.633	-3621.855	-20.824	-3601.031	0.32	1.0	0.425	14.992	0.474
620	0.496	0.633	-3621.855	-20.824	-3601.031	0.32	1.0	0.425	14.992	0.474
630	0.506	0.628	-3622.23	-20.988	-3601.241	0.32	1.0	0.426	14.316	0.478
640	0.514	0.628	-3622.23	-20.988	-3601.241	0.32	1.0	0.426	14.316	0.478
650	0.522	0.628	-3622.23	-20.988	-3601.241	0.32	1.0	0.426	14.316	0.478
660	0.529	0.585	-3621.315	-22.118	-3599.197	0.32	1.0	0.429	11.758	0.464
670	0.538	0.585	-3621.315	-22.118	-3599.197	0.32	1.0	0.429	11.758	0.464
680	0.547	0.585	-3621.315	-22.118	-3599.197	0.32	1.0	0.429	11.758	0.464
690	0.556	0.565	-3622.363	-23.055	-3599.308	0.32	1.0	0.432	9.898	0.456
700	0.564	0.565	-3622.363	-23.055	-3599.308	0.32	1.0	0.432	9.898	0.456
710	0.572	0.565	-3622.363	-23.055	-3599.308	0.32	1.0	0.432	9.898	0.456
720	0.582	0.571	-3621.864	-24.188	-3597.676	0.32	1.0	0.433	8.3	0.437
730	0.592	0.56	-3622.484	-25.694	-3596.789	0.32	1.0	0.436	6.487	0.418
740	0.6	0.547	-3615.814	-28.634	-3587.179	0.32	1.0	0.444	3.931	0.39
750	0.609	0.547	-3615.814	-28.634	-3587.179	0.32	1.0	0.444	3.931	0.39
760	0.619	0.547	-3615.814	-28.634	-3587.179	0.32	1.0	0.444	3.931	0.39
770	0.629	0.547	-3615.814	-28.634	-3587.179	0.32	1.0	0.444	3.931	0.39
780	0.639	0.547	-3615.814	-28.634	-3587.179	0.32	1.0	0.444	3.931	0.39
790	0.648	0.547	-3615.814	-28.634	-3587.179	0.32	1.0	0.444	3.931	0.39
800	0.658	0.547	-3615.814	-28.634	-3587.179	0.32	1.0	0.444	3.931	0.39
810	0.668	0.547	-3615.814	-28.634	-3587.179	0.32	1.0	0.444	3.931	0.39
820	0.677	0.547	-3615.814	-28.634	-3587.179	0.32	1.0	0.444	3.931	0.39
830	0.685	0.547	-3615.814	-28.634	-3587.179	0.32	1.0	0.444	3.931	0.39
840	0.695	0.547	-3615.814	-28.634	-3587.179	0.32	1.0	0.444	3.931	0.39
850	0.704	0.547	-3615.814	-28.634	-3587.179	0.32	1.0	0.444	3.931	0.39
860	0.713	0.547	-3615.814	-28.634	-3587.179	0.32	1.0	0.444	3.931	0.39
870	0.722	0.547	-3615.814	-28.634	-3587.179	0.32	1.0	0.444	3.931	0.39
880	0.731	0.547	-3615.814	-28.634	-3587.179	0.32	1.0	0.444	3.931	0.39
890	0.741	0.547	-3615.814	-28.634	-3587.179	0.32	1.0	0.444	3.931	0.39
900	0.749	0.547	-3615.814	-28.634	-3587.179	0.32	1.0	0.444	3.931	0.39
910	0.757	0.547	-3615.814	-28.634	-3587.179	0.32	1.0	0.444	3.931	0.39
920	0.765	0.547	-3615.814	-28.634	-3587.179	0.32	1.0	0.444	3.931	0.39
930	0.773	0.556	-3617.317	-29.138	-3588.179	0.32	1.0	0.446	3.593	0.386
940	0.78	0.556	-3617.317	-29.138	-3588.179	0.32	1.0	0.446	3.593	0.386
950	0.788	0.556	-3617.317	-29.138	-3588.179	0.32	1.0	0.446	3.593	0.386
960	0.798	0.558	-3616.668	-29.921	-3586.747	0.32	1.0	0.446	3.191	0.376
970	0.808	0.558	-3616.668	-29.921	-3586.747	0.32	1.0	0.446	3.191	0.376
980	0.817	0.558	-3616.668	-29.921	-3586.747	0.32	1.0	0.446	3.191	0.376
990	0.827	0.553	-3615.723	-28.21	-3587.513	0.32	1.0	0.443	4.203	0.395
1000	0.836	0.553	-3615.723	-28.21	-3587.513	0.32	1.0	0.443	4.203	0.395
1010	0.845	0.553	-3615.723	-28.21	-3587.513	0.32	1.0	0.443	4.203	0.395
1020	0.853	0.553	-3615.723	-28.21	-3587.513	0.32	1.0	0.443	4.203	0.395
1030	0.863	0.553	-3615.723	-28.21	-3587.513	0.32	1.0	0.443	4.203	0.395
1040	0.872	0.553	-3615.723	-28.21	-3587.513	0.32	1.0	0.443	4.203	0.395
1050	0.881	0.553	-3615.723	-28.21	-3587.513	0.32	1.0	0.443	4.203	0.395
1060	0.889	0.553	-3615.723	-28.21	-3587.513	0.32	1.0	0.443	4.203	0.395
1070	0.899	0.553	-3615.723	-28.21	-3587.513	0.32	1.0	0.443	4.203	0.395
1080	0.909	0.553	-3615.723	-28.21	-3587.513	0.32	1.0	0.443	4.203	0.395
1090	0.917	0.553	-3615.723	-28.21	-3587.513	0.32	1.0	0.443	4.203	0.395
1100	0.926	0.553	-3615.723	-28.21	-3587.513	0.32	1.0	0.443	4.203	0.395
1110	0.936	0.553	-3615.723	-28.21	-3587.513	0.32	1.0	0.443	4.203	0.395
1120	0.946	0.553	-3615.723	-28.21	-3587.513	0.32	1.0	0.443	4.203	0.395
1130	0.954	0.553	-3615.723	-28.21	-3587.513	0.32	1.0	0.443	4.203	0.395
1140	0.964	0.553	-3615.723	-28.21	-3587.513	0.32	1.0	0.443	4.203	0.395
1150	0.973	0.553	-3615.723	-28.21	-3587.513	0.32	1.0	0.443	4.203	0.395
1160	0.982	0.553	-3615.723	-28.21	-3587.513	0.32	1.0	0.443	4.203	0.395
1170	0.99	0.553	-3615.723	-28.21	-3587.513	0.32	1.0	0.443	4.203	0.395
1180	0.998	0.553	-3615.723	-28.21	-3587.513	0.32	1.0	0.443	4.203	0.395
1190	1.006	0.553	-3615.723	-28.21	-3587.513	0.32	1.0	0.443	4.203	0.395
1200	1.015	0.558	-3615.469	-28.649	-3586.819	0.32	1.0	0.444	3.93	0.389
1210	1.024	0.558	-3615.469	-28.649	-3586.819	0.32	1.0	0.444	3.93	0.389
1220	1.033	0.558	-3615.469	-28.649	-3586.819	0.32	1.0	0.444	3.93	0.389
1230	1.042	0.565	-3615.773	-30.673	-3585.1	0.32	1.0	0.446	2.858	0.365
1240	1.051	0.565	-3615.773	-30.673	-3585.1	0.32	1.0	0.446	2.858	0.365
1250	1.061	0.565	-3615.773	-30.673	-3585.1	0.32	1.0	0.446	2.858	0.365
1260	1.069	0.565	-3615.773	-30.673	-3585.1	0.32	1.0	0.446	2.858	0.365
1270	1.079	0.565	-3615.773	-30.673	-3585.1	0.32	1.0	0.446	2.858	0.365
1280	1.088	0.565	-3615.773	-30.673	-3585.1	0.32	1.0	0.446	2.858	0.365
1290	1.097	0.565	-3615.773	-30.673	-3585.1	0.32	1.0	0.446	2.858	0.365
1300	1.106	0.565	-3615.773	-30.673	-3585.1	0.32	1.0	0.446	2.858	0.365
1310	1.114	0.555	-3615.646	-28.372	-3587.274	0.32	1.0	0.443	4.099	0.393
1320	1.122	0.544	-3616.079	-29.057	-3587.022	0.32	1.0	0.445	3.672	0.385
1330	1.13	0.544	-3616.079	-29.057	-3587.022	0.32	1.0	0.445	3.672	0.385
1340	1.137	0.544	-3616.079	-29.057	-3587.022	0.32	1.0	0.445	3.672	0.385
1350	1.145	0.544	-3616.079	-29.057	-3587.022	0.32	1.0	0.445	3.672	0.385
1360	1.153	0.544	-3616.079	-29.057	-3587.022	0.32	1.0	0.445	3.672	0.385
1370	1.16	0.544	-3616.079	-29.057	-3587.022	0.32	1.0	0.445	3.672	0.385
1380	1.168	0.573	-3616.929	-29.757	-3587.172	0.32	1.0	0.446	3.27	0.378
1390	1.176	0.573	-3616.929	-29.757	-3587.172	0.32	1.0	0.446	3.27	0.378
1400	1.184	0.561	-3616.275	-30.564	-3585.712	0.32	1.0	0.447	2.895	0.367
1410	1.191	0.561	-3616.275	-30.564	-3585.712	0.32	1.0	0.447	2.895	0.367
1420	1.199	0.561	-3616.275	-30.564	-3585.712	0.32	1.0	0.447	2.895	0.367
1430	1.207	0.561	-3616.275	-30.564	-3585.712	0.32	1.0	0.447	2.895	0.367
1440	1.214	0.561	-3616.275	-30.564	-3585.712	0.32	1.0	0.447	2.895	0.367
1450	1.222	0.561	-3616.275	-30.564	-3585.712	0.32	1.0	0.447	2.895	0.367
1460	1.23	0.584	-3617.97	-32.676	-3585.294	0.32	1.0	0.45	2.061	0.346
1470	1.238	0.584	-3617.97	-32.676	-3585.294	0.32	1.0	0.45	2.061	0.346
1480	1.247	0.584	-3617.97	-32.676	-3585.294	0.32	1.0	0.45	2.061	0.346
1490	1.256	0.584	-3617.97	-32.676	-3585.294	0.32	1.0	0.45	2.061	0.346
1500	1.265	0.584	-3617.97	-32.676	-3585.294	0.32	1.0	0.45	2.061	0.346
1510	1.274	0.584	-3617.97	-32.676	-3585.294	0.32	1.0	0.45	2.061	0.346
1520	1.281	0.584	-3617.97	-32.676	-3585.294	0.32	1.0	0.45	2.061	0.346
1530	1.289	0.584	-3617.97	-32.676	-3585.294	0.32	1.0	0.45	2.061	0.346
1540	1.297	0.584	-3617.97	-32.676	-3585.294	0.32	1.0	0.45	2.061	0.346
1550	1.305	0.584	-3617.97	-32.676	-3585.294	0.32	1.0	0.45	2.061	0.346
1560	1.312	0.584	-3617.97	-32.676	-3585.294	0.32	1.0	0.45	2.061	0.346
1570	1.319	0.584	-3617.97	-32.676	-3585.294	0.32	1.0	0.45	2.061	0.346
1580	1.327	0.584	-3617.97	-32.676	-3585.294	0.32	1.0	0.45	2.061	0.346
1590	1.334	0.584	-3617.97	-32.676	-3585.294	0.32	1.0	0.45	2.061	0.346
1600	1.342	0.584	-3617.97	-32.676	-3585.294	0.32	1.0	0.45	2.061	0.346
1610	1.349	0.584	-3617.97	-32.676	-3585.294	0.32	1.0	0.45	2.061	0.346
1620	1.356	0.584	-3617.97	-32.676	-3585.294	0.32	1.0	0.45	2.061	0.346
1630	1.364	0.584	-3617.97	-32.676	-3585.294	0.32	1.0	0.45	2.061	0.346
1640	1.371	0.584	-3617.97	-32.676	-3585.294	0.32	1.0	0.45	2.061	0.346
1650	1.378	0.584	-3617.97	-32.676	-3585.294	0.32	1.0	0.45	2.061	0.346
1660	1.386	0.584	-3617.97	-32.676	-3585.294	0.32	1.0	0.45	2.061	0.346
1670	1.393	0.584	-3617.97	-32.676	-3585.294	0.32	1.0	0.45	2.061	0.346
1680	1.401	0.584	-3617.97	-32.676	-3585.294	0.32	1.0	0.45	2.061	0.346
1690	1.408	0.584	-3617.97	-32.676	-3585.294	0.32	1.0	0.45	2.061	0.346
1700	1.415	0.565	-3616.659	-28.747	-3587.912	0.32	1.0	0.445	3.839	0.39
1710	1.424	0.565	-3616.659	-28.747	-3587.912	0.32	1.0	0.445	3.839	0.39
1720	1.433	0.565	-3616.659	-28.747	-3587.912	0.32	1.0	0.445	3.839	0.39
1730	1.442	0.565	-3616.659	-28.747	-3587.912	0.32	1.0	0.445	3.839	0.39
1740	1.452	0.565	-3616.659	-28.747	-3587.912	0.32	1.0	0.445	3.839	0.39
1750	1.461	0.565	-3616.659	-28.747	-3587.912	0.32	1.0	0.445	3.839	0.39
1760	1.469	0.565	-3616.659	-28.747	-3587.912	0.32	1.0	0.445	3.839	0.39
1770	1.478	0.565	-3616.659	-28.747	-3587.912	0.32	1.0	0.445	3.839	0.39
1780	1.486	0.602	-3619.556	-33.406	-3586.15	0.32	1.0	0.452	1.831	0.339
1790	1.495	0.602	-3619.556	-33.406	-3586.15	0.32	1.0	0.452	1.831	0.339
1800	1.504	0.602	-3619.556	-33.406	-3586.15	0.32	1.0	0.452	1.831	0.339
1810	1.512	0.602	-3619.556	-33.406	-3586.15	0.32	1.0	0.452	1.831	0.339
1820	1.521	0.602	-3619.556	-33.406	-3586.15	0.32	1.0	0.452	1.831	0.339
1830	1.53	0.602	-3619.556	-33.406	-3586.15	0.32	1.0	0.452	1.831	0.339
1840	1.539	0.602	-3619.556	-33.406	-3586.15	0.32	1.0	0.452	1.831	0.339
1850	1.547	0.602	-3619.556	-33.406	-3586.15	0.32	1.0	0.452	1.831	0.339
1860	1.556	0.602	-3619.556	-33.406	-3586.15	0.32	1.0	0.452	1.831	0.339
1870	1.565	0.602	-3619.556	-33.406	-3586.15	0.32	1.0	0.452	1.831	0.339
1880	1.573	0.602	-3619.556	-33.406	-3586.15	0.32	1.0	0.452	1.831	0.339
1890	1.582	0.602	-3619.556	-33.406	-3586.15	0.32	1.0	0.452	1.831	0.339
1900	1.59	0.602	-3619.556	-33.406	-3586.15	0.32	1.0	0.452	1.831	0.339
1910	1.599	0.602	-3619.556	-33.406	-3586.15	0.32	1.0	0.452	1.831	0.339
1920	1.607	0.572	-3618.404	-31.578	-3586.826	0.32	1.0	0.45	2.434	0.359
1930	1.616	0.572	-3618.404	-31.578	-3586.826	0.32	1.0	0.45	2.434	0.359
1940	1.624	0.572	-3618.404	-31.578	-3586.826	0.32	1.0	0.45	2.434	0.359
1950	1.632	0.571	-3616.167	-30.616	-3585.551	0.32	1.0	0.447	2.876	0.366
1960	1.641	0.571	-3616.167	-30.616	-3585.551	0.32	1.0	0.447	2.876	0.366
1970	1.649	0.571	-3616.167	-30.616	-3585.551	0.32	1.0	0.447	2.876	0.366
1980	1.657	0.571	-3616.167	-30.616	-3585.551	0.32	1.0	0.447	2.876	0.366
1990	1.665	0.571	-3616.167	-30.616	-3585.551	0.32	1.0	0.447	2.876	0.366
2000	1.674	0.571	-3616.167	-30.616	-3585.551	0.32	1.0	0.447	2.876	0.366
2010	1.682	0.571	-3616.167	-30.616	-3585.551	0.32	1.0	0.447	2.876	0.366
2020	1.69	0.571	-3616.167	-30.616	-3585.551	0.32	1.0	0.447	2.876	0.366
2030	1.698	0.571	-3616.167	-30.616	-3585.551	0.32	1.0	0.447	2.876	0.366
2040	1.707	0.571	-3616.167	-30.616	-3585.551	0.32	1.0	0.447	2.876	0.366
2050	1.715	0.571	-3616.167	-30.616	-3585.551	0.32	1.0	0.447	2.876	0.366
2060	1.723	0.571	-3616.167	-30.616	-3585.551	0.32	1.0	0.447	2.876	0.366
2070	1.731	0.571	-3616.167	-30.616	-3585.551	0.32	1.0	0.447	2.876	0.366
2080	1.74	0.571	-3616.167	-30.616	-3585.551	0.32	1.0	0.447	2.876	0.366
2090	1.748	0.571	-3616.167	-30.616	-3585.551	0.32	1.0	0.447	2.876	0.366
2100	1.756	0.571	-3616.167	-30.616	-3585.551	0.32	1.0	0.447	2.876	0.366
2110	1.764	0.571	-3616.167	-30.616	-3585.551	0.32	1.0	0.447	2.876	0.366
2120	1.773	0.571	-3616.167	-30.616	-3585.551	0.32	1.0	0.447	2.876	0.366
2130	1.781	0.571	-3616.167	-30.616	-3585.551	0.32	1.0	0.447	2.876	0.366
2140	1.789	0.571	-3616.167	-30.616	-3585.551	0.32	1.0	0.447	2.876	0.366
2150	1.797	0.571	-3616.167	-30.616	-3585.551	0.32	1.0	0.447	2.876	0.366
2160	1.806	0.571	-3616.167	-30.616	-3585.551	0.32	1.0	0.447	2.876	0.366
2170	1.814	0.571	-3616.167	-30.616	-3585.551	0.32	1.0	0.447	2.876	0.366
2180	1.823	0.571	-3616.167	-30.616	-3585.551	0.32	1.0	0.447	2.876	0.366
2190	1.831	0.571	-3616.167	-30.616	-3585.551	0.32	1.0	0.447	2.876	0.366
2200	1.839	0.571	-3616.167	-30.616	-3585.551	0.32	1.0	0.447	2.876	0.366
2210	1.848	0.571	-3616.167	-30.616	-3585.551	0.32	1.0	0.447	2.876	0.366
2220	1.856	0.571	-3616.167	-30.616	-3585.551	0.32	1.0	0.447	2.876	0.366
2230	1.864	0.571	-3616.167	-30.616	-3585.551	0.32	1.0	0.447	2.876	0.366
2240	1.873	0.571	-3616.167	-30.616	-3585.551	0.32	1.0	0.447	2.876	0.366
2250	1.881	0.571	-3616.167	-30.616	-3585.551	0.32	1.0	0.447	2.876	0.366
2260	1.889	0.571	-3616.167	-30.616	-3585.551	0.32	1.0	0.447	2.876	0.366
2270	1.898	0.571	-3616.167	-30.616	-3585.551	0.32	1.0	0.447	2.876	0.366
2280	1.906	0.571	-3616.167	-30.616	-3585.551	0.32	1.0	0.447	2.876	0.366
2290	1.915	0.571	-3616.167	-30.616	-3585.551	0.32	1.0	0.447	2.876	0.366
2300	1.923	0.571	-3616.167	-30.616	-3585.551	0.32	1.0	0.447	2.876	0.366
2310	1.931	0.571	-3616.167	-30.616	-3585.551	0.32	1.0	0.447	2.876	0.366
2320	1.94	0.571	-3616.167	-30.616	-3585.551	0.32	1.0	0.447	2.876	0.366
2330	1.948	0.571	-3616.167	-30.616	-3585.551	0.32	1.0	0.447	2.876	0.366
2340	1.957	0.571	-3616.167	-30.616	-3585.551	0.32	1.0	0.447	2.876	0.366
2350	1.966	0.571	-3616.167	-30.616	-3585.551	0.32	1.0	0.447	2.876	0.366
2360	1.974	0.571	-3616.167	-30.616	-3585.551	0.32	1.0	0.447	2.876	0.366
2370	1.983	0.571	-3616.167	-30.616	-3585.551	0.32	1.0	0.447	2.876	0.366
2380	1.991	0.577	-3617.58	-28.075	-3589.505	0.32	1.0	0.445	4.246	0.4
2390	2.0	0.577	-3617.58	-28.075	-3589.505	0.32	1.0	0.445	4.246	0.4
2400	2.009	0.577	-3617.58	-28.075	-3589.505	0.32	1.0	0.445	4.246	0.4
2410	2.017	0.577	-3617.58	-28.075	-3589.505	0.32	1.0	0.445	4.246	0.4
2420	2.026	0.577	-3617.58	-28.075	-3589.505	0.32	1.0	0.445	4.246	0.4
2430	2.034	0.577	-3617.58	-28.075	-3589.505	0.32	1.0	0.445	4.246	0.4
2440	2.043	0.577	-3617.58	-28.075	-3589.505	0.32	1.0	0.445	4.246	0.4
2450	2.051	0.577	-3617.58	-28.075	-3589.505	0.32	1.0	0.445	4.246	0.4
2460	2.06	0.577	-3617.58	-28.075	-3589.505	0.32	1.0	0.445	4.246	0.4
2470	2.069	0.577	-3617.58	-28.075	-3589.505	0.32	1.0	0.445	4.246	0.4
2480	2.078	0.577	-3617.58	-28.075	-3589.505	0.32	1.0	0.445	4.246	0.4
2490	2.086	0.577	-3617.58	-28.075	-3589.505	0.32	1.0	0.445	4.246	0.4
2500	2.095	0.577	-3617.58	-28.075	-3589.505	0.32	1.0	0.445	4.246	0.4
2510	2.104	0.577	-3617.58	-28.075	-3589.505	0.32	1.0	0.445	4.246	0.4
2520	2.113	0.577	-3617.58	-28.075	-3589.505	0.32	1.0	0.445	4.246	0.4
2530	2.121	0.577	-3617.58	-28.075	-3589.505	0.32	1.0	0.445	4.246	0.4
2540	2.13	0.577	-3617.58	-28.075	-3589.505	0.32	1.0	0.445	4.246	0.4
2550	2.139	0.577	-3617.58	-28.075	-3589.505	0.32	1.0	0.445	4.246	0.4
2560	2.148	0.541	-3616.004	-27.516	-3588.488	0.32	1.0	0.442	4.682	0.404
2570	2.157	0.541	-3616.004	-27.516	-3588.488	0.32	1.0	0.442	4.682	0.404
2580	2.165	0.541	-3616.004	-27.516	-3588.488	0.32	1.0	0.442	4.682	0.404
2590	2.174	0.541	-3616.004	-27.516	-3588.488	0.32	1.0	0.442	4.682	0.404
2600	2.183	0.541	-3616.004	-27.516	-3588.488	0.32	1.0	0.442	4.682	0.404
2610	2.192	0.544	-3615.541	-28.414	-3587.127	0.32	1.0	0.443	4.077	0.392
2620	2.201	0.544	-3615.541	-28.414	-3587.127	0.32	1.0	0.443	4.077	0.392
2630	2.21	0.544	-3615.541	-28.414	-3587.127	0.32	1.0	0.443	4.077	0.392
2640	2.219	0.544	-3615.541	-28.414	-3587.127	0.32	1.0	0.443	4.077	0.392
2650	2.227	0.544	-3615.541	-28.414	-3587.127	0.32	1.0	0.443	4.077	0.392
2660	2.236	0.544	-3615.541	-28.414	-3587.127	0.32	1.0	0.443	4.077	0.392
2670	2.244	0.542	-3615.515	-27.098	-3588.417	0.32	1.0	0.441	5.018	0.409
2680	2.252	0.542	-3615.515	-27.098	-3588.417	0.32	1.0	0.441	5.018	0.409
2690	2.261	0.542	-3615.515	-27.098	-3588.417	0.32	1.0	0.441	5.018	0.409
2700	2.269	0.542	-3615.515	-27.098	-3588.417	0.32	1.0	0.441	5.018	0.409
2710	2.277	0.542	-3615.515	-27.098	-3588.417	0.32	1.0	0.441	5.018	0.409
2720	2.286	0.542	-3615.515	-27.098	-3588.417	0.32	1.0	0.441	5.018	0.409
2730	2.294	0.542	-3615.515	-27.098	-3588.417	0.32	1.0	0.441	5.018	0.409
2740	2.302	0.54	-3615.189	-26.26	-3588.929	0.32	1.0	0.44	5.744	0.419
2750	2.31	0.54	-3615.189	-26.26	-3588.929	0.32	1.0	0.44	5.744	0.419
2760	2.319	0.54	-3615.189	-26.26	-3588.929	0.32	1.0	0.44	5.744	0.419
2770	2.327	0.54	-3615.189	-26.26	-3588.929	0.32	1.0	0.44	5.744	0.419
2780	2.335	0.54	-3615.189	-26.26	-3588.929	0.32	1.0	0.44	5.744	0.419
2790	2.343	0.54	-3615.189	-26.26	-3588.929	0.32	1.0	0.44	5.744	0.419
2800	2.352	0.54	-3615.189	-26.26	-3588.929	0.32	1.0	0.44	5.744	0.419
2810	2.36	0.54	-3615.189	-26.26	-3588.929	0.32	1.0	0.44	5.744	0.419
2820	2.368	0.54	-3615.189	-26.26	-3588.929	0.32	1.0	0.44	5.744	0.419
2830	2.377	0.54	-3615.189	-26.26	-3588.929	0.32	1.0	0.44	5.744	0.419
2840	2.385	0.54	-3615.189	-26.26	-3588.929	0.32	1.0	0.44	5.744	0.419
2850	2.394	0.54	-3615.189	-26.26	-3588.929	0.32	1.0	0.44	5.744	0.419
2860	2.402	0.54	-3615.189	-26.26	-3588.929	0.32	1.0	0.44	5.744	0.419
2870	2.41	0.54	-3615.189	-26.26	-3588.929	0.32	1.0	0.44	5.744	0.419
2880	2.418	0.54	-3615.189	-26.26	-3588.929	0.32	1.0	0.44	5.744	0.419
2890	2.427	0.54	-3615.189	-26.26	-3588.929	0.32	1.0	0.44	5.744	0.419
2900	2.435	0.54	-3615.189	-26.26	-3588.929	0.32	1.0	0.44	5.744	0.419
2910	2.443	0.54	-3615.189	-26.26	-3588.929	0.32	1.0	0.44	5.744	0.419
2920	2.451	0.54	-3615.189	-26.26	-3588.929	0.32	1.0	0.44	5.744	0.419
2930	2.46	0.54	-3615.189	-26.26	-3588.929	0.32	1.0	0.44	5.744	0.419
2940	2.468	0.54	-3615.189	-26.26	-3588.929	0.32	1.0	0.44	5.744	0.419
2950	2.476	0.54	-3615.189	-26.26	-3588.929	0.32	1.0	0.44	5.744	0.419
2960	2.484	0.54	-3615.189	-26.26	-3588.929	0.32	1.0	0.44	5.744	0.419
2970	2.493	0.54	-3615.189	-26.26	-3588.929	0.32	1.0	0.44	5.744	0.419
2980	2.501	0.54	-3615.189	-26.26	-3588.929	0.32	1.0	0.44	5.744	0.419
2990	2.509	0.54	-3615.189	-26.26	-3588.929	0.32	1.0	0.44	5.744	0.419
3000	2.518	0.54	-3615.189	-26.26	-3588.929	0.32	1.0	0.44	5.744	0.419
3010	2.526	0.54	-3615.189	-26.26	-3588.929	0.32	1.0	0.44	5.744	0.419
3020	2.534	0.54	-3615.189	-26.26	-3588.929	0.32	1.0	0.44	5.744	0.419
3030	2.543	0.54	-3615.189	-26.26	-3588.929	0.32	1.0	0.44	5.744	0.419
3040	2.551	0.54	-3615.189	-26.26	-3588.929	0.32	1.0	0.44	5.744	0.419
3050	2.559	0.54	-3615.189	-26.26	-3588.929	0.32	1.0	0.44	5.744	0.419
3060	2.567	0.54	-3615.189	-26.26	-3588.929	0.32	1.0	0.44	5.744	0.419
3070	2.576	0.54	-3615.189	-26.26	-3588.929	0.32	1.0	0.44	5.744	0.419
3080	2.584	0.541	-3615.028	-26.65	-3588.378	0.32	1.0	0.44	5.405	0.414
3090	2.592	0.541	-3615.028	-26.65	-3588.378	0.32	1.0	0.44	5.405	0.414
3100	2.6	0.541	-3615.028	-26.65	-3588.378	0.32	1.0	0.44	5.405	0.414
3110	2.608	0.541	-3615.028	-26.65	-3588.378	0.32	1.0	0.44	5.405	0.414
3120	2.616	0.541	-3615.028	-26.65	-3588.378	0.32	1.0	0.44	5.405	0.414
3130	2.624	0.541	-3615.028	-26.65	-3588.378	0.32	1.0	0.44	5.405	0.414
3140	2.633	0.541	-3615.028	-26.65	-3588.378	0.32	1.0	0.44	5.405	0.414
3150	2.641	0.541	-3615.028	-26.65	-3588.378	0.32	1.0	0.44	5.405	0.414
3160	2.649	0.541	-3615.028	-26.65	-3588.378	0.32	1.0	0.44	5.405	0.414
3170	2.657	0.56	-3615.06	-29.972	-3585.088	0.32	1.0	0.445	3.206	0.372
3180	2.666	0.56	-3615.06	-29.972	-3585.088	0.32	1.0	0.445	3.206	0.372
3190	2.674	0.56	-3615.06	-29.972	-3585.088	0.32	1.0	0.445	3.206	0.372
3200	2.682	0.56	-3615.06	-29.972	-3585.088	0.32	1.0	0.445	3.206	0.372
3210	2.69	0.56	-3615.06	-29.972	-3585.088	0.32	1.0	0.445	3.206	0.372
3220	2.698	0.56	-3615.06	-29.972	-3585.088	0.32	1.0	0.445	3.206	0.372
3230	2.707	0.56	-3615.06	-29.972	-3585.088	0.32	1.0	0.445	3.206	0.372
3240	2.715	0.56	-3615.06	-29.972	-3585.088	0.32	1.0	0.445	3.206	0.372
3250	2.723	0.56	-3615.06	-29.972	-3585.088	0.32	1.0	0.445	3.206	0.372
3260	2.732	0.56	-3615.06	-29.972	-3585.088	0.32	1.0	0.445	3.206	0.372
3270	2.74	0.56	-3615.06	-29.972	-3585.088	0.32	1.0	0.445	3.206	0.372
3280	2.748	0.56	-3615.06	-29.972	-3585.088	0.32	1.0	0.445	3.206	0.372
3290	2.757	0.56	-3615.06	-29.972	-3585.088	0.32	1.0	0.445	3.206	0.372
3300	2.765	0.56	-3615.06	-29.972	-3585.088	0.32	1.0	0.445	3.206	0.372
3310	2.773	0.56	-3615.06	-29.972	-3585.088	0.32	1.0	0.445	3.206	0.372
3320	2.782	0.56	-3615.06	-29.972	-3585.088	0.32	1.0	0.445	3.206	0.372
3330	2.79	0.56	-3615.06	-29.972	-3585.088	0.32	1.0	0.445	3.206	0.372
3340	2.798	0.56	-3615.06	-29.972	-3585.088	0.32	1.0	0.445	3.206	0.372
3350	2.807	0.56	-3615.06	-29.972	-3585.088	0.32	1.0	0.445	3.206	0.372
3360	2.815	0.56	-3615.06	-29.972	-3585.088	0.32	1.0	0.445	3.206	0.372
3370	2.823	0.56	-3615.06	-29.972	-3585.088	0.32	1.0	0.445	3.206	0.372
3380	2.831	0.56	-3615.06	-29.972	-3585.088	0.32	1.0	0.445	3.206	0.372
3390	2.84	0.56	-3615.06	-29.972	-3585.088	0.32	1.0	0.445	3.206	0.372
3400	2.848	0.56	-3615.06	-29.972	-3585.088	0.32	1.0	0.445	3.206	0.372
3410	2.856	0.56	-3615.06	-29.972	-3585.088	0.32	1.0	0.445	3.206	0.372
3420	2.865	0.551	-3617.747	-27.963	-3589.784	0.32	1.0	0.445	4.315	0.402
3430	2.873	0.551	-3617.747	-27.963	-3589.784	0.32	1.0	0.445	4.315	0.402
3440	2.881	0.551	-3617.747	-27.963	-3589.784	0.32	1.0	0.445	4.315	0.402
3450	2.889	0.551	-3617.747	-27.963	-3589.784	0.32	1.0	0.445	4.315	0.402
3460	2.898	0.551	-3617.747	-27.963	-3589.784	0.32	1.0	0.445	4.315	0.402
3470	2.906	0.551	-3617.747	-27.963	-3589.784	0.32	1.0	0.445	4.315	0.402
3480	2.914	0.551	-3617.747	-27.963	-3589.784	0.32	1.0	0.445	4.315	0.402
3490	2.922	0.551	-3617.747	-27.963	-3589.784	0.32	1.0	0.445	4.315	0.402
3500	2.931	0.551	-3617.747	-27.963	-3589.784	0.32	1.0	0.445	4.315	0.402
3510	2.939	0.549	-3616.002	-29.851	-3586.151	0.32	1.0	0.446	3.244	0.375
3520	2.947	0.549	-3616.002	-29.851	-3586.151	0.32	1.0	0.446	3.244	0.375
3530	2.956	0.549	-3616.002	-29.851	-3586.151	0.32	1.0	0.446	3.244	0.375
3540	2.964	0.549	-3616.002	-29.851	-3586.151	0.32	1.0	0.446	3.244	0.375
3550	2.973	0.549	-3616.002	-29.851	-3586.151	0.32	1.0	0.446	3.244	0.375
3560	2.981	0.549	-3616.002	-29.851	-3586.151	0.32	1.0	0.446	3.244	0.375
3570	2.989	0.549	-3616.002	-29.851	-3586.151	0.32	1.0	0.446	3.244	0.375
3580	2.998	0.549	-3616.002	-29.851	-3586.151	0.32	1.0	0.446	3.244	0.375
3590	3.006	0.549	-3616.002	-29.851	-3586.151	0.32	1.0	0.446	3.244	0.375
3600	3.014	0.549	-3616.002	-29.851	-3586.151	0.32	1.0	0.446	3.244	0.375
3610	3.023	0.549	-3616.002	-29.851	-3586.151	0.32	1.0	0.446	3.244	0.375
3620	3.031	0.549	-3616.002	-29.851	-3586.151	0.32	1.0	0.446	3.244	0.375
3630	3.039	0.549	-3616.002	-29.851	-3586.151	0.32	1.0	0.446	3.244	0.375
3640	3.047	0.549	-3616.002	-29.851	-3586.151	0.32	1.0	0.446	3.244	0.375
3650	3.056	0.549	-3616.002	-29.851	-3586.151	0.32	1.0	0.446	3.244	0.375
3660	3.064	0.549	-3616.002	-29.851	-3586.151	0.32	1.0	0.446	3.244	0.375
3670	3.073	0.549	-3616.002	-29.851	-3586.151	0.32	1.0	0.446	3.244	0.375
3680	3.081	0.549	-3616.002	-29.851	-3586.151	0.32	1.0	0.446	3.244	0.375
3690	3.09	0.549	-3616.002	-29.851	-3586.151	0.32	1.0	0.446	3.244	0.375
3700	3.098	0.549	-3616.002	-29.851	-3586.151	0.32	1.0	0.446	3.244	0.375
3710	3.106	0.549	-3616.002	-29.851	-3586.151	0.32	1.0	0.446	3.244	0.375
3720	3.115	0.549	-3616.002	-29.851	-3586.151	0.32	1.0	0.446	3.244	0.375
3730	3.123	0.549	-3616.002	-29.851	-3586.151	0.32	1.0	0.446	3.244	0.375
3740	3.131	0.549	-3616.002	-29.851	-3586.151	0.32	1.0	0.446	3.244	0.375
3750	3.14	0.549	-3616.002	-29.851	-3586.151	0.32	1.0	0.446	3.244	0.375
3760	3.148	0.549	-3616.002	-29.851	-3586.151	0.32	1.0	0.446	3.244	0.375
3770	3.157	0.549	-3616.002	-29.851	-3586.151	0.32	1.0	0.446	3.244	0.375
3780	3.165	0.549	-3616.002	-29.851	-3586.151	0.32	1.0	0.446	3.244	0.375
3790	3.174	0.549	-3616.002	-29.851	-3586.151	0.32	1.0	0.446	3.244	0.375
3800	3.182	0.549	-3616.002	-29.851	-3586.151	0.32	1.0	0.446	3.244	0.375
3810	3.191	0.566	-3615.247	-28.768	-3586.48	0.32	1.0	0.443	3.865	0.387
3820	3.2	0.566	-3615.247	-28.768	-3586.48	0.32	1.0	0.443	3.865	0.387
3830	3.209	0.566	-3615.247	-28.768	-3586.48	0.32	1.0	0.443	3.865	0.387
3840	3.217	0.566	-3615.247	-28.768	-3586.48	0.32	1.0	0.443	3.865	0.387
3850	3.225	0.566	-3615.247	-28.768	-3586.48	0.32	1.0	0.443	3.865	0.387
3860	3.234	0.566	-3615.247	-28.768	-3586.48	0.32	1.0	0.443	3.865	0.387
3870	3.242	0.566	-3615.247	-28.768	-3586.48	0.32	1.0	0.443	3.865	0.387
3880	3.25	0.566	-3615.247	-28.768	-3586.48	0.32	1.0	0.443	3.865	0.387
3890	3.259	0.566	-3615.247	-28.768	-3586.48	0.32	1.0	0.443	3.865	0.387
3900	3.267	0.566	-3615.247	-28.768	-3586.48	0.32	1.0	0.443	3.865	0.387
3910	3.276	0.566	-3615.247	-28.768	-3586.48	0.32	1.0	0.443	3.865	0.387
3920	3.285	0.566	-3615.247	-28.768	-3586.48	0.32	1.0	0.443	3.865	0.387
3930	3.294	0.566	-3615.247	-28.768	-3586.48	0.32	1.0	0.443	3.865	0.387
3940	3.302	0.566	-3615.247	-28.768	-3586.48	0.32	1.0	0.443	3.865	0.387
3950	3.311	0.553	-3614.199	-28.222	-3585.977	0.32	1.0	0.442	4.244	0.392
3960	3.32	0.553	-3614.199	-28.222	-3585.977	0.32	1.0	0.442	4.244	0.392
3970	3.328	0.553	-3614.199	-28.222	-3585.977	0.32	1.0	0.442	4.244	0.392
3980	3.337	0.553	-3614.199	-28.222	-3585.977	0.32	1.0	0.442	4.244	0.392
3990	3.346	0.553	-3614.199	-28.222	-3585.977	0.32	1.0	0.442	4.244	0.392
