iter	hours	assortment	log_posterior	log_prior	loglik	missing	mixture	null_assortment	scale	shape
0	0.001	0.414	-3763.512	-3.817	-3759.694	0.32	0.644	0.461	10.069	1.007
10	0.009	0.483	-3726.643	-4.49	-3722.153	0.32	0.671	0.451	13.024	0.95
20	0.016	0.506	-3716.492	-4.741	-3711.75	0.32	0.687	0.448	14.155	0.9
30	0.024	0.532	-3606.704	-5.118	-3601.586	0.32	0.73	0.439	16.204	0.638
40	0.032	0.536	-3603.915	-4.405	-3599.51	0.32	0.737	0.44	13.584	0.589
50	0.04	0.598	-3600.139	-3.874	-3596.265	0.32	0.769	0.44	11.486	0.538
60	0.048	0.648	-3596.705	-3.956	-3592.749	0.32	0.797	0.443	11.714	0.588
70	0.056	0.667	-3601.824	-3.912	-3597.912	0.32	0.737	0.444	11.596	0.591
80	0.063	0.706	-3598.546	-4.718	-3593.828	0.32	0.8	0.438	14.648	0.579
90	0.071	0.697	-3598.244	-4.909	-3593.335	0.32	0.823	0.439	15.302	0.607
100	0.079	0.683	-3597.558	-5.145	-3592.412	0.32	0.853	0.439	16.102	0.628
110	0.087	0.683	-3597.558	-5.145	-3592.412	0.32	0.853	0.439	16.102	0.628
120	0.095	0.696	-3597.527	-5.539	-3591.988	0.32	0.862	0.437	17.516	0.626
130	0.103	0.649	-3598.214	-4.941	-3593.272	0.32	0.85	0.44	15.342	0.646
140	0.111	0.66	-3594.267	-5.09	-3589.177	0.32	0.844	0.438	15.95	0.614
150	0.118	0.66	-3594.267	-5.09	-3589.177	0.32	0.844	0.438	15.95	0.614
160	0.126	0.635	-3594.305	-4.53	-3589.775	0.32	0.897	0.441	13.736	0.604
170	0.134	0.647	-3590.495	-4.709	-3585.786	0.32	0.902	0.438	14.425	0.579
180	0.142	0.647	-3590.495	-4.709	-3585.786	0.32	0.902	0.438	14.425	0.579
190	0.15	0.647	-3590.495	-4.709	-3585.786	0.32	0.902	0.438	14.425	0.579
200	0.158	0.686	-3592.487	-4.269	-3588.218	0.32	0.899	0.439	12.74	0.555
210	0.166	0.635	-3591.666	-4.608	-3587.058	0.32	0.913	0.439	13.997	0.587
220	0.173	0.584	-3594.476	-4.029	-3590.447	0.32	0.866	0.439	11.945	0.537
230	0.181	0.591	-3584.395	-2.775	-3581.62	0.32	0.885	0.455	6.167	0.51
240	0.189	0.591	-3584.395	-2.775	-3581.62	0.32	0.885	0.455	6.167	0.51
250	0.197	0.526	-3582.355	-2.822	-3579.534	0.32	0.893	0.448	6.407	0.471
260	0.205	0.526	-3582.355	-2.822	-3579.534	0.32	0.893	0.448	6.407	0.471
270	0.213	0.522	-3585.149	-3.038	-3582.111	0.32	0.913	0.447	7.461	0.499
280	0.221	0.51	-3582.519	-3.037	-3579.483	0.32	0.899	0.445	7.523	0.487
290	0.228	0.51	-3582.519	-3.037	-3579.483	0.32	0.899	0.445	7.523	0.487
300	0.236	0.51	-3582.519	-3.037	-3579.483	0.32	0.899	0.445	7.523	0.487
310	0.244	0.517	-3581.585	-2.975	-3578.61	0.32	0.907	0.445	7.168	0.476
320	0.252	0.517	-3581.585	-2.975	-3578.61	0.32	0.907	0.445	7.168	0.476
330	0.26	0.517	-3581.585	-2.975	-3578.61	0.32	0.907	0.445	7.168	0.476
340	0.268	0.517	-3581.585	-2.975	-3578.61	0.32	0.907	0.445	7.168	0.476
350	0.276	0.517	-3581.585	-2.975	-3578.61	0.32	0.907	0.445	7.168	0.476
360	0.284	0.517	-3581.585	-2.975	-3578.61	0.32	0.907	0.445	7.168	0.476
370	0.292	0.517	-3581.585	-2.975	-3578.61	0.32	0.907	0.445	7.168	0.476
380	0.3	0.517	-3581.585	-2.975	-3578.61	0.32	0.907	0.445	7.168	0.476
390	0.308	0.517	-3581.585	-2.975	-3578.61	0.32	0.907	0.445	7.168	0.476
400	0.315	0.517	-3581.585	-2.975	-3578.61	0.32	0.907	0.445	7.168	0.476
410	0.323	0.522	-3580.991	-2.911	-3578.079	0.32	0.927	0.445	6.706	0.463
420	0.331	0.522	-3580.991	-2.911	-3578.079	0.32	0.927	0.445	6.706	0.463
430	0.339	0.541	-3582.554	-2.932	-3579.622	0.32	0.929	0.446	6.809	0.475
440	0.347	0.541	-3580.56	-2.751	-3577.808	0.32	0.953	0.445	5.462	0.433
450	0.355	0.536	-3581.664	-2.563	-3579.101	0.32	0.947	0.451	3.902	0.411
460	0.363	0.557	-3582.625	-2.504	-3580.121	0.32	0.926	0.456	3.382	0.408
470	0.371	0.557	-3582.625	-2.504	-3580.121	0.32	0.926	0.456	3.382	0.408
480	0.379	0.557	-3582.625	-2.504	-3580.121	0.32	0.926	0.456	3.382	0.408
490	0.387	0.533	-3583.936	-2.61	-3581.326	0.32	0.948	0.462	2.094	0.368
500	0.395	0.556	-3582.996	-2.503	-3580.493	0.32	0.927	0.458	2.959	0.397
510	0.403	0.556	-3582.996	-2.503	-3580.493	0.32	0.927	0.458	2.959	0.397
520	0.41	0.556	-3582.996	-2.503	-3580.493	0.32	0.927	0.458	2.959	0.397
530	0.418	0.565	-3582.827	-2.548	-3580.279	0.32	0.895	0.462	2.089	0.368
540	0.426	0.565	-3582.827	-2.548	-3580.279	0.32	0.895	0.462	2.089	0.368
550	0.434	0.537	-3583.017	-2.616	-3580.401	0.32	0.929	0.452	4.78	0.441
560	0.442	0.537	-3583.017	-2.616	-3580.401	0.32	0.929	0.452	4.78	0.441
570	0.45	0.528	-3579.823	-2.927	-3576.896	0.32	0.934	0.443	6.727	0.454
580	0.458	0.528	-3579.823	-2.927	-3576.896	0.32	0.934	0.443	6.727	0.454
590	0.465	0.528	-3579.823	-2.927	-3576.896	0.32	0.934	0.443	6.727	0.454
600	0.473	0.515	-3584.073	-2.752	-3581.321	0.32	0.948	0.449	5.565	0.452
610	0.481	0.559	-3580.677	-2.533	-3578.144	0.32	0.939	0.452	3.55	0.401
620	0.489	0.559	-3580.677	-2.533	-3578.144	0.32	0.939	0.452	3.55	0.401
630	0.497	0.559	-3580.677	-2.533	-3578.144	0.32	0.939	0.452	3.55	0.401
640	0.505	0.559	-3580.677	-2.533	-3578.144	0.32	0.939	0.452	3.55	0.401
650	0.513	0.559	-3580.677	-2.533	-3578.144	0.32	0.939	0.452	3.55	0.401
660	0.521	0.559	-3580.677	-2.533	-3578.144	0.32	0.939	0.452	3.55	0.401
670	0.529	0.559	-3580.677	-2.533	-3578.144	0.32	0.939	0.452	3.55	0.401
680	0.537	0.559	-3580.677	-2.533	-3578.144	0.32	0.939	0.452	3.55	0.401
690	0.545	0.559	-3580.677	-2.533	-3578.144	0.32	0.939	0.452	3.55	0.401
700	0.552	0.582	-3581.099	-2.547	-3578.552	0.32	0.939	0.455	2.571	0.374
710	0.561	0.582	-3581.099	-2.547	-3578.552	0.32	0.939	0.455	2.571	0.374
720	0.569	0.555	-3579.077	-2.523	-3576.553	0.32	0.925	0.449	3.675	0.396
730	0.577	0.555	-3579.077	-2.523	-3576.553	0.32	0.925	0.449	3.675	0.396
740	0.585	0.555	-3579.077	-2.523	-3576.553	0.32	0.925	0.449	3.675	0.396
750	0.592	0.555	-3579.077	-2.523	-3576.553	0.32	0.925	0.449	3.675	0.396
760	0.6	0.555	-3579.077	-2.523	-3576.553	0.32	0.925	0.449	3.675	0.396
770	0.608	0.555	-3579.077	-2.523	-3576.553	0.32	0.925	0.449	3.675	0.396
780	0.616	0.555	-3579.077	-2.523	-3576.553	0.32	0.925	0.449	3.675	0.396
790	0.624	0.555	-3579.077	-2.523	-3576.553	0.32	0.925	0.449	3.675	0.396
800	0.632	0.555	-3579.077	-2.523	-3576.553	0.32	0.925	0.449	3.675	0.396
810	0.64	0.555	-3579.077	-2.523	-3576.553	0.32	0.925	0.449	3.675	0.396
820	0.647	0.549	-3579.8	-2.536	-3577.263	0.32	0.9	0.449	4.272	0.416
830	0.655	0.549	-3579.8	-2.536	-3577.263	0.32	0.9	0.449	4.272	0.416
840	0.663	0.549	-3579.8	-2.536	-3577.263	0.32	0.9	0.449	4.272	0.416
850	0.671	0.584	-3583.839	-2.504	-3581.334	0.32	0.876	0.455	4.187	0.434
860	0.679	0.584	-3583.839	-2.504	-3581.334	0.32	0.876	0.455	4.187	0.434
870	0.687	0.584	-3583.839	-2.504	-3581.334	0.32	0.876	0.455	4.187	0.434
880	0.694	0.584	-3583.839	-2.504	-3581.334	0.32	0.876	0.455	4.187	0.434
890	0.702	0.584	-3583.839	-2.504	-3581.334	0.32	0.876	0.455	4.187	0.434
900	0.71	0.584	-3583.839	-2.504	-3581.334	0.32	0.876	0.455	4.187	0.434
910	0.718	0.551	-3584.666	-2.866	-3581.8	0.32	0.904	0.449	6.603	0.486
920	0.726	0.551	-3584.666	-2.866	-3581.8	0.32	0.904	0.449	6.603	0.486
930	0.734	0.551	-3584.666	-2.866	-3581.8	0.32	0.904	0.449	6.603	0.486
940	0.742	0.551	-3584.666	-2.866	-3581.8	0.32	0.904	0.449	6.603	0.486
950	0.75	0.543	-3584.666	-2.67	-3581.996	0.32	0.849	0.451	5.673	0.469
960	0.757	0.559	-3581.89	-2.484	-3579.406	0.32	0.892	0.455	3.7	0.415
970	0.765	0.563	-3580.938	-2.791	-3578.148	0.32	0.935	0.446	5.934	0.451
980	0.773	0.563	-3580.938	-2.791	-3578.148	0.32	0.935	0.446	5.934	0.451
990	0.781	0.563	-3580.938	-2.791	-3578.148	0.32	0.935	0.446	5.934	0.451
1000	0.789	0.56	-3580.281	-2.554	-3577.728	0.32	0.942	0.453	2.556	0.37
1010	0.797	0.56	-3580.281	-2.554	-3577.728	0.32	0.942	0.453	2.556	0.37
1020	0.805	0.56	-3580.281	-2.554	-3577.728	0.32	0.942	0.453	2.556	0.37
1030	0.813	0.56	-3580.281	-2.554	-3577.728	0.32	0.942	0.453	2.556	0.37
1040	0.821	0.56	-3580.281	-2.554	-3577.728	0.32	0.942	0.453	2.556	0.37
1050	0.829	0.56	-3580.281	-2.554	-3577.728	0.32	0.942	0.453	2.556	0.37
1060	0.837	0.56	-3580.281	-2.554	-3577.728	0.32	0.942	0.453	2.556	0.37
1070	0.844	0.56	-3580.281	-2.554	-3577.728	0.32	0.942	0.453	2.556	0.37
1080	0.852	0.542	-3579.279	-2.695	-3576.584	0.32	0.945	0.444	5.158	0.423
1090	0.86	0.542	-3579.279	-2.695	-3576.584	0.32	0.945	0.444	5.158	0.423
1100	0.868	0.542	-3579.279	-2.695	-3576.584	0.32	0.945	0.444	5.158	0.423
1110	0.876	0.542	-3579.279	-2.695	-3576.584	0.32	0.945	0.444	5.158	0.423
1120	0.884	0.542	-3579.279	-2.695	-3576.584	0.32	0.945	0.444	5.158	0.423
1130	0.892	0.542	-3579.279	-2.695	-3576.584	0.32	0.945	0.444	5.158	0.423
1140	0.9	0.542	-3579.279	-2.695	-3576.584	0.32	0.945	0.444	5.158	0.423
1150	0.908	0.542	-3579.279	-2.695	-3576.584	0.32	0.945	0.444	5.158	0.423
1160	0.916	0.542	-3579.279	-2.695	-3576.584	0.32	0.945	0.444	5.158	0.423
1170	0.924	0.542	-3579.279	-2.695	-3576.584	0.32	0.945	0.444	5.158	0.423
1180	0.931	0.542	-3579.279	-2.695	-3576.584	0.32	0.945	0.444	5.158	0.423
1190	0.939	0.542	-3579.279	-2.695	-3576.584	0.32	0.945	0.444	5.158	0.423
1200	0.947	0.543	-3578.813	-2.6	-3576.214	0.32	0.946	0.445	4.284	0.402
1210	0.955	0.543	-3578.813	-2.6	-3576.214	0.32	0.946	0.445	4.284	0.402
1220	0.963	0.543	-3578.813	-2.6	-3576.214	0.32	0.946	0.445	4.284	0.402
1230	0.971	0.543	-3578.813	-2.6	-3576.214	0.32	0.946	0.445	4.284	0.402
1240	0.979	0.56	-3580.16	-2.743	-3577.416	0.32	0.932	0.446	5.654	0.442
1250	0.987	0.56	-3580.16	-2.743	-3577.416	0.32	0.932	0.446	5.654	0.442
1260	0.995	0.56	-3580.16	-2.743	-3577.416	0.32	0.932	0.446	5.654	0.442
1270	1.003	0.56	-3580.16	-2.743	-3577.416	0.32	0.932	0.446	5.654	0.442
1280	1.01	0.56	-3580.16	-2.743	-3577.416	0.32	0.932	0.446	5.654	0.442
1290	1.018	0.56	-3580.16	-2.743	-3577.416	0.32	0.932	0.446	5.654	0.442
1300	1.026	0.56	-3580.16	-2.743	-3577.416	0.32	0.932	0.446	5.654	0.442
1310	1.034	0.56	-3580.16	-2.743	-3577.416	0.32	0.932	0.446	5.654	0.442
1320	1.042	0.56	-3580.16	-2.743	-3577.416	0.32	0.932	0.446	5.654	0.442
1330	1.05	0.56	-3580.16	-2.743	-3577.416	0.32	0.932	0.446	5.654	0.442
1340	1.058	0.56	-3580.16	-2.743	-3577.416	0.32	0.932	0.446	5.654	0.442
1350	1.066	0.56	-3580.16	-2.743	-3577.416	0.32	0.932	0.446	5.654	0.442
1360	1.073	0.56	-3580.16	-2.743	-3577.416	0.32	0.932	0.446	5.654	0.442
1370	1.081	0.56	-3580.16	-2.743	-3577.416	0.32	0.932	0.446	5.654	0.442
1380	1.089	0.56	-3580.16	-2.743	-3577.416	0.32	0.932	0.446	5.654	0.442
1390	1.097	0.56	-3580.16	-2.743	-3577.416	0.32	0.932	0.446	5.654	0.442
1400	1.105	0.56	-3580.16	-2.743	-3577.416	0.32	0.932	0.446	5.654	0.442
1410	1.113	0.56	-3580.16	-2.743	-3577.416	0.32	0.932	0.446	5.654	0.442
1420	1.121	0.56	-3580.16	-2.743	-3577.416	0.32	0.932	0.446	5.654	0.442
1430	1.129	0.56	-3580.16	-2.743	-3577.416	0.32	0.932	0.446	5.654	0.442
1440	1.137	0.56	-3580.16	-2.743	-3577.416	0.32	0.932	0.446	5.654	0.442
1450	1.145	0.56	-3580.16	-2.743	-3577.416	0.32	0.932	0.446	5.654	0.442
1460	1.152	0.56	-3580.16	-2.743	-3577.416	0.32	0.932	0.446	5.654	0.442
1470	1.16	0.56	-3580.16	-2.743	-3577.416	0.32	0.932	0.446	5.654	0.442
1480	1.168	0.569	-3580.686	-2.579	-3578.107	0.32	0.933	0.45	4.343	0.42
1490	1.176	0.569	-3580.686	-2.579	-3578.107	0.32	0.933	0.45	4.343	0.42
1500	1.184	0.569	-3580.686	-2.579	-3578.107	0.32	0.933	0.45	4.343	0.42
1510	1.192	0.569	-3580.686	-2.579	-3578.107	0.32	0.933	0.45	4.343	0.42
1520	1.2	0.555	-3581.818	-2.6	-3579.219	0.32	0.931	0.451	4.601	0.432
1530	1.208	0.555	-3581.818	-2.6	-3579.219	0.32	0.931	0.451	4.601	0.432
1540	1.215	0.54	-3579.006	-2.62	-3576.386	0.32	0.93	0.446	4.738	0.417
1550	1.223	0.54	-3579.006	-2.62	-3576.386	0.32	0.93	0.446	4.738	0.417
1560	1.231	0.54	-3579.006	-2.62	-3576.386	0.32	0.93	0.446	4.738	0.417
1570	1.239	0.54	-3579.006	-2.62	-3576.386	0.32	0.93	0.446	4.738	0.417
1580	1.247	0.54	-3579.006	-2.62	-3576.386	0.32	0.93	0.446	4.738	0.417
1590	1.255	0.54	-3579.006	-2.62	-3576.386	0.32	0.93	0.446	4.738	0.417
1600	1.263	0.54	-3579.006	-2.62	-3576.386	0.32	0.93	0.446	4.738	0.417
1610	1.271	0.54	-3579.006	-2.62	-3576.386	0.32	0.93	0.446	4.738	0.417
1620	1.278	0.54	-3579.006	-2.62	-3576.386	0.32	0.93	0.446	4.738	0.417
1630	1.286	0.54	-3579.006	-2.62	-3576.386	0.32	0.93	0.446	4.738	0.417
1640	1.294	0.54	-3579.006	-2.62	-3576.386	0.32	0.93	0.446	4.738	0.417
1650	1.302	0.54	-3579.006	-2.62	-3576.386	0.32	0.93	0.446	4.738	0.417
1660	1.31	0.54	-3579.006	-2.62	-3576.386	0.32	0.93	0.446	4.738	0.417
1670	1.318	0.54	-3579.006	-2.62	-3576.386	0.32	0.93	0.446	4.738	0.417
1680	1.326	0.54	-3579.006	-2.62	-3576.386	0.32	0.93	0.446	4.738	0.417
1690	1.334	0.54	-3579.006	-2.62	-3576.386	0.32	0.93	0.446	4.738	0.417
1700	1.342	0.54	-3579.006	-2.62	-3576.386	0.32	0.93	0.446	4.738	0.417
1710	1.349	0.54	-3579.006	-2.62	-3576.386	0.32	0.93	0.446	4.738	0.417
1720	1.357	0.54	-3579.006	-2.62	-3576.386	0.32	0.93	0.446	4.738	0.417
1730	1.365	0.54	-3579.006	-2.62	-3576.386	0.32	0.93	0.446	4.738	0.417
1740	1.373	0.54	-3579.006	-2.62	-3576.386	0.32	0.93	0.446	4.738	0.417
1750	1.381	0.54	-3579.006	-2.62	-3576.386	0.32	0.93	0.446	4.738	0.417
1760	1.389	0.54	-3579.006	-2.62	-3576.386	0.32	0.93	0.446	4.738	0.417
1770	1.397	0.54	-3579.006	-2.62	-3576.386	0.32	0.93	0.446	4.738	0.417
1780	1.405	0.54	-3579.006	-2.62	-3576.386	0.32	0.93	0.446	4.738	0.417
1790	1.412	0.54	-3579.006	-2.62	-3576.386	0.32	0.93	0.446	4.738	0.417
1800	1.42	0.54	-3579.006	-2.62	-3576.386	0.32	0.93	0.446	4.738	0.417
1810	1.428	0.54	-3579.006	-2.62	-3576.386	0.32	0.93	0.446	4.738	0.417
1820	1.436	0.54	-3579.006	-2.62	-3576.386	0.32	0.93	0.446	4.738	0.417
1830	1.444	0.54	-3579.006	-2.62	-3576.386	0.32	0.93	0.446	4.738	0.417
1840	1.452	0.54	-3579.006	-2.62	-3576.386	0.32	0.93	0.446	4.738	0.417
1850	1.46	0.54	-3579.006	-2.62	-3576.386	0.32	0.93	0.446	4.738	0.417
1860	1.468	0.54	-3579.006	-2.62	-3576.386	0.32	0.93	0.446	4.738	0.417
1870	1.476	0.54	-3579.006	-2.62	-3576.386	0.32	0.93	0.446	4.738	0.417
1880	1.483	0.54	-3579.006	-2.62	-3576.386	0.32	0.93	0.446	4.738	0.417
1890	1.491	0.54	-3579.006	-2.62	-3576.386	0.32	0.93	0.446	4.738	0.417
1900	1.499	0.54	-3579.006	-2.62	-3576.386	0.32	0.93	0.446	4.738	0.417
1910	1.507	0.54	-3581.267	-2.694	-3578.574	0.32	0.896	0.449	5.6	0.452
1920	1.515	0.54	-3581.267	-2.694	-3578.574	0.32	0.896	0.449	5.6	0.452
1930	1.523	0.559	-3581.187	-2.488	-3578.699	0.32	0.91	0.455	3.324	0.401
1940	1.53	0.559	-3581.187	-2.488	-3578.699	0.32	0.91	0.455	3.324	0.401
1950	1.538	0.559	-3581.187	-2.488	-3578.699	0.32	0.91	0.455	3.324	0.401
1960	1.546	0.567	-3579.673	-2.544	-3577.129	0.32	0.947	0.449	3.309	0.387
1970	1.554	0.567	-3579.673	-2.544	-3577.129	0.32	0.947	0.449	3.309	0.387
1980	1.562	0.567	-3579.673	-2.544	-3577.129	0.32	0.947	0.449	3.309	0.387
1990	1.57	0.567	-3579.673	-2.544	-3577.129	0.32	0.947	0.449	3.309	0.387
2000	1.578	0.567	-3579.673	-2.544	-3577.129	0.32	0.947	0.449	3.309	0.387
2010	1.586	0.567	-3579.673	-2.544	-3577.129	0.32	0.947	0.449	3.309	0.387
2020	1.594	0.567	-3579.673	-2.544	-3577.129	0.32	0.947	0.449	3.309	0.387
2030	1.602	0.567	-3579.673	-2.544	-3577.129	0.32	0.947	0.449	3.309	0.387
2040	1.61	0.567	-3579.673	-2.544	-3577.129	0.32	0.947	0.449	3.309	0.387
2050	1.618	0.567	-3579.673	-2.544	-3577.129	0.32	0.947	0.449	3.309	0.387
2060	1.625	0.567	-3579.673	-2.544	-3577.129	0.32	0.947	0.449	3.309	0.387
2070	1.633	0.567	-3579.673	-2.544	-3577.129	0.32	0.947	0.449	3.309	0.387
2080	1.641	0.567	-3579.673	-2.544	-3577.129	0.32	0.947	0.449	3.309	0.387
2090	1.649	0.567	-3579.673	-2.544	-3577.129	0.32	0.947	0.449	3.309	0.387
2100	1.657	0.567	-3579.673	-2.544	-3577.129	0.32	0.947	0.449	3.309	0.387
2110	1.665	0.567	-3579.673	-2.544	-3577.129	0.32	0.947	0.449	3.309	0.387
2120	1.673	0.525	-3581.337	-2.631	-3578.705	0.32	0.951	0.448	4.562	0.421
2130	1.681	0.525	-3581.337	-2.631	-3578.705	0.32	0.951	0.448	4.562	0.421
2140	1.688	0.524	-3579.566	-2.698	-3576.868	0.32	0.932	0.445	5.341	0.431
2150	1.696	0.543	-3581.313	-2.745	-3578.568	0.32	0.916	0.448	5.805	0.454
2160	1.704	0.543	-3581.313	-2.745	-3578.568	0.32	0.916	0.448	5.805	0.454
2170	1.712	0.543	-3581.313	-2.745	-3578.568	0.32	0.916	0.448	5.805	0.454
2180	1.72	0.583	-3582.93	-2.613	-3580.317	0.32	0.914	0.452	4.892	0.445
2190	1.728	0.533	-3579.243	-2.629	-3576.614	0.32	0.906	0.446	5.045	0.426
2200	1.736	0.533	-3579.243	-2.629	-3576.614	0.32	0.906	0.446	5.045	0.426
2210	1.743	0.553	-3580.528	-2.74	-3577.788	0.32	0.922	0.447	5.722	0.448
2220	1.751	0.553	-3581.176	-2.648	-3578.528	0.32	0.948	0.448	4.758	0.427
2230	1.759	0.553	-3581.176	-2.648	-3578.528	0.32	0.948	0.448	4.758	0.427
2240	1.767	0.553	-3581.176	-2.648	-3578.528	0.32	0.948	0.448	4.758	0.427
2250	1.775	0.553	-3581.176	-2.648	-3578.528	0.32	0.948	0.448	4.758	0.427
2260	1.783	0.522	-3581.404	-2.725	-3578.679	0.32	0.96	0.446	5.177	0.428
2270	1.791	0.522	-3581.404	-2.725	-3578.679	0.32	0.96	0.446	5.177	0.428
2280	1.799	0.534	-3581.83	-2.964	-3578.866	0.32	0.935	0.445	6.936	0.471
2290	1.807	0.534	-3581.83	-2.964	-3578.866	0.32	0.935	0.445	6.936	0.471
2300	1.815	0.522	-3580.008	-2.991	-3577.018	0.32	0.927	0.443	7.123	0.462
2310	1.822	0.522	-3580.008	-2.991	-3577.018	0.32	0.927	0.443	7.123	0.462
2320	1.83	0.522	-3580.008	-2.991	-3577.018	0.32	0.927	0.443	7.123	0.462
2330	1.838	0.553	-3581.635	-2.69	-3578.945	0.32	0.888	0.449	5.622	0.455
2340	1.846	0.54	-3580.488	-2.814	-3577.674	0.32	0.917	0.446	6.213	0.456
2350	1.854	0.543	-3580.184	-2.573	-3577.612	0.32	0.901	0.449	4.637	0.426
2360	1.862	0.543	-3580.184	-2.573	-3577.612	0.32	0.901	0.449	4.637	0.426
2370	1.87	0.543	-3580.184	-2.573	-3577.612	0.32	0.901	0.449	4.637	0.426
2380	1.878	0.56	-3580.88	-2.52	-3578.36	0.32	0.88	0.451	4.285	0.422
2390	1.885	0.56	-3580.88	-2.52	-3578.36	0.32	0.88	0.451	4.285	0.422
2400	1.893	0.56	-3580.88	-2.52	-3578.36	0.32	0.88	0.451	4.285	0.422
2410	1.901	0.56	-3580.88	-2.52	-3578.36	0.32	0.88	0.451	4.285	0.422
2420	1.91	0.561	-3580.765	-2.56	-3578.204	0.32	0.901	0.451	4.531	0.428
2430	1.918	0.561	-3580.765	-2.56	-3578.204	0.32	0.901	0.451	4.531	0.428
2440	1.927	0.561	-3580.765	-2.56	-3578.204	0.32	0.901	0.451	4.531	0.428
2450	1.936	0.561	-3580.765	-2.56	-3578.204	0.32	0.901	0.451	4.531	0.428
2460	1.944	0.561	-3580.765	-2.56	-3578.204	0.32	0.901	0.451	4.531	0.428
2470	1.953	0.561	-3580.765	-2.56	-3578.204	0.32	0.901	0.451	4.531	0.428
2480	1.962	0.561	-3580.765	-2.56	-3578.204	0.32	0.901	0.451	4.531	0.428
2490	1.97	0.561	-3580.765	-2.56	-3578.204	0.32	0.901	0.451	4.531	0.428
2500	1.979	0.561	-3580.765	-2.56	-3578.204	0.32	0.901	0.451	4.531	0.428
2510	1.987	0.561	-3580.765	-2.56	-3578.204	0.32	0.901	0.451	4.531	0.428
2520	1.996	0.561	-3580.765	-2.56	-3578.204	0.32	0.901	0.451	4.531	0.428
2530	2.005	0.561	-3580.765	-2.56	-3578.204	0.32	0.901	0.451	4.531	0.428
2540	2.014	0.593	-3581.121	-2.504	-3578.617	0.32	0.923	0.454	3.125	0.393
2550	2.023	0.593	-3581.121	-2.504	-3578.617	0.32	0.923	0.454	3.125	0.393
2560	2.031	0.612	-3585.787	-2.673	-3583.114	0.32	0.899	0.467	1.591	0.352
2570	2.039	0.612	-3585.787	-2.673	-3583.114	0.32	0.899	0.467	1.591	0.352
2580	2.048	0.612	-3585.787	-2.673	-3583.114	0.32	0.899	0.467	1.591	0.352
2590	2.056	0.612	-3585.787	-2.673	-3583.114	0.32	0.899	0.467	1.591	0.352
2600	2.065	0.612	-3585.787	-2.673	-3583.114	0.32	0.899	0.467	1.591	0.352
2610	2.073	0.612	-3585.787	-2.673	-3583.114	0.32	0.899	0.467	1.591	0.352
2620	2.081	0.612	-3585.787	-2.673	-3583.114	0.32	0.899	0.467	1.591	0.352
2630	2.09	0.612	-3585.787	-2.673	-3583.114	0.32	0.899	0.467	1.591	0.352
2640	2.098	0.612	-3585.787	-2.673	-3583.114	0.32	0.899	0.467	1.591	0.352
2650	2.107	0.612	-3585.787	-2.673	-3583.114	0.32	0.899	0.467	1.591	0.352
2660	2.115	0.593	-3583.377	-2.63	-3580.748	0.32	0.931	0.462	1.879	0.359
2670	2.123	0.593	-3583.377	-2.63	-3580.748	0.32	0.931	0.462	1.879	0.359
2680	2.132	0.593	-3583.377	-2.63	-3580.748	0.32	0.931	0.462	1.879	0.359
2690	2.14	0.593	-3583.377	-2.63	-3580.748	0.32	0.931	0.462	1.879	0.359
2700	2.148	0.593	-3583.377	-2.63	-3580.748	0.32	0.931	0.462	1.879	0.359
2710	2.157	0.585	-3581.787	-2.581	-3579.206	0.32	0.957	0.451	3.806	0.405
2720	2.165	0.585	-3581.787	-2.581	-3579.206	0.32	0.957	0.451	3.806	0.405
2730	2.174	0.549	-3580.97	-2.613	-3578.356	0.32	0.971	0.447	3.615	0.39
2740	2.182	0.549	-3580.97	-2.613	-3578.356	0.32	0.971	0.447	3.615	0.39
2750	2.191	0.549	-3580.97	-2.613	-3578.356	0.32	0.971	0.447	3.615	0.39
2760	2.199	0.549	-3580.97	-2.613	-3578.356	0.32	0.971	0.447	3.615	0.39
2770	2.208	0.535	-3582.744	-2.686	-3580.058	0.32	0.971	0.447	4.581	0.417
2780	2.216	0.558	-3580.518	-2.749	-3577.769	0.32	0.931	0.447	5.702	0.446
2790	2.224	0.558	-3580.518	-2.749	-3577.769	0.32	0.931	0.447	5.702	0.446
2800	2.233	0.547	-3579.232	-2.701	-3576.53	0.32	0.942	0.445	5.241	0.425
2810	2.241	0.547	-3579.232	-2.701	-3576.53	0.32	0.942	0.445	5.241	0.425
2820	2.25	0.547	-3579.232	-2.701	-3576.53	0.32	0.942	0.445	5.241	0.425
2830	2.258	0.547	-3579.232	-2.701	-3576.53	0.32	0.942	0.445	5.241	0.425
2840	2.266	0.552	-3582.255	-2.644	-3579.611	0.32	0.904	0.451	5.213	0.45
2850	2.275	0.552	-3582.255	-2.644	-3579.611	0.32	0.904	0.451	5.213	0.45
2860	2.283	0.568	-3582.151	-2.556	-3579.595	0.32	0.883	0.452	4.64	0.438
2870	2.292	0.568	-3582.151	-2.556	-3579.595	0.32	0.883	0.452	4.64	0.438
2880	2.3	0.568	-3582.151	-2.556	-3579.595	0.32	0.883	0.452	4.64	0.438
2890	2.309	0.568	-3582.151	-2.556	-3579.595	0.32	0.883	0.452	4.64	0.438
2900	2.318	0.568	-3582.906	-2.46	-3580.447	0.32	0.857	0.455	3.704	0.416
2910	2.326	0.568	-3582.906	-2.46	-3580.447	0.32	0.857	0.455	3.704	0.416
2920	2.335	0.568	-3582.906	-2.46	-3580.447	0.32	0.857	0.455	3.704	0.416
2930	2.343	0.568	-3582.906	-2.46	-3580.447	0.32	0.857	0.455	3.704	0.416
2940	2.351	0.568	-3582.906	-2.46	-3580.447	0.32	0.857	0.455	3.704	0.416
2950	2.36	0.563	-3583.433	-2.591	-3580.842	0.32	0.885	0.463	1.835	0.358
2960	2.368	0.563	-3583.433	-2.591	-3580.842	0.32	0.885	0.463	1.835	0.358
2970	2.376	0.519	-3582.874	-2.748	-3580.126	0.32	0.86	0.448	6.111	0.466
2980	2.385	0.519	-3582.874	-2.748	-3580.126	0.32	0.86	0.448	6.111	0.466
2990	2.393	0.519	-3582.874	-2.748	-3580.126	0.32	0.86	0.448	6.111	0.466
3000	2.401	0.51	-3583.497	-2.979	-3580.518	0.32	0.854	0.446	7.392	0.488
3010	2.41	0.51	-3583.497	-2.979	-3580.518	0.32	0.854	0.446	7.392	0.488
3020	2.419	0.51	-3583.497	-2.979	-3580.518	0.32	0.854	0.446	7.392	0.488
3030	2.427	0.51	-3583.497	-2.979	-3580.518	0.32	0.854	0.446	7.392	0.488
3040	2.436	0.516	-3582.174	-3.038	-3579.136	0.32	0.95	0.443	7.189	0.467
3050	2.444	0.516	-3582.174	-3.038	-3579.136	0.32	0.95	0.443	7.189	0.467
3060	2.453	0.516	-3582.174	-3.038	-3579.136	0.32	0.95	0.443	7.189	0.467
3070	2.461	0.516	-3582.174	-3.038	-3579.136	0.32	0.95	0.443	7.189	0.467
3080	2.469	0.492	-3583.846	-3.159	-3580.687	0.32	0.929	0.444	7.967	0.492
3090	2.478	0.497	-3582.472	-3.375	-3579.097	0.32	0.943	0.441	8.874	0.489
3100	2.486	0.497	-3582.472	-3.375	-3579.097	0.32	0.943	0.441	8.874	0.489
3110	2.494	0.497	-3582.472	-3.375	-3579.097	0.32	0.943	0.441	8.874	0.489
3120	2.503	0.497	-3582.472	-3.375	-3579.097	0.32	0.943	0.441	8.874	0.489
3130	2.511	0.497	-3582.472	-3.375	-3579.097	0.32	0.943	0.441	8.874	0.489
3140	2.519	0.528	-3585.735	-3.133	-3582.602	0.32	0.951	0.445	7.668	0.492
3150	2.528	0.528	-3585.735	-3.133	-3582.602	0.32	0.951	0.445	7.668	0.492
3160	2.536	0.528	-3585.735	-3.133	-3582.602	0.32	0.951	0.445	7.668	0.492
3170	2.544	0.527	-3584.847	-2.629	-3582.218	0.32	0.967	0.451	4.192	0.42
3180	2.552	0.543	-3584.582	-2.706	-3581.875	0.32	0.966	0.449	4.929	0.435
3190	2.561	0.551	-3581.089	-2.571	-3578.518	0.32	0.939	0.451	4.17	0.417
3200	2.569	0.551	-3581.089	-2.571	-3578.518	0.32	0.939	0.451	4.17	0.417
3210	2.577	0.551	-3581.089	-2.571	-3578.518	0.32	0.939	0.451	4.17	0.417
3220	2.586	0.551	-3581.089	-2.571	-3578.518	0.32	0.939	0.451	4.17	0.417
3230	2.594	0.543	-3580.345	-2.595	-3577.75	0.32	0.923	0.449	4.628	0.426
3240	2.602	0.543	-3580.345	-2.595	-3577.75	0.32	0.923	0.449	4.628	0.426
3250	2.61	0.543	-3580.345	-2.595	-3577.75	0.32	0.923	0.449	4.628	0.426
3260	2.619	0.575	-3580.615	-2.53	-3578.085	0.32	0.915	0.451	4.031	0.415
3270	2.627	0.575	-3580.615	-2.53	-3578.085	0.32	0.915	0.451	4.031	0.415
3280	2.636	0.575	-3580.615	-2.53	-3578.085	0.32	0.915	0.451	4.031	0.415
3290	2.644	0.575	-3580.615	-2.53	-3578.085	0.32	0.915	0.451	4.031	0.415
3300	2.653	0.575	-3580.615	-2.53	-3578.085	0.32	0.915	0.451	4.031	0.415
3310	2.661	0.575	-3580.615	-2.53	-3578.085	0.32	0.915	0.451	4.031	0.415
3320	2.67	0.575	-3580.615	-2.53	-3578.085	0.32	0.915	0.451	4.031	0.415
3330	2.678	0.575	-3580.615	-2.53	-3578.085	0.32	0.915	0.451	4.031	0.415
3340	2.686	0.551	-3580.419	-2.72	-3577.7	0.32	0.91	0.447	5.673	0.448
3350	2.695	0.532	-3580.463	-2.539	-3577.924	0.32	0.918	0.451	4.122	0.415
3360	2.703	0.529	-3580.093	-2.575	-3577.518	0.32	0.928	0.449	4.377	0.418
3370	2.712	0.529	-3580.093	-2.575	-3577.518	0.32	0.928	0.449	4.377	0.418
3380	2.72	0.543	-3579.494	-2.548	-3576.946	0.32	0.936	0.449	3.861	0.402
3390	2.728	0.543	-3579.494	-2.548	-3576.946	0.32	0.936	0.449	3.861	0.402
3400	2.736	0.543	-3579.494	-2.548	-3576.946	0.32	0.936	0.449	3.861	0.402
3410	2.745	0.543	-3579.494	-2.548	-3576.946	0.32	0.936	0.449	3.861	0.402
3420	2.753	0.543	-3579.494	-2.548	-3576.946	0.32	0.936	0.449	3.861	0.402
3430	2.761	0.539	-3582.458	-2.558	-3579.9	0.32	0.958	0.454	3.186	0.393
3440	2.77	0.536	-3581.898	-2.525	-3579.373	0.32	0.926	0.458	2.536	0.379
3450	2.778	0.519	-3581.908	-2.5	-3579.408	0.32	0.906	0.454	3.789	0.415
3460	2.787	0.519	-3581.908	-2.5	-3579.408	0.32	0.906	0.454	3.789	0.415
3470	2.795	0.519	-3581.908	-2.5	-3579.408	0.32	0.906	0.454	3.789	0.415
3480	2.803	0.524	-3584.464	-2.501	-3581.964	0.32	0.921	0.457	3.563	0.419
3490	2.812	0.524	-3584.464	-2.501	-3581.964	0.32	0.921	0.457	3.563	0.419
3500	2.82	0.574	-3583.866	-2.623	-3581.243	0.32	0.922	0.452	4.903	0.448
3510	2.829	0.602	-3582.173	-2.96	-3579.213	0.32	0.929	0.451	6.944	0.508
3520	2.837	0.602	-3582.173	-2.96	-3579.213	0.32	0.929	0.451	6.944	0.508
3530	2.845	0.602	-3582.173	-2.96	-3579.213	0.32	0.929	0.451	6.944	0.508
3540	2.854	0.602	-3582.173	-2.96	-3579.213	0.32	0.929	0.451	6.944	0.508
3550	2.862	0.602	-3582.173	-2.96	-3579.213	0.32	0.929	0.451	6.944	0.508
3560	2.871	0.602	-3582.173	-2.96	-3579.213	0.32	0.929	0.451	6.944	0.508
3570	2.879	0.602	-3582.173	-2.96	-3579.213	0.32	0.929	0.451	6.944	0.508
3580	2.888	0.602	-3582.173	-2.96	-3579.213	0.32	0.929	0.451	6.944	0.508
3590	2.896	0.602	-3582.173	-2.96	-3579.213	0.32	0.929	0.451	6.944	0.508
3600	2.904	0.602	-3582.173	-2.96	-3579.213	0.32	0.929	0.451	6.944	0.508
3610	2.913	0.602	-3582.173	-2.96	-3579.213	0.32	0.929	0.451	6.944	0.508
3620	2.921	0.602	-3582.173	-2.96	-3579.213	0.32	0.929	0.451	6.944	0.508
3630	2.93	0.602	-3582.173	-2.96	-3579.213	0.32	0.929	0.451	6.944	0.508
3640	2.938	0.602	-3582.173	-2.96	-3579.213	0.32	0.929	0.451	6.944	0.508
3650	2.946	0.615	-3580.698	-2.648	-3578.051	0.32	0.952	0.454	4.715	0.449
3660	2.955	0.615	-3580.698	-2.648	-3578.051	0.32	0.952	0.454	4.715	0.449
3670	2.963	0.615	-3580.698	-2.648	-3578.051	0.32	0.952	0.454	4.715	0.449
3680	2.971	0.615	-3580.698	-2.648	-3578.051	0.32	0.952	0.454	4.715	0.449
3690	2.98	0.597	-3582.395	-2.563	-3579.832	0.32	0.953	0.455	2.709	0.38
3700	2.988	0.602	-3582.006	-2.538	-3579.468	0.32	0.942	0.455	2.778	0.383
3710	2.996	0.602	-3582.006	-2.538	-3579.468	0.32	0.942	0.455	2.778	0.383
3720	3.004	0.602	-3582.006	-2.538	-3579.468	0.32	0.942	0.455	2.778	0.383
3730	3.012	0.602	-3582.006	-2.538	-3579.468	0.32	0.942	0.455	2.778	0.383
3740	3.021	0.596	-3582.55	-2.549	-3580.001	0.32	0.92	0.459	2.27	0.372
3750	3.029	0.596	-3582.55	-2.549	-3580.001	0.32	0.92	0.459	2.27	0.372
3760	3.037	0.594	-3580.997	-2.519	-3578.478	0.32	0.921	0.455	2.63	0.376
3770	3.045	0.594	-3580.997	-2.519	-3578.478	0.32	0.921	0.455	2.63	0.376
3780	3.053	0.594	-3580.997	-2.519	-3578.478	0.32	0.921	0.455	2.63	0.376
3790	3.061	0.594	-3580.997	-2.519	-3578.478	0.32	0.921	0.455	2.63	0.376
3800	3.069	0.594	-3580.997	-2.519	-3578.478	0.32	0.921	0.455	2.63	0.376
3810	3.078	0.594	-3580.997	-2.519	-3578.478	0.32	0.921	0.455	2.63	0.376
3820	3.086	0.594	-3580.997	-2.519	-3578.478	0.32	0.921	0.455	2.63	0.376
3830	3.094	0.594	-3580.997	-2.519	-3578.478	0.32	0.921	0.455	2.63	0.376
3840	3.103	0.569	-3580.611	-2.603	-3578.008	0.32	0.962	0.448	3.9	0.399
3850	3.111	0.569	-3580.611	-2.603	-3578.008	0.32	0.962	0.448	3.9	0.399
3860	3.119	0.569	-3580.611	-2.603	-3578.008	0.32	0.962	0.448	3.9	0.399
3870	3.127	0.569	-3580.611	-2.603	-3578.008	0.32	0.962	0.448	3.9	0.399
3880	3.135	0.569	-3580.611	-2.603	-3578.008	0.32	0.962	0.448	3.9	0.399
3890	3.144	0.569	-3580.611	-2.603	-3578.008	0.32	0.962	0.448	3.9	0.399
3900	3.152	0.569	-3580.611	-2.603	-3578.008	0.32	0.962	0.448	3.9	0.399
3910	3.16	0.569	-3580.611	-2.603	-3578.008	0.32	0.962	0.448	3.9	0.399
3920	3.168	0.569	-3580.611	-2.603	-3578.008	0.32	0.962	0.448	3.9	0.399
3930	3.177	0.569	-3580.611	-2.603	-3578.008	0.32	0.962	0.448	3.9	0.399
3940	3.185	0.569	-3580.611	-2.603	-3578.008	0.32	0.962	0.448	3.9	0.399
3950	3.193	0.569	-3580.611	-2.603	-3578.008	0.32	0.962	0.448	3.9	0.399
3960	3.202	0.569	-3580.611	-2.603	-3578.008	0.32	0.962	0.448	3.9	0.399
3970	3.21	0.569	-3580.611	-2.603	-3578.008	0.32	0.962	0.448	3.9	0.399
3980	3.218	0.569	-3580.611	-2.603	-3578.008	0.32	0.962	0.448	3.9	0.399
3990	3.227	0.569	-3580.611	-2.603	-3578.008	0.32	0.962	0.448	3.9	0.399
