iter	hours	log_posterior	log_prior	loglik	missing	mixture	scale	shape
0	0.001	-1964.224	-24.33	-1939.895	0.32	0.996	72.18	2.019
10	0.009	-1812.466	-23.166	-1789.3	0.32	0.896	70.275	1.85
20	0.016	-1797.973	-22.02	-1775.953	0.32	0.852	67.492	1.691
30	0.024	-1793.044	-23.467	-1769.577	0.32	0.794	72.453	1.611
40	0.031	-1793.044	-23.467	-1769.577	0.32	0.794	72.453	1.611
50	0.039	-1793.333	-23.203	-1770.13	0.32	0.784	71.576	1.626
60	0.046	-1790.418	-21.902	-1768.516	0.32	0.782	67.76	1.566
70	0.054	-1790.418	-21.902	-1768.516	0.32	0.782	67.76	1.566
80	0.061	-1783.54	-20.121	-1763.419	0.32	0.797	62.813	1.405
90	0.069	-1758.492	-18.869	-1739.623	0.32	0.836	59.607	1.2
100	0.076	-1737.559	-17.638	-1719.921	0.32	0.789	56.527	0.979
110	0.084	-1732.346	-16.639	-1715.707	0.32	0.807	53.581	0.897
120	0.091	-1730.011	-15.46	-1714.551	0.32	0.812	49.786	0.908
130	0.099	-1723.852	-14.408	-1709.444	0.32	0.853	46.728	0.764
140	0.107	-1722.551	-15.36	-1707.191	0.32	0.915	49.571	0.786
150	0.114	-1724.791	-16.335	-1708.456	0.32	0.931	52.553	0.813
160	0.122	-1721.741	-15.013	-1706.727	0.32	0.949	48.112	0.866
170	0.129	-1719.838	-14.054	-1705.785	0.32	0.904	45.369	0.809
180	0.137	-1715.134	-13.275	-1701.859	0.32	0.927	42.784	0.807
190	0.145	-1715.134	-13.275	-1701.859	0.32	0.927	42.784	0.807
200	0.152	-1714.48	-12.319	-1702.161	0.32	0.88	39.824	0.812
210	0.16	-1708.495	-10.942	-1697.554	0.32	0.932	35.423	0.696
220	0.168	-1704.068	-9.216	-1694.851	0.32	0.9	29.778	0.724
230	0.176	-1705.456	-9.421	-1696.035	0.32	0.901	30.519	0.694
240	0.184	-1703.072	-8.983	-1694.089	0.32	0.922	28.96	0.707
250	0.192	-1706.24	-9.286	-1696.954	0.32	0.938	30.05	0.615
260	0.2	-1704.001	-8.636	-1695.365	0.32	0.963	27.623	0.672
270	0.207	-1696.304	-7.397	-1688.907	0.32	0.947	23.558	0.655
280	0.215	-1691.056	-5.234	-1685.822	0.32	0.929	16.117	0.551
290	0.223	-1692.879	-5.755	-1687.124	0.32	0.954	17.863	0.553
300	0.231	-1693.254	-6.09	-1687.164	0.32	0.932	19.168	0.585
310	0.239	-1691.746	-5.697	-1686.049	0.32	0.958	17.6	0.581
320	0.248	-1691.746	-5.697	-1686.049	0.32	0.958	17.6	0.581
330	0.255	-1691.746	-5.697	-1686.049	0.32	0.958	17.6	0.581
340	0.263	-1691.746	-5.697	-1686.049	0.32	0.958	17.6	0.581
350	0.271	-1691.746	-5.697	-1686.049	0.32	0.958	17.6	0.581
360	0.278	-1693.59	-6.229	-1687.361	0.32	0.919	19.707	0.594
370	0.285	-1694.636	-6.195	-1688.442	0.32	0.95	19.427	0.596
380	0.293	-1694.468	-6.724	-1687.744	0.32	0.939	21.362	0.589
390	0.301	-1694.468	-6.724	-1687.744	0.32	0.939	21.362	0.589
400	0.308	-1694.468	-6.724	-1687.744	0.32	0.939	21.362	0.589
410	0.316	-1691.919	-5.423	-1686.496	0.32	0.935	16.768	0.566
420	0.323	-1692.018	-5.571	-1686.447	0.32	0.926	17.366	0.548
430	0.331	-1692.018	-5.571	-1686.447	0.32	0.926	17.366	0.548
440	0.339	-1692.181	-5.652	-1686.529	0.32	0.926	17.636	0.572
450	0.347	-1690.333	-4.754	-1685.579	0.32	0.919	14.369	0.546
460	0.354	-1691.216	-5.149	-1686.067	0.32	0.925	15.815	0.56
470	0.362	-1690.996	-4.719	-1686.277	0.32	0.909	14.293	0.51
480	0.37	-1689.086	-4.064	-1685.022	0.32	0.901	11.769	0.503
490	0.377	-1688.476	-3.481	-1684.995	0.32	0.89	9.36	0.484
500	0.385	-1687.659	-3.583	-1684.076	0.32	0.915	9.706	0.486
510	0.393	-1687.659	-3.583	-1684.076	0.32	0.915	9.706	0.486
520	0.401	-1688.189	-3.81	-1684.379	0.32	0.908	10.699	0.494
530	0.408	-1687.247	-3.514	-1683.732	0.32	0.932	9.307	0.472
540	0.416	-1688.812	-3.71	-1685.101	0.32	0.958	9.976	0.486
550	0.424	-1688.812	-3.71	-1685.101	0.32	0.958	9.976	0.486
560	0.432	-1689.077	-3.379	-1685.698	0.32	0.964	8.417	0.47
570	0.44	-1687.08	-3.319	-1683.761	0.32	0.943	8.329	0.454
580	0.447	-1688.075	-3.102	-1684.972	0.32	0.967	6.993	0.442
590	0.454	-1687.336	-3.42	-1683.916	0.32	0.931	8.895	0.478
600	0.462	-1686.4	-2.883	-1683.516	0.32	0.934	6.105	0.423
610	0.469	-1686.4	-2.883	-1683.516	0.32	0.934	6.105	0.423
620	0.476	-1687.054	-3.17	-1683.884	0.32	0.933	7.671	0.44
630	0.484	-1686.612	-2.782	-1683.83	0.32	0.953	5.212	0.408
640	0.492	-1686.753	-2.725	-1684.028	0.32	0.945	4.87	0.398
650	0.499	-1686.516	-2.645	-1683.871	0.32	0.944	4.157	0.394
660	0.506	-1686.75	-2.949	-1683.801	0.32	0.911	6.672	0.442
670	0.514	-1686.75	-2.949	-1683.801	0.32	0.911	6.672	0.442
680	0.523	-1686.791	-3.034	-1683.757	0.32	0.913	7.114	0.445
690	0.532	-1687.804	-3.354	-1684.45	0.32	0.912	8.68	0.455
700	0.54	-1686.701	-3.12	-1683.58	0.32	0.921	7.519	0.454
710	0.549	-1690.321	-2.931	-1687.39	0.32	0.921	6.438	0.404
720	0.558	-1686.854	-3.044	-1683.81	0.32	0.916	7.146	0.44
730	0.567	-1686.815	-2.813	-1684.002	0.32	0.909	5.867	0.425
740	0.577	-1687.662	-2.58	-1685.082	0.32	0.928	2.911	0.367
750	0.586	-1687.646	-2.693	-1684.952	0.32	0.912	4.972	0.4
760	0.595	-1688.602	-2.608	-1685.995	0.32	0.941	3.319	0.362
770	0.604	-1688.602	-2.608	-1685.995	0.32	0.941	3.319	0.362
780	0.614	-1687.869	-2.834	-1685.035	0.32	0.97	5.294	0.414
790	0.623	-1687.869	-2.834	-1685.035	0.32	0.97	5.294	0.414
800	0.632	-1687.805	-2.732	-1685.073	0.32	0.969	4.407	0.386
810	0.641	-1687.242	-2.827	-1684.415	0.32	0.963	5.387	0.417
820	0.65	-1686.733	-3.055	-1683.678	0.32	0.944	7.014	0.447
830	0.658	-1686.674	-2.913	-1683.761	0.32	0.919	6.402	0.429
840	0.666	-1686.613	-2.889	-1683.724	0.32	0.951	5.968	0.418
850	0.675	-1686.725	-2.734	-1683.991	0.32	0.955	4.795	0.4
860	0.684	-1687.145	-3.299	-1683.847	0.32	0.928	8.338	0.451
870	0.694	-1687.107	-2.77	-1684.338	0.32	0.96	5.03	0.413
880	0.703	-1687.429	-3.372	-1684.057	0.32	0.942	8.583	0.45
890	0.712	-1689.85	-3.886	-1685.964	0.32	0.889	11.083	0.484
900	0.721	-1692.511	-3.551	-1688.96	0.32	0.888	9.647	0.446
910	0.73	-1690.416	-2.888	-1687.528	0.32	0.89	6.381	0.412
920	0.739	-1688.101	-2.718	-1685.383	0.32	0.884	5.383	0.42
930	0.748	-1686.624	-2.81	-1683.815	0.32	0.917	5.783	0.421
940	0.757	-1687.334	-3.369	-1683.965	0.32	0.945	8.561	0.468
950	0.766	-1687.334	-3.369	-1683.965	0.32	0.945	8.561	0.468
960	0.775	-1687.334	-3.369	-1683.965	0.32	0.945	8.561	0.468
970	0.784	-1687.545	-3.402	-1684.143	0.32	0.937	8.756	0.451
980	0.794	-1687.385	-3.5	-1683.886	0.32	0.945	9.155	0.467
990	0.803	-1687.385	-3.5	-1683.886	0.32	0.945	9.155	0.467
1000	0.812	-1687.385	-3.5	-1683.886	0.32	0.945	9.155	0.467
1010	0.819	-1687.511	-3.406	-1684.104	0.32	0.954	8.655	0.461
1020	0.827	-1687.458	-3.492	-1683.966	0.32	0.922	9.26	0.466
1030	0.837	-1686.791	-3.173	-1683.618	0.32	0.945	7.605	0.445
1040	0.846	-1687.397	-3.145	-1684.252	0.32	0.938	7.504	0.433
1050	0.855	-1686.484	-2.963	-1683.521	0.32	0.946	6.479	0.435
1060	0.863	-1686.484	-2.963	-1683.521	0.32	0.946	6.479	0.435
1070	0.872	-1686.551	-2.805	-1683.746	0.32	0.953	5.393	0.411
1080	0.881	-1686.551	-2.805	-1683.746	0.32	0.953	5.393	0.411
1090	0.889	-1686.484	-2.812	-1683.672	0.32	0.931	5.712	0.431
1100	0.898	-1687.685	-2.769	-1684.917	0.32	0.93	5.36	0.4
1110	0.907	-1687.538	-2.723	-1684.815	0.32	0.967	4.443	0.4
1120	0.915	-1687.632	-3.221	-1684.411	0.32	0.946	7.846	0.466
1130	0.925	-1688.04	-3.474	-1684.566	0.32	0.958	8.928	0.469
1140	0.933	-1687.831	-3.775	-1684.056	0.32	0.931	10.447	0.492
1150	0.942	-1687.831	-3.775	-1684.056	0.32	0.931	10.447	0.492
1160	0.951	-1687.529	-3.584	-1683.945	0.32	0.925	9.661	0.485
1170	0.96	-1687.529	-3.584	-1683.945	0.32	0.925	9.661	0.485
1180	0.969	-1689.027	-4.167	-1684.86	0.32	0.942	11.985	0.489
1190	0.977	-1689.027	-4.167	-1684.86	0.32	0.942	11.985	0.489
1200	0.987	-1688.981	-3.917	-1685.064	0.32	0.935	11.014	0.512
1210	0.996	-1688.322	-3.704	-1684.618	0.32	0.923	10.18	0.468
1220	1.005	-1687.334	-3.352	-1683.982	0.32	0.915	8.674	0.476
1230	1.013	-1689.171	-4.225	-1684.946	0.32	0.91	12.375	0.503
1240	1.022	-1688.639	-3.83	-1684.809	0.32	0.898	10.821	0.497
1250	1.031	-1688.445	-3.856	-1684.59	0.32	0.904	10.909	0.499
1260	1.04	-1687.734	-3.603	-1684.131	0.32	0.933	9.693	0.488
1270	1.05	-1687.825	-3.292	-1684.533	0.32	0.933	8.263	0.441
1280	1.059	-1687.951	-3.405	-1684.546	0.32	0.896	8.993	0.473
1290	1.068	-1686.892	-3.164	-1683.728	0.32	0.946	7.541	0.441
1300	1.075	-1686.492	-3.014	-1683.478	0.32	0.941	6.817	0.442
1310	1.084	-1687.709	-3.231	-1684.479	0.32	0.948	7.846	0.435
1320	1.093	-1694.024	-3.217	-1690.807	0.32	0.914	8.05	0.485
1330	1.102	-1686.286	-2.885	-1683.401	0.32	0.939	6.089	0.426
1340	1.112	-1687.293	-2.763	-1684.53	0.32	0.958	5.04	0.419
1350	1.121	-1686.35	-2.884	-1683.467	0.32	0.93	6.162	0.432
1360	1.13	-1687.314	-2.983	-1684.331	0.32	0.902	6.895	0.439
1370	1.139	-1688.937	-3.013	-1685.924	0.32	0.901	7.031	0.425
1380	1.148	-1688.937	-3.013	-1685.924	0.32	0.901	7.031	0.425
1390	1.156	-1688.937	-3.013	-1685.924	0.32	0.901	7.031	0.425
1400	1.165	-1688.937	-3.013	-1685.924	0.32	0.901	7.031	0.425
1410	1.174	-1688.682	-3.138	-1685.544	0.32	0.92	7.577	0.428
1420	1.183	-1687.991	-3.014	-1684.977	0.32	0.926	6.892	0.421
1430	1.193	-1686.398	-2.802	-1683.596	0.32	0.927	5.659	0.419
1440	1.202	-1686.398	-2.802	-1683.596	0.32	0.927	5.659	0.419
1450	1.211	-1686.398	-2.802	-1683.596	0.32	0.927	5.659	0.419
1460	1.22	-1686.398	-2.802	-1683.596	0.32	0.927	5.659	0.419
1470	1.229	-1688.236	-3.479	-1684.758	0.32	0.929	9.156	0.452
1480	1.238	-1688.215	-3.592	-1684.623	0.32	0.958	9.452	0.472
1490	1.246	-1689.095	-4.162	-1684.933	0.32	0.938	11.987	0.488
1500	1.255	-1688.133	-3.852	-1684.28	0.32	0.917	10.837	0.488
1510	1.264	-1688.133	-3.852	-1684.28	0.32	0.917	10.837	0.488
1520	1.273	-1688.287	-3.709	-1684.579	0.32	0.929	10.176	0.5
1530	1.282	-1688.287	-3.709	-1684.579	0.32	0.929	10.176	0.5
1540	1.291	-1689.112	-4.223	-1684.889	0.32	0.941	12.213	0.492
1550	1.3	-1689.093	-4.296	-1684.797	0.32	0.924	12.592	0.52
1560	1.309	-1686.528	-3.065	-1683.463	0.32	0.942	7.076	0.44
1570	1.318	-1686.528	-3.065	-1683.463	0.32	0.942	7.076	0.44
1580	1.328	-1686.528	-3.065	-1683.463	0.32	0.942	7.076	0.44
1590	1.337	-1686.528	-3.065	-1683.463	0.32	0.942	7.076	0.44
1600	1.346	-1686.899	-3.288	-1683.611	0.32	0.939	8.218	0.458
1610	1.355	-1686.899	-3.288	-1683.611	0.32	0.939	8.218	0.458
1620	1.365	-1686.942	-3.211	-1683.732	0.32	0.915	8.001	0.46
1630	1.374	-1686.942	-3.211	-1683.732	0.32	0.915	8.001	0.46
1640	1.383	-1687.798	-3.546	-1684.252	0.32	0.943	9.367	0.458
1650	1.391	-1687.798	-3.546	-1684.252	0.32	0.943	9.367	0.458
1660	1.4	-1689.063	-3.43	-1685.633	0.32	0.94	8.851	0.44
1670	1.409	-1688.127	-3.004	-1685.123	0.32	0.957	6.604	0.449
1680	1.418	-1686.853	-2.94	-1683.913	0.32	0.954	6.265	0.433
1690	1.428	-1687.074	-3.334	-1683.74	0.32	0.919	8.561	0.463
1700	1.437	-1688.259	-3.451	-1684.808	0.32	0.963	8.754	0.452
1710	1.446	-1686.722	-2.868	-1683.854	0.32	0.941	5.978	0.436
1720	1.455	-1686.596	-2.942	-1683.654	0.32	0.931	6.481	0.427
1730	1.465	-1688.233	-2.972	-1685.261	0.32	0.967	6.215	0.409
1740	1.474	-1688.233	-2.972	-1685.261	0.32	0.967	6.215	0.409
1750	1.483	-1688.233	-2.972	-1685.261	0.32	0.967	6.215	0.409
1760	1.492	-1687.532	-2.716	-1684.816	0.32	0.953	4.624	0.387
1770	1.502	-1687.532	-2.716	-1684.816	0.32	0.953	4.624	0.387
1780	1.51	-1687.532	-2.716	-1684.816	0.32	0.953	4.624	0.387
1790	1.519	-1688.553	-2.568	-1685.984	0.32	0.913	3.384	0.37
1800	1.527	-1688.553	-2.568	-1685.984	0.32	0.913	3.384	0.37
1810	1.536	-1686.463	-2.662	-1683.801	0.32	0.926	4.596	0.403
1820	1.546	-1689.222	-2.608	-1686.613	0.32	0.876	4.521	0.4
1830	1.555	-1689.222	-2.608	-1686.613	0.32	0.876	4.521	0.4
1840	1.564	-1689.222	-2.608	-1686.613	0.32	0.876	4.521	0.4
1850	1.573	-1689.222	-2.608	-1686.613	0.32	0.876	4.521	0.4
1860	1.583	-1687.111	-2.592	-1684.518	0.32	0.916	3.946	0.391
1870	1.592	-1687.111	-2.592	-1684.518	0.32	0.916	3.946	0.391
1880	1.601	-1687.111	-2.592	-1684.518	0.32	0.916	3.946	0.391
1890	1.61	-1687.111	-2.592	-1684.518	0.32	0.916	3.946	0.391
1900	1.62	-1687.111	-2.592	-1684.518	0.32	0.916	3.946	0.391
1910	1.629	-1687.111	-2.592	-1684.518	0.32	0.916	3.946	0.391
1920	1.638	-1686.404	-2.712	-1683.693	0.32	0.938	4.919	0.415
1930	1.646	-1686.384	-2.762	-1683.622	0.32	0.923	5.44	0.423
1940	1.655	-1686.367	-2.7	-1683.667	0.32	0.931	4.896	0.414
1950	1.664	-1686.367	-2.7	-1683.667	0.32	0.931	4.896	0.414
1960	1.673	-1687.24	-2.884	-1684.355	0.32	0.957	5.883	0.431
1970	1.681	-1687.24	-2.884	-1684.355	0.32	0.957	5.883	0.431
1980	1.691	-1687.24	-2.884	-1684.355	0.32	0.957	5.883	0.431
1990	1.7	-1687.58	-3.062	-1684.519	0.32	0.96	6.872	0.444
2000	1.71	-1686.92	-3.313	-1683.608	0.32	0.937	8.345	0.455
2010	1.719	-1686.533	-2.921	-1683.613	0.32	0.919	6.462	0.439
2020	1.727	-1686.336	-2.77	-1683.566	0.32	0.942	5.301	0.416
2030	1.736	-1686.336	-2.77	-1683.566	0.32	0.942	5.301	0.416
2040	1.745	-1687.635	-2.802	-1684.833	0.32	0.96	5.295	0.424
2050	1.755	-1688.767	-3.094	-1685.674	0.32	0.959	7.005	0.415
2060	1.763	-1686.883	-2.596	-1684.287	0.32	0.923	3.887	0.389
2070	1.772	-1686.883	-2.596	-1684.287	0.32	0.923	3.887	0.389
2080	1.781	-1686.883	-2.596	-1684.287	0.32	0.923	3.887	0.389
2090	1.79	-1686.883	-2.596	-1684.287	0.32	0.923	3.887	0.389
2100	1.799	-1692.473	-3.047	-1689.426	0.32	0.875	7.307	0.421
2110	1.807	-1692.473	-3.047	-1689.426	0.32	0.875	7.307	0.421
2120	1.816	-1691.193	-2.986	-1688.207	0.32	0.894	6.902	0.414
2130	1.825	-1687.249	-2.637	-1684.612	0.32	0.907	4.557	0.401
2140	1.834	-1687.022	-2.576	-1684.445	0.32	0.923	3.559	0.387
2150	1.844	-1688.535	-2.636	-1685.899	0.32	0.956	3.3	0.361
2160	1.852	-1688.535	-2.636	-1685.899	0.32	0.956	3.3	0.361
2170	1.861	-1687.184	-2.598	-1684.586	0.32	0.936	3.494	0.375
2180	1.87	-1691.743	-2.766	-1688.977	0.32	0.934	5.379	0.426
2190	1.878	-1686.709	-2.962	-1683.746	0.32	0.942	6.527	0.443
2200	1.887	-1686.709	-2.962	-1683.746	0.32	0.942	6.527	0.443
2210	1.896	-1686.613	-2.766	-1683.847	0.32	0.947	5.174	0.405
2220	1.905	-1686.459	-2.956	-1683.503	0.32	0.924	6.627	0.438
2230	1.914	-1686.459	-2.956	-1683.503	0.32	0.924	6.627	0.438
2240	1.923	-1686.459	-2.956	-1683.503	0.32	0.924	6.627	0.438
2250	1.932	-1686.459	-2.956	-1683.503	0.32	0.924	6.627	0.438
2260	1.941	-1686.459	-2.956	-1683.503	0.32	0.924	6.627	0.438
2270	1.95	-1686.633	-3.006	-1683.627	0.32	0.937	6.807	0.447
2280	1.958	-1687.487	-3.081	-1684.407	0.32	0.956	6.992	0.425
2290	1.968	-1686.468	-2.724	-1683.744	0.32	0.946	4.907	0.413
2300	1.977	-1688.088	-2.672	-1685.417	0.32	0.947	4.267	0.379
2310	1.987	-1687.099	-2.626	-1684.473	0.32	0.945	3.788	0.379
2320	1.995	-1687.099	-2.626	-1684.473	0.32	0.945	3.788	0.379
2330	2.004	-1687.099	-2.626	-1684.473	0.32	0.945	3.788	0.379
2340	2.013	-1687.099	-2.626	-1684.473	0.32	0.945	3.788	0.379
2350	2.022	-1686.558	-3.087	-1683.471	0.32	0.936	7.245	0.449
2360	2.032	-1686.963	-3.078	-1683.885	0.32	0.932	7.203	0.433
2370	2.04	-1686.775	-3.032	-1683.743	0.32	0.914	7.102	0.445
2380	2.048	-1688.004	-2.728	-1685.277	0.32	0.89	5.404	0.415
2390	2.057	-1688.004	-2.728	-1685.277	0.32	0.89	5.404	0.415
2400	2.066	-1687.848	-2.788	-1685.06	0.32	0.887	5.841	0.429
2410	2.075	-1689.661	-3.066	-1686.595	0.32	0.862	7.493	0.454
2420	2.084	-1689.661	-3.066	-1686.595	0.32	0.862	7.493	0.454
2430	2.094	-1689.661	-3.066	-1686.595	0.32	0.862	7.493	0.454
2440	2.102	-1687.582	-3.016	-1684.566	0.32	0.932	6.862	0.422
2450	2.111	-1686.852	-2.841	-1684.011	0.32	0.958	5.551	0.411
2460	2.12	-1687.68	-2.82	-1684.859	0.32	0.906	5.912	0.416
2470	2.13	-1687.68	-2.82	-1684.859	0.32	0.906	5.912	0.416
2480	2.139	-1687.68	-2.82	-1684.859	0.32	0.906	5.912	0.416
2490	2.148	-1686.944	-3.015	-1683.929	0.32	0.907	7.049	0.449
2500	2.156	-1686.944	-3.015	-1683.929	0.32	0.907	7.049	0.449
2510	2.165	-1687.08	-3.319	-1683.761	0.32	0.921	8.477	0.458
2520	2.174	-1690.161	-3.993	-1686.167	0.32	0.879	11.555	0.498
2530	2.183	-1690.161	-3.993	-1686.167	0.32	0.879	11.555	0.498
2540	2.192	-1691.995	-3.328	-1688.667	0.32	0.856	8.76	0.453
2550	2.202	-1690.393	-3.082	-1687.311	0.32	0.89	7.438	0.427
2560	2.211	-1690.652	-2.619	-1688.033	0.32	0.878	4.559	0.39
2570	2.22	-1690.652	-2.619	-1688.033	0.32	0.878	4.559	0.39
2580	2.229	-1689.102	-2.613	-1686.49	0.32	0.886	4.471	0.394
2590	2.237	-1692.696	-2.576	-1690.12	0.32	0.929	2.949	0.375
2600	2.246	-1687.684	-3.354	-1684.33	0.32	0.958	8.36	0.449
2610	2.254	-1687.447	-3.312	-1684.135	0.32	0.944	8.283	0.444
2620	2.263	-1686.982	-2.679	-1684.304	0.32	0.957	4.186	0.387
2630	2.272	-1686.982	-2.679	-1684.304	0.32	0.957	4.186	0.387
2640	2.281	-1688.229	-3.152	-1685.077	0.32	0.959	7.324	0.424
2650	2.29	-1688.203	-3.362	-1684.84	0.32	0.94	8.542	0.441
2660	2.299	-1689.519	-3.891	-1685.628	0.32	0.959	10.725	0.497
2670	2.308	-1689.519	-3.891	-1685.628	0.32	0.959	10.725	0.497
2680	2.317	-1689.235	-4.023	-1685.211	0.32	0.959	11.273	0.484
2690	2.326	-1688.393	-3.822	-1684.571	0.32	0.948	10.532	0.493
2700	2.335	-1688.316	-3.943	-1684.373	0.32	0.92	11.199	0.49
2710	2.344	-1688.882	-4.106	-1684.777	0.32	0.942	11.736	0.509
2720	2.352	-1688.187	-3.722	-1684.464	0.32	0.95	10.081	0.469
2730	2.361	-1687.288	-3.247	-1684.041	0.32	0.907	8.207	0.458
2740	2.371	-1687.522	-3.444	-1684.078	0.32	0.949	8.867	0.468
2750	2.38	-1687.75	-3.637	-1684.113	0.32	0.943	9.781	0.483
2760	2.389	-1687.936	-3.863	-1684.074	0.32	0.933	10.799	0.49
2770	2.398	-1687.936	-3.863	-1684.074	0.32	0.933	10.799	0.49
2780	2.407	-1688.967	-3.884	-1685.083	0.32	0.913	10.984	0.479
2790	2.416	-1687.697	-3.271	-1684.426	0.32	0.927	8.206	0.443
2800	2.425	-1686.582	-3.049	-1683.534	0.32	0.924	7.133	0.45
2810	2.433	-1686.582	-3.049	-1683.534	0.32	0.924	7.133	0.45
2820	2.442	-1687.602	-3.136	-1684.466	0.32	0.911	7.633	0.44
2830	2.45	-1687.664	-3.42	-1684.244	0.32	0.906	9.023	0.477
2840	2.459	-1687.664	-3.42	-1684.244	0.32	0.906	9.023	0.477
2850	2.469	-1687.664	-3.42	-1684.244	0.32	0.906	9.023	0.477
2860	2.477	-1686.833	-2.77	-1684.063	0.32	0.959	5.028	0.404
2870	2.486	-1687.068	-2.629	-1684.439	0.32	0.953	3.571	0.377
2880	2.494	-1686.596	-2.732	-1683.865	0.32	0.947	4.962	0.416
2890	2.503	-1688.219	-3.652	-1684.567	0.32	0.947	9.803	0.461
2900	2.511	-1687.413	-3.157	-1684.256	0.32	0.92	7.691	0.44
2910	2.52	-1686.709	-3.176	-1683.533	0.32	0.93	7.735	0.449
2920	2.529	-1686.709	-3.176	-1683.533	0.32	0.93	7.735	0.449
2930	2.537	-1688.591	-3.654	-1684.937	0.32	0.938	9.87	0.458
2940	2.546	-1690.083	-3.506	-1686.578	0.32	0.904	9.391	0.449
2950	2.555	-1687.793	-3.586	-1684.207	0.32	0.909	9.742	0.478
2960	2.564	-1687.793	-3.586	-1684.207	0.32	0.909	9.742	0.478
2970	2.573	-1687.872	-3.717	-1684.155	0.32	0.945	10.105	0.478
2980	2.581	-1687.872	-3.717	-1684.155	0.32	0.945	10.105	0.478
2990	2.59	-1690.548	-3.975	-1686.574	0.32	0.955	11.108	0.514
3000	2.599	-1688.538	-4.05	-1684.488	0.32	0.942	11.512	0.5
3010	2.608	-1688.538	-4.05	-1684.488	0.32	0.942	11.512	0.5
3020	2.616	-1688.246	-3.944	-1684.302	0.32	0.936	11.116	0.499
3030	2.625	-1691.535	-5.067	-1686.468	0.32	0.903	15.617	0.53
3040	2.634	-1689.02	-4.162	-1684.859	0.32	0.917	12.094	0.52
3050	2.643	-1689.01	-4.146	-1684.864	0.32	0.928	11.98	0.489
3060	2.652	-1689.526	-4.2	-1685.326	0.32	0.923	12.218	0.528
3070	2.66	-1690.024	-4.125	-1685.9	0.32	0.883	12.07	0.507
3080	2.669	-1690.024	-4.125	-1685.9	0.32	0.883	12.07	0.507
3090	2.677	-1690.024	-4.125	-1685.9	0.32	0.883	12.07	0.507
3100	2.686	-1691.081	-5.134	-1685.947	0.32	0.944	15.672	0.536
3110	2.696	-1690.543	-4.869	-1685.674	0.32	0.937	14.732	0.517
3120	2.704	-1693.299	-6.059	-1687.24	0.32	0.931	19.091	0.556
3130	2.713	-1691.143	-5.749	-1685.394	0.32	0.946	17.869	0.587
3140	2.722	-1691.143	-5.749	-1685.394	0.32	0.946	17.869	0.587
3150	2.731	-1694.219	-6.101	-1688.117	0.32	0.943	19.135	0.598
3160	2.74	-1690.659	-4.512	-1686.148	0.32	0.887	13.565	0.538
3170	2.748	-1690.659	-4.512	-1686.148	0.32	0.887	13.565	0.538
3180	2.758	-1690.659	-4.512	-1686.148	0.32	0.887	13.565	0.538
3190	2.767	-1692.743	-5.48	-1687.264	0.32	0.943	16.926	0.573
3200	2.776	-1690.769	-5.555	-1685.214	0.32	0.943	17.187	0.583
3210	2.784	-1689.868	-5.293	-1684.575	0.32	0.93	16.304	0.578
3220	2.793	-1690.914	-4.51	-1686.403	0.32	0.88	13.582	0.53
3230	2.802	-1688.787	-4.035	-1684.752	0.32	0.91	11.617	0.513
3240	2.81	-1688.787	-4.035	-1684.752	0.32	0.91	11.617	0.513
3250	2.819	-1687.652	-3.344	-1684.309	0.32	0.94	8.464	0.446
3260	2.828	-1687.045	-3.273	-1683.772	0.32	0.945	8.092	0.449
3270	2.837	-1687.662	-3.167	-1684.495	0.32	0.954	7.506	0.458
3280	2.845	-1688.088	-3.732	-1684.356	0.32	0.951	10.125	0.474
3290	2.854	-1687.762	-3.734	-1684.028	0.32	0.941	10.208	0.479
3300	2.863	-1687.762	-3.734	-1684.028	0.32	0.941	10.208	0.479
3310	2.871	-1688.588	-3.666	-1684.923	0.32	0.893	10.149	0.494
3320	2.88	-1689.167	-3.478	-1685.689	0.32	0.878	9.381	0.475
3330	2.889	-1688.989	-3.414	-1685.576	0.32	0.877	9.101	0.478
3340	2.898	-1689.062	-3.342	-1685.72	0.32	0.874	8.782	0.473
3350	2.908	-1686.972	-3.34	-1683.632	0.32	0.929	8.536	0.468
3360	2.917	-1686.972	-3.34	-1683.632	0.32	0.929	8.536	0.468
3370	2.927	-1686.972	-3.34	-1683.632	0.32	0.929	8.536	0.468
3380	2.935	-1687.076	-3.02	-1684.056	0.32	0.905	7.088	0.448
3390	2.944	-1687.276	-3.342	-1683.934	0.32	0.917	8.613	0.474
3400	2.953	-1686.889	-3.078	-1683.811	0.32	0.927	7.276	0.458
3410	2.961	-1688.68	-2.628	-1686.053	0.32	0.921	4.218	0.38
3420	2.97	-1689.781	-2.79	-1686.991	0.32	0.964	1.766	0.336
3430	2.979	-1689.781	-2.79	-1686.991	0.32	0.964	1.766	0.336
3440	2.987	-1687.912	-2.632	-1685.279	0.32	0.956	2.892	0.359
3450	2.996	-1687.912	-2.632	-1685.279	0.32	0.956	2.892	0.359
3460	3.005	-1687.912	-2.632	-1685.279	0.32	0.956	2.892	0.359
3470	3.013	-1687.912	-2.632	-1685.279	0.32	0.956	2.892	0.359
3480	3.022	-1687.912	-2.632	-1685.279	0.32	0.956	2.892	0.359
3490	3.031	-1687.912	-2.632	-1685.279	0.32	0.956	2.892	0.359
3500	3.04	-1687.912	-2.632	-1685.279	0.32	0.956	2.892	0.359
3510	3.049	-1689.266	-2.856	-1686.41	0.32	0.902	6.134	0.41
3520	3.058	-1689.964	-2.635	-1687.329	0.32	0.871	4.778	0.401
3530	3.067	-1687.758	-2.616	-1685.142	0.32	0.947	2.819	0.36
3540	3.075	-1687.758	-2.616	-1685.142	0.32	0.947	2.819	0.36
3550	3.083	-1688.208	-2.653	-1685.555	0.32	0.968	2.975	0.371
3560	3.092	-1688.208	-2.653	-1685.555	0.32	0.968	2.975	0.371
3570	3.101	-1687.091	-2.604	-1684.487	0.32	0.946	3.197	0.374
3580	3.11	-1686.759	-2.605	-1684.154	0.32	0.936	3.745	0.385
3590	3.119	-1686.759	-2.605	-1684.154	0.32	0.936	3.745	0.385
3600	3.129	-1686.729	-2.634	-1684.095	0.32	0.939	4.075	0.388
3610	3.137	-1687.399	-2.75	-1684.649	0.32	0.961	4.78	0.392
3620	3.146	-1687.399	-2.75	-1684.649	0.32	0.961	4.78	0.392
3630	3.154	-1687.399	-2.75	-1684.649	0.32	0.961	4.78	0.392
3640	3.163	-1687.964	-2.918	-1685.046	0.32	0.964	5.932	0.406
3650	3.172	-1686.612	-2.824	-1683.789	0.32	0.924	5.819	0.418
3660	3.181	-1686.612	-2.824	-1683.789	0.32	0.924	5.819	0.418
3670	3.19	-1687.833	-2.796	-1685.038	0.32	0.921	5.626	0.406
3680	3.199	-1687.833	-2.796	-1685.038	0.32	0.921	5.626	0.406
3690	3.208	-1687.604	-2.599	-1685.004	0.32	0.91	4.101	0.389
3700	3.217	-1686.366	-2.833	-1683.532	0.32	0.933	5.829	0.43
3710	3.227	-1687.588	-3.52	-1684.068	0.32	0.945	9.237	0.461
3720	3.236	-1686.828	-3.011	-1683.817	0.32	0.927	6.889	0.431
3730	3.245	-1686.828	-3.011	-1683.817	0.32	0.927	6.889	0.431
3740	3.254	-1686.828	-3.011	-1683.817	0.32	0.927	6.889	0.431
3750	3.262	-1686.828	-3.011	-1683.817	0.32	0.927	6.889	0.431
3760	3.271	-1687.203	-3.234	-1683.969	0.32	0.954	7.828	0.452
3770	3.279	-1686.873	-3.225	-1683.648	0.32	0.925	8.012	0.464
3780	3.287	-1687.975	-2.916	-1685.059	0.32	0.928	6.326	0.413
3790	3.297	-1689.399	-2.773	-1686.626	0.32	0.903	5.589	0.402
3800	3.305	-1688.545	-2.573	-1685.972	0.32	0.895	3.924	0.386
3810	3.314	-1687.724	-2.941	-1684.783	0.32	0.891	6.722	0.439
3820	3.324	-1687.148	-3.048	-1684.1	0.32	0.913	7.177	0.438
3830	3.332	-1687.296	-3.249	-1684.047	0.32	0.907	8.228	0.468
3840	3.341	-1687.885	-3.565	-1684.32	0.32	0.909	9.651	0.473
3850	3.35	-1686.861	-3.055	-1683.805	0.32	0.911	7.243	0.45
3860	3.359	-1686.861	-3.055	-1683.805	0.32	0.911	7.243	0.45
3870	3.368	-1686.861	-3.055	-1683.805	0.32	0.911	7.243	0.45
3880	3.377	-1686.861	-3.055	-1683.805	0.32	0.911	7.243	0.45
3890	3.386	-1686.503	-2.974	-1683.529	0.32	0.923	6.731	0.437
3900	3.395	-1686.503	-2.974	-1683.529	0.32	0.923	6.731	0.437
3910	3.403	-1686.503	-2.974	-1683.529	0.32	0.923	6.731	0.437
3920	3.412	-1686.503	-2.974	-1683.529	0.32	0.923	6.731	0.437
3930	3.42	-1687.404	-3.461	-1683.942	0.32	0.924	9.116	0.463
3940	3.429	-1687.404	-3.461	-1683.942	0.32	0.924	9.116	0.463
3950	3.438	-1687.377	-3.45	-1683.927	0.32	0.938	8.983	0.475
3960	3.447	-1688.443	-3.856	-1684.587	0.32	0.936	10.755	0.503
3970	3.456	-1687.508	-3.629	-1683.878	0.32	0.939	9.772	0.477
3980	3.465	-1687.508	-3.629	-1683.878	0.32	0.939	9.772	0.477
3990	3.474	-1687.508	-3.629	-1683.878	0.32	0.939	9.772	0.477
