iter	hours	assortment	log_posterior	log_prior	loglik	missing	mixture	null_assortment	scale	shape
0	0.001	0.26	-3949.418	-32.029	-3917.389	0.32	0.778	0.335	101.493	0.202
10	0.009	0.307	-3890.836	-32.121	-3858.715	0.32	0.797	0.348	102.379	0.295
20	0.017	0.298	-3824.241	-31.945	-3792.296	0.32	0.833	0.37	102.12	0.435
30	0.024	0.272	-3777.143	-31.596	-3745.546	0.32	0.851	0.397	100.953	0.616
40	0.033	0.239	-3753.68	-32.838	-3720.841	0.32	0.889	0.408	104.508	0.73
50	0.041	0.275	-3727.581	-33.27	-3694.311	0.32	0.824	0.417	105.64	0.88
60	0.049	0.405	-3688.809	-30.26	-3658.549	0.32	0.839	0.42	96.291	0.909
70	0.057	0.507	-3666.73	-29.713	-3637.017	0.32	0.824	0.424	94.064	1.092
80	0.065	0.501	-3664.826	-28.555	-3636.271	0.32	0.819	0.425	90.383	1.12
90	0.073	0.518	-3652.9	-28.062	-3624.838	0.32	0.903	0.426	88.33	1.222
100	0.082	0.529	-3653.548	-26.656	-3626.892	0.32	0.922	0.426	83.761	1.258
110	0.09	0.613	-3644.22	-28.158	-3616.062	0.32	0.944	0.425	88.622	1.175
120	0.098	0.608	-3640.712	-27.287	-3613.425	0.32	0.918	0.426	86.063	1.165
130	0.106	0.63	-3639.192	-26.07	-3613.122	0.32	0.906	0.426	82.367	1.148
140	0.115	0.608	-3637.25	-25.83	-3611.419	0.32	0.897	0.426	81.729	1.127
150	0.123	0.588	-3634.379	-23.923	-3610.456	0.32	0.913	0.426	75.786	1.113
160	0.131	0.634	-3631.444	-22.628	-3608.816	0.32	0.924	0.426	72.078	0.993
170	0.139	0.571	-3627.695	-21.141	-3606.554	0.32	0.906	0.427	67.403	1.021
180	0.147	0.594	-3621.511	-18.669	-3602.841	0.32	0.906	0.427	59.99	0.898
190	0.155	0.599	-3623.572	-18.246	-3605.327	0.32	0.941	0.427	58.427	0.928
200	0.163	0.559	-3624.513	-18.769	-3605.744	0.32	0.953	0.427	60.055	0.918
210	0.172	0.53	-3617.714	-15.83	-3601.884	0.32	0.903	0.428	50.991	0.901
220	0.18	0.527	-3618.59	-16.196	-3602.394	0.32	0.898	0.428	52.134	0.915
230	0.188	0.603	-3616.59	-15.92	-3600.67	0.32	0.874	0.427	51.554	0.822
240	0.196	0.587	-3614.685	-15.135	-3599.551	0.32	0.878	0.428	49.032	0.826
250	0.204	0.624	-3614.857	-13.018	-3601.839	0.32	0.861	0.43	42.168	0.86
260	0.212	0.609	-3612.904	-12.547	-3600.356	0.32	0.837	0.43	40.796	0.822
270	0.22	0.577	-3606.939	-10.425	-3596.514	0.32	0.845	0.43	34.052	0.742
280	0.228	0.568	-3602.922	-9.173	-3593.749	0.32	0.932	0.43	29.793	0.678
290	0.237	0.581	-3599.856	-8.024	-3591.832	0.32	0.9	0.429	26.138	0.619
300	0.245	0.578	-3600.825	-7.698	-3593.128	0.32	0.948	0.431	24.809	0.63
310	0.253	0.556	-3602.628	-8.87	-3593.759	0.32	0.905	0.431	28.85	0.696
320	0.261	0.528	-3600.342	-7.711	-3592.631	0.32	0.91	0.433	24.978	0.667
330	0.269	0.522	-3598.264	-6.293	-3591.971	0.32	0.907	0.435	20.137	0.63
340	0.277	0.541	-3597.007	-6.794	-3590.213	0.32	0.895	0.432	21.949	0.613
350	0.286	0.584	-3598.288	-7.087	-3591.201	0.32	0.927	0.429	22.881	0.576
360	0.294	0.549	-3595.799	-6.346	-3589.453	0.32	0.927	0.431	20.306	0.58
370	0.302	0.531	-3597.489	-6.747	-3590.742	0.32	0.927	0.432	21.672	0.613
380	0.31	0.581	-3596.876	-6.383	-3590.493	0.32	0.884	0.431	20.568	0.585
390	0.318	0.619	-3599.532	-5.928	-3593.604	0.32	0.973	0.428	18.505	0.53
400	0.326	0.566	-3594.47	-5.446	-3589.024	0.32	0.909	0.432	17.183	0.55
410	0.334	0.628	-3594.382	-3.386	-3590.996	0.32	0.923	0.446	9.011	0.54
420	0.342	0.568	-3588.644	-2.738	-3585.906	0.32	0.853	0.453	6.081	0.495
430	0.35	0.555	-3585.549	-2.447	-3583.102	0.32	0.823	0.457	3.85	0.427
440	0.358	0.555	-3585.549	-2.447	-3583.102	0.32	0.823	0.457	3.85	0.427
450	0.366	0.555	-3585.549	-2.447	-3583.102	0.32	0.823	0.457	3.85	0.427
460	0.374	0.555	-3585.549	-2.447	-3583.102	0.32	0.823	0.457	3.85	0.427
470	0.382	0.555	-3585.549	-2.447	-3583.102	0.32	0.823	0.457	3.85	0.427
480	0.39	0.555	-3585.549	-2.447	-3583.102	0.32	0.823	0.457	3.85	0.427
490	0.399	0.568	-3584.791	-2.442	-3582.349	0.32	0.836	0.457	3.622	0.42
500	0.407	0.568	-3584.791	-2.442	-3582.349	0.32	0.836	0.457	3.622	0.42
510	0.415	0.568	-3584.791	-2.442	-3582.349	0.32	0.836	0.457	3.622	0.42
520	0.423	0.568	-3584.791	-2.442	-3582.349	0.32	0.836	0.457	3.622	0.42
530	0.431	0.568	-3584.791	-2.442	-3582.349	0.32	0.836	0.457	3.622	0.42
540	0.439	0.568	-3584.791	-2.442	-3582.349	0.32	0.836	0.457	3.622	0.42
550	0.446	0.568	-3584.791	-2.442	-3582.349	0.32	0.836	0.457	3.622	0.42
560	0.454	0.568	-3584.791	-2.442	-3582.349	0.32	0.836	0.457	3.622	0.42
570	0.463	0.568	-3584.791	-2.442	-3582.349	0.32	0.836	0.457	3.622	0.42
580	0.471	0.568	-3584.791	-2.442	-3582.349	0.32	0.836	0.457	3.622	0.42
590	0.479	0.568	-3584.791	-2.442	-3582.349	0.32	0.836	0.457	3.622	0.42
600	0.487	0.568	-3584.791	-2.442	-3582.349	0.32	0.836	0.457	3.622	0.42
610	0.495	0.568	-3584.791	-2.442	-3582.349	0.32	0.836	0.457	3.622	0.42
620	0.503	0.568	-3584.791	-2.442	-3582.349	0.32	0.836	0.457	3.622	0.42
630	0.511	0.545	-3582.504	-2.612	-3579.892	0.32	0.861	0.45	5.214	0.449
640	0.519	0.545	-3582.504	-2.612	-3579.892	0.32	0.861	0.45	5.214	0.449
650	0.527	0.545	-3582.504	-2.612	-3579.892	0.32	0.861	0.45	5.214	0.449
660	0.535	0.545	-3582.504	-2.612	-3579.892	0.32	0.861	0.45	5.214	0.449
670	0.543	0.545	-3582.504	-2.612	-3579.892	0.32	0.861	0.45	5.214	0.449
680	0.551	0.545	-3582.504	-2.612	-3579.892	0.32	0.861	0.45	5.214	0.449
690	0.559	0.545	-3582.504	-2.612	-3579.892	0.32	0.861	0.45	5.214	0.449
700	0.568	0.546	-3581.214	-2.48	-3578.734	0.32	0.891	0.454	3.621	0.409
710	0.576	0.546	-3581.214	-2.48	-3578.734	0.32	0.891	0.454	3.621	0.409
720	0.584	0.546	-3581.214	-2.48	-3578.734	0.32	0.891	0.454	3.621	0.409
730	0.592	0.574	-3581.681	-2.482	-3579.199	0.32	0.904	0.455	3.344	0.404
740	0.6	0.574	-3581.681	-2.482	-3579.199	0.32	0.904	0.455	3.344	0.404
750	0.608	0.539	-3579.958	-2.558	-3577.4	0.32	0.926	0.449	4.209	0.414
760	0.616	0.539	-3579.958	-2.558	-3577.4	0.32	0.926	0.449	4.209	0.414
770	0.624	0.539	-3579.958	-2.558	-3577.4	0.32	0.926	0.449	4.209	0.414
780	0.632	0.539	-3579.958	-2.558	-3577.4	0.32	0.926	0.449	4.209	0.414
790	0.64	0.539	-3579.958	-2.558	-3577.4	0.32	0.926	0.449	4.209	0.414
800	0.648	0.532	-3579.586	-2.639	-3576.947	0.32	0.917	0.447	5.043	0.429
810	0.656	0.532	-3579.586	-2.639	-3576.947	0.32	0.917	0.447	5.043	0.429
820	0.664	0.532	-3579.586	-2.639	-3576.947	0.32	0.917	0.447	5.043	0.429
830	0.672	0.561	-3581.245	-2.53	-3578.716	0.32	0.912	0.452	4.096	0.421
840	0.68	0.561	-3581.245	-2.53	-3578.716	0.32	0.912	0.452	4.096	0.421
850	0.689	0.561	-3581.245	-2.53	-3578.716	0.32	0.912	0.452	4.096	0.421
860	0.697	0.563	-3580.179	-2.51	-3577.669	0.32	0.915	0.452	3.724	0.406
870	0.705	0.563	-3580.179	-2.51	-3577.669	0.32	0.915	0.452	3.724	0.406
880	0.714	0.563	-3580.179	-2.51	-3577.669	0.32	0.915	0.452	3.724	0.406
890	0.722	0.563	-3580.179	-2.51	-3577.669	0.32	0.915	0.452	3.724	0.406
900	0.731	0.563	-3580.179	-2.51	-3577.669	0.32	0.915	0.452	3.724	0.406
910	0.74	0.554	-3580.186	-2.5	-3577.686	0.32	0.907	0.454	2.691	0.376
920	0.748	0.554	-3580.186	-2.5	-3577.686	0.32	0.907	0.454	2.691	0.376
930	0.756	0.554	-3580.186	-2.5	-3577.686	0.32	0.907	0.454	2.691	0.376
940	0.765	0.554	-3580.186	-2.5	-3577.686	0.32	0.907	0.454	2.691	0.376
950	0.773	0.58	-3580.366	-2.498	-3577.868	0.32	0.909	0.452	3.559	0.402
960	0.781	0.58	-3580.366	-2.498	-3577.868	0.32	0.909	0.452	3.559	0.402
970	0.79	0.58	-3580.366	-2.498	-3577.868	0.32	0.909	0.452	3.559	0.402
980	0.799	0.58	-3580.366	-2.498	-3577.868	0.32	0.909	0.452	3.559	0.402
990	0.808	0.58	-3580.366	-2.498	-3577.868	0.32	0.909	0.452	3.559	0.402
1000	0.816	0.58	-3580.366	-2.498	-3577.868	0.32	0.909	0.452	3.559	0.402
1010	0.824	0.58	-3580.366	-2.498	-3577.868	0.32	0.909	0.452	3.559	0.402
1020	0.832	0.58	-3580.366	-2.498	-3577.868	0.32	0.909	0.452	3.559	0.402
1030	0.841	0.58	-3580.366	-2.498	-3577.868	0.32	0.909	0.452	3.559	0.402
1040	0.849	0.58	-3580.366	-2.498	-3577.868	0.32	0.909	0.452	3.559	0.402
1050	0.857	0.58	-3580.366	-2.498	-3577.868	0.32	0.909	0.452	3.559	0.402
1060	0.865	0.622	-3580.284	-2.71	-3577.573	0.32	0.944	0.452	5.314	0.462
1070	0.874	0.622	-3580.284	-2.71	-3577.573	0.32	0.944	0.452	5.314	0.462
1080	0.882	0.622	-3580.284	-2.71	-3577.573	0.32	0.944	0.452	5.314	0.462
1090	0.891	0.622	-3580.284	-2.71	-3577.573	0.32	0.944	0.452	5.314	0.462
1100	0.899	0.622	-3580.284	-2.71	-3577.573	0.32	0.944	0.452	5.314	0.462
1110	0.907	0.622	-3580.284	-2.71	-3577.573	0.32	0.944	0.452	5.314	0.462
1120	0.915	0.622	-3580.284	-2.71	-3577.573	0.32	0.944	0.452	5.314	0.462
1130	0.923	0.622	-3580.284	-2.71	-3577.573	0.32	0.944	0.452	5.314	0.462
1140	0.93	0.622	-3580.284	-2.71	-3577.573	0.32	0.944	0.452	5.314	0.462
1150	0.939	0.622	-3580.284	-2.71	-3577.573	0.32	0.944	0.452	5.314	0.462
1160	0.947	0.622	-3580.284	-2.71	-3577.573	0.32	0.944	0.452	5.314	0.462
1170	0.956	0.622	-3580.284	-2.71	-3577.573	0.32	0.944	0.452	5.314	0.462
1180	0.964	0.584	-3582.08	-2.515	-3579.565	0.32	0.898	0.453	4.082	0.424
1190	0.973	0.584	-3582.08	-2.515	-3579.565	0.32	0.898	0.453	4.082	0.424
1200	0.981	0.584	-3582.08	-2.515	-3579.565	0.32	0.898	0.453	4.082	0.424
1210	0.99	0.563	-3580.319	-2.569	-3577.75	0.32	0.921	0.45	4.391	0.422
1220	0.998	0.563	-3580.319	-2.569	-3577.75	0.32	0.921	0.45	4.391	0.422
1230	1.007	0.563	-3580.319	-2.569	-3577.75	0.32	0.921	0.45	4.391	0.422
1240	1.015	0.562	-3580.511	-2.548	-3577.964	0.32	0.917	0.451	4.224	0.419
1250	1.023	0.558	-3580.479	-2.511	-3577.968	0.32	0.929	0.454	3.033	0.388
1260	1.031	0.555	-3579.624	-2.632	-3576.991	0.32	0.942	0.447	4.704	0.419
1270	1.04	0.555	-3579.624	-2.632	-3576.991	0.32	0.942	0.447	4.704	0.419
1280	1.048	0.555	-3579.624	-2.632	-3576.991	0.32	0.942	0.447	4.704	0.419
1290	1.057	0.538	-3578.924	-2.604	-3576.32	0.32	0.924	0.446	4.663	0.416
1300	1.065	0.538	-3578.924	-2.604	-3576.32	0.32	0.924	0.446	4.663	0.416
1310	1.073	0.538	-3578.924	-2.604	-3576.32	0.32	0.924	0.446	4.663	0.416
1320	1.081	0.538	-3578.924	-2.604	-3576.32	0.32	0.924	0.446	4.663	0.416
1330	1.089	0.538	-3578.924	-2.604	-3576.32	0.32	0.924	0.446	4.663	0.416
1340	1.097	0.538	-3578.924	-2.604	-3576.32	0.32	0.924	0.446	4.663	0.416
1350	1.105	0.541	-3579.316	-2.612	-3576.705	0.32	0.927	0.447	4.713	0.42
1360	1.113	0.541	-3579.316	-2.612	-3576.705	0.32	0.927	0.447	4.713	0.42
1370	1.121	0.541	-3579.316	-2.612	-3576.705	0.32	0.927	0.447	4.713	0.42
1380	1.128	0.571	-3580.774	-2.597	-3578.177	0.32	0.936	0.456	2.118	0.357
1390	1.136	0.571	-3580.774	-2.597	-3578.177	0.32	0.936	0.456	2.118	0.357
1400	1.144	0.571	-3580.774	-2.597	-3578.177	0.32	0.936	0.456	2.118	0.357
1410	1.152	0.552	-3580.785	-2.523	-3578.262	0.32	0.934	0.452	3.512	0.402
1420	1.16	0.552	-3580.785	-2.523	-3578.262	0.32	0.934	0.452	3.512	0.402
1430	1.168	0.552	-3580.785	-2.523	-3578.262	0.32	0.934	0.452	3.512	0.402
1440	1.176	0.552	-3580.785	-2.523	-3578.262	0.32	0.934	0.452	3.512	0.402
1450	1.184	0.552	-3580.785	-2.523	-3578.262	0.32	0.934	0.452	3.512	0.402
1460	1.192	0.554	-3579.278	-2.529	-3576.749	0.32	0.938	0.449	3.086	0.38
1470	1.2	0.554	-3579.278	-2.529	-3576.749	0.32	0.938	0.449	3.086	0.38
1480	1.208	0.554	-3579.278	-2.529	-3576.749	0.32	0.938	0.449	3.086	0.38
1490	1.216	0.554	-3579.278	-2.529	-3576.749	0.32	0.938	0.449	3.086	0.38
1500	1.224	0.554	-3579.278	-2.529	-3576.749	0.32	0.938	0.449	3.086	0.38
1510	1.232	0.554	-3579.278	-2.529	-3576.749	0.32	0.938	0.449	3.086	0.38
1520	1.24	0.554	-3579.278	-2.529	-3576.749	0.32	0.938	0.449	3.086	0.38
1530	1.248	0.554	-3579.278	-2.529	-3576.749	0.32	0.938	0.449	3.086	0.38
1540	1.256	0.554	-3579.278	-2.529	-3576.749	0.32	0.938	0.449	3.086	0.38
1550	1.264	0.554	-3579.278	-2.529	-3576.749	0.32	0.938	0.449	3.086	0.38
1560	1.272	0.554	-3579.278	-2.529	-3576.749	0.32	0.938	0.449	3.086	0.38
1570	1.28	0.554	-3579.278	-2.529	-3576.749	0.32	0.938	0.449	3.086	0.38
1580	1.288	0.565	-3579.379	-2.566	-3576.813	0.32	0.935	0.448	4.115	0.407
1590	1.296	0.532	-3580.218	-2.534	-3577.684	0.32	0.934	0.45	3.733	0.403
1600	1.304	0.532	-3580.218	-2.534	-3577.684	0.32	0.934	0.45	3.733	0.403
1610	1.312	0.532	-3580.218	-2.534	-3577.684	0.32	0.934	0.45	3.733	0.403
1620	1.319	0.532	-3580.218	-2.534	-3577.684	0.32	0.934	0.45	3.733	0.403
1630	1.327	0.532	-3580.218	-2.534	-3577.684	0.32	0.934	0.45	3.733	0.403
1640	1.335	0.532	-3580.218	-2.534	-3577.684	0.32	0.934	0.45	3.733	0.403
1650	1.343	0.529	-3581.379	-2.556	-3578.823	0.32	0.932	0.451	4.124	0.418
1660	1.351	0.526	-3579.668	-2.807	-3576.861	0.32	0.946	0.443	5.918	0.436
1670	1.359	0.526	-3579.668	-2.807	-3576.861	0.32	0.946	0.443	5.918	0.436
1680	1.366	0.562	-3580.273	-2.496	-3577.776	0.32	0.916	0.453	3.288	0.395
1690	1.374	0.562	-3580.273	-2.496	-3577.776	0.32	0.916	0.453	3.288	0.395
1700	1.382	0.562	-3580.273	-2.496	-3577.776	0.32	0.916	0.453	3.288	0.395
1710	1.39	0.562	-3580.273	-2.496	-3577.776	0.32	0.916	0.453	3.288	0.395
1720	1.398	0.562	-3580.273	-2.496	-3577.776	0.32	0.916	0.453	3.288	0.395
1730	1.406	0.562	-3580.273	-2.496	-3577.776	0.32	0.916	0.453	3.288	0.395
1740	1.413	0.562	-3580.273	-2.496	-3577.776	0.32	0.916	0.453	3.288	0.395
1750	1.422	0.562	-3580.273	-2.496	-3577.776	0.32	0.916	0.453	3.288	0.395
1760	1.431	0.562	-3580.273	-2.496	-3577.776	0.32	0.916	0.453	3.288	0.395
1770	1.439	0.562	-3580.273	-2.496	-3577.776	0.32	0.916	0.453	3.288	0.395
1780	1.447	0.562	-3580.273	-2.496	-3577.776	0.32	0.916	0.453	3.288	0.395
1790	1.455	0.562	-3580.273	-2.496	-3577.776	0.32	0.916	0.453	3.288	0.395
1800	1.463	0.519	-3580.471	-2.613	-3577.858	0.32	0.918	0.448	4.843	0.429
1810	1.471	0.538	-3580.085	-2.872	-3577.213	0.32	0.946	0.443	6.303	0.446
1820	1.479	0.537	-3580.195	-2.814	-3577.382	0.32	0.946	0.444	5.965	0.442
1830	1.487	0.537	-3580.195	-2.814	-3577.382	0.32	0.946	0.444	5.965	0.442
1840	1.495	0.537	-3580.195	-2.814	-3577.382	0.32	0.946	0.444	5.965	0.442
1850	1.503	0.532	-3580.346	-2.747	-3577.599	0.32	0.895	0.446	5.937	0.451
1860	1.511	0.549	-3581.234	-2.703	-3578.531	0.32	0.885	0.448	5.718	0.454
1870	1.519	0.549	-3581.234	-2.703	-3578.531	0.32	0.885	0.448	5.718	0.454
1880	1.526	0.549	-3581.234	-2.703	-3578.531	0.32	0.885	0.448	5.718	0.454
1890	1.535	0.556	-3581.983	-2.486	-3579.497	0.32	0.887	0.454	3.825	0.418
1900	1.543	0.556	-3581.983	-2.486	-3579.497	0.32	0.887	0.454	3.825	0.418
1910	1.552	0.556	-3581.983	-2.486	-3579.497	0.32	0.887	0.454	3.825	0.418
1920	1.56	0.538	-3582.422	-2.635	-3579.787	0.32	0.942	0.45	4.766	0.434
1930	1.568	0.513	-3581.196	-2.76	-3578.436	0.32	0.929	0.447	5.799	0.448
1940	1.576	0.513	-3581.196	-2.76	-3578.436	0.32	0.929	0.447	5.799	0.448
1950	1.584	0.515	-3581.239	-2.84	-3578.399	0.32	0.909	0.446	6.423	0.462
1960	1.592	0.515	-3581.239	-2.84	-3578.399	0.32	0.909	0.446	6.423	0.462
1970	1.6	0.515	-3581.239	-2.84	-3578.399	0.32	0.909	0.446	6.423	0.462
1980	1.608	0.515	-3581.239	-2.84	-3578.399	0.32	0.909	0.446	6.423	0.462
1990	1.616	0.528	-3580.97	-2.863	-3578.107	0.32	0.907	0.446	6.562	0.465
2000	1.624	0.524	-3579.727	-2.816	-3576.912	0.32	0.946	0.443	5.962	0.436
2010	1.632	0.524	-3579.727	-2.816	-3576.912	0.32	0.946	0.443	5.962	0.436
2020	1.64	0.588	-3582.094	-2.581	-3579.512	0.32	0.956	0.451	3.829	0.407
2030	1.648	0.588	-3582.094	-2.581	-3579.512	0.32	0.956	0.451	3.829	0.407
2040	1.656	0.561	-3579.441	-2.594	-3576.847	0.32	0.927	0.448	4.55	0.418
2050	1.664	0.561	-3579.441	-2.594	-3576.847	0.32	0.927	0.448	4.55	0.418
2060	1.672	0.554	-3579.966	-2.564	-3577.402	0.32	0.956	0.449	3.403	0.387
2070	1.68	0.554	-3579.966	-2.564	-3577.402	0.32	0.956	0.449	3.403	0.387
2080	1.688	0.554	-3579.966	-2.564	-3577.402	0.32	0.956	0.449	3.403	0.387
2090	1.696	0.554	-3579.966	-2.564	-3577.402	0.32	0.956	0.449	3.403	0.387
2100	1.704	0.554	-3579.966	-2.564	-3577.402	0.32	0.956	0.449	3.403	0.387
2110	1.712	0.554	-3579.966	-2.564	-3577.402	0.32	0.956	0.449	3.403	0.387
2120	1.72	0.527	-3583.205	-2.798	-3580.407	0.32	0.915	0.449	6.15	0.469
2130	1.728	0.534	-3580.217	-2.697	-3577.52	0.32	0.932	0.447	5.336	0.436
2140	1.736	0.534	-3580.217	-2.697	-3577.52	0.32	0.932	0.447	5.336	0.436
2150	1.744	0.534	-3580.217	-2.697	-3577.52	0.32	0.932	0.447	5.336	0.436
2160	1.752	0.534	-3580.217	-2.697	-3577.52	0.32	0.932	0.447	5.336	0.436
2170	1.761	0.534	-3580.217	-2.697	-3577.52	0.32	0.932	0.447	5.336	0.436
2180	1.769	0.534	-3580.217	-2.697	-3577.52	0.32	0.932	0.447	5.336	0.436
2190	1.777	0.528	-3583.67	-2.563	-3581.107	0.32	0.959	0.456	2.882	0.389
2200	1.785	0.528	-3583.67	-2.563	-3581.107	0.32	0.959	0.456	2.882	0.389
2210	1.794	0.553	-3579.049	-2.587	-3576.462	0.32	0.944	0.446	4.179	0.403
2220	1.802	0.553	-3579.049	-2.587	-3576.462	0.32	0.944	0.446	4.179	0.403
2230	1.81	0.553	-3579.049	-2.587	-3576.462	0.32	0.944	0.446	4.179	0.403
2240	1.818	0.553	-3579.049	-2.587	-3576.462	0.32	0.944	0.446	4.179	0.403
2250	1.826	0.553	-3579.049	-2.587	-3576.462	0.32	0.944	0.446	4.179	0.403
2260	1.834	0.553	-3579.049	-2.587	-3576.462	0.32	0.944	0.446	4.179	0.403
2270	1.842	0.553	-3579.049	-2.587	-3576.462	0.32	0.944	0.446	4.179	0.403
2280	1.851	0.553	-3579.049	-2.587	-3576.462	0.32	0.944	0.446	4.179	0.403
2290	1.859	0.553	-3579.049	-2.587	-3576.462	0.32	0.944	0.446	4.179	0.403
2300	1.868	0.553	-3579.049	-2.587	-3576.462	0.32	0.944	0.446	4.179	0.403
2310	1.876	0.553	-3579.049	-2.587	-3576.462	0.32	0.944	0.446	4.179	0.403
2320	1.884	0.553	-3579.049	-2.587	-3576.462	0.32	0.944	0.446	4.179	0.403
2330	1.892	0.553	-3579.049	-2.587	-3576.462	0.32	0.944	0.446	4.179	0.403
2340	1.901	0.553	-3579.049	-2.587	-3576.462	0.32	0.944	0.446	4.179	0.403
2350	1.91	0.553	-3579.049	-2.587	-3576.462	0.32	0.944	0.446	4.179	0.403
2360	1.918	0.553	-3579.049	-2.587	-3576.462	0.32	0.944	0.446	4.179	0.403
2370	1.926	0.553	-3579.049	-2.587	-3576.462	0.32	0.944	0.446	4.179	0.403
2380	1.934	0.553	-3579.049	-2.587	-3576.462	0.32	0.944	0.446	4.179	0.403
2390	1.942	0.553	-3579.049	-2.587	-3576.462	0.32	0.944	0.446	4.179	0.403
2400	1.95	0.553	-3579.049	-2.587	-3576.462	0.32	0.944	0.446	4.179	0.403
2410	1.958	0.553	-3579.049	-2.587	-3576.462	0.32	0.944	0.446	4.179	0.403
2420	1.965	0.578	-3581.771	-2.542	-3579.229	0.32	0.946	0.453	3.475	0.402
2430	1.974	0.578	-3581.771	-2.542	-3579.229	0.32	0.946	0.453	3.475	0.402
2440	1.983	0.578	-3581.771	-2.542	-3579.229	0.32	0.946	0.453	3.475	0.402
2450	1.992	0.578	-3581.771	-2.542	-3579.229	0.32	0.946	0.453	3.475	0.402
2460	2.0	0.578	-3581.771	-2.542	-3579.229	0.32	0.946	0.453	3.475	0.402
2470	2.008	0.578	-3581.771	-2.542	-3579.229	0.32	0.946	0.453	3.475	0.402
2480	2.016	0.554	-3580.866	-2.576	-3578.29	0.32	0.942	0.45	4.153	0.415
2490	2.024	0.554	-3580.866	-2.576	-3578.29	0.32	0.942	0.45	4.153	0.415
2500	2.032	0.554	-3580.866	-2.576	-3578.29	0.32	0.942	0.45	4.153	0.415
2510	2.04	0.554	-3580.866	-2.576	-3578.29	0.32	0.942	0.45	4.153	0.415
2520	2.049	0.555	-3579.605	-2.597	-3577.008	0.32	0.959	0.446	3.926	0.395
2530	2.057	0.555	-3579.605	-2.597	-3577.008	0.32	0.959	0.446	3.926	0.395
2540	2.065	0.555	-3579.605	-2.597	-3577.008	0.32	0.959	0.446	3.926	0.395
2550	2.073	0.536	-3580.305	-2.531	-3577.775	0.32	0.941	0.451	3.295	0.391
2560	2.082	0.588	-3581.456	-2.51	-3578.946	0.32	0.926	0.454	3.394	0.402
2570	2.091	0.588	-3581.456	-2.51	-3578.946	0.32	0.926	0.454	3.394	0.402
2580	2.099	0.595	-3582.212	-2.701	-3579.51	0.32	0.931	0.459	1.636	0.342
2590	2.108	0.595	-3582.212	-2.701	-3579.51	0.32	0.931	0.459	1.636	0.342
2600	2.116	0.595	-3582.212	-2.701	-3579.51	0.32	0.931	0.459	1.636	0.342
2610	2.125	0.595	-3582.212	-2.701	-3579.51	0.32	0.931	0.459	1.636	0.342
2620	2.134	0.595	-3582.212	-2.701	-3579.51	0.32	0.931	0.459	1.636	0.342
2630	2.143	0.595	-3582.212	-2.701	-3579.51	0.32	0.931	0.459	1.636	0.342
2640	2.152	0.595	-3582.212	-2.701	-3579.51	0.32	0.931	0.459	1.636	0.342
2650	2.162	0.595	-3582.212	-2.701	-3579.51	0.32	0.931	0.459	1.636	0.342
2660	2.17	0.595	-3582.212	-2.701	-3579.51	0.32	0.931	0.459	1.636	0.342
2670	2.179	0.595	-3582.212	-2.701	-3579.51	0.32	0.931	0.459	1.636	0.342
2680	2.187	0.595	-3582.212	-2.701	-3579.51	0.32	0.931	0.459	1.636	0.342
2690	2.195	0.595	-3582.212	-2.701	-3579.51	0.32	0.931	0.459	1.636	0.342
2700	2.203	0.595	-3582.212	-2.701	-3579.51	0.32	0.931	0.459	1.636	0.342
2710	2.211	0.595	-3582.212	-2.701	-3579.51	0.32	0.931	0.459	1.636	0.342
2720	2.219	0.595	-3582.212	-2.701	-3579.51	0.32	0.931	0.459	1.636	0.342
2730	2.227	0.588	-3584.253	-2.568	-3581.686	0.32	0.953	0.459	2.545	0.383
2740	2.236	0.588	-3584.253	-2.568	-3581.686	0.32	0.953	0.459	2.545	0.383
2750	2.244	0.532	-3581.359	-2.556	-3578.803	0.32	0.956	0.452	3.262	0.391
2760	2.252	0.532	-3581.359	-2.556	-3578.803	0.32	0.956	0.452	3.262	0.391
2770	2.26	0.532	-3581.359	-2.556	-3578.803	0.32	0.956	0.452	3.262	0.391
2780	2.269	0.532	-3581.359	-2.556	-3578.803	0.32	0.956	0.452	3.262	0.391
2790	2.277	0.532	-3581.359	-2.556	-3578.803	0.32	0.956	0.452	3.262	0.391
2800	2.286	0.535	-3579.588	-2.591	-3576.997	0.32	0.944	0.447	4.248	0.408
2810	2.293	0.534	-3579.401	-2.551	-3576.85	0.32	0.927	0.448	4.097	0.407
2820	2.301	0.534	-3579.401	-2.551	-3576.85	0.32	0.927	0.448	4.097	0.407
2830	2.31	0.534	-3579.401	-2.551	-3576.85	0.32	0.927	0.448	4.097	0.407
2840	2.318	0.542	-3579.8	-2.503	-3577.297	0.32	0.889	0.449	3.954	0.407
2850	2.326	0.525	-3580.768	-2.63	-3578.138	0.32	0.939	0.448	4.749	0.425
2860	2.334	0.525	-3580.768	-2.63	-3578.138	0.32	0.939	0.448	4.749	0.425
2870	2.342	0.525	-3580.768	-2.63	-3578.138	0.32	0.939	0.448	4.749	0.425
2880	2.35	0.525	-3580.768	-2.63	-3578.138	0.32	0.939	0.448	4.749	0.425
2890	2.358	0.525	-3580.768	-2.63	-3578.138	0.32	0.939	0.448	4.749	0.425
2900	2.366	0.525	-3580.768	-2.63	-3578.138	0.32	0.939	0.448	4.749	0.425
2910	2.374	0.525	-3580.768	-2.63	-3578.138	0.32	0.939	0.448	4.749	0.425
2920	2.381	0.525	-3580.768	-2.63	-3578.138	0.32	0.939	0.448	4.749	0.425
2930	2.389	0.525	-3580.768	-2.63	-3578.138	0.32	0.939	0.448	4.749	0.425
2940	2.397	0.525	-3580.768	-2.63	-3578.138	0.32	0.939	0.448	4.749	0.425
2950	2.405	0.525	-3580.768	-2.63	-3578.138	0.32	0.939	0.448	4.749	0.425
2960	2.413	0.523	-3581.749	-2.507	-3579.242	0.32	0.91	0.453	3.829	0.416
2970	2.421	0.548	-3580.578	-2.621	-3577.957	0.32	0.908	0.449	4.991	0.436
2980	2.428	0.548	-3580.578	-2.621	-3577.957	0.32	0.908	0.449	4.991	0.436
2990	2.436	0.548	-3580.578	-2.621	-3577.957	0.32	0.908	0.449	4.991	0.436
3000	2.444	0.548	-3580.578	-2.621	-3577.957	0.32	0.908	0.449	4.991	0.436
3010	2.452	0.548	-3580.578	-2.621	-3577.957	0.32	0.908	0.449	4.991	0.436
3020	2.46	0.548	-3580.578	-2.621	-3577.957	0.32	0.908	0.449	4.991	0.436
3030	2.468	0.548	-3580.578	-2.621	-3577.957	0.32	0.908	0.449	4.991	0.436
3040	2.476	0.548	-3580.578	-2.621	-3577.957	0.32	0.908	0.449	4.991	0.436
3050	2.484	0.548	-3580.578	-2.621	-3577.957	0.32	0.908	0.449	4.991	0.436
3060	2.492	0.548	-3580.578	-2.621	-3577.957	0.32	0.908	0.449	4.991	0.436
3070	2.5	0.548	-3580.578	-2.621	-3577.957	0.32	0.908	0.449	4.991	0.436
3080	2.508	0.548	-3580.578	-2.621	-3577.957	0.32	0.908	0.449	4.991	0.436
3090	2.515	0.548	-3580.578	-2.621	-3577.957	0.32	0.908	0.449	4.991	0.436
3100	2.523	0.548	-3580.578	-2.621	-3577.957	0.32	0.908	0.449	4.991	0.436
3110	2.531	0.519	-3580.383	-2.662	-3577.721	0.32	0.896	0.447	5.375	0.44
3120	2.539	0.582	-3580.257	-2.508	-3577.749	0.32	0.925	0.453	3.117	0.388
3130	2.547	0.582	-3580.257	-2.508	-3577.749	0.32	0.925	0.453	3.117	0.388
3140	2.555	0.609	-3580.548	-2.637	-3577.912	0.32	0.929	0.455	4.953	0.464
3150	2.563	0.609	-3580.548	-2.637	-3577.912	0.32	0.929	0.455	4.953	0.464
3160	2.571	0.609	-3580.548	-2.637	-3577.912	0.32	0.929	0.455	4.953	0.464
3170	2.579	0.609	-3580.548	-2.637	-3577.912	0.32	0.929	0.455	4.953	0.464
3180	2.586	0.609	-3580.548	-2.637	-3577.912	0.32	0.929	0.455	4.953	0.464
3190	2.594	0.609	-3580.548	-2.637	-3577.912	0.32	0.929	0.455	4.953	0.464
3200	2.602	0.609	-3580.548	-2.637	-3577.912	0.32	0.929	0.455	4.953	0.464
3210	2.61	0.609	-3580.548	-2.637	-3577.912	0.32	0.929	0.455	4.953	0.464
3220	2.618	0.609	-3580.548	-2.637	-3577.912	0.32	0.929	0.455	4.953	0.464
3230	2.626	0.609	-3580.548	-2.637	-3577.912	0.32	0.929	0.455	4.953	0.464
3240	2.634	0.609	-3580.548	-2.637	-3577.912	0.32	0.929	0.455	4.953	0.464
3250	2.642	0.609	-3580.548	-2.637	-3577.912	0.32	0.929	0.455	4.953	0.464
3260	2.65	0.609	-3580.548	-2.637	-3577.912	0.32	0.929	0.455	4.953	0.464
3270	2.658	0.609	-3580.548	-2.637	-3577.912	0.32	0.929	0.455	4.953	0.464
3280	2.666	0.609	-3580.548	-2.637	-3577.912	0.32	0.929	0.455	4.953	0.464
3290	2.673	0.609	-3580.548	-2.637	-3577.912	0.32	0.929	0.455	4.953	0.464
3300	2.681	0.609	-3580.548	-2.637	-3577.912	0.32	0.929	0.455	4.953	0.464
3310	2.689	0.609	-3580.548	-2.637	-3577.912	0.32	0.929	0.455	4.953	0.464
3320	2.697	0.609	-3580.548	-2.637	-3577.912	0.32	0.929	0.455	4.953	0.464
3330	2.705	0.609	-3580.548	-2.637	-3577.912	0.32	0.929	0.455	4.953	0.464
3340	2.713	0.609	-3580.548	-2.637	-3577.912	0.32	0.929	0.455	4.953	0.464
3350	2.721	0.609	-3580.548	-2.637	-3577.912	0.32	0.929	0.455	4.953	0.464
3360	2.729	0.609	-3580.548	-2.637	-3577.912	0.32	0.929	0.455	4.953	0.464
3370	2.736	0.609	-3580.548	-2.637	-3577.912	0.32	0.929	0.455	4.953	0.464
3380	2.744	0.609	-3580.548	-2.637	-3577.912	0.32	0.929	0.455	4.953	0.464
3390	2.752	0.609	-3580.548	-2.637	-3577.912	0.32	0.929	0.455	4.953	0.464
3400	2.76	0.609	-3580.548	-2.637	-3577.912	0.32	0.929	0.455	4.953	0.464
3410	2.768	0.609	-3580.548	-2.637	-3577.912	0.32	0.929	0.455	4.953	0.464
3420	2.776	0.572	-3580.109	-2.608	-3577.501	0.32	0.929	0.448	4.656	0.424
3430	2.784	0.548	-3581.108	-2.611	-3578.498	0.32	0.93	0.45	4.702	0.43
3440	2.792	0.559	-3579.815	-2.637	-3577.179	0.32	0.931	0.447	4.886	0.427
3450	2.8	0.559	-3579.815	-2.637	-3577.179	0.32	0.931	0.447	4.886	0.427
3460	2.808	0.559	-3579.815	-2.637	-3577.179	0.32	0.931	0.447	4.886	0.427
3470	2.816	0.559	-3579.815	-2.637	-3577.179	0.32	0.931	0.447	4.886	0.427
3480	2.824	0.559	-3579.815	-2.637	-3577.179	0.32	0.931	0.447	4.886	0.427
3490	2.832	0.559	-3579.815	-2.637	-3577.179	0.32	0.931	0.447	4.886	0.427
3500	2.84	0.559	-3579.815	-2.637	-3577.179	0.32	0.931	0.447	4.886	0.427
3510	2.848	0.559	-3579.815	-2.637	-3577.179	0.32	0.931	0.447	4.886	0.427
3520	2.855	0.559	-3579.815	-2.637	-3577.179	0.32	0.931	0.447	4.886	0.427
3530	2.863	0.559	-3579.815	-2.637	-3577.179	0.32	0.931	0.447	4.886	0.427
3540	2.871	0.561	-3578.95	-2.531	-3576.419	0.32	0.936	0.448	3.4	0.385
3550	2.879	0.561	-3578.95	-2.531	-3576.419	0.32	0.936	0.448	3.4	0.385
3560	2.887	0.561	-3578.95	-2.531	-3576.419	0.32	0.936	0.448	3.4	0.385
3570	2.895	0.561	-3578.95	-2.531	-3576.419	0.32	0.936	0.448	3.4	0.385
3580	2.903	0.556	-3579.52	-2.572	-3576.947	0.32	0.959	0.447	3.343	0.381
3590	2.911	0.556	-3579.52	-2.572	-3576.947	0.32	0.959	0.447	3.343	0.381
3600	2.919	0.556	-3579.52	-2.572	-3576.947	0.32	0.959	0.447	3.343	0.381
3610	2.926	0.556	-3579.52	-2.572	-3576.947	0.32	0.959	0.447	3.343	0.381
3620	2.934	0.552	-3580.412	-2.574	-3577.838	0.32	0.919	0.45	4.478	0.424
3630	2.942	0.552	-3580.412	-2.574	-3577.838	0.32	0.919	0.45	4.478	0.424
3640	2.95	0.545	-3579.506	-2.596	-3576.91	0.32	0.914	0.448	4.72	0.423
3650	2.958	0.545	-3579.506	-2.596	-3576.91	0.32	0.914	0.448	4.72	0.423
3660	2.966	0.545	-3579.506	-2.596	-3576.91	0.32	0.914	0.448	4.72	0.423
3670	2.974	0.545	-3579.506	-2.596	-3576.91	0.32	0.914	0.448	4.72	0.423
3680	2.982	0.545	-3579.506	-2.596	-3576.91	0.32	0.914	0.448	4.72	0.423
3690	2.99	0.553	-3579.61	-2.485	-3577.125	0.32	0.9	0.45	3.37	0.391
3700	2.997	0.557	-3579.344	-2.514	-3576.829	0.32	0.913	0.449	3.77	0.401
3710	3.005	0.557	-3579.344	-2.514	-3576.829	0.32	0.913	0.449	3.77	0.401
3720	3.013	0.557	-3579.344	-2.514	-3576.829	0.32	0.913	0.449	3.77	0.401
3730	3.021	0.557	-3579.344	-2.514	-3576.829	0.32	0.913	0.449	3.77	0.401
3740	3.029	0.557	-3579.344	-2.514	-3576.829	0.32	0.913	0.449	3.77	0.401
3750	3.037	0.557	-3579.344	-2.514	-3576.829	0.32	0.913	0.449	3.77	0.401
3760	3.044	0.557	-3579.344	-2.514	-3576.829	0.32	0.913	0.449	3.77	0.401
3770	3.052	0.557	-3579.344	-2.514	-3576.829	0.32	0.913	0.449	3.77	0.401
3780	3.06	0.557	-3579.344	-2.514	-3576.829	0.32	0.913	0.449	3.77	0.401
3790	3.068	0.557	-3579.344	-2.514	-3576.829	0.32	0.913	0.449	3.77	0.401
3800	3.076	0.557	-3579.344	-2.514	-3576.829	0.32	0.913	0.449	3.77	0.401
3810	3.084	0.557	-3579.344	-2.514	-3576.829	0.32	0.913	0.449	3.77	0.401
3820	3.092	0.557	-3579.344	-2.514	-3576.829	0.32	0.913	0.449	3.77	0.401
3830	3.1	0.557	-3579.344	-2.514	-3576.829	0.32	0.913	0.449	3.77	0.401
3840	3.107	0.557	-3579.344	-2.514	-3576.829	0.32	0.913	0.449	3.77	0.401
3850	3.115	0.558	-3578.927	-2.522	-3576.405	0.32	0.929	0.448	3.479	0.389
3860	3.123	0.558	-3578.927	-2.522	-3576.405	0.32	0.929	0.448	3.479	0.389
3870	3.131	0.558	-3578.927	-2.522	-3576.405	0.32	0.929	0.448	3.479	0.389
3880	3.139	0.558	-3578.927	-2.522	-3576.405	0.32	0.929	0.448	3.479	0.389
3890	3.147	0.558	-3578.927	-2.522	-3576.405	0.32	0.929	0.448	3.479	0.389
3900	3.155	0.558	-3578.927	-2.522	-3576.405	0.32	0.929	0.448	3.479	0.389
3910	3.163	0.558	-3578.927	-2.522	-3576.405	0.32	0.929	0.448	3.479	0.389
3920	3.171	0.548	-3580.365	-2.498	-3577.867	0.32	0.899	0.452	3.794	0.409
3930	3.179	0.548	-3580.365	-2.498	-3577.867	0.32	0.899	0.452	3.794	0.409
3940	3.186	0.548	-3580.365	-2.498	-3577.867	0.32	0.899	0.452	3.794	0.409
3950	3.194	0.548	-3580.365	-2.498	-3577.867	0.32	0.899	0.452	3.794	0.409
3960	3.202	0.548	-3580.365	-2.498	-3577.867	0.32	0.899	0.452	3.794	0.409
3970	3.21	0.548	-3580.365	-2.498	-3577.867	0.32	0.899	0.452	3.794	0.409
3980	3.218	0.548	-3580.365	-2.498	-3577.867	0.32	0.899	0.452	3.794	0.409
3990	3.226	0.615	-3581.08	-2.577	-3578.503	0.32	0.89	0.457	4.792	0.467
